2024-12-15 17:22:19,230 - MainThread - <module> - INFO - Initialisation du logger
2024-12-15 17:22:19,379 - MainThread - update - DEBUG - Update vaue de la courbe
2024-12-15 17:22:19,393 - Thread-1 (MotorTry) - MotorTry - DEBUG - Debut Thread
2024-12-15 17:22:19,393 - Thread-1 (MotorTry) - MotorTry - DEBUG - Nouvelle boucle
2024-12-15 17:22:19,393 - MainThread - afficher - INFO - Affichage de la fenetre
2024-12-15 17:22:19,394 - MainThread - updateUi - DEBUG - Reset de l'affichage de la courbe
2024-12-15 17:22:19,399 - Thread-1 (MotorTry) - update - DEBUG - Update vaue de la courbe
2024-12-15 17:22:19,410 - Thread-1 (MotorTry) - MotorTry - DEBUG - Nouvelle boucle
2024-12-15 17:22:19,411 - Thread-1 (MotorTry) - update - DEBUG - Update vaue de la courbe
2024-12-15 17:22:19,424 - Thread-1 (MotorTry) - MotorTry - DEBUG - Nouvelle boucle
2024-12-15 17:22:19,425 - Thread-1 (MotorTry) - update - DEBUG - Update vaue de la courbe
2024-12-15 17:22:19,436 - Thread-1 (MotorTry) - MotorTry - DEBUG - Nouvelle boucle
2024-12-15 17:22:19,437 - Thread-1 (MotorTry) - update - DEBUG - Update vaue de la courbe
2024-12-15 17:22:19,439 - MainThread - updateUi - DEBUG - Reset de l'affichage de la courbe
2024-12-15 17:22:19,448 - Thread-1 (MotorTry) - MotorTry - DEBUG - Nouvelle boucle
2024-12-15 17:22:19,449 - Thread-1 (MotorTry) - update - DEBUG - Update vaue de la courbe
2024-12-15 17:22:19,459 - Thread-1 (MotorTry) - MotorTry - DEBUG - Nouvelle boucle
2024-12-15 17:22:19,460 - Thread-1 (MotorTry) - update - DEBUG - Update vaue de la courbe
2024-12-15 17:22:19,470 - Thread-1 (MotorTry) - MotorTry - DEBUG - Nouvelle boucle
2024-12-15 17:22:19,472 - Thread-1 (MotorTry) - update - DEBUG - Update vaue de la courbe
2024-12-15 17:22:19,477 - MainThread - updateUi - DEBUG - Reset de l'affichage de la courbe
2024-12-15 17:22:19,482 - Thread-1 (MotorTry) - MotorTry - DEBUG - Nouvelle boucle
2024-12-15 17:22:19,483 - Thread-1 (MotorTry) - update - DEBUG - Update vaue de la courbe
2024-12-15 17:22:19,494 - Thread-1 (MotorTry) - MotorTry - DEBUG - Nouvelle boucle
2024-12-15 17:22:19,494 - Thread-1 (MotorTry) - update - DEBUG - Update vaue de la courbe
2024-12-15 17:22:19,505 - Thread-1 (MotorTry) - MotorTry - DEBUG - Nouvelle boucle
2024-12-15 17:22:19,505 - MainThread - updateUi - DEBUG - Reset de l'affichage de la courbe
2024-12-15 17:22:19,506 - Thread-1 (MotorTry) - update - DEBUG - Update vaue de la courbe
2024-12-15 17:22:19,518 - Thread-1 (MotorTry) - MotorTry - DEBUG - Nouvelle boucle
2024-12-15 17:22:19,519 - Thread-1 (MotorTry) - update - DEBUG - Update vaue de la courbe
2024-12-15 17:22:19,529 - Thread-1 (MotorTry) - MotorTry - DEBUG - Nouvelle boucle
2024-12-15 17:22:19,529 - Thread-1 (MotorTry) - update - DEBUG - Update vaue de la courbe
2024-12-15 17:22:19,536 - MainThread - updateUi - DEBUG - Reset de l'affichage de la courbe
2024-12-15 17:22:19,540 - Thread-1 (MotorTry) - MotorTry - DEBUG - Nouvelle boucle
2024-12-15 17:22:19,541 - Thread-1 (MotorTry) - update - DEBUG - Update vaue de la courbe
2024-12-15 17:22:19,552 - Thread-1 (MotorTry) - MotorTry - DEBUG - Nouvelle boucle
2024-12-15 17:22:19,552 - Thread-1 (MotorTry) - update - DEBUG - Update vaue de la courbe
2024-12-15 17:22:19,563 - Thread-1 (MotorTry) - MotorTry - DEBUG - Nouvelle boucle
2024-12-15 17:22:19,563 - Thread-1 (MotorTry) - update - DEBUG - Update vaue de la courbe
2024-12-15 17:22:19,574 - Thread-1 (MotorTry) - MotorTry - DEBUG - Nouvelle boucle
2024-12-15 17:22:19,574 - Thread-1 (MotorTry) - update - DEBUG - Update vaue de la courbe
2024-12-15 17:22:19,583 - MainThread - updateUi - DEBUG - Reset de l'affichage de la courbe
2024-12-15 17:22:19,585 - Thread-1 (MotorTry) - MotorTry - DEBUG - Nouvelle boucle
2024-12-15 17:22:19,587 - Thread-1 (MotorTry) - update - DEBUG - Update vaue de la courbe
2024-12-15 17:22:19,597 - Thread-1 (MotorTry) - MotorTry - DEBUG - Nouvelle boucle
2024-12-15 17:22:19,597 - Thread-1 (MotorTry) - update - DEBUG - Update vaue de la courbe
2024-12-15 17:22:19,608 - Thread-1 (MotorTry) - MotorTry - DEBUG - Nouvelle boucle
2024-12-15 17:22:19,608 - Thread-1 (MotorTry) - update - DEBUG - Update vaue de la courbe
2024-12-15 17:22:19,613 - MainThread - updateUi - DEBUG - Reset de l'affichage de la courbe
2024-12-15 17:22:19,619 - Thread-1 (MotorTry) - MotorTry - DEBUG - Nouvelle boucle
2024-12-15 17:22:19,621 - Thread-1 (MotorTry) - update - DEBUG - Update vaue de la courbe
2024-12-15 17:22:19,631 - Thread-1 (MotorTry) - MotorTry - DEBUG - Nouvelle boucle
2024-12-15 17:22:19,632 - Thread-1 (MotorTry) - update - DEBUG - Update vaue de la courbe
2024-12-15 17:22:19,642 - Thread-1 (MotorTry) - MotorTry - DEBUG - Nouvelle boucle
2024-12-15 17:22:19,643 - Thread-1 (MotorTry) - update - DEBUG - Update vaue de la courbe
2024-12-15 17:22:19,644 - MainThread - updateUi - DEBUG - Reset de l'affichage de la courbe
2024-12-15 17:22:19,654 - Thread-1 (MotorTry) - MotorTry - DEBUG - Nouvelle boucle
2024-12-15 17:22:19,656 - Thread-1 (MotorTry) - update - DEBUG - Update vaue de la courbe
2024-12-15 17:22:19,666 - Thread-1 (MotorTry) - MotorTry - DEBUG - Nouvelle boucle
2024-12-15 17:22:19,667 - Thread-1 (MotorTry) - update - DEBUG - Update vaue de la courbe
2024-12-15 17:22:19,674 - MainThread - updateUi - DEBUG - Reset de l'affichage de la courbe
2024-12-15 17:22:19,677 - Thread-1 (MotorTry) - MotorTry - DEBUG - Nouvelle boucle
2024-12-15 17:22:19,678 - Thread-1 (MotorTry) - update - DEBUG - Update vaue de la courbe
2024-12-15 17:22:19,689 - Thread-1 (MotorTry) - MotorTry - DEBUG - Nouvelle boucle
2024-12-15 17:22:19,689 - Thread-1 (MotorTry) - update - DEBUG - Update vaue de la courbe
2024-12-15 17:22:19,700 - Thread-1 (MotorTry) - MotorTry - DEBUG - Nouvelle boucle
2024-12-15 17:22:19,700 - Thread-1 (MotorTry) - update - DEBUG - Update vaue de la courbe
2024-12-15 17:22:19,705 - MainThread - updateUi - DEBUG - Reset de l'affichage de la courbe
2024-12-15 17:22:19,711 - Thread-1 (MotorTry) - MotorTry - DEBUG - Nouvelle boucle
2024-12-15 17:22:19,713 - Thread-1 (MotorTry) - update - DEBUG - Update vaue de la courbe
2024-12-15 17:22:19,723 - Thread-1 (MotorTry) - MotorTry - DEBUG - Nouvelle boucle
2024-12-15 17:22:19,723 - Thread-1 (MotorTry) - update - DEBUG - Update vaue de la courbe
2024-12-15 17:22:19,734 - Thread-1 (MotorTry) - MotorTry - DEBUG - Nouvelle boucle
2024-12-15 17:22:19,734 - Thread-1 (MotorTry) - update - DEBUG - Update vaue de la courbe
2024-12-15 17:22:19,736 - MainThread - updateUi - DEBUG - Reset de l'affichage de la courbe
2024-12-15 17:22:19,745 - Thread-1 (MotorTry) - MotorTry - DEBUG - Nouvelle boucle
2024-12-15 17:22:19,745 - Thread-1 (MotorTry) - update - DEBUG - Update vaue de la courbe
2024-12-15 17:22:19,756 - Thread-1 (MotorTry) - MotorTry - DEBUG - Nouvelle boucle
2024-12-15 17:22:19,756 - Thread-1 (MotorTry) - update - DEBUG - Update vaue de la courbe
2024-12-15 17:22:19,767 - Thread-1 (MotorTry) - MotorTry - DEBUG - Nouvelle boucle
2024-12-15 17:22:19,768 - Thread-1 (MotorTry) - update - DEBUG - Update vaue de la courbe
2024-12-15 17:22:19,778 - Thread-1 (MotorTry) - MotorTry - DEBUG - Nouvelle boucle
2024-12-15 17:22:19,778 - Thread-1 (MotorTry) - update - DEBUG - Update vaue de la courbe
2024-12-15 17:22:19,782 - MainThread - updateUi - DEBUG - Reset de l'affichage de la courbe
2024-12-15 17:22:19,789 - Thread-1 (MotorTry) - MotorTry - DEBUG - Nouvelle boucle
2024-12-15 17:22:19,790 - Thread-1 (MotorTry) - update - DEBUG - Update vaue de la courbe
2024-12-15 17:22:19,801 - Thread-1 (MotorTry) - MotorTry - DEBUG - Nouvelle boucle
2024-12-15 17:22:19,801 - Thread-1 (MotorTry) - update - DEBUG - Update vaue de la courbe
2024-12-15 17:22:19,812 - Thread-1 (MotorTry) - MotorTry - DEBUG - Nouvelle boucle
2024-12-15 17:22:19,812 - Thread-1 (MotorTry) - update - DEBUG - Update vaue de la courbe
2024-12-15 17:22:19,813 - MainThread - updateUi - DEBUG - Reset de l'affichage de la courbe
2024-12-15 17:22:19,823 - Thread-1 (MotorTry) - MotorTry - DEBUG - Nouvelle boucle
2024-12-15 17:22:19,823 - Thread-1 (MotorTry) - update - DEBUG - Update vaue de la courbe
2024-12-15 17:22:19,834 - Thread-1 (MotorTry) - MotorTry - DEBUG - Nouvelle boucle
2024-12-15 17:22:19,834 - Thread-1 (MotorTry) - update - DEBUG - Update vaue de la courbe
2024-12-15 17:22:19,844 - MainThread - updateUi - DEBUG - Reset de l'affichage de la courbe
2024-12-15 17:22:19,846 - Thread-1 (MotorTry) - MotorTry - DEBUG - Nouvelle boucle
2024-12-15 17:22:19,847 - Thread-1 (MotorTry) - update - DEBUG - Update vaue de la courbe
2024-12-15 17:22:19,858 - Thread-1 (MotorTry) - MotorTry - DEBUG - Nouvelle boucle
2024-12-15 17:22:19,858 - Thread-1 (MotorTry) - update - DEBUG - Update vaue de la courbe
2024-12-15 17:22:19,869 - Thread-1 (MotorTry) - MotorTry - DEBUG - Nouvelle boucle
2024-12-15 17:22:19,869 - Thread-1 (MotorTry) - update - DEBUG - Update vaue de la courbe
2024-12-15 17:22:19,875 - MainThread - updateUi - DEBUG - Reset de l'affichage de la courbe
2024-12-15 17:22:19,880 - Thread-1 (MotorTry) - MotorTry - DEBUG - Nouvelle boucle
2024-12-15 17:22:19,882 - Thread-1 (MotorTry) - update - DEBUG - Update vaue de la courbe
2024-12-15 17:22:19,892 - Thread-1 (MotorTry) - MotorTry - DEBUG - Nouvelle boucle
2024-12-15 17:22:19,893 - Thread-1 (MotorTry) - update - DEBUG - Update vaue de la courbe
2024-12-15 17:22:19,903 - Thread-1 (MotorTry) - MotorTry - DEBUG - Nouvelle boucle
2024-12-15 17:22:19,903 - Thread-1 (MotorTry) - update - DEBUG - Update vaue de la courbe
2024-12-15 17:22:19,905 - MainThread - updateUi - DEBUG - Reset de l'affichage de la courbe
2024-12-15 17:22:19,915 - Thread-1 (MotorTry) - MotorTry - DEBUG - Nouvelle boucle
2024-12-15 17:22:19,916 - Thread-1 (MotorTry) - update - DEBUG - Update vaue de la courbe
2024-12-15 17:22:19,926 - Thread-1 (MotorTry) - MotorTry - DEBUG - Nouvelle boucle
2024-12-15 17:22:19,927 - Thread-1 (MotorTry) - update - DEBUG - Update vaue de la courbe
2024-12-15 17:22:19,936 - MainThread - updateUi - DEBUG - Reset de l'affichage de la courbe
2024-12-15 17:22:19,939 - Thread-1 (MotorTry) - MotorTry - DEBUG - Nouvelle boucle
2024-12-15 17:22:19,940 - Thread-1 (MotorTry) - update - DEBUG - Update vaue de la courbe
2024-12-15 17:22:19,950 - Thread-1 (MotorTry) - MotorTry - DEBUG - Nouvelle boucle
2024-12-15 17:22:19,951 - Thread-1 (MotorTry) - update - DEBUG - Update vaue de la courbe
2024-12-15 17:22:19,961 - Thread-1 (MotorTry) - MotorTry - DEBUG - Nouvelle boucle
2024-12-15 17:22:19,961 - Thread-1 (MotorTry) - update - DEBUG - Update vaue de la courbe
2024-12-15 17:22:19,967 - MainThread - updateUi - DEBUG - Reset de l'affichage de la courbe
2024-12-15 17:22:19,973 - Thread-1 (MotorTry) - MotorTry - DEBUG - Nouvelle boucle
2024-12-15 17:22:19,975 - Thread-1 (MotorTry) - update - DEBUG - Update vaue de la courbe
2024-12-15 17:22:19,986 - Thread-1 (MotorTry) - MotorTry - DEBUG - Nouvelle boucle
2024-12-15 17:22:19,986 - Thread-1 (MotorTry) - update - DEBUG - Update vaue de la courbe
2024-12-15 17:22:19,996 - MainThread - updateUi - DEBUG - Reset de l'affichage de la courbe
2024-12-15 17:22:19,999 - Thread-1 (MotorTry) - MotorTry - DEBUG - Nouvelle boucle
2024-12-15 17:22:19,999 - Thread-1 (MotorTry) - update - DEBUG - Update vaue de la courbe
2024-12-15 17:22:20,010 - Thread-1 (MotorTry) - MotorTry - DEBUG - Nouvelle boucle
2024-12-15 17:22:20,011 - Thread-1 (MotorTry) - update - DEBUG - Update vaue de la courbe
2024-12-15 17:22:20,021 - Thread-1 (MotorTry) - MotorTry - DEBUG - Nouvelle boucle
2024-12-15 17:22:20,021 - Thread-1 (MotorTry) - update - DEBUG - Update vaue de la courbe
2024-12-15 17:22:20,027 - MainThread - updateUi - DEBUG - Reset de l'affichage de la courbe
2024-12-15 17:22:20,033 - Thread-1 (MotorTry) - MotorTry - DEBUG - Nouvelle boucle
2024-12-15 17:22:20,035 - Thread-1 (MotorTry) - update - DEBUG - Update vaue de la courbe
2024-12-15 17:22:20,045 - Thread-1 (MotorTry) - MotorTry - DEBUG - Nouvelle boucle
2024-12-15 17:22:20,046 - Thread-1 (MotorTry) - update - DEBUG - Update vaue de la courbe
2024-12-15 17:22:20,056 - Thread-1 (MotorTry) - MotorTry - DEBUG - Nouvelle boucle
2024-12-15 17:22:20,056 - Thread-1 (MotorTry) - update - DEBUG - Update vaue de la courbe
2024-12-15 17:22:20,059 - MainThread - updateUi - DEBUG - Reset de l'affichage de la courbe
2024-12-15 17:22:20,067 - Thread-1 (MotorTry) - MotorTry - DEBUG - Nouvelle boucle
2024-12-15 17:22:20,069 - Thread-1 (MotorTry) - update - DEBUG - Update vaue de la courbe
2024-12-15 17:22:20,079 - Thread-1 (MotorTry) - MotorTry - DEBUG - Nouvelle boucle
2024-12-15 17:22:20,079 - Thread-1 (MotorTry) - update - DEBUG - Update vaue de la courbe
2024-12-15 17:22:20,090 - Thread-1 (MotorTry) - MotorTry - DEBUG - Nouvelle boucle
2024-12-15 17:22:20,090 - Thread-1 (MotorTry) - update - DEBUG - Update vaue de la courbe
2024-12-15 17:22:20,091 - MainThread - updateUi - DEBUG - Reset de l'affichage de la courbe
2024-12-15 17:22:20,101 - Thread-1 (MotorTry) - MotorTry - DEBUG - Nouvelle boucle
2024-12-15 17:22:20,102 - Thread-1 (MotorTry) - update - DEBUG - Update vaue de la courbe
2024-12-15 17:22:20,113 - Thread-1 (MotorTry) - MotorTry - DEBUG - Nouvelle boucle
2024-12-15 17:22:20,113 - Thread-1 (MotorTry) - update - DEBUG - Update vaue de la courbe
2024-12-15 17:22:20,122 - MainThread - updateUi - DEBUG - Reset de l'affichage de la courbe
2024-12-15 17:22:20,124 - Thread-1 (MotorTry) - MotorTry - DEBUG - Nouvelle boucle
2024-12-15 17:22:20,126 - Thread-1 (MotorTry) - update - DEBUG - Update vaue de la courbe
2024-12-15 17:22:20,136 - Thread-1 (MotorTry) - MotorTry - DEBUG - Nouvelle boucle
2024-12-15 17:22:20,137 - Thread-1 (MotorTry) - update - DEBUG - Update vaue de la courbe
2024-12-15 17:22:20,147 - Thread-1 (MotorTry) - MotorTry - DEBUG - Nouvelle boucle
2024-12-15 17:22:20,148 - Thread-1 (MotorTry) - update - DEBUG - Update vaue de la courbe
2024-12-15 17:22:20,153 - MainThread - updateUi - DEBUG - Reset de l'affichage de la courbe
2024-12-15 17:22:20,159 - Thread-1 (MotorTry) - MotorTry - DEBUG - Nouvelle boucle
2024-12-15 17:22:20,160 - Thread-1 (MotorTry) - update - DEBUG - Update vaue de la courbe
2024-12-15 17:22:20,170 - Thread-1 (MotorTry) - MotorTry - DEBUG - Nouvelle boucle
2024-12-15 17:22:20,171 - Thread-1 (MotorTry) - update - DEBUG - Update vaue de la courbe
2024-12-15 17:22:20,181 - Thread-1 (MotorTry) - MotorTry - DEBUG - Nouvelle boucle
2024-12-15 17:22:20,182 - Thread-1 (MotorTry) - update - DEBUG - Update vaue de la courbe
2024-12-15 17:22:20,183 - MainThread - updateUi - DEBUG - Reset de l'affichage de la courbe
2024-12-15 17:22:20,192 - Thread-1 (MotorTry) - MotorTry - DEBUG - Nouvelle boucle
2024-12-15 17:22:20,193 - Thread-1 (MotorTry) - update - DEBUG - Update vaue de la courbe
2024-12-15 17:22:20,204 - Thread-1 (MotorTry) - MotorTry - DEBUG - Nouvelle boucle
2024-12-15 17:22:20,204 - Thread-1 (MotorTry) - update - DEBUG - Update vaue de la courbe
2024-12-15 17:22:20,211 - MainThread - updateUi - DEBUG - Reset de l'affichage de la courbe
2024-12-15 17:22:20,216 - Thread-1 (MotorTry) - MotorTry - DEBUG - Nouvelle boucle
2024-12-15 17:22:20,218 - Thread-1 (MotorTry) - update - DEBUG - Update vaue de la courbe
2024-12-15 17:22:20,228 - Thread-1 (MotorTry) - MotorTry - DEBUG - Nouvelle boucle
2024-12-15 17:22:20,229 - Thread-1 (MotorTry) - update - DEBUG - Update vaue de la courbe
2024-12-15 17:22:20,239 - Thread-1 (MotorTry) - MotorTry - DEBUG - Nouvelle boucle
2024-12-15 17:22:20,240 - Thread-1 (MotorTry) - update - DEBUG - Update vaue de la courbe
2024-12-15 17:22:20,243 - MainThread - updateUi - DEBUG - Reset de l'affichage de la courbe
2024-12-15 17:22:20,250 - Thread-1 (MotorTry) - MotorTry - DEBUG - Nouvelle boucle
2024-12-15 17:22:20,253 - Thread-1 (MotorTry) - update - DEBUG - Update vaue de la courbe
2024-12-15 17:22:20,263 - Thread-1 (MotorTry) - MotorTry - DEBUG - Nouvelle boucle
2024-12-15 17:22:20,263 - Thread-1 (MotorTry) - update - DEBUG - Update vaue de la courbe
2024-12-15 17:22:20,274 - Thread-1 (MotorTry) - MotorTry - DEBUG - Nouvelle boucle
2024-12-15 17:22:20,274 - Thread-1 (MotorTry) - update - DEBUG - Update vaue de la courbe
2024-12-15 17:22:20,275 - MainThread - updateUi - DEBUG - Reset de l'affichage de la courbe
2024-12-15 17:22:20,285 - Thread-1 (MotorTry) - MotorTry - DEBUG - Nouvelle boucle
2024-12-15 17:22:20,285 - Thread-1 (MotorTry) - update - DEBUG - Update vaue de la courbe
2024-12-15 17:22:20,296 - Thread-1 (MotorTry) - MotorTry - DEBUG - Nouvelle boucle
2024-12-15 17:22:20,296 - Thread-1 (MotorTry) - update - DEBUG - Update vaue de la courbe
2024-12-15 17:22:20,306 - Thread-1 (MotorTry) - MotorTry - DEBUG - Nouvelle boucle
2024-12-15 17:22:20,306 - MainThread - updateUi - DEBUG - Reset de l'affichage de la courbe
2024-12-15 17:22:20,310 - Thread-1 (MotorTry) - update - DEBUG - Update vaue de la courbe
2024-12-15 17:22:20,321 - Thread-1 (MotorTry) - MotorTry - DEBUG - Nouvelle boucle
2024-12-15 17:22:20,321 - Thread-1 (MotorTry) - update - DEBUG - Update vaue de la courbe
2024-12-15 17:22:20,332 - Thread-1 (MotorTry) - MotorTry - DEBUG - Nouvelle boucle
2024-12-15 17:22:20,332 - Thread-1 (MotorTry) - update - DEBUG - Update vaue de la courbe
2024-12-15 17:22:20,337 - MainThread - updateUi - DEBUG - Reset de l'affichage de la courbe
2024-12-15 17:22:20,343 - Thread-1 (MotorTry) - MotorTry - DEBUG - Nouvelle boucle
2024-12-15 17:22:20,345 - Thread-1 (MotorTry) - update - DEBUG - Update vaue de la courbe
2024-12-15 17:22:20,355 - Thread-1 (MotorTry) - MotorTry - DEBUG - Nouvelle boucle
2024-12-15 17:22:20,356 - Thread-1 (MotorTry) - update - DEBUG - Update vaue de la courbe
2024-12-15 17:22:20,366 - Thread-1 (MotorTry) - MotorTry - DEBUG - Nouvelle boucle
2024-12-15 17:22:20,367 - Thread-1 (MotorTry) - update - DEBUG - Update vaue de la courbe
2024-12-15 17:22:20,368 - MainThread - updateUi - DEBUG - Reset de l'affichage de la courbe
2024-12-15 17:22:20,377 - Thread-1 (MotorTry) - MotorTry - DEBUG - Nouvelle boucle
2024-12-15 17:22:20,378 - Thread-1 (MotorTry) - update - DEBUG - Update vaue de la courbe
2024-12-15 17:22:20,388 - Thread-1 (MotorTry) - MotorTry - DEBUG - Nouvelle boucle
2024-12-15 17:22:20,389 - Thread-1 (MotorTry) - update - DEBUG - Update vaue de la courbe
2024-12-15 17:22:20,395 - MainThread - updateUi - DEBUG - Reset de l'affichage de la courbe
2024-12-15 17:22:20,399 - Thread-1 (MotorTry) - MotorTry - DEBUG - Nouvelle boucle
2024-12-15 17:22:20,403 - Thread-1 (MotorTry) - update - DEBUG - Update vaue de la courbe
2024-12-15 17:22:20,414 - Thread-1 (MotorTry) - MotorTry - DEBUG - Nouvelle boucle
2024-12-15 17:22:20,414 - Thread-1 (MotorTry) - update - DEBUG - Update vaue de la courbe
2024-12-15 17:22:20,424 - Thread-1 (MotorTry) - MotorTry - DEBUG - Nouvelle boucle
2024-12-15 17:22:20,425 - Thread-1 (MotorTry) - update - DEBUG - Update vaue de la courbe
2024-12-15 17:22:20,429 - MainThread - updateUi - DEBUG - Reset de l'affichage de la courbe
2024-12-15 17:22:20,436 - Thread-1 (MotorTry) - MotorTry - DEBUG - Nouvelle boucle
2024-12-15 17:22:20,438 - Thread-1 (MotorTry) - update - DEBUG - Update vaue de la courbe
2024-12-15 17:22:20,448 - Thread-1 (MotorTry) - MotorTry - DEBUG - Nouvelle boucle
2024-12-15 17:22:20,449 - Thread-1 (MotorTry) - update - DEBUG - Update vaue de la courbe
2024-12-15 17:22:20,459 - MainThread - updateUi - DEBUG - Reset de l'affichage de la courbe
2024-12-15 17:22:20,461 - Thread-1 (MotorTry) - MotorTry - DEBUG - Nouvelle boucle
2024-12-15 17:22:20,462 - Thread-1 (MotorTry) - update - DEBUG - Update vaue de la courbe
2024-12-15 17:22:20,473 - Thread-1 (MotorTry) - MotorTry - DEBUG - Nouvelle boucle
2024-12-15 17:22:20,473 - Thread-1 (MotorTry) - update - DEBUG - Update vaue de la courbe
2024-12-15 17:22:20,483 - Thread-1 (MotorTry) - MotorTry - DEBUG - Nouvelle boucle
2024-12-15 17:22:20,484 - Thread-1 (MotorTry) - update - DEBUG - Update vaue de la courbe
2024-12-15 17:22:20,491 - MainThread - updateUi - DEBUG - Reset de l'affichage de la courbe
2024-12-15 17:22:20,495 - Thread-1 (MotorTry) - MotorTry - DEBUG - Nouvelle boucle
2024-12-15 17:22:20,497 - Thread-1 (MotorTry) - update - DEBUG - Update vaue de la courbe
2024-12-15 17:22:20,508 - Thread-1 (MotorTry) - MotorTry - DEBUG - Nouvelle boucle
2024-12-15 17:22:20,508 - Thread-1 (MotorTry) - update - DEBUG - Update vaue de la courbe
2024-12-15 17:22:20,518 - Thread-1 (MotorTry) - MotorTry - DEBUG - Nouvelle boucle
2024-12-15 17:22:20,519 - Thread-1 (MotorTry) - update - DEBUG - Update vaue de la courbe
2024-12-15 17:22:20,522 - MainThread - updateUi - DEBUG - Reset de l'affichage de la courbe
2024-12-15 17:22:20,529 - Thread-1 (MotorTry) - MotorTry - DEBUG - Nouvelle boucle
2024-12-15 17:22:20,531 - Thread-1 (MotorTry) - update - DEBUG - Update vaue de la courbe
2024-12-15 17:22:20,541 - Thread-1 (MotorTry) - MotorTry - DEBUG - Nouvelle boucle
2024-12-15 17:22:20,542 - Thread-1 (MotorTry) - update - DEBUG - Update vaue de la courbe
2024-12-15 17:22:20,552 - Thread-1 (MotorTry) - MotorTry - DEBUG - Nouvelle boucle
2024-12-15 17:22:20,552 - Thread-1 (MotorTry) - update - DEBUG - Update vaue de la courbe
2024-12-15 17:22:20,553 - MainThread - updateUi - DEBUG - Reset de l'affichage de la courbe
2024-12-15 17:22:20,563 - Thread-1 (MotorTry) - MotorTry - DEBUG - Nouvelle boucle
2024-12-15 17:22:20,564 - Thread-1 (MotorTry) - update - DEBUG - Update vaue de la courbe
2024-12-15 17:22:20,574 - Thread-1 (MotorTry) - MotorTry - DEBUG - Nouvelle boucle
2024-12-15 17:22:20,575 - Thread-1 (MotorTry) - update - DEBUG - Update vaue de la courbe
2024-12-15 17:22:20,584 - MainThread - updateUi - DEBUG - Reset de l'affichage de la courbe
2024-12-15 17:22:20,586 - Thread-1 (MotorTry) - MotorTry - DEBUG - Nouvelle boucle
2024-12-15 17:22:20,587 - Thread-1 (MotorTry) - update - DEBUG - Update vaue de la courbe
2024-12-15 17:22:20,598 - Thread-1 (MotorTry) - MotorTry - DEBUG - Nouvelle boucle
2024-12-15 17:22:20,598 - Thread-1 (MotorTry) - update - DEBUG - Update vaue de la courbe
2024-12-15 17:22:20,609 - Thread-1 (MotorTry) - MotorTry - DEBUG - Nouvelle boucle
2024-12-15 17:22:20,609 - Thread-1 (MotorTry) - update - DEBUG - Update vaue de la courbe
2024-12-15 17:22:20,615 - MainThread - updateUi - DEBUG - Reset de l'affichage de la courbe
2024-12-15 17:22:20,620 - Thread-1 (MotorTry) - MotorTry - DEBUG - Nouvelle boucle
2024-12-15 17:22:20,622 - Thread-1 (MotorTry) - update - DEBUG - Update vaue de la courbe
2024-12-15 17:22:20,633 - Thread-1 (MotorTry) - MotorTry - DEBUG - Nouvelle boucle
2024-12-15 17:22:20,633 - Thread-1 (MotorTry) - update - DEBUG - Update vaue de la courbe
2024-12-15 17:22:20,644 - Thread-1 (MotorTry) - MotorTry - DEBUG - Nouvelle boucle
2024-12-15 17:22:20,644 - Thread-1 (MotorTry) - update - DEBUG - Update vaue de la courbe
2024-12-15 17:22:20,646 - MainThread - updateUi - DEBUG - Reset de l'affichage de la courbe
2024-12-15 17:22:20,656 - Thread-1 (MotorTry) - MotorTry - DEBUG - Nouvelle boucle
2024-12-15 17:22:20,657 - Thread-1 (MotorTry) - update - DEBUG - Update vaue de la courbe
2024-12-15 17:22:20,668 - Thread-1 (MotorTry) - MotorTry - DEBUG - Nouvelle boucle
2024-12-15 17:22:20,668 - Thread-1 (MotorTry) - update - DEBUG - Update vaue de la courbe
2024-12-15 17:22:20,677 - MainThread - updateUi - DEBUG - Reset de l'affichage de la courbe
2024-12-15 17:22:20,679 - Thread-1 (MotorTry) - MotorTry - DEBUG - Nouvelle boucle
2024-12-15 17:22:20,680 - Thread-1 (MotorTry) - update - DEBUG - Update vaue de la courbe
2024-12-15 17:22:20,690 - Thread-1 (MotorTry) - MotorTry - DEBUG - Nouvelle boucle
2024-12-15 17:22:20,691 - Thread-1 (MotorTry) - update - DEBUG - Update vaue de la courbe
2024-12-15 17:22:20,701 - Thread-1 (MotorTry) - MotorTry - DEBUG - Nouvelle boucle
2024-12-15 17:22:20,701 - Thread-1 (MotorTry) - update - DEBUG - Update vaue de la courbe
2024-12-15 17:22:20,707 - MainThread - updateUi - DEBUG - Reset de l'affichage de la courbe
2024-12-15 17:22:20,713 - Thread-1 (MotorTry) - MotorTry - DEBUG - Nouvelle boucle
2024-12-15 17:22:20,715 - Thread-1 (MotorTry) - update - DEBUG - Update vaue de la courbe
2024-12-15 17:22:20,726 - Thread-1 (MotorTry) - MotorTry - DEBUG - Nouvelle boucle
2024-12-15 17:22:20,726 - Thread-1 (MotorTry) - update - DEBUG - Update vaue de la courbe
2024-12-15 17:22:20,737 - Thread-1 (MotorTry) - MotorTry - DEBUG - Nouvelle boucle
2024-12-15 17:22:20,737 - Thread-1 (MotorTry) - update - DEBUG - Update vaue de la courbe
2024-12-15 17:22:20,738 - MainThread - updateUi - DEBUG - Reset de l'affichage de la courbe
2024-12-15 17:22:20,748 - Thread-1 (MotorTry) - MotorTry - DEBUG - Nouvelle boucle
2024-12-15 17:22:20,751 - Thread-1 (MotorTry) - update - DEBUG - Update vaue de la courbe
2024-12-15 17:22:20,761 - Thread-1 (MotorTry) - MotorTry - DEBUG - Nouvelle boucle
2024-12-15 17:22:20,762 - Thread-1 (MotorTry) - update - DEBUG - Update vaue de la courbe
2024-12-15 17:22:20,769 - MainThread - updateUi - DEBUG - Reset de l'affichage de la courbe
2024-12-15 17:22:20,773 - Thread-1 (MotorTry) - MotorTry - DEBUG - Nouvelle boucle
2024-12-15 17:22:20,774 - Thread-1 (MotorTry) - update - DEBUG - Update vaue de la courbe
2024-12-15 17:22:20,785 - Thread-1 (MotorTry) - MotorTry - DEBUG - Nouvelle boucle
2024-12-15 17:22:20,785 - Thread-1 (MotorTry) - update - DEBUG - Update vaue de la courbe
2024-12-15 17:22:20,796 - Thread-1 (MotorTry) - MotorTry - DEBUG - Nouvelle boucle
2024-12-15 17:22:20,796 - Thread-1 (MotorTry) - update - DEBUG - Update vaue de la courbe
2024-12-15 17:22:20,800 - MainThread - updateUi - DEBUG - Reset de l'affichage de la courbe
2024-12-15 17:22:20,808 - Thread-1 (MotorTry) - MotorTry - DEBUG - Nouvelle boucle
2024-12-15 17:22:20,809 - Thread-1 (MotorTry) - update - DEBUG - Update vaue de la courbe
2024-12-15 17:22:20,820 - Thread-1 (MotorTry) - MotorTry - DEBUG - Nouvelle boucle
2024-12-15 17:22:20,821 - Thread-1 (MotorTry) - update - DEBUG - Update vaue de la courbe
2024-12-15 17:22:20,831 - MainThread - updateUi - DEBUG - Reset de l'affichage de la courbe
2024-12-15 17:22:20,832 - Thread-1 (MotorTry) - MotorTry - DEBUG - Nouvelle boucle
2024-12-15 17:22:20,835 - Thread-1 (MotorTry) - update - DEBUG - Update vaue de la courbe
2024-12-15 17:22:20,845 - Thread-1 (MotorTry) - MotorTry - DEBUG - Nouvelle boucle
2024-12-15 17:22:20,846 - Thread-1 (MotorTry) - update - DEBUG - Update vaue de la courbe
2024-12-15 17:22:20,856 - Thread-1 (MotorTry) - MotorTry - DEBUG - Nouvelle boucle
2024-12-15 17:22:20,856 - Thread-1 (MotorTry) - update - DEBUG - Update vaue de la courbe
2024-12-15 17:22:20,862 - MainThread - updateUi - DEBUG - Reset de l'affichage de la courbe
2024-12-15 17:22:20,868 - Thread-1 (MotorTry) - MotorTry - DEBUG - Nouvelle boucle
2024-12-15 17:22:20,870 - Thread-1 (MotorTry) - update - DEBUG - Update vaue de la courbe
2024-12-15 17:22:20,881 - Thread-1 (MotorTry) - MotorTry - DEBUG - Nouvelle boucle
2024-12-15 17:22:20,881 - Thread-1 (MotorTry) - update - DEBUG - Update vaue de la courbe
2024-12-15 17:22:20,892 - Thread-1 (MotorTry) - MotorTry - DEBUG - Nouvelle boucle
2024-12-15 17:22:20,892 - Thread-1 (MotorTry) - update - DEBUG - Update vaue de la courbe
2024-12-15 17:22:20,893 - MainThread - updateUi - DEBUG - Reset de l'affichage de la courbe
2024-12-15 17:22:20,904 - Thread-1 (MotorTry) - MotorTry - DEBUG - Nouvelle boucle
2024-12-15 17:22:20,905 - Thread-1 (MotorTry) - update - DEBUG - Update vaue de la courbe
2024-12-15 17:22:20,915 - Thread-1 (MotorTry) - MotorTry - DEBUG - Nouvelle boucle
2024-12-15 17:22:20,916 - Thread-1 (MotorTry) - update - DEBUG - Update vaue de la courbe
2024-12-15 17:22:20,924 - MainThread - updateUi - DEBUG - Reset de l'affichage de la courbe
2024-12-15 17:22:20,927 - Thread-1 (MotorTry) - MotorTry - DEBUG - Nouvelle boucle
2024-12-15 17:22:20,928 - Thread-1 (MotorTry) - update - DEBUG - Update vaue de la courbe
2024-12-15 17:22:20,938 - Thread-1 (MotorTry) - MotorTry - DEBUG - Nouvelle boucle
2024-12-15 17:22:20,939 - Thread-1 (MotorTry) - update - DEBUG - Update vaue de la courbe
2024-12-15 17:22:20,949 - Thread-1 (MotorTry) - MotorTry - DEBUG - Nouvelle boucle
2024-12-15 17:22:20,950 - Thread-1 (MotorTry) - update - DEBUG - Update vaue de la courbe
2024-12-15 17:22:20,954 - MainThread - updateUi - DEBUG - Reset de l'affichage de la courbe
2024-12-15 17:22:20,961 - Thread-1 (MotorTry) - MotorTry - DEBUG - Nouvelle boucle
2024-12-15 17:22:20,962 - Thread-1 (MotorTry) - update - DEBUG - Update vaue de la courbe
2024-12-15 17:22:20,973 - Thread-1 (MotorTry) - MotorTry - DEBUG - Nouvelle boucle
2024-12-15 17:22:20,973 - Thread-1 (MotorTry) - update - DEBUG - Update vaue de la courbe
2024-12-15 17:22:20,983 - Thread-1 (MotorTry) - MotorTry - DEBUG - Nouvelle boucle
2024-12-15 17:22:20,984 - Thread-1 (MotorTry) - update - DEBUG - Update vaue de la courbe
2024-12-15 17:22:20,985 - MainThread - updateUi - DEBUG - Reset de l'affichage de la courbe
2024-12-15 17:22:20,995 - Thread-1 (MotorTry) - MotorTry - DEBUG - Nouvelle boucle
2024-12-15 17:22:20,996 - Thread-1 (MotorTry) - update - DEBUG - Update vaue de la courbe
2024-12-15 17:22:21,006 - Thread-1 (MotorTry) - MotorTry - DEBUG - Nouvelle boucle
2024-12-15 17:22:21,007 - Thread-1 (MotorTry) - update - DEBUG - Update vaue de la courbe
2024-12-15 17:22:21,016 - MainThread - updateUi - DEBUG - Reset de l'affichage de la courbe
2024-12-15 17:22:21,018 - Thread-1 (MotorTry) - MotorTry - DEBUG - Nouvelle boucle
2024-12-15 17:22:21,019 - Thread-1 (MotorTry) - update - DEBUG - Update vaue de la courbe
2024-12-15 17:22:21,031 - Thread-1 (MotorTry) - MotorTry - DEBUG - Nouvelle boucle
2024-12-15 17:22:21,031 - Thread-1 (MotorTry) - update - DEBUG - Update vaue de la courbe
2024-12-15 17:22:21,041 - Thread-1 (MotorTry) - MotorTry - DEBUG - Nouvelle boucle
2024-12-15 17:22:21,042 - Thread-1 (MotorTry) - update - DEBUG - Update vaue de la courbe
2024-12-15 17:22:21,047 - MainThread - updateUi - DEBUG - Reset de l'affichage de la courbe
2024-12-15 17:22:21,053 - Thread-1 (MotorTry) - MotorTry - DEBUG - Nouvelle boucle
2024-12-15 17:22:21,055 - Thread-1 (MotorTry) - update - DEBUG - Update vaue de la courbe
2024-12-15 17:22:21,066 - Thread-1 (MotorTry) - MotorTry - DEBUG - Nouvelle boucle
2024-12-15 17:22:21,066 - Thread-1 (MotorTry) - update - DEBUG - Update vaue de la courbe
2024-12-15 17:22:21,077 - Thread-1 (MotorTry) - MotorTry - DEBUG - Nouvelle boucle
2024-12-15 17:22:21,078 - MainThread - updateUi - DEBUG - Reset de l'affichage de la courbe
2024-12-15 17:22:21,080 - Thread-1 (MotorTry) - update - DEBUG - Update vaue de la courbe
2024-12-15 17:22:21,091 - Thread-1 (MotorTry) - MotorTry - DEBUG - Nouvelle boucle
2024-12-15 17:22:21,091 - Thread-1 (MotorTry) - update - DEBUG - Update vaue de la courbe
2024-12-15 17:22:21,102 - Thread-1 (MotorTry) - MotorTry - DEBUG - Nouvelle boucle
2024-12-15 17:22:21,102 - Thread-1 (MotorTry) - update - DEBUG - Update vaue de la courbe
2024-12-15 17:22:21,108 - MainThread - updateUi - DEBUG - Reset de l'affichage de la courbe
2024-12-15 17:22:21,113 - Thread-1 (MotorTry) - MotorTry - DEBUG - Nouvelle boucle
2024-12-15 17:22:21,115 - Thread-1 (MotorTry) - update - DEBUG - Update vaue de la courbe
2024-12-15 17:22:21,126 - Thread-1 (MotorTry) - MotorTry - DEBUG - Nouvelle boucle
2024-12-15 17:22:21,126 - Thread-1 (MotorTry) - update - DEBUG - Update vaue de la courbe
2024-12-15 17:22:21,136 - Thread-1 (MotorTry) - MotorTry - DEBUG - Nouvelle boucle
2024-12-15 17:22:21,137 - Thread-1 (MotorTry) - update - DEBUG - Update vaue de la courbe
2024-12-15 17:22:21,139 - MainThread - updateUi - DEBUG - Reset de l'affichage de la courbe
2024-12-15 17:22:21,147 - Thread-1 (MotorTry) - MotorTry - DEBUG - Nouvelle boucle
2024-12-15 17:22:21,148 - Thread-1 (MotorTry) - update - DEBUG - Update vaue de la courbe
2024-12-15 17:22:21,159 - Thread-1 (MotorTry) - MotorTry - DEBUG - Nouvelle boucle
2024-12-15 17:22:21,160 - Thread-1 (MotorTry) - update - DEBUG - Update vaue de la courbe
2024-12-15 17:22:21,170 - Thread-1 (MotorTry) - MotorTry - DEBUG - Nouvelle boucle
2024-12-15 17:22:21,170 - MainThread - updateUi - DEBUG - Reset de l'affichage de la courbe
2024-12-15 17:22:21,174 - Thread-1 (MotorTry) - update - DEBUG - Update vaue de la courbe
2024-12-15 17:22:21,184 - Thread-1 (MotorTry) - MotorTry - DEBUG - Nouvelle boucle
2024-12-15 17:22:21,185 - Thread-1 (MotorTry) - update - DEBUG - Update vaue de la courbe
2024-12-15 17:22:21,195 - Thread-1 (MotorTry) - MotorTry - DEBUG - Nouvelle boucle
2024-12-15 17:22:21,196 - Thread-1 (MotorTry) - update - DEBUG - Update vaue de la courbe
2024-12-15 17:22:21,201 - MainThread - updateUi - DEBUG - Reset de l'affichage de la courbe
2024-12-15 17:22:21,206 - Thread-1 (MotorTry) - MotorTry - DEBUG - Nouvelle boucle
2024-12-15 17:22:21,210 - Thread-1 (MotorTry) - update - DEBUG - Update vaue de la courbe
2024-12-15 17:22:21,220 - Thread-1 (MotorTry) - MotorTry - DEBUG - Nouvelle boucle
2024-12-15 17:22:21,220 - Thread-1 (MotorTry) - update - DEBUG - Update vaue de la courbe
2024-12-15 17:22:21,231 - Thread-1 (MotorTry) - MotorTry - DEBUG - Nouvelle boucle
2024-12-15 17:22:21,232 - MainThread - updateUi - DEBUG - Reset de l'affichage de la courbe
2024-12-15 17:22:21,234 - Thread-1 (MotorTry) - update - DEBUG - Update vaue de la courbe
2024-12-15 17:22:21,245 - Thread-1 (MotorTry) - MotorTry - DEBUG - Nouvelle boucle
2024-12-15 17:22:21,245 - Thread-1 (MotorTry) - update - DEBUG - Update vaue de la courbe
2024-12-15 17:22:21,256 - Thread-1 (MotorTry) - MotorTry - DEBUG - Nouvelle boucle
2024-12-15 17:22:21,256 - Thread-1 (MotorTry) - update - DEBUG - Update vaue de la courbe
2024-12-15 17:22:21,263 - MainThread - updateUi - DEBUG - Reset de l'affichage de la courbe
2024-12-15 17:22:21,267 - Thread-1 (MotorTry) - MotorTry - DEBUG - Nouvelle boucle
2024-12-15 17:22:21,269 - Thread-1 (MotorTry) - update - DEBUG - Update vaue de la courbe
2024-12-15 17:22:21,280 - Thread-1 (MotorTry) - MotorTry - DEBUG - Nouvelle boucle
2024-12-15 17:22:21,281 - Thread-1 (MotorTry) - update - DEBUG - Update vaue de la courbe
2024-12-15 17:22:21,291 - Thread-1 (MotorTry) - MotorTry - DEBUG - Nouvelle boucle
2024-12-15 17:22:21,291 - Thread-1 (MotorTry) - update - DEBUG - Update vaue de la courbe
2024-12-15 17:22:21,293 - MainThread - updateUi - DEBUG - Reset de l'affichage de la courbe
2024-12-15 17:22:21,302 - Thread-1 (MotorTry) - MotorTry - DEBUG - Nouvelle boucle
2024-12-15 17:22:21,303 - Thread-1 (MotorTry) - update - DEBUG - Update vaue de la courbe
2024-12-15 17:22:21,314 - Thread-1 (MotorTry) - MotorTry - DEBUG - Nouvelle boucle
2024-12-15 17:22:21,314 - Thread-1 (MotorTry) - update - DEBUG - Update vaue de la courbe
2024-12-15 17:22:21,323 - MainThread - updateUi - DEBUG - Reset de l'affichage de la courbe
2024-12-15 17:22:21,326 - Thread-1 (MotorTry) - MotorTry - DEBUG - Nouvelle boucle
2024-12-15 17:22:21,327 - Thread-1 (MotorTry) - update - DEBUG - Update vaue de la courbe
2024-12-15 17:22:21,337 - Thread-1 (MotorTry) - MotorTry - DEBUG - Nouvelle boucle
2024-12-15 17:22:21,338 - Thread-1 (MotorTry) - update - DEBUG - Update vaue de la courbe
2024-12-15 17:22:21,348 - Thread-1 (MotorTry) - MotorTry - DEBUG - Nouvelle boucle
2024-12-15 17:22:21,348 - Thread-1 (MotorTry) - update - DEBUG - Update vaue de la courbe
2024-12-15 17:22:21,355 - MainThread - updateUi - DEBUG - Reset de l'affichage de la courbe
2024-12-15 17:22:21,360 - Thread-1 (MotorTry) - MotorTry - DEBUG - Nouvelle boucle
2024-12-15 17:22:21,361 - Thread-1 (MotorTry) - update - DEBUG - Update vaue de la courbe
2024-12-15 17:22:21,372 - Thread-1 (MotorTry) - MotorTry - DEBUG - Nouvelle boucle
2024-12-15 17:22:21,372 - Thread-1 (MotorTry) - update - DEBUG - Update vaue de la courbe
2024-12-15 17:22:21,383 - Thread-1 (MotorTry) - MotorTry - DEBUG - Nouvelle boucle
2024-12-15 17:22:21,383 - Thread-1 (MotorTry) - update - DEBUG - Update vaue de la courbe
2024-12-15 17:22:21,386 - MainThread - updateUi - DEBUG - Reset de l'affichage de la courbe
2024-12-15 17:22:21,394 - Thread-1 (MotorTry) - MotorTry - DEBUG - Nouvelle boucle
2024-12-15 17:22:21,397 - Thread-1 (MotorTry) - update - DEBUG - Update vaue de la courbe
2024-12-15 17:22:21,407 - Thread-1 (MotorTry) - MotorTry - DEBUG - Nouvelle boucle
2024-12-15 17:22:21,408 - Thread-1 (MotorTry) - update - DEBUG - Update vaue de la courbe
2024-12-15 17:22:21,419 - Thread-1 (MotorTry) - MotorTry - DEBUG - Nouvelle boucle
2024-12-15 17:22:21,419 - Thread-1 (MotorTry) - update - DEBUG - Update vaue de la courbe
2024-12-15 17:22:21,425 - MainThread - updateUi - DEBUG - Reset de l'affichage de la courbe
2024-12-15 17:22:21,430 - Thread-1 (MotorTry) - MotorTry - DEBUG - Nouvelle boucle
2024-12-15 17:22:21,432 - Thread-1 (MotorTry) - update - DEBUG - Update vaue de la courbe
2024-12-15 17:22:21,442 - Thread-1 (MotorTry) - MotorTry - DEBUG - Nouvelle boucle
2024-12-15 17:22:21,443 - Thread-1 (MotorTry) - update - DEBUG - Update vaue de la courbe
2024-12-15 17:22:21,454 - Thread-1 (MotorTry) - MotorTry - DEBUG - Nouvelle boucle
2024-12-15 17:22:21,454 - Thread-1 (MotorTry) - update - DEBUG - Update vaue de la courbe
2024-12-15 17:22:21,462 - MainThread - updateUi - DEBUG - Reset de l'affichage de la courbe
2024-12-15 17:22:21,465 - Thread-1 (MotorTry) - MotorTry - DEBUG - Nouvelle boucle
2024-12-15 17:22:21,466 - Thread-1 (MotorTry) - update - DEBUG - Update vaue de la courbe
2024-12-15 17:22:21,476 - Thread-1 (MotorTry) - MotorTry - DEBUG - Nouvelle boucle
2024-12-15 17:22:21,477 - Thread-1 (MotorTry) - update - DEBUG - Update vaue de la courbe
2024-12-15 17:22:21,487 - Thread-1 (MotorTry) - MotorTry - DEBUG - Nouvelle boucle
2024-12-15 17:22:21,488 - Thread-1 (MotorTry) - update - DEBUG - Update vaue de la courbe
2024-12-15 17:22:21,493 - MainThread - updateUi - DEBUG - Reset de l'affichage de la courbe
2024-12-15 17:22:21,499 - Thread-1 (MotorTry) - MotorTry - DEBUG - Nouvelle boucle
2024-12-15 17:22:21,501 - Thread-1 (MotorTry) - update - DEBUG - Update vaue de la courbe
2024-12-15 17:22:21,511 - Thread-1 (MotorTry) - MotorTry - DEBUG - Nouvelle boucle
2024-12-15 17:22:21,512 - Thread-1 (MotorTry) - update - DEBUG - Update vaue de la courbe
2024-12-15 17:22:21,523 - Thread-1 (MotorTry) - MotorTry - DEBUG - Nouvelle boucle
2024-12-15 17:22:21,523 - Thread-1 (MotorTry) - update - DEBUG - Update vaue de la courbe
2024-12-15 17:22:21,525 - MainThread - updateUi - DEBUG - Reset de l'affichage de la courbe
2024-12-15 17:22:21,534 - Thread-1 (MotorTry) - MotorTry - DEBUG - Nouvelle boucle
2024-12-15 17:22:21,535 - Thread-1 (MotorTry) - update - DEBUG - Update vaue de la courbe
2024-12-15 17:22:21,545 - Thread-1 (MotorTry) - MotorTry - DEBUG - Nouvelle boucle
2024-12-15 17:22:21,546 - Thread-1 (MotorTry) - update - DEBUG - Update vaue de la courbe
2024-12-15 17:22:21,555 - MainThread - updateUi - DEBUG - Reset de l'affichage de la courbe
2024-12-15 17:22:21,558 - Thread-1 (MotorTry) - MotorTry - DEBUG - Nouvelle boucle
2024-12-15 17:22:21,559 - Thread-1 (MotorTry) - update - DEBUG - Update vaue de la courbe
2024-12-15 17:22:21,570 - Thread-1 (MotorTry) - MotorTry - DEBUG - Nouvelle boucle
2024-12-15 17:22:21,570 - Thread-1 (MotorTry) - update - DEBUG - Update vaue de la courbe
2024-12-15 17:22:21,581 - Thread-1 (MotorTry) - MotorTry - DEBUG - Nouvelle boucle
2024-12-15 17:22:21,582 - Thread-1 (MotorTry) - update - DEBUG - Update vaue de la courbe
2024-12-15 17:22:21,586 - MainThread - updateUi - DEBUG - Reset de l'affichage de la courbe
2024-12-15 17:22:21,593 - Thread-1 (MotorTry) - MotorTry - DEBUG - Nouvelle boucle
2024-12-15 17:22:21,594 - Thread-1 (MotorTry) - update - DEBUG - Update vaue de la courbe
2024-12-15 17:22:21,604 - Thread-1 (MotorTry) - MotorTry - DEBUG - Nouvelle boucle
2024-12-15 17:22:21,605 - Thread-1 (MotorTry) - update - DEBUG - Update vaue de la courbe
2024-12-15 17:22:21,615 - Thread-1 (MotorTry) - MotorTry - DEBUG - Nouvelle boucle
2024-12-15 17:22:21,616 - Thread-1 (MotorTry) - update - DEBUG - Update vaue de la courbe
2024-12-15 17:22:21,617 - MainThread - updateUi - DEBUG - Reset de l'affichage de la courbe
2024-12-15 17:22:21,627 - Thread-1 (MotorTry) - MotorTry - DEBUG - Nouvelle boucle
2024-12-15 17:22:21,628 - Thread-1 (MotorTry) - update - DEBUG - Update vaue de la courbe
2024-12-15 17:22:21,639 - Thread-1 (MotorTry) - MotorTry - DEBUG - Nouvelle boucle
2024-12-15 17:22:21,639 - Thread-1 (MotorTry) - update - DEBUG - Update vaue de la courbe
2024-12-15 17:22:21,648 - MainThread - updateUi - DEBUG - Reset de l'affichage de la courbe
2024-12-15 17:22:21,650 - Thread-1 (MotorTry) - MotorTry - DEBUG - Nouvelle boucle
2024-12-15 17:22:21,652 - Thread-1 (MotorTry) - update - DEBUG - Update vaue de la courbe
2024-12-15 17:22:21,662 - Thread-1 (MotorTry) - MotorTry - DEBUG - Nouvelle boucle
2024-12-15 17:22:21,662 - Thread-1 (MotorTry) - update - DEBUG - Update vaue de la courbe
2024-12-15 17:22:21,673 - Thread-1 (MotorTry) - MotorTry - DEBUG - Nouvelle boucle
2024-12-15 17:22:21,673 - Thread-1 (MotorTry) - update - DEBUG - Update vaue de la courbe
2024-12-15 17:22:21,678 - MainThread - updateUi - DEBUG - Reset de l'affichage de la courbe
2024-12-15 17:22:21,685 - Thread-1 (MotorTry) - MotorTry - DEBUG - Nouvelle boucle
2024-12-15 17:22:21,686 - Thread-1 (MotorTry) - update - DEBUG - Update vaue de la courbe
2024-12-15 17:22:21,696 - Thread-1 (MotorTry) - MotorTry - DEBUG - Nouvelle boucle
2024-12-15 17:22:21,697 - Thread-1 (MotorTry) - update - DEBUG - Update vaue de la courbe
2024-12-15 17:22:21,707 - Thread-1 (MotorTry) - MotorTry - DEBUG - Nouvelle boucle
2024-12-15 17:22:21,708 - Thread-1 (MotorTry) - update - DEBUG - Update vaue de la courbe
2024-12-15 17:22:21,709 - MainThread - updateUi - DEBUG - Reset de l'affichage de la courbe
2024-12-15 17:22:21,718 - Thread-1 (MotorTry) - MotorTry - DEBUG - Nouvelle boucle
2024-12-15 17:22:21,719 - Thread-1 (MotorTry) - update - DEBUG - Update vaue de la courbe
2024-12-15 17:22:21,730 - Thread-1 (MotorTry) - MotorTry - DEBUG - Nouvelle boucle
2024-12-15 17:22:21,730 - Thread-1 (MotorTry) - update - DEBUG - Update vaue de la courbe
2024-12-15 17:22:21,740 - MainThread - updateUi - DEBUG - Reset de l'affichage de la courbe
2024-12-15 17:22:21,742 - Thread-1 (MotorTry) - MotorTry - DEBUG - Nouvelle boucle
2024-12-15 17:22:21,743 - Thread-1 (MotorTry) - update - DEBUG - Update vaue de la courbe
2024-12-15 17:22:21,754 - Thread-1 (MotorTry) - MotorTry - DEBUG - Nouvelle boucle
2024-12-15 17:22:21,754 - Thread-1 (MotorTry) - update - DEBUG - Update vaue de la courbe
2024-12-15 17:22:21,764 - Thread-1 (MotorTry) - MotorTry - DEBUG - Nouvelle boucle
2024-12-15 17:22:21,765 - Thread-1 (MotorTry) - update - DEBUG - Update vaue de la courbe
2024-12-15 17:22:21,770 - MainThread - updateUi - DEBUG - Reset de l'affichage de la courbe
2024-12-15 17:22:21,776 - Thread-1 (MotorTry) - MotorTry - DEBUG - Nouvelle boucle
2024-12-15 17:22:21,777 - Thread-1 (MotorTry) - update - DEBUG - Update vaue de la courbe
2024-12-15 17:22:21,788 - Thread-1 (MotorTry) - MotorTry - DEBUG - Nouvelle boucle
2024-12-15 17:22:21,788 - Thread-1 (MotorTry) - update - DEBUG - Update vaue de la courbe
2024-12-15 17:22:21,799 - Thread-1 (MotorTry) - MotorTry - DEBUG - Nouvelle boucle
2024-12-15 17:22:21,799 - Thread-1 (MotorTry) - update - DEBUG - Update vaue de la courbe
2024-12-15 17:22:21,801 - MainThread - updateUi - DEBUG - Reset de l'affichage de la courbe
2024-12-15 17:22:21,811 - Thread-1 (MotorTry) - MotorTry - DEBUG - Nouvelle boucle
2024-12-15 17:22:21,812 - Thread-1 (MotorTry) - update - DEBUG - Update vaue de la courbe
2024-12-15 17:22:21,822 - Thread-1 (MotorTry) - MotorTry - DEBUG - Nouvelle boucle
2024-12-15 17:22:21,823 - Thread-1 (MotorTry) - update - DEBUG - Update vaue de la courbe
2024-12-15 17:22:21,832 - MainThread - updateUi - DEBUG - Reset de l'affichage de la courbe
2024-12-15 17:22:21,835 - Thread-1 (MotorTry) - MotorTry - DEBUG - Nouvelle boucle
2024-12-15 17:22:21,836 - Thread-1 (MotorTry) - update - DEBUG - Update vaue de la courbe
2024-12-15 17:22:21,846 - Thread-1 (MotorTry) - MotorTry - DEBUG - Nouvelle boucle
2024-12-15 17:22:21,847 - Thread-1 (MotorTry) - update - DEBUG - Update vaue de la courbe
2024-12-15 17:22:21,857 - Thread-1 (MotorTry) - MotorTry - DEBUG - Nouvelle boucle
2024-12-15 17:22:21,858 - Thread-1 (MotorTry) - update - DEBUG - Update vaue de la courbe
2024-12-15 17:22:21,863 - MainThread - updateUi - DEBUG - Reset de l'affichage de la courbe
2024-12-15 17:22:21,868 - Thread-1 (MotorTry) - MotorTry - DEBUG - Nouvelle boucle
2024-12-15 17:22:21,870 - Thread-1 (MotorTry) - update - DEBUG - Update vaue de la courbe
2024-12-15 17:22:21,881 - Thread-1 (MotorTry) - MotorTry - DEBUG - Nouvelle boucle
2024-12-15 17:22:21,881 - Thread-1 (MotorTry) - update - DEBUG - Update vaue de la courbe
2024-12-15 17:22:21,892 - Thread-1 (MotorTry) - MotorTry - DEBUG - Nouvelle boucle
2024-12-15 17:22:21,892 - Thread-1 (MotorTry) - update - DEBUG - Update vaue de la courbe
2024-12-15 17:22:21,894 - MainThread - updateUi - DEBUG - Reset de l'affichage de la courbe
2024-12-15 17:22:21,903 - Thread-1 (MotorTry) - MotorTry - DEBUG - Nouvelle boucle
2024-12-15 17:22:21,904 - Thread-1 (MotorTry) - update - DEBUG - Update vaue de la courbe
2024-12-15 17:22:21,914 - Thread-1 (MotorTry) - MotorTry - DEBUG - Nouvelle boucle
2024-12-15 17:22:21,915 - Thread-1 (MotorTry) - update - DEBUG - Update vaue de la courbe
2024-12-15 17:22:21,924 - MainThread - updateUi - DEBUG - Reset de l'affichage de la courbe
2024-12-15 17:22:21,926 - Thread-1 (MotorTry) - MotorTry - DEBUG - Nouvelle boucle
2024-12-15 17:22:21,928 - Thread-1 (MotorTry) - update - DEBUG - Update vaue de la courbe
2024-12-15 17:22:21,938 - Thread-1 (MotorTry) - MotorTry - DEBUG - Nouvelle boucle
2024-12-15 17:22:21,939 - Thread-1 (MotorTry) - update - DEBUG - Update vaue de la courbe
2024-12-15 17:22:21,949 - Thread-1 (MotorTry) - MotorTry - DEBUG - Nouvelle boucle
2024-12-15 17:22:21,950 - Thread-1 (MotorTry) - update - DEBUG - Update vaue de la courbe
2024-12-15 17:22:21,955 - MainThread - updateUi - DEBUG - Reset de l'affichage de la courbe
2024-12-15 17:22:21,960 - Thread-1 (MotorTry) - MotorTry - DEBUG - Nouvelle boucle
2024-12-15 17:22:21,962 - Thread-1 (MotorTry) - update - DEBUG - Update vaue de la courbe
2024-12-15 17:22:21,972 - Thread-1 (MotorTry) - MotorTry - DEBUG - Nouvelle boucle
2024-12-15 17:22:21,973 - Thread-1 (MotorTry) - update - DEBUG - Update vaue de la courbe
2024-12-15 17:22:21,984 - Thread-1 (MotorTry) - MotorTry - DEBUG - Nouvelle boucle
2024-12-15 17:22:21,984 - Thread-1 (MotorTry) - update - DEBUG - Update vaue de la courbe
2024-12-15 17:22:21,986 - MainThread - updateUi - DEBUG - Reset de l'affichage de la courbe
2024-12-15 17:22:21,995 - Thread-1 (MotorTry) - MotorTry - DEBUG - Nouvelle boucle
2024-12-15 17:22:21,997 - Thread-1 (MotorTry) - update - DEBUG - Update vaue de la courbe
2024-12-15 17:22:22,008 - Thread-1 (MotorTry) - MotorTry - DEBUG - Nouvelle boucle
2024-12-15 17:22:22,008 - Thread-1 (MotorTry) - update - DEBUG - Update vaue de la courbe
2024-12-15 17:22:22,017 - MainThread - updateUi - DEBUG - Reset de l'affichage de la courbe
2024-12-15 17:22:22,019 - Thread-1 (MotorTry) - MotorTry - DEBUG - Nouvelle boucle
2024-12-15 17:22:22,020 - Thread-1 (MotorTry) - update - DEBUG - Update vaue de la courbe
2024-12-15 17:22:22,031 - Thread-1 (MotorTry) - MotorTry - DEBUG - Nouvelle boucle
2024-12-15 17:22:22,031 - Thread-1 (MotorTry) - update - DEBUG - Update vaue de la courbe
2024-12-15 17:22:22,041 - Thread-1 (MotorTry) - MotorTry - DEBUG - Nouvelle boucle
2024-12-15 17:22:22,042 - Thread-1 (MotorTry) - update - DEBUG - Update vaue de la courbe
2024-12-15 17:22:22,048 - MainThread - updateUi - DEBUG - Reset de l'affichage de la courbe
2024-12-15 17:22:22,053 - Thread-1 (MotorTry) - MotorTry - DEBUG - Nouvelle boucle
2024-12-15 17:22:22,055 - Thread-1 (MotorTry) - update - DEBUG - Update vaue de la courbe
2024-12-15 17:22:22,066 - Thread-1 (MotorTry) - MotorTry - DEBUG - Nouvelle boucle
2024-12-15 17:22:22,066 - Thread-1 (MotorTry) - update - DEBUG - Update vaue de la courbe
2024-12-15 17:22:22,076 - Thread-1 (MotorTry) - MotorTry - DEBUG - Nouvelle boucle
2024-12-15 17:22:22,077 - Thread-1 (MotorTry) - update - DEBUG - Update vaue de la courbe
2024-12-15 17:22:22,079 - MainThread - updateUi - DEBUG - Reset de l'affichage de la courbe
2024-12-15 17:22:22,087 - Thread-1 (MotorTry) - MotorTry - DEBUG - Nouvelle boucle
2024-12-15 17:22:22,089 - Thread-1 (MotorTry) - update - DEBUG - Update vaue de la courbe
2024-12-15 17:22:22,100 - Thread-1 (MotorTry) - MotorTry - DEBUG - Nouvelle boucle
2024-12-15 17:22:22,100 - Thread-1 (MotorTry) - update - DEBUG - Update vaue de la courbe
2024-12-15 17:22:22,109 - MainThread - updateUi - DEBUG - Reset de l'affichage de la courbe
2024-12-15 17:22:22,111 - Thread-1 (MotorTry) - MotorTry - DEBUG - Nouvelle boucle
2024-12-15 17:22:22,112 - Thread-1 (MotorTry) - update - DEBUG - Update vaue de la courbe
2024-12-15 17:22:22,123 - Thread-1 (MotorTry) - MotorTry - DEBUG - Nouvelle boucle
2024-12-15 17:22:22,123 - Thread-1 (MotorTry) - update - DEBUG - Update vaue de la courbe
2024-12-15 17:22:22,134 - Thread-1 (MotorTry) - MotorTry - DEBUG - Nouvelle boucle
2024-12-15 17:22:22,134 - Thread-1 (MotorTry) - update - DEBUG - Update vaue de la courbe
2024-12-15 17:22:22,140 - MainThread - updateUi - DEBUG - Reset de l'affichage de la courbe
2024-12-15 17:22:22,145 - Thread-1 (MotorTry) - MotorTry - DEBUG - Nouvelle boucle
2024-12-15 17:22:22,147 - Thread-1 (MotorTry) - update - DEBUG - Update vaue de la courbe
2024-12-15 17:22:22,158 - Thread-1 (MotorTry) - MotorTry - DEBUG - Nouvelle boucle
2024-12-15 17:22:22,158 - Thread-1 (MotorTry) - update - DEBUG - Update vaue de la courbe
2024-12-15 17:22:22,169 - Thread-1 (MotorTry) - MotorTry - DEBUG - Nouvelle boucle
2024-12-15 17:22:22,169 - Thread-1 (MotorTry) - update - DEBUG - Update vaue de la courbe
2024-12-15 17:22:22,171 - MainThread - updateUi - DEBUG - Reset de l'affichage de la courbe
2024-12-15 17:22:22,181 - Thread-1 (MotorTry) - MotorTry - DEBUG - Nouvelle boucle
2024-12-15 17:22:22,182 - Thread-1 (MotorTry) - update - DEBUG - Update vaue de la courbe
2024-12-15 17:22:22,192 - Thread-1 (MotorTry) - MotorTry - DEBUG - Nouvelle boucle
2024-12-15 17:22:22,193 - Thread-1 (MotorTry) - update - DEBUG - Update vaue de la courbe
2024-12-15 17:22:22,199 - MainThread - updateUi - DEBUG - Reset de l'affichage de la courbe
2024-12-15 17:22:22,203 - Thread-1 (MotorTry) - MotorTry - DEBUG - Nouvelle boucle
2024-12-15 17:22:22,204 - Thread-1 (MotorTry) - update - DEBUG - Update vaue de la courbe
2024-12-15 17:22:22,215 - Thread-1 (MotorTry) - MotorTry - DEBUG - Nouvelle boucle
2024-12-15 17:22:22,215 - Thread-1 (MotorTry) - update - DEBUG - Update vaue de la courbe
2024-12-15 17:22:22,226 - Thread-1 (MotorTry) - MotorTry - DEBUG - Nouvelle boucle
2024-12-15 17:22:22,226 - Thread-1 (MotorTry) - update - DEBUG - Update vaue de la courbe
2024-12-15 17:22:22,231 - MainThread - updateUi - DEBUG - Reset de l'affichage de la courbe
2024-12-15 17:22:22,237 - Thread-1 (MotorTry) - MotorTry - DEBUG - Nouvelle boucle
2024-12-15 17:22:22,239 - Thread-1 (MotorTry) - update - DEBUG - Update vaue de la courbe
2024-12-15 17:22:22,249 - Thread-1 (MotorTry) - MotorTry - DEBUG - Nouvelle boucle
2024-12-15 17:22:22,250 - Thread-1 (MotorTry) - update - DEBUG - Update vaue de la courbe
2024-12-15 17:22:22,260 - Thread-1 (MotorTry) - MotorTry - DEBUG - Nouvelle boucle
2024-12-15 17:22:22,261 - Thread-1 (MotorTry) - update - DEBUG - Update vaue de la courbe
2024-12-15 17:22:22,263 - MainThread - updateUi - DEBUG - Reset de l'affichage de la courbe
2024-12-15 17:22:22,271 - Thread-1 (MotorTry) - MotorTry - DEBUG - Nouvelle boucle
2024-12-15 17:22:22,272 - Thread-1 (MotorTry) - update - DEBUG - Update vaue de la courbe
2024-12-15 17:22:22,283 - Thread-1 (MotorTry) - MotorTry - DEBUG - Nouvelle boucle
2024-12-15 17:22:22,283 - Thread-1 (MotorTry) - update - DEBUG - Update vaue de la courbe
2024-12-15 17:22:22,293 - Thread-1 (MotorTry) - MotorTry - DEBUG - Nouvelle boucle
2024-12-15 17:22:22,294 - Thread-1 (MotorTry) - update - DEBUG - Update vaue de la courbe
2024-12-15 17:22:22,294 - MainThread - updateUi - DEBUG - Reset de l'affichage de la courbe
2024-12-15 17:22:22,304 - Thread-1 (MotorTry) - MotorTry - DEBUG - Nouvelle boucle
2024-12-15 17:22:22,305 - Thread-1 (MotorTry) - update - DEBUG - Update vaue de la courbe
2024-12-15 17:22:22,316 - Thread-1 (MotorTry) - MotorTry - DEBUG - Nouvelle boucle
2024-12-15 17:22:22,317 - Thread-1 (MotorTry) - update - DEBUG - Update vaue de la courbe
2024-12-15 17:22:22,325 - MainThread - updateUi - DEBUG - Reset de l'affichage de la courbe
2024-12-15 17:22:22,327 - Thread-1 (MotorTry) - MotorTry - DEBUG - Nouvelle boucle
2024-12-15 17:22:22,328 - Thread-1 (MotorTry) - update - DEBUG - Update vaue de la courbe
2024-12-15 17:22:22,339 - Thread-1 (MotorTry) - MotorTry - DEBUG - Nouvelle boucle
2024-12-15 17:22:22,339 - Thread-1 (MotorTry) - update - DEBUG - Update vaue de la courbe
2024-12-15 17:22:22,350 - Thread-1 (MotorTry) - MotorTry - DEBUG - Nouvelle boucle
2024-12-15 17:22:22,350 - Thread-1 (MotorTry) - update - DEBUG - Update vaue de la courbe
2024-12-15 17:22:22,356 - MainThread - updateUi - DEBUG - Reset de l'affichage de la courbe
2024-12-15 17:22:22,361 - Thread-1 (MotorTry) - MotorTry - DEBUG - Nouvelle boucle
2024-12-15 17:22:22,365 - Thread-1 (MotorTry) - update - DEBUG - Update vaue de la courbe
2024-12-15 17:22:22,375 - Thread-1 (MotorTry) - MotorTry - DEBUG - Nouvelle boucle
2024-12-15 17:22:22,376 - Thread-1 (MotorTry) - update - DEBUG - Update vaue de la courbe
2024-12-15 17:22:22,386 - Thread-1 (MotorTry) - MotorTry - DEBUG - Nouvelle boucle
2024-12-15 17:22:22,387 - MainThread - updateUi - DEBUG - Reset de l'affichage de la courbe
2024-12-15 17:22:22,389 - Thread-1 (MotorTry) - update - DEBUG - Update vaue de la courbe
2024-12-15 17:22:22,400 - Thread-1 (MotorTry) - MotorTry - DEBUG - Nouvelle boucle
2024-12-15 17:22:22,401 - Thread-1 (MotorTry) - update - DEBUG - Update vaue de la courbe
2024-12-15 17:22:22,411 - Thread-1 (MotorTry) - MotorTry - DEBUG - Nouvelle boucle
2024-12-15 17:22:22,412 - Thread-1 (MotorTry) - update - DEBUG - Update vaue de la courbe
2024-12-15 17:22:22,415 - MainThread - updateUi - DEBUG - Reset de l'affichage de la courbe
2024-12-15 17:22:22,422 - Thread-1 (MotorTry) - MotorTry - DEBUG - Nouvelle boucle
2024-12-15 17:22:22,424 - Thread-1 (MotorTry) - update - DEBUG - Update vaue de la courbe
2024-12-15 17:22:22,434 - Thread-1 (MotorTry) - MotorTry - DEBUG - Nouvelle boucle
2024-12-15 17:22:22,435 - Thread-1 (MotorTry) - update - DEBUG - Update vaue de la courbe
2024-12-15 17:22:22,446 - Thread-1 (MotorTry) - MotorTry - DEBUG - Nouvelle boucle
2024-12-15 17:22:22,446 - Thread-1 (MotorTry) - update - DEBUG - Update vaue de la courbe
2024-12-15 17:22:22,447 - MainThread - updateUi - DEBUG - Reset de l'affichage de la courbe
2024-12-15 17:22:22,458 - Thread-1 (MotorTry) - MotorTry - DEBUG - Nouvelle boucle
2024-12-15 17:22:22,459 - Thread-1 (MotorTry) - update - DEBUG - Update vaue de la courbe
2024-12-15 17:22:22,469 - Thread-1 (MotorTry) - MotorTry - DEBUG - Nouvelle boucle
2024-12-15 17:22:22,470 - Thread-1 (MotorTry) - update - DEBUG - Update vaue de la courbe
2024-12-15 17:22:22,478 - MainThread - updateUi - DEBUG - Reset de l'affichage de la courbe
2024-12-15 17:22:22,481 - Thread-1 (MotorTry) - MotorTry - DEBUG - Nouvelle boucle
2024-12-15 17:22:22,482 - Thread-1 (MotorTry) - update - DEBUG - Update vaue de la courbe
2024-12-15 17:22:22,493 - Thread-1 (MotorTry) - MotorTry - DEBUG - Nouvelle boucle
2024-12-15 17:22:22,493 - Thread-1 (MotorTry) - update - DEBUG - Update vaue de la courbe
2024-12-15 17:22:22,503 - Thread-1 (MotorTry) - MotorTry - DEBUG - Nouvelle boucle
2024-12-15 17:22:22,504 - Thread-1 (MotorTry) - update - DEBUG - Update vaue de la courbe
2024-12-15 17:22:22,511 - MainThread - updateUi - DEBUG - Reset de l'affichage de la courbe
2024-12-15 17:22:22,515 - Thread-1 (MotorTry) - MotorTry - DEBUG - Nouvelle boucle
2024-12-15 17:22:22,516 - Thread-1 (MotorTry) - update - DEBUG - Update vaue de la courbe
2024-12-15 17:22:22,526 - Thread-1 (MotorTry) - MotorTry - DEBUG - Nouvelle boucle
2024-12-15 17:22:22,526 - Thread-1 (MotorTry) - update - DEBUG - Update vaue de la courbe
2024-12-15 17:22:22,537 - Thread-1 (MotorTry) - MotorTry - DEBUG - Nouvelle boucle
2024-12-15 17:22:22,538 - Thread-1 (MotorTry) - update - DEBUG - Update vaue de la courbe
2024-12-15 17:22:22,542 - MainThread - updateUi - DEBUG - Reset de l'affichage de la courbe
2024-12-15 17:22:22,549 - Thread-1 (MotorTry) - MotorTry - DEBUG - Nouvelle boucle
2024-12-15 17:22:22,550 - Thread-1 (MotorTry) - update - DEBUG - Update vaue de la courbe
2024-12-15 17:22:22,561 - Thread-1 (MotorTry) - MotorTry - DEBUG - Nouvelle boucle
2024-12-15 17:22:22,562 - Thread-1 (MotorTry) - update - DEBUG - Update vaue de la courbe
2024-12-15 17:22:22,572 - Thread-1 (MotorTry) - MotorTry - DEBUG - Nouvelle boucle
2024-12-15 17:22:22,572 - MainThread - updateUi - DEBUG - Reset de l'affichage de la courbe
2024-12-15 17:22:22,575 - Thread-1 (MotorTry) - update - DEBUG - Update vaue de la courbe
2024-12-15 17:22:22,585 - Thread-1 (MotorTry) - MotorTry - DEBUG - Nouvelle boucle
2024-12-15 17:22:22,586 - Thread-1 (MotorTry) - update - DEBUG - Update vaue de la courbe
2024-12-15 17:22:22,597 - Thread-1 (MotorTry) - MotorTry - DEBUG - Nouvelle boucle
2024-12-15 17:22:22,597 - Thread-1 (MotorTry) - update - DEBUG - Update vaue de la courbe
2024-12-15 17:22:22,603 - MainThread - updateUi - DEBUG - Reset de l'affichage de la courbe
2024-12-15 17:22:22,608 - Thread-1 (MotorTry) - MotorTry - DEBUG - Nouvelle boucle
2024-12-15 17:22:22,610 - Thread-1 (MotorTry) - update - DEBUG - Update vaue de la courbe
2024-12-15 17:22:22,622 - Thread-1 (MotorTry) - MotorTry - DEBUG - Nouvelle boucle
2024-12-15 17:22:22,622 - Thread-1 (MotorTry) - update - DEBUG - Update vaue de la courbe
2024-12-15 17:22:22,633 - Thread-1 (MotorTry) - MotorTry - DEBUG - Nouvelle boucle
2024-12-15 17:22:22,633 - Thread-1 (MotorTry) - update - DEBUG - Update vaue de la courbe
2024-12-15 17:22:22,634 - MainThread - updateUi - DEBUG - Reset de l'affichage de la courbe
2024-12-15 17:22:22,644 - Thread-1 (MotorTry) - MotorTry - DEBUG - Nouvelle boucle
2024-12-15 17:22:22,645 - Thread-1 (MotorTry) - update - DEBUG - Update vaue de la courbe
2024-12-15 17:22:22,655 - Thread-1 (MotorTry) - MotorTry - DEBUG - Nouvelle boucle
2024-12-15 17:22:22,656 - Thread-1 (MotorTry) - update - DEBUG - Update vaue de la courbe
2024-12-15 17:22:22,665 - MainThread - updateUi - DEBUG - Reset de l'affichage de la courbe
2024-12-15 17:22:22,668 - Thread-1 (MotorTry) - MotorTry - DEBUG - Nouvelle boucle
2024-12-15 17:22:22,669 - Thread-1 (MotorTry) - update - DEBUG - Update vaue de la courbe
2024-12-15 17:22:22,680 - Thread-1 (MotorTry) - MotorTry - DEBUG - Nouvelle boucle
2024-12-15 17:22:22,680 - Thread-1 (MotorTry) - update - DEBUG - Update vaue de la courbe
2024-12-15 17:22:22,691 - Thread-1 (MotorTry) - MotorTry - DEBUG - Nouvelle boucle
2024-12-15 17:22:22,691 - Thread-1 (MotorTry) - update - DEBUG - Update vaue de la courbe
2024-12-15 17:22:22,694 - MainThread - updateUi - DEBUG - Reset de l'affichage de la courbe
2024-12-15 17:22:22,702 - Thread-1 (MotorTry) - MotorTry - DEBUG - Nouvelle boucle
2024-12-15 17:22:22,703 - Thread-1 (MotorTry) - update - DEBUG - Update vaue de la courbe
2024-12-15 17:22:22,714 - Thread-1 (MotorTry) - MotorTry - DEBUG - Nouvelle boucle
2024-12-15 17:22:22,715 - Thread-1 (MotorTry) - update - DEBUG - Update vaue de la courbe
2024-12-15 17:22:22,725 - Thread-1 (MotorTry) - MotorTry - DEBUG - Nouvelle boucle
2024-12-15 17:22:22,726 - Thread-1 (MotorTry) - update - DEBUG - Update vaue de la courbe
2024-12-15 17:22:22,727 - MainThread - updateUi - DEBUG - Reset de l'affichage de la courbe
2024-12-15 17:22:22,737 - Thread-1 (MotorTry) - MotorTry - DEBUG - Nouvelle boucle
2024-12-15 17:22:22,738 - Thread-1 (MotorTry) - update - DEBUG - Update vaue de la courbe
2024-12-15 17:22:22,749 - Thread-1 (MotorTry) - MotorTry - DEBUG - Nouvelle boucle
2024-12-15 17:22:22,749 - Thread-1 (MotorTry) - update - DEBUG - Update vaue de la courbe
2024-12-15 17:22:22,758 - MainThread - updateUi - DEBUG - Reset de l'affichage de la courbe
2024-12-15 17:22:22,760 - Thread-1 (MotorTry) - MotorTry - DEBUG - Nouvelle boucle
2024-12-15 17:22:22,761 - Thread-1 (MotorTry) - update - DEBUG - Update vaue de la courbe
2024-12-15 17:22:22,772 - Thread-1 (MotorTry) - MotorTry - DEBUG - Nouvelle boucle
2024-12-15 17:22:22,772 - Thread-1 (MotorTry) - update - DEBUG - Update vaue de la courbe
2024-12-15 17:22:22,783 - Thread-1 (MotorTry) - MotorTry - DEBUG - Nouvelle boucle
2024-12-15 17:22:22,783 - Thread-1 (MotorTry) - update - DEBUG - Update vaue de la courbe
2024-12-15 17:22:22,788 - MainThread - updateUi - DEBUG - Reset de l'affichage de la courbe
2024-12-15 17:22:22,795 - Thread-1 (MotorTry) - MotorTry - DEBUG - Nouvelle boucle
2024-12-15 17:22:22,796 - Thread-1 (MotorTry) - update - DEBUG - Update vaue de la courbe
2024-12-15 17:22:22,807 - Thread-1 (MotorTry) - MotorTry - DEBUG - Nouvelle boucle
2024-12-15 17:22:22,808 - Thread-1 (MotorTry) - update - DEBUG - Update vaue de la courbe
2024-12-15 17:22:22,818 - Thread-1 (MotorTry) - MotorTry - DEBUG - Nouvelle boucle
2024-12-15 17:22:22,818 - Thread-1 (MotorTry) - update - DEBUG - Update vaue de la courbe
2024-12-15 17:22:22,819 - MainThread - updateUi - DEBUG - Reset de l'affichage de la courbe
2024-12-15 17:22:22,830 - Thread-1 (MotorTry) - MotorTry - DEBUG - Nouvelle boucle
2024-12-15 17:22:22,831 - Thread-1 (MotorTry) - update - DEBUG - Update vaue de la courbe
2024-12-15 17:22:22,841 - Thread-1 (MotorTry) - MotorTry - DEBUG - Nouvelle boucle
2024-12-15 17:22:22,842 - Thread-1 (MotorTry) - update - DEBUG - Update vaue de la courbe
2024-12-15 17:22:22,850 - MainThread - updateUi - DEBUG - Reset de l'affichage de la courbe
2024-12-15 17:22:22,853 - Thread-1 (MotorTry) - MotorTry - DEBUG - Nouvelle boucle
2024-12-15 17:22:22,854 - Thread-1 (MotorTry) - update - DEBUG - Update vaue de la courbe
2024-12-15 17:22:22,865 - Thread-1 (MotorTry) - MotorTry - DEBUG - Nouvelle boucle
2024-12-15 17:22:22,865 - Thread-1 (MotorTry) - update - DEBUG - Update vaue de la courbe
2024-12-15 17:22:22,876 - Thread-1 (MotorTry) - MotorTry - DEBUG - Nouvelle boucle
2024-12-15 17:22:22,876 - Thread-1 (MotorTry) - update - DEBUG - Update vaue de la courbe
2024-12-15 17:22:22,881 - MainThread - updateUi - DEBUG - Reset de l'affichage de la courbe
2024-12-15 17:22:22,888 - Thread-1 (MotorTry) - MotorTry - DEBUG - Nouvelle boucle
2024-12-15 17:22:22,889 - Thread-1 (MotorTry) - update - DEBUG - Update vaue de la courbe
2024-12-15 17:22:22,900 - Thread-1 (MotorTry) - MotorTry - DEBUG - Nouvelle boucle
2024-12-15 17:22:22,900 - Thread-1 (MotorTry) - update - DEBUG - Update vaue de la courbe
2024-12-15 17:22:22,911 - Thread-1 (MotorTry) - MotorTry - DEBUG - Nouvelle boucle
2024-12-15 17:22:22,911 - Thread-1 (MotorTry) - update - DEBUG - Update vaue de la courbe
2024-12-15 17:22:22,922 - Thread-1 (MotorTry) - MotorTry - DEBUG - Nouvelle boucle
2024-12-15 17:22:22,922 - Thread-1 (MotorTry) - update - DEBUG - Update vaue de la courbe
2024-12-15 17:22:22,933 - Thread-1 (MotorTry) - MotorTry - DEBUG - Nouvelle boucle
2024-12-15 17:22:22,933 - Thread-1 (MotorTry) - update - DEBUG - Update vaue de la courbe
2024-12-15 17:22:22,944 - Thread-1 (MotorTry) - MotorTry - DEBUG - Nouvelle boucle
2024-12-15 17:22:22,944 - Thread-1 (MotorTry) - update - DEBUG - Update vaue de la courbe
2024-12-15 17:22:22,954 - Thread-1 (MotorTry) - MotorTry - DEBUG - Nouvelle boucle
2024-12-15 17:22:22,955 - Thread-1 (MotorTry) - update - DEBUG - Update vaue de la courbe
2024-12-15 17:22:22,965 - Thread-1 (MotorTry) - MotorTry - DEBUG - Nouvelle boucle
2024-12-15 17:22:22,966 - Thread-1 (MotorTry) - update - DEBUG - Update vaue de la courbe
2024-12-15 17:22:22,968 - MainThread - onClose - INFO - Fermeture de la fenetre
2024-12-15 17:22:22,976 - Thread-1 (MotorTry) - MotorTry - DEBUG - Nouvelle boucle
2024-12-15 17:22:22,977 - Thread-1 (MotorTry) - update - DEBUG - Update vaue de la courbe
2024-12-15 17:22:22,987 - MainThread - <module> - INFO - Fin du programme
