2024-12-22 19:26:36,915 - MainThread - <module> - INFO - Initialisation du logger
2024-12-22 19:26:37,175 - MainThread - update - DEBUG - Update vaue de la courbe
2024-12-22 19:26:37,215 - MainThread - afficher - INFO - Affichage de la fenetre
2024-12-22 19:26:37,215 - MainThread - updateUi - DEBUG - Reset de l'affichage de la courbe
2024-12-22 19:26:37,312 - MainThread - updateUi - DEBUG - Reset de l'affichage de la courbe
2024-12-22 19:26:37,395 - MainThread - updateUi - DEBUG - Reset de l'affichage de la courbe
2024-12-22 19:26:37,496 - MainThread - updateUi - DEBUG - Reset de l'affichage de la courbe
2024-12-22 19:26:37,560 - MainThread - updateUi - DEBUG - Reset de l'affichage de la courbe
2024-12-22 19:26:37,620 - MainThread - updateUi - DEBUG - Reset de l'affichage de la courbe
2024-12-22 19:26:37,692 - MainThread - updateUi - DEBUG - Reset de l'affichage de la courbe
2024-12-22 19:26:37,749 - MainThread - updateUi - DEBUG - Reset de l'affichage de la courbe
2024-12-22 19:26:37,823 - MainThread - updateUi - DEBUG - Reset de l'affichage de la courbe
2024-12-22 19:26:37,887 - MainThread - updateUi - DEBUG - Reset de l'affichage de la courbe
2024-12-22 19:26:37,946 - MainThread - updateUi - DEBUG - Reset de l'affichage de la courbe
2024-12-22 19:26:38,011 - MainThread - updateUi - DEBUG - Reset de l'affichage de la courbe
2024-12-22 19:26:38,077 - MainThread - updateUi - DEBUG - Reset de l'affichage de la courbe
2024-12-22 19:26:38,157 - MainThread - updateUi - DEBUG - Reset de l'affichage de la courbe
2024-12-22 19:26:38,212 - MainThread - updateUi - DEBUG - Reset de l'affichage de la courbe
2024-12-22 19:26:38,279 - MainThread - updateUi - DEBUG - Reset de l'affichage de la courbe
2024-12-22 19:26:38,359 - MainThread - updateUi - DEBUG - Reset de l'affichage de la courbe
2024-12-22 19:26:38,429 - MainThread - updateUi - DEBUG - Reset de l'affichage de la courbe
2024-12-22 19:26:38,503 - MainThread - updateUi - DEBUG - Reset de l'affichage de la courbe
2024-12-22 19:26:38,591 - MainThread - updateUi - DEBUG - Reset de l'affichage de la courbe
2024-12-22 19:26:38,660 - MainThread - updateUi - DEBUG - Reset de l'affichage de la courbe
2024-12-22 19:26:38,737 - MainThread - updateUi - DEBUG - Reset de l'affichage de la courbe
2024-12-22 19:26:38,800 - MainThread - updateUi - DEBUG - Reset de l'affichage de la courbe
2024-12-22 19:26:38,879 - MainThread - updateUi - DEBUG - Reset de l'affichage de la courbe
2024-12-22 19:26:38,942 - MainThread - updateUi - DEBUG - Reset de l'affichage de la courbe
2024-12-22 19:26:38,993 - MainThread - updateUi - DEBUG - Reset de l'affichage de la courbe
2024-12-22 19:26:39,052 - MainThread - updateUi - DEBUG - Reset de l'affichage de la courbe
2024-12-22 19:26:39,123 - MainThread - updateUi - DEBUG - Reset de l'affichage de la courbe
2024-12-22 19:26:39,194 - MainThread - updateUi - DEBUG - Reset de l'affichage de la courbe
2024-12-22 19:26:39,291 - MainThread - updateUi - DEBUG - Reset de l'affichage de la courbe
2024-12-22 19:26:39,375 - MainThread - updateUi - DEBUG - Reset de l'affichage de la courbe
2024-12-22 19:26:39,454 - MainThread - updateUi - DEBUG - Reset de l'affichage de la courbe
2024-12-22 19:26:39,512 - MainThread - updateUi - DEBUG - Reset de l'affichage de la courbe
2024-12-22 19:26:39,604 - MainThread - updateUi - DEBUG - Reset de l'affichage de la courbe
2024-12-22 19:26:39,665 - MainThread - updateUi - DEBUG - Reset de l'affichage de la courbe
2024-12-22 19:26:39,724 - MainThread - updateUi - DEBUG - Reset de l'affichage de la courbe
2024-12-22 19:26:39,820 - MainThread - onClose - INFO - Fermeture de la fenetre
2024-12-22 19:26:39,884 - MainThread - <module> - INFO - Fin du programme
