2024-12-11 20:39:59,235 - MainThread - <module> - INFO - Initialisation du logger
2024-12-11 20:39:59,395 - MainThread - update - DEBUG - Update vaue de la courbe
2024-12-11 20:39:59,396 - Thread-1 (MotorTry) - MotorTry - DEBUG - Debut Thread
2024-12-11 20:39:59,396 - Thread-1 (MotorTry) - MotorTry - DEBUG - Nouvelle boucle
2024-12-11 20:39:59,396 - MainThread - afficher - INFO - Affichage de la fenetre
2024-12-11 20:39:59,398 - Thread-1 (MotorTry) - update - DEBUG - Update vaue de la courbe
2024-12-11 20:39:59,499 - Thread-1 (MotorTry) - MotorTry - DEBUG - Nouvelle boucle
2024-12-11 20:39:59,500 - Thread-1 (MotorTry) - update - DEBUG - Update vaue de la courbe
2024-12-11 20:39:59,600 - Thread-1 (MotorTry) - MotorTry - DEBUG - Nouvelle boucle
2024-12-11 20:39:59,602 - Thread-1 (MotorTry) - update - DEBUG - Update vaue de la courbe
2024-12-11 20:39:59,703 - Thread-1 (MotorTry) - MotorTry - DEBUG - Nouvelle boucle
2024-12-11 20:39:59,704 - Thread-1 (MotorTry) - update - DEBUG - Update vaue de la courbe
2024-12-11 20:39:59,805 - Thread-1 (MotorTry) - MotorTry - DEBUG - Nouvelle boucle
2024-12-11 20:39:59,806 - Thread-1 (MotorTry) - update - DEBUG - Update vaue de la courbe
2024-12-11 20:39:59,906 - Thread-1 (MotorTry) - MotorTry - DEBUG - Nouvelle boucle
2024-12-11 20:39:59,907 - Thread-1 (MotorTry) - update - DEBUG - Update vaue de la courbe
2024-12-11 20:40:00,008 - Thread-1 (MotorTry) - MotorTry - DEBUG - Nouvelle boucle
2024-12-11 20:40:00,009 - Thread-1 (MotorTry) - update - DEBUG - Update vaue de la courbe
2024-12-11 20:40:00,109 - Thread-1 (MotorTry) - MotorTry - DEBUG - Nouvelle boucle
2024-12-11 20:40:00,110 - Thread-1 (MotorTry) - update - DEBUG - Update vaue de la courbe
2024-12-11 20:40:00,211 - Thread-1 (MotorTry) - MotorTry - DEBUG - Nouvelle boucle
2024-12-11 20:40:00,212 - Thread-1 (MotorTry) - update - DEBUG - Update vaue de la courbe
2024-12-11 20:40:00,314 - Thread-1 (MotorTry) - MotorTry - DEBUG - Nouvelle boucle
2024-12-11 20:40:00,315 - Thread-1 (MotorTry) - update - DEBUG - Update vaue de la courbe
2024-12-11 20:40:00,417 - Thread-1 (MotorTry) - MotorTry - DEBUG - Nouvelle boucle
2024-12-11 20:40:00,418 - Thread-1 (MotorTry) - update - DEBUG - Update vaue de la courbe
2024-12-11 20:40:00,519 - Thread-1 (MotorTry) - MotorTry - DEBUG - Nouvelle boucle
2024-12-11 20:40:00,520 - Thread-1 (MotorTry) - update - DEBUG - Update vaue de la courbe
2024-12-11 20:40:00,621 - Thread-1 (MotorTry) - MotorTry - DEBUG - Nouvelle boucle
2024-12-11 20:40:00,622 - Thread-1 (MotorTry) - update - DEBUG - Update vaue de la courbe
2024-12-11 20:40:00,724 - Thread-1 (MotorTry) - MotorTry - DEBUG - Nouvelle boucle
2024-12-11 20:40:00,725 - Thread-1 (MotorTry) - update - DEBUG - Update vaue de la courbe
2024-12-11 20:40:00,826 - Thread-1 (MotorTry) - MotorTry - DEBUG - Nouvelle boucle
2024-12-11 20:40:00,827 - Thread-1 (MotorTry) - update - DEBUG - Update vaue de la courbe
2024-12-11 20:40:00,928 - Thread-1 (MotorTry) - MotorTry - DEBUG - Nouvelle boucle
2024-12-11 20:40:00,929 - Thread-1 (MotorTry) - update - DEBUG - Update vaue de la courbe
2024-12-11 20:40:00,942 - MainThread - onClose - INFO - Fermeture de la fenetre
2024-12-11 20:40:01,031 - MainThread - <module> - INFO - Fin du programme
