2024-12-22 19:22:24,665 - MainThread - <module> - INFO - Initialisation du logger
2024-12-22 19:22:24,932 - MainThread - update - DEBUG - Update vaue de la courbe
2024-12-22 19:22:24,983 - MainThread - afficher - INFO - Affichage de la fenetre
2024-12-22 19:22:24,983 - MainThread - updateUi - DEBUG - Reset de l'affichage de la courbe
2024-12-22 19:22:25,071 - MainThread - updateUi - DEBUG - Reset de l'affichage de la courbe
2024-12-22 19:22:25,161 - MainThread - updateUi - DEBUG - Reset de l'affichage de la courbe
2024-12-22 19:22:25,221 - MainThread - updateUi - DEBUG - Reset de l'affichage de la courbe
2024-12-22 19:22:25,305 - MainThread - updateUi - DEBUG - Reset de l'affichage de la courbe
2024-12-22 19:22:25,368 - MainThread - updateUi - DEBUG - Reset de l'affichage de la courbe
2024-12-22 19:22:25,431 - MainThread - updateUi - DEBUG - Reset de l'affichage de la courbe
2024-12-22 19:22:25,509 - MainThread - updateUi - DEBUG - Reset de l'affichage de la courbe
2024-12-22 19:22:25,590 - MainThread - updateUi - DEBUG - Reset de l'affichage de la courbe
2024-12-22 19:22:25,669 - MainThread - updateUi - DEBUG - Reset de l'affichage de la courbe
2024-12-22 19:22:25,755 - MainThread - updateUi - DEBUG - Reset de l'affichage de la courbe
2024-12-22 19:22:25,840 - MainThread - updateUi - DEBUG - Reset de l'affichage de la courbe
2024-12-22 19:22:25,920 - MainThread - updateUi - DEBUG - Reset de l'affichage de la courbe
2024-12-22 19:22:26,008 - MainThread - updateUi - DEBUG - Reset de l'affichage de la courbe
2024-12-22 19:22:26,088 - MainThread - updateUi - DEBUG - Reset de l'affichage de la courbe
2024-12-22 19:22:26,160 - MainThread - updateUi - DEBUG - Reset de l'affichage de la courbe
2024-12-22 19:22:26,239 - MainThread - updateUi - DEBUG - Reset de l'affichage de la courbe
2024-12-22 19:22:26,318 - MainThread - updateUi - DEBUG - Reset de l'affichage de la courbe
2024-12-22 19:22:26,406 - MainThread - updateUi - DEBUG - Reset de l'affichage de la courbe
2024-12-22 19:22:26,470 - MainThread - updateUi - DEBUG - Reset de l'affichage de la courbe
2024-12-22 19:22:26,535 - MainThread - updateUi - DEBUG - Reset de l'affichage de la courbe
2024-12-22 19:22:26,599 - MainThread - updateUi - DEBUG - Reset de l'affichage de la courbe
2024-12-22 19:22:26,670 - MainThread - updateUi - DEBUG - Reset de l'affichage de la courbe
2024-12-22 19:22:26,732 - MainThread - updateUi - DEBUG - Reset de l'affichage de la courbe
2024-12-22 19:22:26,805 - MainThread - updateUi - DEBUG - Reset de l'affichage de la courbe
2024-12-22 19:22:26,884 - MainThread - updateUi - DEBUG - Reset de l'affichage de la courbe
2024-12-22 19:22:26,942 - MainThread - updateUi - DEBUG - Reset de l'affichage de la courbe
2024-12-22 19:22:27,005 - MainThread - updateUi - DEBUG - Reset de l'affichage de la courbe
2024-12-22 19:22:27,067 - MainThread - updateUi - DEBUG - Reset de l'affichage de la courbe
2024-12-22 19:22:27,145 - MainThread - updateUi - DEBUG - Reset de l'affichage de la courbe
2024-12-22 19:22:27,208 - MainThread - updateUi - DEBUG - Reset de l'affichage de la courbe
2024-12-22 19:22:27,271 - MainThread - updateUi - DEBUG - Reset de l'affichage de la courbe
2024-12-22 19:22:27,318 - MainThread - updateUi - DEBUG - Reset de l'affichage de la courbe
2024-12-22 19:22:27,380 - MainThread - updateUi - DEBUG - Reset de l'affichage de la courbe
2024-12-22 19:22:27,459 - MainThread - updateUi - DEBUG - Reset de l'affichage de la courbe
2024-12-22 19:22:27,531 - MainThread - updateUi - DEBUG - Reset de l'affichage de la courbe
2024-12-22 19:22:27,578 - MainThread - updateUi - DEBUG - Reset de l'affichage de la courbe
2024-12-22 19:22:27,657 - MainThread - updateUi - DEBUG - Reset de l'affichage de la courbe
2024-12-22 19:22:27,735 - MainThread - updateUi - DEBUG - Reset de l'affichage de la courbe
2024-12-22 19:22:27,782 - MainThread - updateUi - DEBUG - Reset de l'affichage de la courbe
2024-12-22 19:22:27,861 - MainThread - updateUi - DEBUG - Reset de l'affichage de la courbe
2024-12-22 19:22:27,924 - MainThread - updateUi - DEBUG - Reset de l'affichage de la courbe
2024-12-22 19:22:27,993 - MainThread - updateUi - DEBUG - Reset de l'affichage de la courbe
2024-12-22 19:22:28,050 - MainThread - updateUi - DEBUG - Reset de l'affichage de la courbe
2024-12-22 19:22:28,137 - MainThread - updateUi - DEBUG - Reset de l'affichage de la courbe
2024-12-22 19:22:28,206 - MainThread - updateUi - DEBUG - Reset de l'affichage de la courbe
2024-12-22 19:22:28,311 - MainThread - updateUi - DEBUG - Reset de l'affichage de la courbe
2024-12-22 19:22:28,384 - MainThread - updateUi - DEBUG - Reset de l'affichage de la courbe
2024-12-22 19:22:28,452 - MainThread - updateUi - DEBUG - Reset de l'affichage de la courbe
2024-12-22 19:22:28,537 - MainThread - updateUi - DEBUG - Reset de l'affichage de la courbe
2024-12-22 19:22:28,608 - MainThread - updateUi - DEBUG - Reset de l'affichage de la courbe
2024-12-22 19:22:28,681 - MainThread - updateUi - DEBUG - Reset de l'affichage de la courbe
2024-12-22 19:22:28,751 - MainThread - updateUi - DEBUG - Reset de l'affichage de la courbe
2024-12-22 19:22:28,823 - MainThread - updateUi - DEBUG - Reset de l'affichage de la courbe
2024-12-22 19:22:28,903 - MainThread - updateUi - DEBUG - Reset de l'affichage de la courbe
2024-12-22 19:22:28,985 - MainThread - updateUi - DEBUG - Reset de l'affichage de la courbe
2024-12-22 19:22:29,056 - MainThread - updateUi - DEBUG - Reset de l'affichage de la courbe
2024-12-22 19:22:29,139 - MainThread - updateUi - DEBUG - Reset de l'affichage de la courbe
2024-12-22 19:22:29,218 - MainThread - updateUi - DEBUG - Reset de l'affichage de la courbe
2024-12-22 19:22:29,297 - MainThread - updateUi - DEBUG - Reset de l'affichage de la courbe
2024-12-22 19:22:29,360 - MainThread - updateUi - DEBUG - Reset de l'affichage de la courbe
2024-12-22 19:22:29,457 - MainThread - updateUi - DEBUG - Reset de l'affichage de la courbe
2024-12-22 19:22:29,536 - MainThread - updateUi - DEBUG - Reset de l'affichage de la courbe
2024-12-22 19:22:29,615 - MainThread - updateUi - DEBUG - Reset de l'affichage de la courbe
2024-12-22 19:22:29,694 - MainThread - updateUi - DEBUG - Reset de l'affichage de la courbe
2024-12-22 19:22:29,756 - MainThread - updateUi - DEBUG - Reset de l'affichage de la courbe
2024-12-22 19:22:29,819 - MainThread - updateUi - DEBUG - Reset de l'affichage de la courbe
2024-12-22 19:22:29,882 - MainThread - updateUi - DEBUG - Reset de l'affichage de la courbe
2024-12-22 19:22:29,944 - MainThread - updateUi - DEBUG - Reset de l'affichage de la courbe
2024-12-22 19:22:30,007 - MainThread - updateUi - DEBUG - Reset de l'affichage de la courbe
2024-12-22 19:22:30,070 - MainThread - updateUi - DEBUG - Reset de l'affichage de la courbe
2024-12-22 19:22:30,133 - MainThread - updateUi - DEBUG - Reset de l'affichage de la courbe
2024-12-22 19:22:30,196 - MainThread - updateUi - DEBUG - Reset de l'affichage de la courbe
2024-12-22 19:22:30,275 - MainThread - updateUi - DEBUG - Reset de l'affichage de la courbe
2024-12-22 19:22:30,337 - MainThread - updateUi - DEBUG - Reset de l'affichage de la courbe
2024-12-22 19:22:30,400 - MainThread - updateUi - DEBUG - Reset de l'affichage de la courbe
2024-12-22 19:22:30,462 - MainThread - updateUi - DEBUG - Reset de l'affichage de la courbe
2024-12-22 19:22:30,525 - MainThread - updateUi - DEBUG - Reset de l'affichage de la courbe
2024-12-22 19:22:30,587 - MainThread - updateUi - DEBUG - Reset de l'affichage de la courbe
2024-12-22 19:22:30,650 - MainThread - updateUi - DEBUG - Reset de l'affichage de la courbe
2024-12-22 19:22:30,698 - MainThread - updateUi - DEBUG - Reset de l'affichage de la courbe
2024-12-22 19:22:30,760 - MainThread - updateUi - DEBUG - Reset de l'affichage de la courbe
2024-12-22 19:22:30,823 - MainThread - updateUi - DEBUG - Reset de l'affichage de la courbe
2024-12-22 19:22:30,885 - MainThread - updateUi - DEBUG - Reset de l'affichage de la courbe
2024-12-22 19:22:30,949 - MainThread - updateUi - DEBUG - Reset de l'affichage de la courbe
2024-12-22 19:22:31,011 - MainThread - updateUi - DEBUG - Reset de l'affichage de la courbe
2024-12-22 19:22:31,075 - MainThread - updateUi - DEBUG - Reset de l'affichage de la courbe
2024-12-22 19:22:31,150 - MainThread - updateUi - DEBUG - Reset de l'affichage de la courbe
2024-12-22 19:22:31,206 - MainThread - updateUi - DEBUG - Reset de l'affichage de la courbe
2024-12-22 19:22:31,269 - MainThread - updateUi - DEBUG - Reset de l'affichage de la courbe
2024-12-22 19:22:31,340 - MainThread - updateUi - DEBUG - Reset de l'affichage de la courbe
2024-12-22 19:22:31,404 - MainThread - updateUi - DEBUG - Reset de l'affichage de la courbe
2024-12-22 19:22:31,467 - MainThread - updateUi - DEBUG - Reset de l'affichage de la courbe
2024-12-22 19:22:31,522 - MainThread - updateUi - DEBUG - Reset de l'affichage de la courbe
2024-12-22 19:22:31,590 - MainThread - updateUi - DEBUG - Reset de l'affichage de la courbe
2024-12-22 19:22:31,659 - MainThread - updateUi - DEBUG - Reset de l'affichage de la courbe
2024-12-22 19:22:31,725 - MainThread - updateUi - DEBUG - Reset de l'affichage de la courbe
2024-12-22 19:22:31,798 - MainThread - updateUi - DEBUG - Reset de l'affichage de la courbe
2024-12-22 19:22:31,860 - MainThread - updateUi - DEBUG - Reset de l'affichage de la courbe
2024-12-22 19:22:31,923 - MainThread - updateUi - DEBUG - Reset de l'affichage de la courbe
2024-12-22 19:22:31,985 - MainThread - updateUi - DEBUG - Reset de l'affichage de la courbe
2024-12-22 19:22:32,066 - MainThread - updateUi - DEBUG - Reset de l'affichage de la courbe
2024-12-22 19:22:32,136 - MainThread - updateUi - DEBUG - Reset de l'affichage de la courbe
2024-12-22 19:22:32,209 - MainThread - updateUi - DEBUG - Reset de l'affichage de la courbe
2024-12-22 19:22:32,278 - MainThread - updateUi - DEBUG - Reset de l'affichage de la courbe
2024-12-22 19:22:32,359 - MainThread - updateUi - DEBUG - Reset de l'affichage de la courbe
2024-12-22 19:22:32,422 - MainThread - updateUi - DEBUG - Reset de l'affichage de la courbe
2024-12-22 19:22:32,485 - MainThread - updateUi - DEBUG - Reset de l'affichage de la courbe
2024-12-22 19:22:32,547 - MainThread - updateUi - DEBUG - Reset de l'affichage de la courbe
2024-12-22 19:22:32,609 - MainThread - updateUi - DEBUG - Reset de l'affichage de la courbe
2024-12-22 19:22:32,688 - MainThread - updateUi - DEBUG - Reset de l'affichage de la courbe
2024-12-22 19:22:32,750 - MainThread - updateUi - DEBUG - Reset de l'affichage de la courbe
2024-12-22 19:22:32,822 - MainThread - updateUi - DEBUG - Reset de l'affichage de la courbe
2024-12-22 19:22:32,900 - MainThread - updateUi - DEBUG - Reset de l'affichage de la courbe
2024-12-22 19:22:32,962 - MainThread - updateUi - DEBUG - Reset de l'affichage de la courbe
2024-12-22 19:22:33,025 - MainThread - updateUi - DEBUG - Reset de l'affichage de la courbe
2024-12-22 19:22:33,087 - MainThread - updateUi - DEBUG - Reset de l'affichage de la courbe
2024-12-22 19:22:33,134 - MainThread - updateUi - DEBUG - Reset de l'affichage de la courbe
2024-12-22 19:22:33,197 - MainThread - updateUi - DEBUG - Reset de l'affichage de la courbe
2024-12-22 19:22:33,291 - MainThread - updateUi - DEBUG - Reset de l'affichage de la courbe
2024-12-22 19:22:33,370 - MainThread - updateUi - DEBUG - Reset de l'affichage de la courbe
2024-12-22 19:22:33,464 - MainThread - updateUi - DEBUG - Reset de l'affichage de la courbe
2024-12-22 19:22:33,542 - MainThread - updateUi - DEBUG - Reset de l'affichage de la courbe
2024-12-22 19:22:33,636 - MainThread - updateUi - DEBUG - Reset de l'affichage de la courbe
2024-12-22 19:22:33,714 - MainThread - updateUi - DEBUG - Reset de l'affichage de la courbe
2024-12-22 19:22:33,792 - MainThread - updateUi - DEBUG - Reset de l'affichage de la courbe
2024-12-22 19:22:33,888 - MainThread - updateUi - DEBUG - Reset de l'affichage de la courbe
2024-12-22 19:22:33,998 - MainThread - updateUi - DEBUG - Reset de l'affichage de la courbe
2024-12-22 19:22:34,077 - MainThread - updateUi - DEBUG - Reset de l'affichage de la courbe
2024-12-22 19:22:34,171 - MainThread - updateUi - DEBUG - Reset de l'affichage de la courbe
2024-12-22 19:22:34,249 - MainThread - updateUi - DEBUG - Reset de l'affichage de la courbe
2024-12-22 19:22:34,325 - MainThread - updateUi - DEBUG - Reset de l'affichage de la courbe
2024-12-22 19:22:34,420 - MainThread - updateUi - DEBUG - Reset de l'affichage de la courbe
2024-12-22 19:22:34,498 - MainThread - updateUi - DEBUG - Reset de l'affichage de la courbe
2024-12-22 19:22:34,577 - MainThread - updateUi - DEBUG - Reset de l'affichage de la courbe
2024-12-22 19:22:34,655 - MainThread - updateUi - DEBUG - Reset de l'affichage de la courbe
2024-12-22 19:22:34,731 - MainThread - updateUi - DEBUG - Reset de l'affichage de la courbe
2024-12-22 19:22:34,800 - MainThread - updateUi - DEBUG - Reset de l'affichage de la courbe
2024-12-22 19:22:34,875 - MainThread - updateUi - DEBUG - Reset de l'affichage de la courbe
2024-12-22 19:22:34,948 - MainThread - updateUi - DEBUG - Reset de l'affichage de la courbe
2024-12-22 19:22:35,027 - MainThread - updateUi - DEBUG - Reset de l'affichage de la courbe
2024-12-22 19:22:35,096 - MainThread - updateUi - DEBUG - Reset de l'affichage de la courbe
2024-12-22 19:22:35,166 - MainThread - updateUi - DEBUG - Reset de l'affichage de la courbe
2024-12-22 19:22:35,234 - MainThread - updateUi - DEBUG - Reset de l'affichage de la courbe
2024-12-22 19:22:35,309 - MainThread - updateUi - DEBUG - Reset de l'affichage de la courbe
2024-12-22 19:22:35,391 - MainThread - updateUi - DEBUG - Reset de l'affichage de la courbe
2024-12-22 19:22:35,475 - MainThread - updateUi - DEBUG - Reset de l'affichage de la courbe
2024-12-22 19:22:35,552 - MainThread - updateUi - DEBUG - Reset de l'affichage de la courbe
2024-12-22 19:22:35,633 - MainThread - updateUi - DEBUG - Reset de l'affichage de la courbe
2024-12-22 19:22:35,703 - MainThread - updateUi - DEBUG - Reset de l'affichage de la courbe
2024-12-22 19:22:35,776 - MainThread - updateUi - DEBUG - Reset de l'affichage de la courbe
2024-12-22 19:22:35,850 - MainThread - updateUi - DEBUG - Reset de l'affichage de la courbe
2024-12-22 19:22:35,925 - MainThread - updateUi - DEBUG - Reset de l'affichage de la courbe
2024-12-22 19:22:35,998 - MainThread - updateUi - DEBUG - Reset de l'affichage de la courbe
2024-12-22 19:22:36,068 - MainThread - updateUi - DEBUG - Reset de l'affichage de la courbe
2024-12-22 19:22:36,150 - MainThread - updateUi - DEBUG - Reset de l'affichage de la courbe
2024-12-22 19:22:36,222 - MainThread - updateUi - DEBUG - Reset de l'affichage de la courbe
2024-12-22 19:22:36,301 - MainThread - updateUi - DEBUG - Reset de l'affichage de la courbe
2024-12-22 19:22:36,369 - MainThread - updateUi - DEBUG - Reset de l'affichage de la courbe
2024-12-22 19:22:36,440 - MainThread - updateUi - DEBUG - Reset de l'affichage de la courbe
2024-12-22 19:22:36,498 - MainThread - updateUi - DEBUG - Reset de l'affichage de la courbe
2024-12-22 19:22:36,571 - MainThread - updateUi - DEBUG - Reset de l'affichage de la courbe
2024-12-22 19:22:36,649 - MainThread - updateUi - DEBUG - Reset de l'affichage de la courbe
2024-12-22 19:22:36,728 - MainThread - updateUi - DEBUG - Reset de l'affichage de la courbe
2024-12-22 19:22:36,806 - MainThread - updateUi - DEBUG - Reset de l'affichage de la courbe
2024-12-22 19:22:36,874 - MainThread - updateUi - DEBUG - Reset de l'affichage de la courbe
2024-12-22 19:22:36,957 - MainThread - updateUi - DEBUG - Reset de l'affichage de la courbe
2024-12-22 19:22:37,036 - MainThread - updateUi - DEBUG - Reset de l'affichage de la courbe
2024-12-22 19:22:37,098 - MainThread - updateUi - DEBUG - Reset de l'affichage de la courbe
2024-12-22 19:22:37,159 - MainThread - updateUi - DEBUG - Reset de l'affichage de la courbe
2024-12-22 19:22:37,248 - MainThread - updateUi - DEBUG - Reset de l'affichage de la courbe
2024-12-22 19:22:37,324 - MainThread - updateUi - DEBUG - Reset de l'affichage de la courbe
2024-12-22 19:22:37,408 - MainThread - updateUi - DEBUG - Reset de l'affichage de la courbe
2024-12-22 19:22:37,481 - MainThread - updateUi - DEBUG - Reset de l'affichage de la courbe
2024-12-22 19:22:37,559 - MainThread - updateUi - DEBUG - Reset de l'affichage de la courbe
2024-12-22 19:22:37,639 - MainThread - updateUi - DEBUG - Reset de l'affichage de la courbe
2024-12-22 19:22:37,718 - MainThread - updateUi - DEBUG - Reset de l'affichage de la courbe
2024-12-22 19:22:37,790 - MainThread - updateUi - DEBUG - Reset de l'affichage de la courbe
2024-12-22 19:22:37,885 - MainThread - updateUi - DEBUG - Reset de l'affichage de la courbe
2024-12-22 19:22:37,956 - MainThread - updateUi - DEBUG - Reset de l'affichage de la courbe
2024-12-22 19:22:38,037 - MainThread - updateUi - DEBUG - Reset de l'affichage de la courbe
2024-12-22 19:22:38,122 - MainThread - updateUi - DEBUG - Reset de l'affichage de la courbe
2024-12-22 19:22:38,202 - MainThread - updateUi - DEBUG - Reset de l'affichage de la courbe
2024-12-22 19:22:38,289 - MainThread - updateUi - DEBUG - Reset de l'affichage de la courbe
2024-12-22 19:22:38,368 - MainThread - updateUi - DEBUG - Reset de l'affichage de la courbe
2024-12-22 19:22:38,451 - MainThread - updateUi - DEBUG - Reset de l'affichage de la courbe
2024-12-22 19:22:38,542 - MainThread - updateUi - DEBUG - Reset de l'affichage de la courbe
2024-12-22 19:22:38,620 - MainThread - updateUi - DEBUG - Reset de l'affichage de la courbe
2024-12-22 19:22:38,706 - MainThread - updateUi - DEBUG - Reset de l'affichage de la courbe
2024-12-22 19:22:38,785 - MainThread - updateUi - DEBUG - Reset de l'affichage de la courbe
2024-12-22 19:22:38,863 - MainThread - updateUi - DEBUG - Reset de l'affichage de la courbe
2024-12-22 19:22:38,942 - MainThread - updateUi - DEBUG - Reset de l'affichage de la courbe
2024-12-22 19:22:39,026 - MainThread - updateUi - DEBUG - Reset de l'affichage de la courbe
2024-12-22 19:22:39,097 - MainThread - updateUi - DEBUG - Reset de l'affichage de la courbe
2024-12-22 19:22:39,175 - MainThread - updateUi - DEBUG - Reset de l'affichage de la courbe
2024-12-22 19:22:39,279 - MainThread - updateUi - DEBUG - Reset de l'affichage de la courbe
2024-12-22 19:22:39,368 - MainThread - updateUi - DEBUG - Reset de l'affichage de la courbe
2024-12-22 19:22:39,446 - MainThread - updateUi - DEBUG - Reset de l'affichage de la courbe
2024-12-22 19:22:39,518 - MainThread - updateUi - DEBUG - Reset de l'affichage de la courbe
2024-12-22 19:22:39,593 - MainThread - updateUi - DEBUG - Reset de l'affichage de la courbe
2024-12-22 19:22:39,668 - MainThread - updateUi - DEBUG - Reset de l'affichage de la courbe
2024-12-22 19:22:39,757 - MainThread - updateUi - DEBUG - Reset de l'affichage de la courbe
2024-12-22 19:22:39,842 - MainThread - updateUi - DEBUG - Reset de l'affichage de la courbe
2024-12-22 19:22:39,923 - MainThread - updateUi - DEBUG - Reset de l'affichage de la courbe
2024-12-22 19:22:40,003 - MainThread - updateUi - DEBUG - Reset de l'affichage de la courbe
2024-12-22 19:22:40,081 - MainThread - updateUi - DEBUG - Reset de l'affichage de la courbe
2024-12-22 19:22:40,160 - MainThread - updateUi - DEBUG - Reset de l'affichage de la courbe
2024-12-22 19:22:40,239 - MainThread - updateUi - DEBUG - Reset de l'affichage de la courbe
2024-12-22 19:22:40,335 - MainThread - updateUi - DEBUG - Reset de l'affichage de la courbe
2024-12-22 19:22:40,425 - MainThread - updateUi - DEBUG - Reset de l'affichage de la courbe
2024-12-22 19:22:40,520 - MainThread - updateUi - DEBUG - Reset de l'affichage de la courbe
2024-12-22 19:22:40,608 - MainThread - updateUi - DEBUG - Reset de l'affichage de la courbe
2024-12-22 19:22:40,681 - MainThread - updateUi - DEBUG - Reset de l'affichage de la courbe
2024-12-22 19:22:40,759 - MainThread - updateUi - DEBUG - Reset de l'affichage de la courbe
2024-12-22 19:22:40,847 - MainThread - updateUi - DEBUG - Reset de l'affichage de la courbe
2024-12-22 19:22:40,920 - MainThread - updateUi - DEBUG - Reset de l'affichage de la courbe
2024-12-22 19:22:40,998 - MainThread - updateUi - DEBUG - Reset de l'affichage de la courbe
2024-12-22 19:22:41,093 - MainThread - updateUi - DEBUG - Reset de l'affichage de la courbe
2024-12-22 19:22:41,172 - MainThread - updateUi - DEBUG - Reset de l'affichage de la courbe
2024-12-22 19:22:41,250 - MainThread - updateUi - DEBUG - Reset de l'affichage de la courbe
2024-12-22 19:22:41,323 - MainThread - updateUi - DEBUG - Reset de l'affichage de la courbe
2024-12-22 19:22:41,398 - MainThread - updateUi - DEBUG - Reset de l'affichage de la courbe
2024-12-22 19:22:41,470 - MainThread - updateUi - DEBUG - Reset de l'affichage de la courbe
2024-12-22 19:22:41,544 - MainThread - updateUi - DEBUG - Reset de l'affichage de la courbe
2024-12-22 19:22:41,619 - MainThread - updateUi - DEBUG - Reset de l'affichage de la courbe
2024-12-22 19:22:41,691 - MainThread - updateUi - DEBUG - Reset de l'affichage de la courbe
2024-12-22 19:22:41,760 - MainThread - updateUi - DEBUG - Reset de l'affichage de la courbe
2024-12-22 19:22:41,835 - MainThread - updateUi - DEBUG - Reset de l'affichage de la courbe
2024-12-22 19:22:41,909 - MainThread - updateUi - DEBUG - Reset de l'affichage de la courbe
2024-12-22 19:22:41,987 - MainThread - updateUi - DEBUG - Reset de l'affichage de la courbe
2024-12-22 19:22:42,065 - MainThread - updateUi - DEBUG - Reset de l'affichage de la courbe
2024-12-22 19:22:42,142 - MainThread - updateUi - DEBUG - Reset de l'affichage de la courbe
2024-12-22 19:22:42,220 - MainThread - updateUi - DEBUG - Reset de l'affichage de la courbe
2024-12-22 19:22:42,292 - MainThread - updateUi - DEBUG - Reset de l'affichage de la courbe
2024-12-22 19:22:42,361 - MainThread - updateUi - DEBUG - Reset de l'affichage de la courbe
2024-12-22 19:22:42,440 - MainThread - updateUi - DEBUG - Reset de l'affichage de la courbe
2024-12-22 19:22:42,518 - MainThread - updateUi - DEBUG - Reset de l'affichage de la courbe
2024-12-22 19:22:42,597 - MainThread - updateUi - DEBUG - Reset de l'affichage de la courbe
2024-12-22 19:22:42,682 - MainThread - updateUi - DEBUG - Reset de l'affichage de la courbe
2024-12-22 19:22:42,764 - MainThread - updateUi - DEBUG - Reset de l'affichage de la courbe
2024-12-22 19:22:42,843 - MainThread - updateUi - DEBUG - Reset de l'affichage de la courbe
2024-12-22 19:22:42,918 - MainThread - updateUi - DEBUG - Reset de l'affichage de la courbe
2024-12-22 19:22:42,992 - MainThread - updateUi - DEBUG - Reset de l'affichage de la courbe
2024-12-22 19:22:43,063 - MainThread - updateUi - DEBUG - Reset de l'affichage de la courbe
2024-12-22 19:22:43,144 - MainThread - updateUi - DEBUG - Reset de l'affichage de la courbe
2024-12-22 19:22:43,214 - MainThread - updateUi - DEBUG - Reset de l'affichage de la courbe
2024-12-22 19:22:43,292 - MainThread - updateUi - DEBUG - Reset de l'affichage de la courbe
2024-12-22 19:22:43,371 - MainThread - updateUi - DEBUG - Reset de l'affichage de la courbe
2024-12-22 19:22:43,450 - MainThread - updateUi - DEBUG - Reset de l'affichage de la courbe
2024-12-22 19:22:43,529 - MainThread - updateUi - DEBUG - Reset de l'affichage de la courbe
2024-12-22 19:22:43,607 - MainThread - updateUi - DEBUG - Reset de l'affichage de la courbe
2024-12-22 19:22:43,699 - MainThread - updateUi - DEBUG - Reset de l'affichage de la courbe
2024-12-22 19:22:43,774 - MainThread - updateUi - DEBUG - Reset de l'affichage de la courbe
2024-12-22 19:22:43,858 - MainThread - updateUi - DEBUG - Reset de l'affichage de la courbe
2024-12-22 19:22:43,952 - MainThread - updateUi - DEBUG - Reset de l'affichage de la courbe
2024-12-22 19:22:44,036 - MainThread - updateUi - DEBUG - Reset de l'affichage de la courbe
2024-12-22 19:22:44,114 - MainThread - updateUi - DEBUG - Reset de l'affichage de la courbe
2024-12-22 19:22:44,191 - MainThread - updateUi - DEBUG - Reset de l'affichage de la courbe
2024-12-22 19:22:44,277 - MainThread - updateUi - DEBUG - Reset de l'affichage de la courbe
2024-12-22 19:22:44,356 - MainThread - updateUi - DEBUG - Reset de l'affichage de la courbe
2024-12-22 19:22:44,438 - MainThread - updateUi - DEBUG - Reset de l'affichage de la courbe
2024-12-22 19:22:44,523 - MainThread - updateUi - DEBUG - Reset de l'affichage de la courbe
2024-12-22 19:22:44,587 - MainThread - updateUi - DEBUG - Reset de l'affichage de la courbe
2024-12-22 19:22:44,659 - MainThread - updateUi - DEBUG - Reset de l'affichage de la courbe
2024-12-22 19:22:44,739 - MainThread - updateUi - DEBUG - Reset de l'affichage de la courbe
2024-12-22 19:22:44,825 - MainThread - updateUi - DEBUG - Reset de l'affichage de la courbe
2024-12-22 19:22:44,898 - MainThread - updateUi - DEBUG - Reset de l'affichage de la courbe
2024-12-22 19:22:44,976 - MainThread - updateUi - DEBUG - Reset de l'affichage de la courbe
2024-12-22 19:22:45,055 - MainThread - updateUi - DEBUG - Reset de l'affichage de la courbe
2024-12-22 19:22:45,133 - MainThread - updateUi - DEBUG - Reset de l'affichage de la courbe
2024-12-22 19:22:45,212 - MainThread - updateUi - DEBUG - Reset de l'affichage de la courbe
2024-12-22 19:22:45,292 - MainThread - updateUi - DEBUG - Reset de l'affichage de la courbe
2024-12-22 19:22:45,370 - MainThread - updateUi - DEBUG - Reset de l'affichage de la courbe
2024-12-22 19:22:45,449 - MainThread - updateUi - DEBUG - Reset de l'affichage de la courbe
2024-12-22 19:22:45,527 - MainThread - updateUi - DEBUG - Reset de l'affichage de la courbe
2024-12-22 19:22:45,608 - MainThread - updateUi - DEBUG - Reset de l'affichage de la courbe
2024-12-22 19:22:45,693 - MainThread - updateUi - DEBUG - Reset de l'affichage de la courbe
2024-12-22 19:22:45,772 - MainThread - updateUi - DEBUG - Reset de l'affichage de la courbe
2024-12-22 19:22:45,845 - MainThread - updateUi - DEBUG - Reset de l'affichage de la courbe
2024-12-22 19:22:45,892 - MainThread - updateUi - DEBUG - Reset de l'affichage de la courbe
2024-12-22 19:22:45,955 - MainThread - updateUi - DEBUG - Reset de l'affichage de la courbe
2024-12-22 19:22:46,008 - MainThread - updateUi - DEBUG - Reset de l'affichage de la courbe
2024-12-22 19:22:46,088 - MainThread - updateUi - DEBUG - Reset de l'affichage de la courbe
2024-12-22 19:22:46,185 - MainThread - updateUi - DEBUG - Reset de l'affichage de la courbe
2024-12-22 19:22:46,269 - MainThread - updateUi - DEBUG - Reset de l'affichage de la courbe
2024-12-22 19:22:46,359 - MainThread - updateUi - DEBUG - Reset de l'affichage de la courbe
2024-12-22 19:22:46,440 - MainThread - updateUi - DEBUG - Reset de l'affichage de la courbe
2024-12-22 19:22:46,519 - MainThread - updateUi - DEBUG - Reset de l'affichage de la courbe
2024-12-22 19:22:46,590 - MainThread - updateUi - DEBUG - Reset de l'affichage de la courbe
2024-12-22 19:22:46,670 - MainThread - updateUi - DEBUG - Reset de l'affichage de la courbe
2024-12-22 19:22:46,757 - MainThread - updateUi - DEBUG - Reset de l'affichage de la courbe
2024-12-22 19:22:46,825 - MainThread - updateUi - DEBUG - Reset de l'affichage de la courbe
2024-12-22 19:22:46,896 - MainThread - updateUi - DEBUG - Reset de l'affichage de la courbe
2024-12-22 19:22:46,974 - MainThread - updateUi - DEBUG - Reset de l'affichage de la courbe
2024-12-22 19:22:47,053 - MainThread - updateUi - DEBUG - Reset de l'affichage de la courbe
2024-12-22 19:22:47,132 - MainThread - updateUi - DEBUG - Reset de l'affichage de la courbe
2024-12-22 19:22:47,210 - MainThread - updateUi - DEBUG - Reset de l'affichage de la courbe
2024-12-22 19:22:47,290 - MainThread - updateUi - DEBUG - Reset de l'affichage de la courbe
2024-12-22 19:22:47,369 - MainThread - updateUi - DEBUG - Reset de l'affichage de la courbe
2024-12-22 19:22:47,451 - MainThread - updateUi - DEBUG - Reset de l'affichage de la courbe
2024-12-22 19:22:47,522 - MainThread - updateUi - DEBUG - Reset de l'affichage de la courbe
2024-12-22 19:22:47,600 - MainThread - updateUi - DEBUG - Reset de l'affichage de la courbe
2024-12-22 19:22:47,694 - MainThread - updateUi - DEBUG - Reset de l'affichage de la courbe
2024-12-22 19:22:47,773 - MainThread - updateUi - DEBUG - Reset de l'affichage de la courbe
2024-12-22 19:22:47,870 - MainThread - updateUi - DEBUG - Reset de l'affichage de la courbe
2024-12-22 19:22:47,941 - MainThread - updateUi - DEBUG - Reset de l'affichage de la courbe
2024-12-22 19:22:48,016 - MainThread - updateUi - DEBUG - Reset de l'affichage de la courbe
2024-12-22 19:22:48,089 - MainThread - updateUi - DEBUG - Reset de l'affichage de la courbe
2024-12-22 19:22:48,158 - MainThread - updateUi - DEBUG - Reset de l'affichage de la courbe
2024-12-22 19:22:48,237 - MainThread - updateUi - DEBUG - Reset de l'affichage de la courbe
2024-12-22 19:22:48,316 - MainThread - updateUi - DEBUG - Reset de l'affichage de la courbe
2024-12-22 19:22:48,387 - MainThread - updateUi - DEBUG - Reset de l'affichage de la courbe
2024-12-22 19:22:48,454 - MainThread - updateUi - DEBUG - Reset de l'affichage de la courbe
2024-12-22 19:22:48,525 - MainThread - updateUi - DEBUG - Reset de l'affichage de la courbe
2024-12-22 19:22:48,600 - MainThread - updateUi - DEBUG - Reset de l'affichage de la courbe
2024-12-22 19:22:48,671 - MainThread - updateUi - DEBUG - Reset de l'affichage de la courbe
2024-12-22 19:22:48,750 - MainThread - updateUi - DEBUG - Reset de l'affichage de la courbe
2024-12-22 19:22:48,824 - MainThread - updateUi - DEBUG - Reset de l'affichage de la courbe
2024-12-22 19:22:48,892 - MainThread - updateUi - DEBUG - Reset de l'affichage de la courbe
2024-12-22 19:22:48,971 - MainThread - updateUi - DEBUG - Reset de l'affichage de la courbe
2024-12-22 19:22:49,043 - MainThread - updateUi - DEBUG - Reset de l'affichage de la courbe
2024-12-22 19:22:49,118 - MainThread - updateUi - DEBUG - Reset de l'affichage de la courbe
2024-12-22 19:22:49,189 - MainThread - updateUi - DEBUG - Reset de l'affichage de la courbe
2024-12-22 19:22:49,267 - MainThread - updateUi - DEBUG - Reset de l'affichage de la courbe
2024-12-22 19:22:49,331 - MainThread - updateUi - DEBUG - Reset de l'affichage de la courbe
2024-12-22 19:22:49,403 - MainThread - updateUi - DEBUG - Reset de l'affichage de la courbe
2024-12-22 19:22:49,483 - MainThread - updateUi - DEBUG - Reset de l'affichage de la courbe
2024-12-22 19:22:49,558 - MainThread - updateUi - DEBUG - Reset de l'affichage de la courbe
2024-12-22 19:22:49,634 - MainThread - updateUi - DEBUG - Reset de l'affichage de la courbe
2024-12-22 19:22:49,706 - MainThread - updateUi - DEBUG - Reset de l'affichage de la courbe
2024-12-22 19:22:49,790 - MainThread - updateUi - DEBUG - Reset de l'affichage de la courbe
2024-12-22 19:22:49,869 - MainThread - updateUi - DEBUG - Reset de l'affichage de la courbe
2024-12-22 19:22:49,958 - MainThread - updateUi - DEBUG - Reset de l'affichage de la courbe
2024-12-22 19:22:50,040 - MainThread - updateUi - DEBUG - Reset de l'affichage de la courbe
2024-12-22 19:22:50,118 - MainThread - updateUi - DEBUG - Reset de l'affichage de la courbe
2024-12-22 19:22:50,223 - MainThread - updateUi - DEBUG - Reset de l'affichage de la courbe
2024-12-22 19:22:50,305 - MainThread - updateUi - DEBUG - Reset de l'affichage de la courbe
2024-12-22 19:22:50,371 - MainThread - updateUi - DEBUG - Reset de l'affichage de la courbe
2024-12-22 19:22:50,457 - MainThread - updateUi - DEBUG - Reset de l'affichage de la courbe
2024-12-22 19:22:50,542 - MainThread - updateUi - DEBUG - Reset de l'affichage de la courbe
2024-12-22 19:22:50,625 - MainThread - updateUi - DEBUG - Reset de l'affichage de la courbe
2024-12-22 19:22:50,700 - MainThread - updateUi - DEBUG - Reset de l'affichage de la courbe
2024-12-22 19:22:50,782 - MainThread - updateUi - DEBUG - Reset de l'affichage de la courbe
2024-12-22 19:22:50,854 - MainThread - updateUi - DEBUG - Reset de l'affichage de la courbe
2024-12-22 19:22:50,933 - MainThread - updateUi - DEBUG - Reset de l'affichage de la courbe
2024-12-22 19:22:51,010 - MainThread - updateUi - DEBUG - Reset de l'affichage de la courbe
2024-12-22 19:22:51,100 - MainThread - updateUi - DEBUG - Reset de l'affichage de la courbe
2024-12-22 19:22:51,171 - MainThread - updateUi - DEBUG - Reset de l'affichage de la courbe
2024-12-22 19:22:51,243 - MainThread - updateUi - DEBUG - Reset de l'affichage de la courbe
2024-12-22 19:22:51,316 - MainThread - updateUi - DEBUG - Reset de l'affichage de la courbe
2024-12-22 19:22:51,396 - MainThread - updateUi - DEBUG - Reset de l'affichage de la courbe
2024-12-22 19:22:51,463 - MainThread - updateUi - DEBUG - Reset de l'affichage de la courbe
2024-12-22 19:22:51,517 - MainThread - updateUi - DEBUG - Reset de l'affichage de la courbe
2024-12-22 19:22:51,591 - MainThread - updateUi - DEBUG - Reset de l'affichage de la courbe
2024-12-22 19:22:51,674 - MainThread - updateUi - DEBUG - Reset de l'affichage de la courbe
2024-12-22 19:22:51,744 - MainThread - updateUi - DEBUG - Reset de l'affichage de la courbe
2024-12-22 19:22:51,813 - MainThread - updateUi - DEBUG - Reset de l'affichage de la courbe
2024-12-22 19:22:51,891 - MainThread - updateUi - DEBUG - Reset de l'affichage de la courbe
2024-12-22 19:22:51,984 - MainThread - updateUi - DEBUG - Reset de l'affichage de la courbe
2024-12-22 19:22:52,057 - MainThread - updateUi - DEBUG - Reset de l'affichage de la courbe
2024-12-22 19:22:52,128 - MainThread - updateUi - DEBUG - Reset de l'affichage de la courbe
2024-12-22 19:22:52,222 - MainThread - updateUi - DEBUG - Reset de l'affichage de la courbe
2024-12-22 19:22:52,310 - MainThread - updateUi - DEBUG - Reset de l'affichage de la courbe
2024-12-22 19:22:52,382 - MainThread - updateUi - DEBUG - Reset de l'affichage de la courbe
2024-12-22 19:22:52,464 - MainThread - updateUi - DEBUG - Reset de l'affichage de la courbe
2024-12-22 19:22:52,541 - MainThread - updateUi - DEBUG - Reset de l'affichage de la courbe
2024-12-22 19:22:52,618 - MainThread - updateUi - DEBUG - Reset de l'affichage de la courbe
2024-12-22 19:22:52,693 - MainThread - updateUi - DEBUG - Reset de l'affichage de la courbe
2024-12-22 19:22:52,771 - MainThread - updateUi - DEBUG - Reset de l'affichage de la courbe
2024-12-22 19:22:52,842 - MainThread - updateUi - DEBUG - Reset de l'affichage de la courbe
2024-12-22 19:22:52,920 - MainThread - updateUi - DEBUG - Reset de l'affichage de la courbe
2024-12-22 19:22:52,994 - MainThread - updateUi - DEBUG - Reset de l'affichage de la courbe
2024-12-22 19:22:53,073 - MainThread - updateUi - DEBUG - Reset de l'affichage de la courbe
2024-12-22 19:22:53,140 - MainThread - updateUi - DEBUG - Reset de l'affichage de la courbe
2024-12-22 19:22:53,225 - MainThread - updateUi - DEBUG - Reset de l'affichage de la courbe
2024-12-22 19:22:53,303 - MainThread - updateUi - DEBUG - Reset de l'affichage de la courbe
2024-12-22 19:22:53,393 - MainThread - updateUi - DEBUG - Reset de l'affichage de la courbe
2024-12-22 19:22:53,474 - MainThread - updateUi - DEBUG - Reset de l'affichage de la courbe
2024-12-22 19:22:53,545 - MainThread - updateUi - DEBUG - Reset de l'affichage de la courbe
2024-12-22 19:22:53,624 - MainThread - updateUi - DEBUG - Reset de l'affichage de la courbe
2024-12-22 19:22:53,711 - MainThread - updateUi - DEBUG - Reset de l'affichage de la courbe
2024-12-22 19:22:53,789 - MainThread - updateUi - DEBUG - Reset de l'affichage de la courbe
2024-12-22 19:22:53,867 - MainThread - updateUi - DEBUG - Reset de l'affichage de la courbe
2024-12-22 19:22:53,944 - MainThread - updateUi - DEBUG - Reset de l'affichage de la courbe
2024-12-22 19:22:54,030 - MainThread - updateUi - DEBUG - Reset de l'affichage de la courbe
2024-12-22 19:22:54,125 - MainThread - updateUi - DEBUG - Reset de l'affichage de la courbe
2024-12-22 19:22:54,203 - MainThread - updateUi - DEBUG - Reset de l'affichage de la courbe
2024-12-22 19:22:54,277 - MainThread - updateUi - DEBUG - Reset de l'affichage de la courbe
2024-12-22 19:22:54,355 - MainThread - updateUi - DEBUG - Reset de l'affichage de la courbe
2024-12-22 19:22:54,425 - MainThread - updateUi - DEBUG - Reset de l'affichage de la courbe
2024-12-22 19:22:54,505 - MainThread - updateUi - DEBUG - Reset de l'affichage de la courbe
2024-12-22 19:22:54,563 - MainThread - updateUi - DEBUG - Reset de l'affichage de la courbe
2024-12-22 19:22:54,625 - MainThread - updateUi - DEBUG - Reset de l'affichage de la courbe
2024-12-22 19:22:54,692 - MainThread - updateUi - DEBUG - Reset de l'affichage de la courbe
2024-12-22 19:22:54,781 - MainThread - updateUi - DEBUG - Reset de l'affichage de la courbe
2024-12-22 19:22:54,862 - MainThread - updateUi - DEBUG - Reset de l'affichage de la courbe
2024-12-22 19:22:54,933 - MainThread - updateUi - DEBUG - Reset de l'affichage de la courbe
2024-12-22 19:22:55,005 - MainThread - updateUi - DEBUG - Reset de l'affichage de la courbe
2024-12-22 19:22:55,085 - MainThread - updateUi - DEBUG - Reset de l'affichage de la courbe
2024-12-22 19:22:55,158 - MainThread - updateUi - DEBUG - Reset de l'affichage de la courbe
2024-12-22 19:22:55,208 - MainThread - updateUi - DEBUG - Reset de l'affichage de la courbe
2024-12-22 19:22:55,280 - MainThread - updateUi - DEBUG - Reset de l'affichage de la courbe
2024-12-22 19:22:55,359 - MainThread - updateUi - DEBUG - Reset de l'affichage de la courbe
2024-12-22 19:22:55,447 - MainThread - updateUi - DEBUG - Reset de l'affichage de la courbe
2024-12-22 19:22:55,523 - MainThread - updateUi - DEBUG - Reset de l'affichage de la courbe
2024-12-22 19:22:55,594 - MainThread - updateUi - DEBUG - Reset de l'affichage de la courbe
2024-12-22 19:22:55,674 - MainThread - updateUi - DEBUG - Reset de l'affichage de la courbe
2024-12-22 19:22:55,743 - MainThread - updateUi - DEBUG - Reset de l'affichage de la courbe
2024-12-22 19:22:55,823 - MainThread - updateUi - DEBUG - Reset de l'affichage de la courbe
2024-12-22 19:22:55,900 - MainThread - updateUi - DEBUG - Reset de l'affichage de la courbe
2024-12-22 19:22:55,980 - MainThread - updateUi - DEBUG - Reset de l'affichage de la courbe
2024-12-22 19:22:56,058 - MainThread - updateUi - DEBUG - Reset de l'affichage de la courbe
2024-12-22 19:22:56,136 - MainThread - updateUi - DEBUG - Reset de l'affichage de la courbe
2024-12-22 19:22:56,206 - MainThread - updateUi - DEBUG - Reset de l'affichage de la courbe
2024-12-22 19:22:56,286 - MainThread - updateUi - DEBUG - Reset de l'affichage de la courbe
2024-12-22 19:22:56,364 - MainThread - updateUi - DEBUG - Reset de l'affichage de la courbe
2024-12-22 19:22:56,452 - MainThread - updateUi - DEBUG - Reset de l'affichage de la courbe
2024-12-22 19:22:56,523 - MainThread - updateUi - DEBUG - Reset de l'affichage de la courbe
2024-12-22 19:22:56,602 - MainThread - updateUi - DEBUG - Reset de l'affichage de la courbe
2024-12-22 19:22:56,682 - MainThread - updateUi - DEBUG - Reset de l'affichage de la courbe
2024-12-22 19:22:56,758 - MainThread - updateUi - DEBUG - Reset de l'affichage de la courbe
2024-12-22 19:22:56,831 - MainThread - updateUi - DEBUG - Reset de l'affichage de la courbe
2024-12-22 19:22:56,908 - MainThread - updateUi - DEBUG - Reset de l'affichage de la courbe
2024-12-22 19:22:56,988 - MainThread - updateUi - DEBUG - Reset de l'affichage de la courbe
2024-12-22 19:22:57,038 - MainThread - updateUi - DEBUG - Reset de l'affichage de la courbe
2024-12-22 19:22:57,107 - MainThread - updateUi - DEBUG - Reset de l'affichage de la courbe
2024-12-22 19:22:57,178 - MainThread - updateUi - DEBUG - Reset de l'affichage de la courbe
2024-12-22 19:22:57,257 - MainThread - updateUi - DEBUG - Reset de l'affichage de la courbe
2024-12-22 19:22:57,326 - MainThread - updateUi - DEBUG - Reset de l'affichage de la courbe
2024-12-22 19:22:57,404 - MainThread - updateUi - DEBUG - Reset de l'affichage de la courbe
2024-12-22 19:22:57,475 - MainThread - updateUi - DEBUG - Reset de l'affichage de la courbe
2024-12-22 19:22:57,551 - MainThread - updateUi - DEBUG - Reset de l'affichage de la courbe
2024-12-22 19:22:57,635 - MainThread - updateUi - DEBUG - Reset de l'affichage de la courbe
2024-12-22 19:22:57,715 - MainThread - updateUi - DEBUG - Reset de l'affichage de la courbe
2024-12-22 19:22:57,784 - MainThread - updateUi - DEBUG - Reset de l'affichage de la courbe
2024-12-22 19:22:57,864 - MainThread - updateUi - DEBUG - Reset de l'affichage de la courbe
2024-12-22 19:22:57,906 - MainThread - updateUi - DEBUG - Reset de l'affichage de la courbe
2024-12-22 19:22:57,969 - MainThread - updateUi - DEBUG - Reset de l'affichage de la courbe
2024-12-22 19:22:58,040 - MainThread - updateUi - DEBUG - Reset de l'affichage de la courbe
2024-12-22 19:22:58,117 - MainThread - updateUi - DEBUG - Reset de l'affichage de la courbe
2024-12-22 19:22:58,198 - MainThread - updateUi - DEBUG - Reset de l'affichage de la courbe
2024-12-22 19:22:58,283 - MainThread - updateUi - DEBUG - Reset de l'affichage de la courbe
2024-12-22 19:22:58,360 - MainThread - updateUi - DEBUG - Reset de l'affichage de la courbe
2024-12-22 19:22:58,434 - MainThread - updateUi - DEBUG - Reset de l'affichage de la courbe
2024-12-22 19:22:58,514 - MainThread - updateUi - DEBUG - Reset de l'affichage de la courbe
2024-12-22 19:22:58,570 - MainThread - updateUi - DEBUG - Reset de l'affichage de la courbe
2024-12-22 19:22:58,649 - MainThread - updateUi - DEBUG - Reset de l'affichage de la courbe
2024-12-22 19:22:58,721 - MainThread - updateUi - DEBUG - Reset de l'affichage de la courbe
2024-12-22 19:22:58,794 - MainThread - updateUi - DEBUG - Reset de l'affichage de la courbe
2024-12-22 19:22:58,873 - MainThread - updateUi - DEBUG - Reset de l'affichage de la courbe
2024-12-22 19:22:58,951 - MainThread - updateUi - DEBUG - Reset de l'affichage de la courbe
2024-12-22 19:22:59,025 - MainThread - updateUi - DEBUG - Reset de l'affichage de la courbe
2024-12-22 19:22:59,093 - MainThread - updateUi - DEBUG - Reset de l'affichage de la courbe
2024-12-22 19:22:59,170 - MainThread - updateUi - DEBUG - Reset de l'affichage de la courbe
2024-12-22 19:22:59,248 - MainThread - updateUi - DEBUG - Reset de l'affichage de la courbe
2024-12-22 19:22:59,321 - MainThread - updateUi - DEBUG - Reset de l'affichage de la courbe
2024-12-22 19:22:59,392 - MainThread - updateUi - DEBUG - Reset de l'affichage de la courbe
2024-12-22 19:22:59,482 - MainThread - updateUi - DEBUG - Reset de l'affichage de la courbe
2024-12-22 19:22:59,558 - MainThread - updateUi - DEBUG - Reset de l'affichage de la courbe
2024-12-22 19:22:59,645 - MainThread - updateUi - DEBUG - Reset de l'affichage de la courbe
2024-12-22 19:22:59,708 - MainThread - updateUi - DEBUG - Reset de l'affichage de la courbe
2024-12-22 19:22:59,772 - MainThread - updateUi - DEBUG - Reset de l'affichage de la courbe
2024-12-22 19:22:59,842 - MainThread - updateUi - DEBUG - Reset de l'affichage de la courbe
2024-12-22 19:22:59,925 - MainThread - updateUi - DEBUG - Reset de l'affichage de la courbe
2024-12-22 19:23:00,006 - MainThread - updateUi - DEBUG - Reset de l'affichage de la courbe
2024-12-22 19:23:00,099 - MainThread - updateUi - DEBUG - Reset de l'affichage de la courbe
2024-12-22 19:23:00,180 - MainThread - updateUi - DEBUG - Reset de l'affichage de la courbe
2024-12-22 19:23:00,237 - MainThread - updateUi - DEBUG - Reset de l'affichage de la courbe
2024-12-22 19:23:00,307 - MainThread - updateUi - DEBUG - Reset de l'affichage de la courbe
2024-12-22 19:23:00,372 - MainThread - updateUi - DEBUG - Reset de l'affichage de la courbe
2024-12-22 19:23:00,458 - MainThread - updateUi - DEBUG - Reset de l'affichage de la courbe
2024-12-22 19:23:00,545 - MainThread - updateUi - DEBUG - Reset de l'affichage de la courbe
2024-12-22 19:23:00,616 - MainThread - updateUi - DEBUG - Reset de l'affichage de la courbe
2024-12-22 19:23:00,712 - MainThread - updateUi - DEBUG - Reset de l'affichage de la courbe
2024-12-22 19:23:00,809 - MainThread - updateUi - DEBUG - Reset de l'affichage de la courbe
2024-12-22 19:23:00,907 - MainThread - updateUi - DEBUG - Reset de l'affichage de la courbe
2024-12-22 19:23:00,981 - MainThread - updateUi - DEBUG - Reset de l'affichage de la courbe
2024-12-22 19:23:01,075 - MainThread - updateUi - DEBUG - Reset de l'affichage de la courbe
2024-12-22 19:23:01,156 - MainThread - updateUi - DEBUG - Reset de l'affichage de la courbe
2024-12-22 19:23:01,235 - MainThread - updateUi - DEBUG - Reset de l'affichage de la courbe
2024-12-22 19:23:01,306 - MainThread - updateUi - DEBUG - Reset de l'affichage de la courbe
2024-12-22 19:23:01,404 - MainThread - updateUi - DEBUG - Reset de l'affichage de la courbe
2024-12-22 19:23:01,484 - MainThread - updateUi - DEBUG - Reset de l'affichage de la courbe
2024-12-22 19:23:01,574 - MainThread - updateUi - DEBUG - Reset de l'affichage de la courbe
2024-12-22 19:23:01,652 - MainThread - updateUi - DEBUG - Reset de l'affichage de la courbe
2024-12-22 19:23:01,740 - MainThread - updateUi - DEBUG - Reset de l'affichage de la courbe
2024-12-22 19:23:01,825 - MainThread - updateUi - DEBUG - Reset de l'affichage de la courbe
2024-12-22 19:23:01,893 - MainThread - updateUi - DEBUG - Reset de l'affichage de la courbe
2024-12-22 19:23:01,975 - MainThread - updateUi - DEBUG - Reset de l'affichage de la courbe
2024-12-22 19:23:02,058 - MainThread - updateUi - DEBUG - Reset de l'affichage de la courbe
2024-12-22 19:23:02,140 - MainThread - updateUi - DEBUG - Reset de l'affichage de la courbe
2024-12-22 19:23:02,224 - MainThread - updateUi - DEBUG - Reset de l'affichage de la courbe
2024-12-22 19:23:02,288 - MainThread - updateUi - DEBUG - Reset de l'affichage de la courbe
2024-12-22 19:23:02,369 - MainThread - updateUi - DEBUG - Reset de l'affichage de la courbe
2024-12-22 19:23:02,436 - MainThread - updateUi - DEBUG - Reset de l'affichage de la courbe
2024-12-22 19:23:02,507 - MainThread - updateUi - DEBUG - Reset de l'affichage de la courbe
2024-12-22 19:23:02,587 - MainThread - updateUi - DEBUG - Reset de l'affichage de la courbe
2024-12-22 19:23:02,657 - MainThread - updateUi - DEBUG - Reset de l'affichage de la courbe
2024-12-22 19:23:02,721 - MainThread - updateUi - DEBUG - Reset de l'affichage de la courbe
2024-12-22 19:23:02,792 - MainThread - updateUi - DEBUG - Reset de l'affichage de la courbe
2024-12-22 19:23:02,889 - MainThread - updateUi - DEBUG - Reset de l'affichage de la courbe
2024-12-22 19:23:02,959 - MainThread - updateUi - DEBUG - Reset de l'affichage de la courbe
2024-12-22 19:23:03,034 - MainThread - updateUi - DEBUG - Reset de l'affichage de la courbe
2024-12-22 19:23:03,122 - MainThread - updateUi - DEBUG - Reset de l'affichage de la courbe
2024-12-22 19:23:03,214 - MainThread - updateUi - DEBUG - Reset de l'affichage de la courbe
2024-12-22 19:23:03,290 - MainThread - updateUi - DEBUG - Reset de l'affichage de la courbe
2024-12-22 19:23:03,374 - MainThread - updateUi - DEBUG - Reset de l'affichage de la courbe
2024-12-22 19:23:03,453 - MainThread - updateUi - DEBUG - Reset de l'affichage de la courbe
2024-12-22 19:23:03,540 - MainThread - updateUi - DEBUG - Reset de l'affichage de la courbe
2024-12-22 19:23:03,619 - MainThread - updateUi - DEBUG - Reset de l'affichage de la courbe
2024-12-22 19:23:03,689 - MainThread - updateUi - DEBUG - Reset de l'affichage de la courbe
2024-12-22 19:23:03,784 - MainThread - updateUi - DEBUG - Reset de l'affichage de la courbe
2024-12-22 19:23:03,868 - MainThread - updateUi - DEBUG - Reset de l'affichage de la courbe
2024-12-22 19:23:03,957 - MainThread - updateUi - DEBUG - Reset de l'affichage de la courbe
2024-12-22 19:23:04,057 - MainThread - updateUi - DEBUG - Reset de l'affichage de la courbe
2024-12-22 19:23:04,152 - MainThread - updateUi - DEBUG - Reset de l'affichage de la courbe
2024-12-22 19:23:04,239 - MainThread - updateUi - DEBUG - Reset de l'affichage de la courbe
2024-12-22 19:23:04,347 - MainThread - updateUi - DEBUG - Reset de l'affichage de la courbe
2024-12-22 19:23:04,444 - MainThread - updateUi - DEBUG - Reset de l'affichage de la courbe
2024-12-22 19:23:04,540 - MainThread - updateUi - DEBUG - Reset de l'affichage de la courbe
2024-12-22 19:23:04,640 - MainThread - updateUi - DEBUG - Reset de l'affichage de la courbe
2024-12-22 19:23:04,751 - MainThread - updateUi - DEBUG - Reset de l'affichage de la courbe
2024-12-22 19:23:04,839 - MainThread - updateUi - DEBUG - Reset de l'affichage de la courbe
2024-12-22 19:23:04,928 - MainThread - updateUi - DEBUG - Reset de l'affichage de la courbe
2024-12-22 19:23:05,031 - MainThread - updateUi - DEBUG - Reset de l'affichage de la courbe
2024-12-22 19:23:05,109 - MainThread - updateUi - DEBUG - Reset de l'affichage de la courbe
2024-12-22 19:23:05,208 - MainThread - updateUi - DEBUG - Reset de l'affichage de la courbe
2024-12-22 19:23:05,308 - MainThread - updateUi - DEBUG - Reset de l'affichage de la courbe
2024-12-22 19:23:05,418 - MainThread - updateUi - DEBUG - Reset de l'affichage de la courbe
2024-12-22 19:23:05,507 - MainThread - updateUi - DEBUG - Reset de l'affichage de la courbe
2024-12-22 19:23:05,594 - MainThread - updateUi - DEBUG - Reset de l'affichage de la courbe
2024-12-22 19:23:05,674 - MainThread - updateUi - DEBUG - Reset de l'affichage de la courbe
2024-12-22 19:23:05,743 - MainThread - updateUi - DEBUG - Reset de l'affichage de la courbe
2024-12-22 19:23:05,824 - MainThread - updateUi - DEBUG - Reset de l'affichage de la courbe
2024-12-22 19:23:05,903 - MainThread - updateUi - DEBUG - Reset de l'affichage de la courbe
2024-12-22 19:23:05,973 - MainThread - updateUi - DEBUG - Reset de l'affichage de la courbe
2024-12-22 19:23:06,053 - MainThread - updateUi - DEBUG - Reset de l'affichage de la courbe
2024-12-22 19:23:06,123 - MainThread - updateUi - DEBUG - Reset de l'affichage de la courbe
2024-12-22 19:23:06,206 - MainThread - updateUi - DEBUG - Reset de l'affichage de la courbe
2024-12-22 19:23:06,286 - MainThread - updateUi - DEBUG - Reset de l'affichage de la courbe
2024-12-22 19:23:06,374 - MainThread - updateUi - DEBUG - Reset de l'affichage de la courbe
2024-12-22 19:23:06,453 - MainThread - updateUi - DEBUG - Reset de l'affichage de la courbe
2024-12-22 19:23:06,539 - MainThread - updateUi - DEBUG - Reset de l'affichage de la courbe
2024-12-22 19:23:06,624 - MainThread - updateUi - DEBUG - Reset de l'affichage de la courbe
2024-12-22 19:23:06,703 - MainThread - updateUi - DEBUG - Reset de l'affichage de la courbe
2024-12-22 19:23:06,775 - MainThread - updateUi - DEBUG - Reset de l'affichage de la courbe
2024-12-22 19:23:06,854 - MainThread - updateUi - DEBUG - Reset de l'affichage de la courbe
2024-12-22 19:23:06,930 - MainThread - updateUi - DEBUG - Reset de l'affichage de la courbe
2024-12-22 19:23:07,009 - MainThread - updateUi - DEBUG - Reset de l'affichage de la courbe
2024-12-22 19:23:07,087 - MainThread - updateUi - DEBUG - Reset de l'affichage de la courbe
2024-12-22 19:23:07,158 - MainThread - updateUi - DEBUG - Reset de l'affichage de la courbe
2024-12-22 19:23:07,236 - MainThread - updateUi - DEBUG - Reset de l'affichage de la courbe
2024-12-22 19:23:07,315 - MainThread - updateUi - DEBUG - Reset de l'affichage de la courbe
2024-12-22 19:23:07,394 - MainThread - updateUi - DEBUG - Reset de l'affichage de la courbe
2024-12-22 19:23:07,466 - MainThread - updateUi - DEBUG - Reset de l'affichage de la courbe
2024-12-22 19:23:07,547 - MainThread - updateUi - DEBUG - Reset de l'affichage de la courbe
2024-12-22 19:23:07,643 - MainThread - updateUi - DEBUG - Reset de l'affichage de la courbe
2024-12-22 19:23:07,722 - MainThread - updateUi - DEBUG - Reset de l'affichage de la courbe
2024-12-22 19:23:07,800 - MainThread - updateUi - DEBUG - Reset de l'affichage de la courbe
2024-12-22 19:23:07,880 - MainThread - updateUi - DEBUG - Reset de l'affichage de la courbe
2024-12-22 19:23:07,958 - MainThread - updateUi - DEBUG - Reset de l'affichage de la courbe
2024-12-22 19:23:08,031 - MainThread - updateUi - DEBUG - Reset de l'affichage de la courbe
2024-12-22 19:23:08,109 - MainThread - updateUi - DEBUG - Reset de l'affichage de la courbe
2024-12-22 19:23:08,181 - MainThread - updateUi - DEBUG - Reset de l'affichage de la courbe
2024-12-22 19:23:08,260 - MainThread - updateUi - DEBUG - Reset de l'affichage de la courbe
2024-12-22 19:23:08,339 - MainThread - updateUi - DEBUG - Reset de l'affichage de la courbe
2024-12-22 19:23:08,427 - MainThread - updateUi - DEBUG - Reset de l'affichage de la courbe
2024-12-22 19:23:08,483 - MainThread - onClose - INFO - Fermeture de la fenetre
2024-12-22 19:23:08,514 - MainThread - <module> - INFO - Fin du programme
