2024-12-11 20:45:12,956 - MainThread - <module> - INFO - Initialisation du logger
2024-12-11 20:45:13,113 - MainThread - update - DEBUG - Update vaue de la courbe
2024-12-11 20:45:13,114 - Thread-1 (MotorTry) - MotorTry - DEBUG - Debut Thread
2024-12-11 20:45:13,114 - Thread-1 (MotorTry) - MotorTry - DEBUG - Nouvelle boucle
2024-12-11 20:45:13,114 - MainThread - afficher - INFO - Affichage de la fenetre
2024-12-11 20:45:13,115 - MainThread - updateUi - DEBUG - Reset de l'affichage de la courbe
2024-12-11 20:45:13,121 - Thread-1 (MotorTry) - update - DEBUG - Update vaue de la courbe
2024-12-11 20:45:13,167 - MainThread - updateUi - DEBUG - Reset de l'affichage de la courbe
2024-12-11 20:45:13,202 - MainThread - updateUi - DEBUG - Reset de l'affichage de la courbe
2024-12-11 20:45:13,221 - Thread-1 (MotorTry) - MotorTry - DEBUG - Nouvelle boucle
2024-12-11 20:45:13,222 - Thread-1 (MotorTry) - update - DEBUG - Update vaue de la courbe
2024-12-11 20:45:13,232 - MainThread - updateUi - DEBUG - Reset de l'affichage de la courbe
2024-12-11 20:45:13,260 - MainThread - updateUi - DEBUG - Reset de l'affichage de la courbe
2024-12-11 20:45:13,292 - MainThread - updateUi - DEBUG - Reset de l'affichage de la courbe
2024-12-11 20:45:13,323 - Thread-1 (MotorTry) - MotorTry - DEBUG - Nouvelle boucle
2024-12-11 20:45:13,324 - Thread-1 (MotorTry) - update - DEBUG - Update vaue de la courbe
2024-12-11 20:45:13,324 - MainThread - updateUi - DEBUG - Reset de l'affichage de la courbe
2024-12-11 20:45:13,356 - MainThread - updateUi - DEBUG - Reset de l'affichage de la courbe
2024-12-11 20:45:13,386 - MainThread - updateUi - DEBUG - Reset de l'affichage de la courbe
2024-12-11 20:45:13,417 - MainThread - updateUi - DEBUG - Reset de l'affichage de la courbe
2024-12-11 20:45:13,425 - Thread-1 (MotorTry) - MotorTry - DEBUG - Nouvelle boucle
2024-12-11 20:45:13,426 - Thread-1 (MotorTry) - update - DEBUG - Update vaue de la courbe
2024-12-11 20:45:13,448 - MainThread - updateUi - DEBUG - Reset de l'affichage de la courbe
2024-12-11 20:45:13,476 - MainThread - updateUi - DEBUG - Reset de l'affichage de la courbe
2024-12-11 20:45:13,508 - MainThread - updateUi - DEBUG - Reset de l'affichage de la courbe
2024-12-11 20:45:13,526 - Thread-1 (MotorTry) - MotorTry - DEBUG - Nouvelle boucle
2024-12-11 20:45:13,527 - Thread-1 (MotorTry) - update - DEBUG - Update vaue de la courbe
2024-12-11 20:45:13,541 - MainThread - updateUi - DEBUG - Reset de l'affichage de la courbe
2024-12-11 20:45:13,571 - MainThread - updateUi - DEBUG - Reset de l'affichage de la courbe
2024-12-11 20:45:13,602 - MainThread - updateUi - DEBUG - Reset de l'affichage de la courbe
2024-12-11 20:45:13,628 - Thread-1 (MotorTry) - MotorTry - DEBUG - Nouvelle boucle
2024-12-11 20:45:13,629 - Thread-1 (MotorTry) - update - DEBUG - Update vaue de la courbe
2024-12-11 20:45:13,632 - MainThread - updateUi - DEBUG - Reset de l'affichage de la courbe
2024-12-11 20:45:13,663 - MainThread - updateUi - DEBUG - Reset de l'affichage de la courbe
2024-12-11 20:45:13,694 - MainThread - updateUi - DEBUG - Reset de l'affichage de la courbe
2024-12-11 20:45:13,725 - MainThread - updateUi - DEBUG - Reset de l'affichage de la courbe
2024-12-11 20:45:13,729 - Thread-1 (MotorTry) - MotorTry - DEBUG - Nouvelle boucle
2024-12-11 20:45:13,731 - Thread-1 (MotorTry) - update - DEBUG - Update vaue de la courbe
2024-12-11 20:45:13,756 - MainThread - updateUi - DEBUG - Reset de l'affichage de la courbe
2024-12-11 20:45:13,786 - MainThread - updateUi - DEBUG - Reset de l'affichage de la courbe
2024-12-11 20:45:13,817 - MainThread - updateUi - DEBUG - Reset de l'affichage de la courbe
2024-12-11 20:45:13,831 - Thread-1 (MotorTry) - MotorTry - DEBUG - Nouvelle boucle
2024-12-11 20:45:13,832 - Thread-1 (MotorTry) - update - DEBUG - Update vaue de la courbe
2024-12-11 20:45:13,848 - MainThread - updateUi - DEBUG - Reset de l'affichage de la courbe
2024-12-11 20:45:13,879 - MainThread - updateUi - DEBUG - Reset de l'affichage de la courbe
2024-12-11 20:45:13,909 - MainThread - updateUi - DEBUG - Reset de l'affichage de la courbe
2024-12-11 20:45:13,933 - Thread-1 (MotorTry) - MotorTry - DEBUG - Nouvelle boucle
2024-12-11 20:45:13,934 - Thread-1 (MotorTry) - update - DEBUG - Update vaue de la courbe
2024-12-11 20:45:13,940 - MainThread - updateUi - DEBUG - Reset de l'affichage de la courbe
2024-12-11 20:45:13,970 - MainThread - updateUi - DEBUG - Reset de l'affichage de la courbe
2024-12-11 20:45:14,001 - MainThread - updateUi - DEBUG - Reset de l'affichage de la courbe
2024-12-11 20:45:14,032 - MainThread - updateUi - DEBUG - Reset de l'affichage de la courbe
2024-12-11 20:45:14,034 - Thread-1 (MotorTry) - MotorTry - DEBUG - Nouvelle boucle
2024-12-11 20:45:14,036 - Thread-1 (MotorTry) - update - DEBUG - Update vaue de la courbe
2024-12-11 20:45:14,063 - MainThread - updateUi - DEBUG - Reset de l'affichage de la courbe
2024-12-11 20:45:14,094 - MainThread - updateUi - DEBUG - Reset de l'affichage de la courbe
2024-12-11 20:45:14,125 - MainThread - updateUi - DEBUG - Reset de l'affichage de la courbe
2024-12-11 20:45:14,137 - Thread-1 (MotorTry) - MotorTry - DEBUG - Nouvelle boucle
2024-12-11 20:45:14,138 - Thread-1 (MotorTry) - update - DEBUG - Update vaue de la courbe
2024-12-11 20:45:14,156 - MainThread - updateUi - DEBUG - Reset de l'affichage de la courbe
2024-12-11 20:45:14,186 - MainThread - updateUi - DEBUG - Reset de l'affichage de la courbe
2024-12-11 20:45:14,217 - MainThread - updateUi - DEBUG - Reset de l'affichage de la courbe
2024-12-11 20:45:14,238 - Thread-1 (MotorTry) - MotorTry - DEBUG - Nouvelle boucle
2024-12-11 20:45:14,239 - Thread-1 (MotorTry) - update - DEBUG - Update vaue de la courbe
2024-12-11 20:45:14,248 - MainThread - updateUi - DEBUG - Reset de l'affichage de la courbe
2024-12-11 20:45:14,279 - MainThread - updateUi - DEBUG - Reset de l'affichage de la courbe
2024-12-11 20:45:14,309 - MainThread - updateUi - DEBUG - Reset de l'affichage de la courbe
2024-12-11 20:45:14,339 - Thread-1 (MotorTry) - MotorTry - DEBUG - Nouvelle boucle
2024-12-11 20:45:14,341 - MainThread - updateUi - DEBUG - Reset de l'affichage de la courbe
2024-12-11 20:45:14,341 - Thread-1 (MotorTry) - update - DEBUG - Update vaue de la courbe
2024-12-11 20:45:14,369 - MainThread - updateUi - DEBUG - Reset de l'affichage de la courbe
2024-12-11 20:45:14,400 - MainThread - updateUi - DEBUG - Reset de l'affichage de la courbe
2024-12-11 20:45:14,432 - MainThread - updateUi - DEBUG - Reset de l'affichage de la courbe
2024-12-11 20:45:14,442 - Thread-1 (MotorTry) - MotorTry - DEBUG - Nouvelle boucle
2024-12-11 20:45:14,443 - Thread-1 (MotorTry) - update - DEBUG - Update vaue de la courbe
2024-12-11 20:45:14,464 - MainThread - updateUi - DEBUG - Reset de l'affichage de la courbe
2024-12-11 20:45:14,495 - MainThread - updateUi - DEBUG - Reset de l'affichage de la courbe
2024-12-11 20:45:14,525 - MainThread - updateUi - DEBUG - Reset de l'affichage de la courbe
2024-12-11 20:45:14,544 - Thread-1 (MotorTry) - MotorTry - DEBUG - Nouvelle boucle
2024-12-11 20:45:14,545 - Thread-1 (MotorTry) - update - DEBUG - Update vaue de la courbe
2024-12-11 20:45:14,553 - MainThread - updateUi - DEBUG - Reset de l'affichage de la courbe
2024-12-11 20:45:14,584 - MainThread - updateUi - DEBUG - Reset de l'affichage de la courbe
2024-12-11 20:45:14,616 - MainThread - updateUi - DEBUG - Reset de l'affichage de la courbe
2024-12-11 20:45:14,645 - Thread-1 (MotorTry) - MotorTry - DEBUG - Nouvelle boucle
2024-12-11 20:45:14,646 - Thread-1 (MotorTry) - update - DEBUG - Update vaue de la courbe
2024-12-11 20:45:14,648 - MainThread - updateUi - DEBUG - Reset de l'affichage de la courbe
2024-12-11 20:45:14,679 - MainThread - updateUi - DEBUG - Reset de l'affichage de la courbe
2024-12-11 20:45:14,710 - MainThread - updateUi - DEBUG - Reset de l'affichage de la courbe
2024-12-11 20:45:14,736 - MainThread - updateUi - DEBUG - Reset de l'affichage de la courbe
2024-12-11 20:45:14,746 - Thread-1 (MotorTry) - MotorTry - DEBUG - Nouvelle boucle
2024-12-11 20:45:14,747 - Thread-1 (MotorTry) - update - DEBUG - Update vaue de la courbe
2024-12-11 20:45:14,771 - MainThread - updateUi - DEBUG - Reset de l'affichage de la courbe
2024-12-11 20:45:14,800 - MainThread - updateUi - DEBUG - Reset de l'affichage de la courbe
2024-12-11 20:45:14,832 - MainThread - updateUi - DEBUG - Reset de l'affichage de la courbe
2024-12-11 20:45:14,848 - Thread-1 (MotorTry) - MotorTry - DEBUG - Nouvelle boucle
2024-12-11 20:45:14,848 - Thread-1 (MotorTry) - update - DEBUG - Update vaue de la courbe
2024-12-11 20:45:14,864 - MainThread - updateUi - DEBUG - Reset de l'affichage de la courbe
2024-12-11 20:45:14,894 - MainThread - updateUi - DEBUG - Reset de l'affichage de la courbe
2024-12-11 20:45:14,921 - MainThread - updateUi - DEBUG - Reset de l'affichage de la courbe
2024-12-11 20:45:14,949 - Thread-1 (MotorTry) - MotorTry - DEBUG - Nouvelle boucle
2024-12-11 20:45:14,950 - Thread-1 (MotorTry) - update - DEBUG - Update vaue de la courbe
2024-12-11 20:45:14,952 - MainThread - updateUi - DEBUG - Reset de l'affichage de la courbe
2024-12-11 20:45:14,986 - MainThread - updateUi - DEBUG - Reset de l'affichage de la courbe
2024-12-11 20:45:15,017 - MainThread - updateUi - DEBUG - Reset de l'affichage de la courbe
2024-12-11 20:45:15,048 - MainThread - updateUi - DEBUG - Reset de l'affichage de la courbe
2024-12-11 20:45:15,051 - Thread-1 (MotorTry) - MotorTry - DEBUG - Nouvelle boucle
2024-12-11 20:45:15,053 - Thread-1 (MotorTry) - update - DEBUG - Update vaue de la courbe
2024-12-11 20:45:15,078 - MainThread - updateUi - DEBUG - Reset de l'affichage de la courbe
2024-12-11 20:45:15,109 - MainThread - updateUi - DEBUG - Reset de l'affichage de la courbe
2024-12-11 20:45:15,140 - MainThread - updateUi - DEBUG - Reset de l'affichage de la courbe
2024-12-11 20:45:15,153 - Thread-1 (MotorTry) - MotorTry - DEBUG - Nouvelle boucle
2024-12-11 20:45:15,153 - Thread-1 (MotorTry) - update - DEBUG - Update vaue de la courbe
2024-12-11 20:45:15,170 - MainThread - updateUi - DEBUG - Reset de l'affichage de la courbe
2024-12-11 20:45:15,201 - MainThread - updateUi - DEBUG - Reset de l'affichage de la courbe
2024-12-11 20:45:15,232 - MainThread - updateUi - DEBUG - Reset de l'affichage de la courbe
2024-12-11 20:45:15,254 - Thread-1 (MotorTry) - MotorTry - DEBUG - Nouvelle boucle
2024-12-11 20:45:15,255 - Thread-1 (MotorTry) - update - DEBUG - Update vaue de la courbe
2024-12-11 20:45:15,263 - MainThread - updateUi - DEBUG - Reset de l'affichage de la courbe
2024-12-11 20:45:15,293 - MainThread - updateUi - DEBUG - Reset de l'affichage de la courbe
2024-12-11 20:45:15,324 - MainThread - updateUi - DEBUG - Reset de l'affichage de la courbe
2024-12-11 20:45:15,352 - MainThread - updateUi - DEBUG - Reset de l'affichage de la courbe
2024-12-11 20:45:15,355 - Thread-1 (MotorTry) - MotorTry - DEBUG - Nouvelle boucle
2024-12-11 20:45:15,356 - Thread-1 (MotorTry) - update - DEBUG - Update vaue de la courbe
2024-12-11 20:45:15,386 - MainThread - updateUi - DEBUG - Reset de l'affichage de la courbe
2024-12-11 20:45:15,416 - MainThread - updateUi - DEBUG - Reset de l'affichage de la courbe
2024-12-11 20:45:15,447 - MainThread - updateUi - DEBUG - Reset de l'affichage de la courbe
2024-12-11 20:45:15,457 - Thread-1 (MotorTry) - MotorTry - DEBUG - Nouvelle boucle
2024-12-11 20:45:15,457 - Thread-1 (MotorTry) - update - DEBUG - Update vaue de la courbe
2024-12-11 20:45:15,478 - MainThread - updateUi - DEBUG - Reset de l'affichage de la courbe
2024-12-11 20:45:15,505 - MainThread - updateUi - DEBUG - Reset de l'affichage de la courbe
2024-12-11 20:45:15,539 - MainThread - updateUi - DEBUG - Reset de l'affichage de la courbe
2024-12-11 20:45:15,558 - Thread-1 (MotorTry) - MotorTry - DEBUG - Nouvelle boucle
2024-12-11 20:45:15,559 - Thread-1 (MotorTry) - update - DEBUG - Update vaue de la courbe
2024-12-11 20:45:15,570 - MainThread - updateUi - DEBUG - Reset de l'affichage de la courbe
2024-12-11 20:45:15,601 - MainThread - updateUi - DEBUG - Reset de l'affichage de la courbe
2024-12-11 20:45:15,631 - MainThread - updateUi - DEBUG - Reset de l'affichage de la courbe
2024-12-11 20:45:15,659 - Thread-1 (MotorTry) - MotorTry - DEBUG - Nouvelle boucle
2024-12-11 20:45:15,660 - Thread-1 (MotorTry) - update - DEBUG - Update vaue de la courbe
2024-12-11 20:45:15,662 - MainThread - updateUi - DEBUG - Reset de l'affichage de la courbe
2024-12-11 20:45:15,693 - MainThread - updateUi - DEBUG - Reset de l'affichage de la courbe
2024-12-11 20:45:15,723 - MainThread - updateUi - DEBUG - Reset de l'affichage de la courbe
2024-12-11 20:45:15,753 - MainThread - updateUi - DEBUG - Reset de l'affichage de la courbe
2024-12-11 20:45:15,761 - Thread-1 (MotorTry) - MotorTry - DEBUG - Nouvelle boucle
2024-12-11 20:45:15,762 - Thread-1 (MotorTry) - update - DEBUG - Update vaue de la courbe
2024-12-11 20:45:15,784 - MainThread - updateUi - DEBUG - Reset de l'affichage de la courbe
2024-12-11 20:45:15,814 - MainThread - updateUi - DEBUG - Reset de l'affichage de la courbe
2024-12-11 20:45:15,845 - MainThread - updateUi - DEBUG - Reset de l'affichage de la courbe
2024-12-11 20:45:15,862 - Thread-1 (MotorTry) - MotorTry - DEBUG - Nouvelle boucle
2024-12-11 20:45:15,863 - Thread-1 (MotorTry) - update - DEBUG - Update vaue de la courbe
2024-12-11 20:45:15,875 - MainThread - updateUi - DEBUG - Reset de l'affichage de la courbe
2024-12-11 20:45:15,906 - MainThread - updateUi - DEBUG - Reset de l'affichage de la courbe
2024-12-11 20:45:15,936 - MainThread - updateUi - DEBUG - Reset de l'affichage de la courbe
2024-12-11 20:45:15,964 - Thread-1 (MotorTry) - MotorTry - DEBUG - Nouvelle boucle
2024-12-11 20:45:15,965 - Thread-1 (MotorTry) - update - DEBUG - Update vaue de la courbe
2024-12-11 20:45:15,967 - MainThread - updateUi - DEBUG - Reset de l'affichage de la courbe
2024-12-11 20:45:15,998 - MainThread - updateUi - DEBUG - Reset de l'affichage de la courbe
2024-12-11 20:45:16,029 - MainThread - updateUi - DEBUG - Reset de l'affichage de la courbe
2024-12-11 20:45:16,059 - MainThread - updateUi - DEBUG - Reset de l'affichage de la courbe
2024-12-11 20:45:16,065 - Thread-1 (MotorTry) - MotorTry - DEBUG - Nouvelle boucle
2024-12-11 20:45:16,067 - Thread-1 (MotorTry) - update - DEBUG - Update vaue de la courbe
2024-12-11 20:45:16,090 - MainThread - updateUi - DEBUG - Reset de l'affichage de la courbe
2024-12-11 20:45:16,121 - MainThread - updateUi - DEBUG - Reset de l'affichage de la courbe
2024-12-11 20:45:16,152 - MainThread - updateUi - DEBUG - Reset de l'affichage de la courbe
2024-12-11 20:45:16,168 - Thread-1 (MotorTry) - MotorTry - DEBUG - Nouvelle boucle
2024-12-11 20:45:16,169 - Thread-1 (MotorTry) - update - DEBUG - Update vaue de la courbe
2024-12-11 20:45:16,182 - MainThread - updateUi - DEBUG - Reset de l'affichage de la courbe
2024-12-11 20:45:16,213 - MainThread - updateUi - DEBUG - Reset de l'affichage de la courbe
2024-12-11 20:45:16,244 - MainThread - updateUi - DEBUG - Reset de l'affichage de la courbe
2024-12-11 20:45:16,270 - Thread-1 (MotorTry) - MotorTry - DEBUG - Nouvelle boucle
2024-12-11 20:45:16,271 - Thread-1 (MotorTry) - update - DEBUG - Update vaue de la courbe
2024-12-11 20:45:16,274 - MainThread - updateUi - DEBUG - Reset de l'affichage de la courbe
2024-12-11 20:45:16,305 - MainThread - updateUi - DEBUG - Reset de l'affichage de la courbe
2024-12-11 20:45:16,335 - MainThread - updateUi - DEBUG - Reset de l'affichage de la courbe
2024-12-11 20:45:16,366 - MainThread - updateUi - DEBUG - Reset de l'affichage de la courbe
2024-12-11 20:45:16,372 - Thread-1 (MotorTry) - MotorTry - DEBUG - Nouvelle boucle
2024-12-11 20:45:16,373 - Thread-1 (MotorTry) - update - DEBUG - Update vaue de la courbe
2024-12-11 20:45:16,397 - MainThread - updateUi - DEBUG - Reset de l'affichage de la courbe
2024-12-11 20:45:16,474 - Thread-1 (MotorTry) - MotorTry - DEBUG - Nouvelle boucle
2024-12-11 20:45:16,475 - Thread-1 (MotorTry) - update - DEBUG - Update vaue de la courbe
2024-12-11 20:45:16,522 - MainThread - onClose - INFO - Fermeture de la fenetre
2024-12-11 20:45:16,575 - MainThread - <module> - INFO - Fin du programme
