2024-12-22 19:30:32,598 - MainThread - <module> - INFO - Initialisation du logger
2024-12-22 19:30:32,852 - MainThread - update - DEBUG - Update vaue de la courbe
2024-12-22 19:30:32,889 - MainThread - afficher - INFO - Affichage de la fenetre
2024-12-22 19:30:32,889 - MainThread - updateUi - DEBUG - Reset de l'affichage de la courbe
2024-12-22 19:30:32,965 - MainThread - updateUi - DEBUG - Reset de l'affichage de la courbe
2024-12-22 19:30:33,028 - MainThread - updateUi - DEBUG - Reset de l'affichage de la courbe
2024-12-22 19:30:33,113 - MainThread - updateUi - DEBUG - Reset de l'affichage de la courbe
2024-12-22 19:30:33,189 - MainThread - updateUi - DEBUG - Reset de l'affichage de la courbe
2024-12-22 19:30:33,259 - MainThread - updateUi - DEBUG - Reset de l'affichage de la courbe
2024-12-22 19:30:33,338 - MainThread - updateUi - DEBUG - Reset de l'affichage de la courbe
2024-12-22 19:30:33,410 - MainThread - updateUi - DEBUG - Reset de l'affichage de la courbe
2024-12-22 19:30:33,491 - MainThread - updateUi - DEBUG - Reset de l'affichage de la courbe
2024-12-22 19:30:33,571 - MainThread - updateUi - DEBUG - Reset de l'affichage de la courbe
2024-12-22 19:30:33,642 - MainThread - updateUi - DEBUG - Reset de l'affichage de la courbe
2024-12-22 19:30:33,706 - MainThread - updateUi - DEBUG - Reset de l'affichage de la courbe
2024-12-22 19:30:33,777 - MainThread - updateUi - DEBUG - Reset de l'affichage de la courbe
2024-12-22 19:30:33,858 - MainThread - updateUi - DEBUG - Reset de l'affichage de la courbe
2024-12-22 19:30:33,922 - MainThread - updateUi - DEBUG - Reset de l'affichage de la courbe
2024-12-22 19:30:33,993 - MainThread - updateUi - DEBUG - Reset de l'affichage de la courbe
2024-12-22 19:30:34,057 - MainThread - updateUi - DEBUG - Reset de l'affichage de la courbe
2024-12-22 19:30:34,129 - MainThread - updateUi - DEBUG - Reset de l'affichage de la courbe
2024-12-22 19:30:34,196 - MainThread - updateUi - DEBUG - Reset de l'affichage de la courbe
2024-12-22 19:30:34,279 - MainThread - updateUi - DEBUG - Reset de l'affichage de la courbe
2024-12-22 19:30:34,371 - MainThread - updateUi - DEBUG - Reset de l'affichage de la courbe
2024-12-22 19:30:34,433 - MainThread - updateUi - DEBUG - Reset de l'affichage de la courbe
2024-12-22 19:30:34,496 - MainThread - updateUi - DEBUG - Reset de l'affichage de la courbe
2024-12-22 19:30:34,575 - MainThread - updateUi - DEBUG - Reset de l'affichage de la courbe
2024-12-22 19:30:34,653 - MainThread - updateUi - DEBUG - Reset de l'affichage de la courbe
2024-12-22 19:30:34,732 - MainThread - updateUi - DEBUG - Reset de l'affichage de la courbe
2024-12-22 19:30:34,795 - MainThread - updateUi - DEBUG - Reset de l'affichage de la courbe
2024-12-22 19:30:34,845 - MainThread - updateUi - DEBUG - Reset de l'affichage de la courbe
2024-12-22 19:30:34,905 - MainThread - updateUi - DEBUG - Reset de l'affichage de la courbe
2024-12-22 19:30:34,967 - MainThread - updateUi - DEBUG - Reset de l'affichage de la courbe
2024-12-22 19:30:35,014 - MainThread - updateUi - DEBUG - Reset de l'affichage de la courbe
2024-12-22 19:30:35,077 - MainThread - updateUi - DEBUG - Reset de l'affichage de la courbe
2024-12-22 19:30:35,156 - MainThread - updateUi - DEBUG - Reset de l'affichage de la courbe
2024-12-22 19:30:35,235 - MainThread - updateUi - DEBUG - Reset de l'affichage de la courbe
2024-12-22 19:30:35,282 - MainThread - updateUi - DEBUG - Reset de l'affichage de la courbe
2024-12-22 19:30:35,376 - MainThread - updateUi - DEBUG - Reset de l'affichage de la courbe
2024-12-22 19:30:35,454 - MainThread - updateUi - DEBUG - Reset de l'affichage de la courbe
2024-12-22 19:30:35,517 - MainThread - updateUi - DEBUG - Reset de l'affichage de la courbe
2024-12-22 19:30:35,579 - MainThread - updateUi - DEBUG - Reset de l'affichage de la courbe
2024-12-22 19:30:35,642 - MainThread - updateUi - DEBUG - Reset de l'affichage de la courbe
2024-12-22 19:30:35,704 - MainThread - updateUi - DEBUG - Reset de l'affichage de la courbe
2024-12-22 19:30:35,783 - MainThread - updateUi - DEBUG - Reset de l'affichage de la courbe
2024-12-22 19:30:35,829 - MainThread - updateUi - DEBUG - Reset de l'affichage de la courbe
2024-12-22 19:30:35,896 - MainThread - updateUi - DEBUG - Reset de l'affichage de la courbe
2024-12-22 19:30:35,955 - MainThread - updateUi - DEBUG - Reset de l'affichage de la courbe
2024-12-22 19:30:36,034 - MainThread - updateUi - DEBUG - Reset de l'affichage de la courbe
2024-12-22 19:30:36,112 - MainThread - updateUi - DEBUG - Reset de l'affichage de la courbe
2024-12-22 19:30:36,190 - MainThread - updateUi - DEBUG - Reset de l'affichage de la courbe
2024-12-22 19:30:36,269 - MainThread - updateUi - DEBUG - Reset de l'affichage de la courbe
2024-12-22 19:30:36,331 - MainThread - updateUi - DEBUG - Reset de l'affichage de la courbe
2024-12-22 19:30:36,409 - MainThread - updateUi - DEBUG - Reset de l'affichage de la courbe
2024-12-22 19:30:36,488 - MainThread - updateUi - DEBUG - Reset de l'affichage de la courbe
2024-12-22 19:30:36,559 - MainThread - updateUi - DEBUG - Reset de l'affichage de la courbe
2024-12-22 19:30:36,638 - MainThread - updateUi - DEBUG - Reset de l'affichage de la courbe
2024-12-22 19:30:36,709 - MainThread - updateUi - DEBUG - Reset de l'affichage de la courbe
2024-12-22 19:30:36,777 - MainThread - updateUi - DEBUG - Reset de l'affichage de la courbe
2024-12-22 19:30:36,838 - MainThread - updateUi - DEBUG - Reset de l'affichage de la courbe
2024-12-22 19:30:36,917 - MainThread - updateUi - DEBUG - Reset de l'affichage de la courbe
2024-12-22 19:30:36,995 - MainThread - updateUi - DEBUG - Reset de l'affichage de la courbe
2024-12-22 19:30:37,073 - MainThread - updateUi - DEBUG - Reset de l'affichage de la courbe
2024-12-22 19:30:37,148 - MainThread - updateUi - DEBUG - Reset de l'affichage de la courbe
2024-12-22 19:30:37,219 - MainThread - updateUi - DEBUG - Reset de l'affichage de la courbe
2024-12-22 19:30:37,291 - MainThread - updateUi - DEBUG - Reset de l'affichage de la courbe
2024-12-22 19:30:37,371 - MainThread - updateUi - DEBUG - Reset de l'affichage de la courbe
2024-12-22 19:30:37,458 - MainThread - updateUi - DEBUG - Reset de l'affichage de la courbe
2024-12-22 19:30:37,539 - MainThread - updateUi - DEBUG - Reset de l'affichage de la courbe
2024-12-22 19:30:37,612 - MainThread - updateUi - DEBUG - Reset de l'affichage de la courbe
2024-12-22 19:30:37,663 - MainThread - updateUi - DEBUG - Reset de l'affichage de la courbe
2024-12-22 19:30:37,745 - MainThread - updateUi - DEBUG - Reset de l'affichage de la courbe
2024-12-22 19:30:37,810 - MainThread - updateUi - DEBUG - Reset de l'affichage de la courbe
2024-12-22 19:30:37,874 - MainThread - updateUi - DEBUG - Reset de l'affichage de la courbe
2024-12-22 19:30:37,959 - MainThread - updateUi - DEBUG - Reset de l'affichage de la courbe
2024-12-22 19:30:38,022 - MainThread - updateUi - DEBUG - Reset de l'affichage de la courbe
2024-12-22 19:30:38,100 - MainThread - updateUi - DEBUG - Reset de l'affichage de la courbe
2024-12-22 19:30:38,179 - MainThread - updateUi - DEBUG - Reset de l'affichage de la courbe
2024-12-22 19:30:38,257 - MainThread - updateUi - DEBUG - Reset de l'affichage de la courbe
2024-12-22 19:30:38,319 - MainThread - updateUi - DEBUG - Reset de l'affichage de la courbe
2024-12-22 19:30:38,397 - MainThread - updateUi - DEBUG - Reset de l'affichage de la courbe
2024-12-22 19:30:38,460 - MainThread - updateUi - DEBUG - Reset de l'affichage de la courbe
2024-12-22 19:30:38,522 - MainThread - updateUi - DEBUG - Reset de l'affichage de la courbe
2024-12-22 19:30:38,585 - MainThread - updateUi - DEBUG - Reset de l'affichage de la courbe
2024-12-22 19:30:38,648 - MainThread - updateUi - DEBUG - Reset de l'affichage de la courbe
2024-12-22 19:30:38,710 - MainThread - updateUi - DEBUG - Reset de l'affichage de la courbe
2024-12-22 19:30:38,773 - MainThread - updateUi - DEBUG - Reset de l'affichage de la courbe
2024-12-22 19:30:38,835 - MainThread - updateUi - DEBUG - Reset de l'affichage de la courbe
2024-12-22 19:30:38,914 - MainThread - updateUi - DEBUG - Reset de l'affichage de la courbe
2024-12-22 19:30:38,992 - MainThread - updateUi - DEBUG - Reset de l'affichage de la courbe
2024-12-22 19:30:39,070 - MainThread - updateUi - DEBUG - Reset de l'affichage de la courbe
2024-12-22 19:30:39,148 - MainThread - updateUi - DEBUG - Reset de l'affichage de la courbe
2024-12-22 19:30:39,211 - MainThread - updateUi - DEBUG - Reset de l'affichage de la courbe
2024-12-22 19:30:39,277 - MainThread - updateUi - DEBUG - Reset de l'affichage de la courbe
2024-12-22 19:30:39,352 - MainThread - updateUi - DEBUG - Reset de l'affichage de la courbe
2024-12-22 19:30:39,424 - MainThread - updateUi - DEBUG - Reset de l'affichage de la courbe
2024-12-22 19:30:39,494 - MainThread - updateUi - DEBUG - Reset de l'affichage de la courbe
2024-12-22 19:30:39,573 - MainThread - updateUi - DEBUG - Reset de l'affichage de la courbe
2024-12-22 19:30:39,644 - MainThread - updateUi - DEBUG - Reset de l'affichage de la courbe
2024-12-22 19:30:39,724 - MainThread - updateUi - DEBUG - Reset de l'affichage de la courbe
2024-12-22 19:30:39,792 - MainThread - updateUi - DEBUG - Reset de l'affichage de la courbe
2024-12-22 19:30:39,867 - MainThread - updateUi - DEBUG - Reset de l'affichage de la courbe
2024-12-22 19:30:39,944 - MainThread - updateUi - DEBUG - Reset de l'affichage de la courbe
2024-12-22 19:30:40,044 - MainThread - updateUi - DEBUG - Reset de l'affichage de la courbe
2024-12-22 19:30:40,117 - MainThread - updateUi - DEBUG - Reset de l'affichage de la courbe
2024-12-22 19:30:40,195 - MainThread - updateUi - DEBUG - Reset de l'affichage de la courbe
2024-12-22 19:30:40,263 - MainThread - updateUi - DEBUG - Reset de l'affichage de la courbe
2024-12-22 19:30:40,332 - MainThread - updateUi - DEBUG - Reset de l'affichage de la courbe
2024-12-22 19:30:40,410 - MainThread - updateUi - DEBUG - Reset de l'affichage de la courbe
2024-12-22 19:30:40,488 - MainThread - updateUi - DEBUG - Reset de l'affichage de la courbe
2024-12-22 19:30:40,560 - MainThread - updateUi - DEBUG - Reset de l'affichage de la courbe
2024-12-22 19:30:40,640 - MainThread - updateUi - DEBUG - Reset de l'affichage de la courbe
2024-12-22 19:30:40,718 - MainThread - updateUi - DEBUG - Reset de l'affichage de la courbe
2024-12-22 19:30:40,797 - MainThread - updateUi - DEBUG - Reset de l'affichage de la courbe
2024-12-22 19:30:40,859 - MainThread - updateUi - DEBUG - Reset de l'affichage de la courbe
2024-12-22 19:30:40,938 - MainThread - updateUi - DEBUG - Reset de l'affichage de la courbe
2024-12-22 19:30:41,009 - MainThread - updateUi - DEBUG - Reset de l'affichage de la courbe
2024-12-22 19:30:41,073 - MainThread - updateUi - DEBUG - Reset de l'affichage de la courbe
2024-12-22 19:30:41,152 - MainThread - updateUi - DEBUG - Reset de l'affichage de la courbe
2024-12-22 19:30:41,230 - MainThread - updateUi - DEBUG - Reset de l'affichage de la courbe
2024-12-22 19:30:41,308 - MainThread - updateUi - DEBUG - Reset de l'affichage de la courbe
2024-12-22 19:30:41,393 - MainThread - updateUi - DEBUG - Reset de l'affichage de la courbe
2024-12-22 19:30:41,470 - MainThread - updateUi - DEBUG - Reset de l'affichage de la courbe
2024-12-22 19:30:41,551 - MainThread - updateUi - DEBUG - Reset de l'affichage de la courbe
2024-12-22 19:30:41,615 - MainThread - updateUi - DEBUG - Reset de l'affichage de la courbe
2024-12-22 19:30:41,694 - MainThread - updateUi - DEBUG - Reset de l'affichage de la courbe
2024-12-22 19:30:41,769 - MainThread - updateUi - DEBUG - Reset de l'affichage de la courbe
2024-12-22 19:30:41,844 - MainThread - updateUi - DEBUG - Reset de l'affichage de la courbe
2024-12-22 19:30:41,909 - MainThread - updateUi - DEBUG - Reset de l'affichage de la courbe
2024-12-22 19:30:41,992 - MainThread - updateUi - DEBUG - Reset de l'affichage de la courbe
2024-12-22 19:30:42,074 - MainThread - updateUi - DEBUG - Reset de l'affichage de la courbe
2024-12-22 19:30:42,163 - MainThread - updateUi - DEBUG - Reset de l'affichage de la courbe
2024-12-22 19:30:42,237 - MainThread - updateUi - DEBUG - Reset de l'affichage de la courbe
2024-12-22 19:30:42,321 - MainThread - updateUi - DEBUG - Reset de l'affichage de la courbe
2024-12-22 19:30:42,394 - MainThread - updateUi - DEBUG - Reset de l'affichage de la courbe
2024-12-22 19:30:42,472 - MainThread - updateUi - DEBUG - Reset de l'affichage de la courbe
2024-12-22 19:30:42,547 - MainThread - updateUi - DEBUG - Reset de l'affichage de la courbe
2024-12-22 19:30:42,636 - MainThread - updateUi - DEBUG - Reset de l'affichage de la courbe
2024-12-22 19:30:42,726 - MainThread - updateUi - DEBUG - Reset de l'affichage de la courbe
2024-12-22 19:30:42,818 - MainThread - updateUi - DEBUG - Reset de l'affichage de la courbe
2024-12-22 19:30:42,903 - MainThread - updateUi - DEBUG - Reset de l'affichage de la courbe
2024-12-22 19:30:42,974 - MainThread - updateUi - DEBUG - Reset de l'affichage de la courbe
2024-12-22 19:30:43,043 - MainThread - updateUi - DEBUG - Reset de l'affichage de la courbe
2024-12-22 19:30:43,110 - MainThread - updateUi - DEBUG - Reset de l'affichage de la courbe
2024-12-22 19:30:43,223 - MainThread - updateUi - DEBUG - Reset de l'affichage de la courbe
2024-12-22 19:30:43,305 - MainThread - updateUi - DEBUG - Reset de l'affichage de la courbe
2024-12-22 19:30:43,380 - MainThread - updateUi - DEBUG - Reset de l'affichage de la courbe
2024-12-22 19:30:43,459 - MainThread - updateUi - DEBUG - Reset de l'affichage de la courbe
2024-12-22 19:30:43,527 - MainThread - updateUi - DEBUG - Reset de l'affichage de la courbe
2024-12-22 19:30:43,601 - MainThread - updateUi - DEBUG - Reset de l'affichage de la courbe
2024-12-22 19:30:43,663 - MainThread - updateUi - DEBUG - Reset de l'affichage de la courbe
2024-12-22 19:30:43,741 - MainThread - updateUi - DEBUG - Reset de l'affichage de la courbe
2024-12-22 19:30:43,810 - MainThread - updateUi - DEBUG - Reset de l'affichage de la courbe
2024-12-22 19:30:43,879 - MainThread - updateUi - DEBUG - Reset de l'affichage de la courbe
2024-12-22 19:30:43,978 - MainThread - updateUi - DEBUG - Reset de l'affichage de la courbe
2024-12-22 19:30:44,057 - MainThread - updateUi - DEBUG - Reset de l'affichage de la courbe
2024-12-22 19:30:44,134 - MainThread - updateUi - DEBUG - Reset de l'affichage de la courbe
2024-12-22 19:30:44,209 - MainThread - updateUi - DEBUG - Reset de l'affichage de la courbe
2024-12-22 19:30:44,285 - MainThread - updateUi - DEBUG - Reset de l'affichage de la courbe
2024-12-22 19:30:44,362 - MainThread - updateUi - DEBUG - Reset de l'affichage de la courbe
2024-12-22 19:30:44,446 - MainThread - updateUi - DEBUG - Reset de l'affichage de la courbe
2024-12-22 19:30:44,529 - MainThread - updateUi - DEBUG - Reset de l'affichage de la courbe
2024-12-22 19:30:44,596 - MainThread - updateUi - DEBUG - Reset de l'affichage de la courbe
2024-12-22 19:30:44,667 - MainThread - updateUi - DEBUG - Reset de l'affichage de la courbe
2024-12-22 19:30:44,746 - MainThread - updateUi - DEBUG - Reset de l'affichage de la courbe
2024-12-22 19:30:44,813 - MainThread - updateUi - DEBUG - Reset de l'affichage de la courbe
2024-12-22 19:30:44,884 - MainThread - updateUi - DEBUG - Reset de l'affichage de la courbe
2024-12-22 19:30:44,973 - MainThread - updateUi - DEBUG - Reset de l'affichage de la courbe
2024-12-22 19:30:45,054 - MainThread - updateUi - DEBUG - Reset de l'affichage de la courbe
2024-12-22 19:30:45,137 - MainThread - updateUi - DEBUG - Reset de l'affichage de la courbe
2024-12-22 19:30:45,224 - MainThread - updateUi - DEBUG - Reset de l'affichage de la courbe
2024-12-22 19:30:45,327 - MainThread - updateUi - DEBUG - Reset de l'affichage de la courbe
2024-12-22 19:30:45,406 - MainThread - updateUi - DEBUG - Reset de l'affichage de la courbe
2024-12-22 19:30:45,491 - MainThread - updateUi - DEBUG - Reset de l'affichage de la courbe
2024-12-22 19:30:45,587 - MainThread - updateUi - DEBUG - Reset de l'affichage de la courbe
2024-12-22 19:30:45,675 - MainThread - updateUi - DEBUG - Reset de l'affichage de la courbe
2024-12-22 19:30:45,786 - MainThread - updateUi - DEBUG - Reset de l'affichage de la courbe
2024-12-22 19:30:45,874 - MainThread - updateUi - DEBUG - Reset de l'affichage de la courbe
2024-12-22 19:30:45,970 - MainThread - updateUi - DEBUG - Reset de l'affichage de la courbe
2024-12-22 19:30:46,093 - MainThread - updateUi - DEBUG - Reset de l'affichage de la courbe
2024-12-22 19:30:46,186 - MainThread - updateUi - DEBUG - Reset de l'affichage de la courbe
2024-12-22 19:30:46,280 - MainThread - updateUi - DEBUG - Reset de l'affichage de la courbe
2024-12-22 19:30:46,370 - MainThread - updateUi - DEBUG - Reset de l'affichage de la courbe
2024-12-22 19:30:46,468 - MainThread - updateUi - DEBUG - Reset de l'affichage de la courbe
2024-12-22 19:30:46,557 - MainThread - updateUi - DEBUG - Reset de l'affichage de la courbe
2024-12-22 19:30:46,651 - MainThread - updateUi - DEBUG - Reset de l'affichage de la courbe
2024-12-22 19:30:46,730 - MainThread - updateUi - DEBUG - Reset de l'affichage de la courbe
2024-12-22 19:30:46,824 - MainThread - updateUi - DEBUG - Reset de l'affichage de la courbe
2024-12-22 19:30:46,966 - MainThread - updateUi - DEBUG - Reset de l'affichage de la courbe
2024-12-22 19:30:47,060 - MainThread - updateUi - DEBUG - Reset de l'affichage de la courbe
2024-12-22 19:30:47,154 - MainThread - updateUi - DEBUG - Reset de l'affichage de la courbe
2024-12-22 19:30:47,248 - MainThread - updateUi - DEBUG - Reset de l'affichage de la courbe
2024-12-22 19:30:47,326 - MainThread - updateUi - DEBUG - Reset de l'affichage de la courbe
2024-12-22 19:30:47,420 - MainThread - updateUi - DEBUG - Reset de l'affichage de la courbe
2024-12-22 19:30:47,514 - MainThread - updateUi - DEBUG - Reset de l'affichage de la courbe
2024-12-22 19:30:47,608 - MainThread - updateUi - DEBUG - Reset de l'affichage de la courbe
2024-12-22 19:30:47,702 - MainThread - updateUi - DEBUG - Reset de l'affichage de la courbe
2024-12-22 19:30:47,796 - MainThread - updateUi - DEBUG - Reset de l'affichage de la courbe
2024-12-22 19:30:47,891 - MainThread - onClose - INFO - Fermeture de la fenetre
2024-12-22 19:30:47,962 - MainThread - <module> - INFO - Fin du programme
