2024-12-22 19:25:50,476 - MainThread - <module> - INFO - Initialisation du logger
2024-12-22 19:25:50,750 - MainThread - update - DEBUG - Update vaue de la courbe
2024-12-22 19:25:50,795 - MainThread - afficher - INFO - Affichage de la fenetre
2024-12-22 19:25:50,796 - MainThread - updateUi - DEBUG - Reset de l'affichage de la courbe
2024-12-22 19:25:50,884 - MainThread - updateUi - DEBUG - Reset de l'affichage de la courbe
2024-12-22 19:25:50,964 - MainThread - updateUi - DEBUG - Reset de l'affichage de la courbe
2024-12-22 19:25:51,012 - MainThread - updateUi - DEBUG - Reset de l'affichage de la courbe
2024-12-22 19:25:51,075 - MainThread - updateUi - DEBUG - Reset de l'affichage de la courbe
2024-12-22 19:25:51,155 - MainThread - updateUi - DEBUG - Reset de l'affichage de la courbe
2024-12-22 19:25:51,234 - MainThread - updateUi - DEBUG - Reset de l'affichage de la courbe
2024-12-22 19:25:51,296 - MainThread - updateUi - DEBUG - Reset de l'affichage de la courbe
2024-12-22 19:25:51,359 - MainThread - updateUi - DEBUG - Reset de l'affichage de la courbe
2024-12-22 19:25:51,438 - MainThread - updateUi - DEBUG - Reset de l'affichage de la courbe
2024-12-22 19:25:51,510 - MainThread - updateUi - DEBUG - Reset de l'affichage de la courbe
2024-12-22 19:25:51,589 - MainThread - updateUi - DEBUG - Reset de l'affichage de la courbe
2024-12-22 19:25:51,667 - MainThread - updateUi - DEBUG - Reset de l'affichage de la courbe
2024-12-22 19:25:51,757 - MainThread - updateUi - DEBUG - Reset de l'affichage de la courbe
2024-12-22 19:25:51,836 - MainThread - updateUi - DEBUG - Reset de l'affichage de la courbe
2024-12-22 19:25:51,908 - MainThread - updateUi - DEBUG - Reset de l'affichage de la courbe
2024-12-22 19:25:51,972 - MainThread - updateUi - DEBUG - Reset de l'affichage de la courbe
2024-12-22 19:25:52,040 - MainThread - updateUi - DEBUG - Reset de l'affichage de la courbe
2024-12-22 19:25:52,114 - MainThread - updateUi - DEBUG - Reset de l'affichage de la courbe
2024-12-22 19:25:52,182 - MainThread - updateUi - DEBUG - Reset de l'affichage de la courbe
2024-12-22 19:25:52,256 - MainThread - updateUi - DEBUG - Reset de l'affichage de la courbe
2024-12-22 19:25:52,341 - MainThread - updateUi - DEBUG - Reset de l'affichage de la courbe
2024-12-22 19:25:52,405 - MainThread - updateUi - DEBUG - Reset de l'affichage de la courbe
2024-12-22 19:25:52,461 - MainThread - updateUi - DEBUG - Reset de l'affichage de la courbe
2024-12-22 19:25:52,547 - MainThread - updateUi - DEBUG - Reset de l'affichage de la courbe
2024-12-22 19:25:52,614 - MainThread - updateUi - DEBUG - Reset de l'affichage de la courbe
2024-12-22 19:25:52,677 - MainThread - updateUi - DEBUG - Reset de l'affichage de la courbe
2024-12-22 19:25:52,747 - MainThread - updateUi - DEBUG - Reset de l'affichage de la courbe
2024-12-22 19:25:52,829 - MainThread - updateUi - DEBUG - Reset de l'affichage de la courbe
2024-12-22 19:25:52,899 - MainThread - updateUi - DEBUG - Reset de l'affichage de la courbe
2024-12-22 19:25:52,992 - MainThread - updateUi - DEBUG - Reset de l'affichage de la courbe
2024-12-22 19:25:53,043 - MainThread - updateUi - DEBUG - Reset de l'affichage de la courbe
2024-12-22 19:25:53,109 - MainThread - updateUi - DEBUG - Reset de l'affichage de la courbe
2024-12-22 19:25:53,189 - MainThread - updateUi - DEBUG - Reset de l'affichage de la courbe
2024-12-22 19:25:53,261 - MainThread - updateUi - DEBUG - Reset de l'affichage de la courbe
2024-12-22 19:25:53,336 - MainThread - updateUi - DEBUG - Reset de l'affichage de la courbe
2024-12-22 19:25:53,399 - MainThread - updateUi - DEBUG - Reset de l'affichage de la courbe
2024-12-22 19:25:53,461 - MainThread - updateUi - DEBUG - Reset de l'affichage de la courbe
2024-12-22 19:25:53,524 - MainThread - updateUi - DEBUG - Reset de l'affichage de la courbe
2024-12-22 19:25:53,589 - MainThread - updateUi - DEBUG - Reset de l'affichage de la courbe
2024-12-22 19:25:53,652 - MainThread - updateUi - DEBUG - Reset de l'affichage de la courbe
2024-12-22 19:25:53,723 - MainThread - updateUi - DEBUG - Reset de l'affichage de la courbe
2024-12-22 19:25:53,787 - MainThread - updateUi - DEBUG - Reset de l'affichage de la courbe
2024-12-22 19:25:53,843 - MainThread - updateUi - DEBUG - Reset de l'affichage de la courbe
2024-12-22 19:25:53,890 - MainThread - updateUi - DEBUG - Reset de l'affichage de la courbe
2024-12-22 19:25:53,954 - MainThread - updateUi - DEBUG - Reset de l'affichage de la courbe
2024-12-22 19:25:54,025 - MainThread - updateUi - DEBUG - Reset de l'affichage de la courbe
2024-12-22 19:25:54,089 - MainThread - updateUi - DEBUG - Reset de l'affichage de la courbe
2024-12-22 19:25:54,137 - MainThread - updateUi - DEBUG - Reset de l'affichage de la courbe
2024-12-22 19:25:54,208 - MainThread - updateUi - DEBUG - Reset de l'affichage de la courbe
2024-12-22 19:25:54,272 - MainThread - updateUi - DEBUG - Reset de l'affichage de la courbe
2024-12-22 19:25:54,339 - MainThread - updateUi - DEBUG - Reset de l'affichage de la courbe
2024-12-22 19:25:54,402 - MainThread - updateUi - DEBUG - Reset de l'affichage de la courbe
2024-12-22 19:25:54,465 - MainThread - updateUi - DEBUG - Reset de l'affichage de la courbe
2024-12-22 19:25:54,543 - MainThread - updateUi - DEBUG - Reset de l'affichage de la courbe
2024-12-22 19:25:54,605 - MainThread - updateUi - DEBUG - Reset de l'affichage de la courbe
2024-12-22 19:25:54,668 - MainThread - updateUi - DEBUG - Reset de l'affichage de la courbe
2024-12-22 19:25:54,730 - MainThread - updateUi - DEBUG - Reset de l'affichage de la courbe
2024-12-22 19:25:54,793 - MainThread - updateUi - DEBUG - Reset de l'affichage de la courbe
2024-12-22 19:25:54,855 - MainThread - updateUi - DEBUG - Reset de l'affichage de la courbe
2024-12-22 19:25:54,918 - MainThread - updateUi - DEBUG - Reset de l'affichage de la courbe
2024-12-22 19:25:54,965 - MainThread - updateUi - DEBUG - Reset de l'affichage de la courbe
2024-12-22 19:25:55,012 - MainThread - updateUi - DEBUG - Reset de l'affichage de la courbe
2024-12-22 19:25:55,059 - MainThread - updateUi - DEBUG - Reset de l'affichage de la courbe
2024-12-22 19:25:55,137 - MainThread - updateUi - DEBUG - Reset de l'affichage de la courbe
2024-12-22 19:25:55,200 - MainThread - updateUi - DEBUG - Reset de l'affichage de la courbe
2024-12-22 19:25:55,262 - MainThread - updateUi - DEBUG - Reset de l'affichage de la courbe
2024-12-22 19:25:55,341 - MainThread - updateUi - DEBUG - Reset de l'affichage de la courbe
2024-12-22 19:25:55,404 - MainThread - updateUi - DEBUG - Reset de l'affichage de la courbe
2024-12-22 19:25:55,466 - MainThread - updateUi - DEBUG - Reset de l'affichage de la courbe
2024-12-22 19:25:55,544 - MainThread - updateUi - DEBUG - Reset de l'affichage de la courbe
2024-12-22 19:25:55,591 - MainThread - updateUi - DEBUG - Reset de l'affichage de la courbe
2024-12-22 19:25:55,653 - MainThread - updateUi - DEBUG - Reset de l'affichage de la courbe
2024-12-22 19:25:55,716 - MainThread - updateUi - DEBUG - Reset de l'affichage de la courbe
2024-12-22 19:25:55,763 - MainThread - updateUi - DEBUG - Reset de l'affichage de la courbe
2024-12-22 19:25:55,811 - MainThread - updateUi - DEBUG - Reset de l'affichage de la courbe
2024-12-22 19:25:55,873 - MainThread - updateUi - DEBUG - Reset de l'affichage de la courbe
2024-12-22 19:25:55,943 - MainThread - updateUi - DEBUG - Reset de l'affichage de la courbe
2024-12-22 19:25:56,006 - MainThread - updateUi - DEBUG - Reset de l'affichage de la courbe
2024-12-22 19:25:56,070 - MainThread - updateUi - DEBUG - Reset de l'affichage de la courbe
2024-12-22 19:25:56,135 - MainThread - updateUi - DEBUG - Reset de l'affichage de la courbe
2024-12-22 19:25:56,194 - MainThread - updateUi - DEBUG - Reset de l'affichage de la courbe
2024-12-22 19:25:56,260 - MainThread - updateUi - DEBUG - Reset de l'affichage de la courbe
2024-12-22 19:25:56,311 - MainThread - updateUi - DEBUG - Reset de l'affichage de la courbe
2024-12-22 19:25:56,376 - MainThread - updateUi - DEBUG - Reset de l'affichage de la courbe
2024-12-22 19:25:56,441 - MainThread - updateUi - DEBUG - Reset de l'affichage de la courbe
2024-12-22 19:25:56,505 - MainThread - updateUi - DEBUG - Reset de l'affichage de la courbe
2024-12-22 19:25:56,569 - MainThread - updateUi - DEBUG - Reset de l'affichage de la courbe
2024-12-22 19:25:56,641 - MainThread - updateUi - DEBUG - Reset de l'affichage de la courbe
2024-12-22 19:25:56,794 - MainThread - onClose - INFO - Fermeture de la fenetre
2024-12-22 19:25:56,861 - MainThread - <module> - INFO - Fin du programme
