2024-12-15 17:47:39,139 - MainThread - <module> - INFO - Initialisation du logger
2024-12-15 17:47:39,288 - MainThread - update - DEBUG - Update vaue de la courbe
2024-12-15 17:47:39,307 - Thread-1 (MotorTry) - MotorTry - DEBUG - Debut Thread
2024-12-15 17:47:39,307 - MainThread - afficher - INFO - Affichage de la fenetre
2024-12-15 17:47:39,307 - MainThread - updateUi - DEBUG - Reset de l'affichage de la courbe
2024-12-15 17:47:39,346 - MainThread - updateUi - DEBUG - Reset de l'affichage de la courbe
2024-12-15 17:47:39,379 - MainThread - updateUi - DEBUG - Reset de l'affichage de la courbe
2024-12-15 17:47:39,415 - MainThread - updateUi - DEBUG - Reset de l'affichage de la courbe
2024-12-15 17:47:39,446 - MainThread - updateUi - DEBUG - Reset de l'affichage de la courbe
2024-12-15 17:47:39,477 - MainThread - updateUi - DEBUG - Reset de l'affichage de la courbe
2024-12-15 17:47:39,507 - MainThread - updateUi - DEBUG - Reset de l'affichage de la courbe
2024-12-15 17:47:39,538 - MainThread - updateUi - DEBUG - Reset de l'affichage de la courbe
2024-12-15 17:47:39,569 - MainThread - updateUi - DEBUG - Reset de l'affichage de la courbe
2024-12-15 17:47:39,599 - MainThread - updateUi - DEBUG - Reset de l'affichage de la courbe
2024-12-15 17:47:39,630 - MainThread - updateUi - DEBUG - Reset de l'affichage de la courbe
2024-12-15 17:47:39,660 - MainThread - updateUi - DEBUG - Reset de l'affichage de la courbe
2024-12-15 17:47:39,691 - MainThread - updateUi - DEBUG - Reset de l'affichage de la courbe
2024-12-15 17:47:39,722 - MainThread - updateUi - DEBUG - Reset de l'affichage de la courbe
2024-12-15 17:47:39,752 - MainThread - updateUi - DEBUG - Reset de l'affichage de la courbe
2024-12-15 17:47:39,782 - MainThread - updateUi - DEBUG - Reset de l'affichage de la courbe
2024-12-15 17:47:39,813 - MainThread - updateUi - DEBUG - Reset de l'affichage de la courbe
2024-12-15 17:47:39,844 - MainThread - updateUi - DEBUG - Reset de l'affichage de la courbe
2024-12-15 17:47:39,875 - MainThread - updateUi - DEBUG - Reset de l'affichage de la courbe
2024-12-15 17:47:39,906 - MainThread - updateUi - DEBUG - Reset de l'affichage de la courbe
2024-12-15 17:47:39,951 - MainThread - updateUi - DEBUG - Reset de l'affichage de la courbe
2024-12-15 17:47:39,982 - MainThread - updateUi - DEBUG - Reset de l'affichage de la courbe
2024-12-15 17:47:40,013 - MainThread - updateUi - DEBUG - Reset de l'affichage de la courbe
2024-12-15 17:47:40,043 - MainThread - updateUi - DEBUG - Reset de l'affichage de la courbe
2024-12-15 17:47:40,074 - MainThread - updateUi - DEBUG - Reset de l'affichage de la courbe
2024-12-15 17:47:40,105 - MainThread - updateUi - DEBUG - Reset de l'affichage de la courbe
2024-12-15 17:47:40,136 - MainThread - updateUi - DEBUG - Reset de l'affichage de la courbe
2024-12-15 17:47:40,182 - MainThread - updateUi - DEBUG - Reset de l'affichage de la courbe
2024-12-15 17:47:40,213 - MainThread - updateUi - DEBUG - Reset de l'affichage de la courbe
2024-12-15 17:47:40,244 - MainThread - updateUi - DEBUG - Reset de l'affichage de la courbe
2024-12-15 17:47:40,275 - MainThread - updateUi - DEBUG - Reset de l'affichage de la courbe
2024-12-15 17:47:40,305 - MainThread - updateUi - DEBUG - Reset de l'affichage de la courbe
2024-12-15 17:47:40,336 - MainThread - updateUi - DEBUG - Reset de l'affichage de la courbe
2024-12-15 17:47:40,367 - MainThread - updateUi - DEBUG - Reset de l'affichage de la courbe
2024-12-15 17:47:40,398 - MainThread - updateUi - DEBUG - Reset de l'affichage de la courbe
2024-12-15 17:47:40,429 - MainThread - updateUi - DEBUG - Reset de l'affichage de la courbe
2024-12-15 17:47:40,459 - MainThread - updateUi - DEBUG - Reset de l'affichage de la courbe
2024-12-15 17:47:40,490 - MainThread - updateUi - DEBUG - Reset de l'affichage de la courbe
2024-12-15 17:47:40,521 - MainThread - updateUi - DEBUG - Reset de l'affichage de la courbe
2024-12-15 17:47:40,552 - MainThread - updateUi - DEBUG - Reset de l'affichage de la courbe
2024-12-15 17:47:40,582 - MainThread - updateUi - DEBUG - Reset de l'affichage de la courbe
2024-12-15 17:47:40,613 - MainThread - updateUi - DEBUG - Reset de l'affichage de la courbe
2024-12-15 17:47:40,644 - MainThread - updateUi - DEBUG - Reset de l'affichage de la courbe
2024-12-15 17:47:40,675 - MainThread - updateUi - DEBUG - Reset de l'affichage de la courbe
2024-12-15 17:47:40,706 - MainThread - updateUi - DEBUG - Reset de l'affichage de la courbe
2024-12-15 17:47:40,737 - MainThread - updateUi - DEBUG - Reset de l'affichage de la courbe
2024-12-15 17:47:40,767 - MainThread - updateUi - DEBUG - Reset de l'affichage de la courbe
2024-12-15 17:47:40,795 - MainThread - updateUi - DEBUG - Reset de l'affichage de la courbe
2024-12-15 17:47:40,827 - MainThread - updateUi - DEBUG - Reset de l'affichage de la courbe
2024-12-15 17:47:40,859 - MainThread - updateUi - DEBUG - Reset de l'affichage de la courbe
2024-12-15 17:47:40,890 - MainThread - updateUi - DEBUG - Reset de l'affichage de la courbe
2024-12-15 17:47:40,921 - MainThread - updateUi - DEBUG - Reset de l'affichage de la courbe
2024-12-15 17:47:40,951 - MainThread - updateUi - DEBUG - Reset de l'affichage de la courbe
2024-12-15 17:47:40,982 - MainThread - updateUi - DEBUG - Reset de l'affichage de la courbe
2024-12-15 17:47:41,011 - MainThread - updateUi - DEBUG - Reset de l'affichage de la courbe
2024-12-15 17:47:41,043 - MainThread - updateUi - DEBUG - Reset de l'affichage de la courbe
2024-12-15 17:47:41,075 - MainThread - updateUi - DEBUG - Reset de l'affichage de la courbe
2024-12-15 17:47:41,105 - MainThread - updateUi - DEBUG - Reset de l'affichage de la courbe
2024-12-15 17:47:41,136 - MainThread - updateUi - DEBUG - Reset de l'affichage de la courbe
2024-12-15 17:47:41,167 - MainThread - updateUi - DEBUG - Reset de l'affichage de la courbe
2024-12-15 17:47:41,198 - MainThread - updateUi - DEBUG - Reset de l'affichage de la courbe
2024-12-15 17:47:41,229 - MainThread - updateUi - DEBUG - Reset de l'affichage de la courbe
2024-12-15 17:47:41,259 - MainThread - updateUi - DEBUG - Reset de l'affichage de la courbe
2024-12-15 17:47:41,290 - MainThread - updateUi - DEBUG - Reset de l'affichage de la courbe
2024-12-15 17:47:41,321 - MainThread - updateUi - DEBUG - Reset de l'affichage de la courbe
2024-12-15 17:47:41,338 - Thread-1 (MotorTry) - MotorTry - DEBUG - Nouvelle boucle
2024-12-15 17:47:41,339 - Thread-1 (MotorTry) - update - DEBUG - Update vaue de la courbe
2024-12-15 17:47:41,350 - Thread-1 (MotorTry) - MotorTry - DEBUG - Nouvelle boucle
2024-12-15 17:47:41,351 - Thread-1 (MotorTry) - update - DEBUG - Update vaue de la courbe
2024-12-15 17:47:41,352 - MainThread - updateUi - DEBUG - Reset de l'affichage de la courbe
2024-12-15 17:47:41,361 - Thread-1 (MotorTry) - MotorTry - DEBUG - Nouvelle boucle
2024-12-15 17:47:41,362 - Thread-1 (MotorTry) - update - DEBUG - Update vaue de la courbe
2024-12-15 17:47:41,373 - Thread-1 (MotorTry) - MotorTry - DEBUG - Nouvelle boucle
2024-12-15 17:47:41,373 - Thread-1 (MotorTry) - update - DEBUG - Update vaue de la courbe
2024-12-15 17:47:41,384 - Thread-1 (MotorTry) - MotorTry - DEBUG - Nouvelle boucle
2024-12-15 17:47:41,384 - Thread-1 (MotorTry) - update - DEBUG - Update vaue de la courbe
2024-12-15 17:47:41,395 - Thread-1 (MotorTry) - MotorTry - DEBUG - Nouvelle boucle
2024-12-15 17:47:41,395 - Thread-1 (MotorTry) - update - DEBUG - Update vaue de la courbe
2024-12-15 17:47:41,398 - MainThread - updateUi - DEBUG - Reset de l'affichage de la courbe
2024-12-15 17:47:41,407 - Thread-1 (MotorTry) - MotorTry - DEBUG - Nouvelle boucle
2024-12-15 17:47:41,408 - Thread-1 (MotorTry) - update - DEBUG - Update vaue de la courbe
2024-12-15 17:47:41,418 - Thread-1 (MotorTry) - MotorTry - DEBUG - Nouvelle boucle
2024-12-15 17:47:41,419 - Thread-1 (MotorTry) - update - DEBUG - Update vaue de la courbe
2024-12-15 17:47:41,429 - Thread-1 (MotorTry) - MotorTry - DEBUG - Nouvelle boucle
2024-12-15 17:47:41,430 - Thread-1 (MotorTry) - update - DEBUG - Update vaue de la courbe
2024-12-15 17:47:41,440 - Thread-1 (MotorTry) - MotorTry - DEBUG - Nouvelle boucle
2024-12-15 17:47:41,440 - Thread-1 (MotorTry) - update - DEBUG - Update vaue de la courbe
2024-12-15 17:47:41,444 - MainThread - updateUi - DEBUG - Reset de l'affichage de la courbe
2024-12-15 17:47:41,451 - Thread-1 (MotorTry) - MotorTry - DEBUG - Nouvelle boucle
2024-12-15 17:47:41,452 - Thread-1 (MotorTry) - update - DEBUG - Update vaue de la courbe
2024-12-15 17:47:41,462 - Thread-1 (MotorTry) - MotorTry - DEBUG - Nouvelle boucle
2024-12-15 17:47:41,463 - Thread-1 (MotorTry) - update - DEBUG - Update vaue de la courbe
2024-12-15 17:47:41,473 - Thread-1 (MotorTry) - MotorTry - DEBUG - Nouvelle boucle
2024-12-15 17:47:41,474 - Thread-1 (MotorTry) - update - DEBUG - Update vaue de la courbe
2024-12-15 17:47:41,484 - Thread-1 (MotorTry) - MotorTry - DEBUG - Nouvelle boucle
2024-12-15 17:47:41,485 - Thread-1 (MotorTry) - update - DEBUG - Update vaue de la courbe
2024-12-15 17:47:41,491 - MainThread - updateUi - DEBUG - Reset de l'affichage de la courbe
2024-12-15 17:47:41,495 - Thread-1 (MotorTry) - MotorTry - DEBUG - Nouvelle boucle
2024-12-15 17:47:41,496 - Thread-1 (MotorTry) - update - DEBUG - Update vaue de la courbe
2024-12-15 17:47:41,507 - Thread-1 (MotorTry) - MotorTry - DEBUG - Nouvelle boucle
2024-12-15 17:47:41,507 - Thread-1 (MotorTry) - update - DEBUG - Update vaue de la courbe
2024-12-15 17:47:41,518 - Thread-1 (MotorTry) - MotorTry - DEBUG - Nouvelle boucle
2024-12-15 17:47:41,518 - Thread-1 (MotorTry) - update - DEBUG - Update vaue de la courbe
2024-12-15 17:47:41,529 - Thread-1 (MotorTry) - MotorTry - DEBUG - Nouvelle boucle
2024-12-15 17:47:41,529 - Thread-1 (MotorTry) - update - DEBUG - Update vaue de la courbe
2024-12-15 17:47:41,537 - MainThread - updateUi - DEBUG - Reset de l'affichage de la courbe
2024-12-15 17:47:41,540 - Thread-1 (MotorTry) - MotorTry - DEBUG - Nouvelle boucle
2024-12-15 17:47:41,541 - Thread-1 (MotorTry) - update - DEBUG - Update vaue de la courbe
2024-12-15 17:47:41,551 - Thread-1 (MotorTry) - MotorTry - DEBUG - Nouvelle boucle
2024-12-15 17:47:41,552 - Thread-1 (MotorTry) - update - DEBUG - Update vaue de la courbe
2024-12-15 17:47:41,562 - Thread-1 (MotorTry) - MotorTry - DEBUG - Nouvelle boucle
2024-12-15 17:47:41,563 - Thread-1 (MotorTry) - update - DEBUG - Update vaue de la courbe
2024-12-15 17:47:41,568 - MainThread - updateUi - DEBUG - Reset de l'affichage de la courbe
2024-12-15 17:47:41,573 - Thread-1 (MotorTry) - MotorTry - DEBUG - Nouvelle boucle
2024-12-15 17:47:41,575 - Thread-1 (MotorTry) - update - DEBUG - Update vaue de la courbe
2024-12-15 17:47:41,586 - Thread-1 (MotorTry) - MotorTry - DEBUG - Nouvelle boucle
2024-12-15 17:47:41,586 - Thread-1 (MotorTry) - update - DEBUG - Update vaue de la courbe
2024-12-15 17:47:41,597 - Thread-1 (MotorTry) - MotorTry - DEBUG - Nouvelle boucle
2024-12-15 17:47:41,597 - Thread-1 (MotorTry) - update - DEBUG - Update vaue de la courbe
2024-12-15 17:47:41,599 - MainThread - updateUi - DEBUG - Reset de l'affichage de la courbe
2024-12-15 17:47:41,608 - Thread-1 (MotorTry) - MotorTry - DEBUG - Nouvelle boucle
2024-12-15 17:47:41,609 - Thread-1 (MotorTry) - update - DEBUG - Update vaue de la courbe
2024-12-15 17:47:41,619 - Thread-1 (MotorTry) - MotorTry - DEBUG - Nouvelle boucle
2024-12-15 17:47:41,619 - Thread-1 (MotorTry) - update - DEBUG - Update vaue de la courbe
2024-12-15 17:47:41,630 - Thread-1 (MotorTry) - MotorTry - DEBUG - Nouvelle boucle
2024-12-15 17:47:41,630 - MainThread - updateUi - DEBUG - Reset de l'affichage de la courbe
2024-12-15 17:47:41,633 - Thread-1 (MotorTry) - update - DEBUG - Update vaue de la courbe
2024-12-15 17:47:41,644 - Thread-1 (MotorTry) - MotorTry - DEBUG - Nouvelle boucle
2024-12-15 17:47:41,644 - Thread-1 (MotorTry) - update - DEBUG - Update vaue de la courbe
2024-12-15 17:47:41,655 - Thread-1 (MotorTry) - MotorTry - DEBUG - Nouvelle boucle
2024-12-15 17:47:41,655 - Thread-1 (MotorTry) - update - DEBUG - Update vaue de la courbe
2024-12-15 17:47:41,666 - Thread-1 (MotorTry) - MotorTry - DEBUG - Nouvelle boucle
2024-12-15 17:47:41,667 - Thread-1 (MotorTry) - update - DEBUG - Update vaue de la courbe
2024-12-15 17:47:41,676 - MainThread - updateUi - DEBUG - Reset de l'affichage de la courbe
2024-12-15 17:47:41,677 - Thread-1 (MotorTry) - MotorTry - DEBUG - Nouvelle boucle
2024-12-15 17:47:41,680 - Thread-1 (MotorTry) - update - DEBUG - Update vaue de la courbe
2024-12-15 17:47:41,691 - Thread-1 (MotorTry) - MotorTry - DEBUG - Nouvelle boucle
2024-12-15 17:47:41,691 - Thread-1 (MotorTry) - update - DEBUG - Update vaue de la courbe
2024-12-15 17:47:41,702 - Thread-1 (MotorTry) - MotorTry - DEBUG - Nouvelle boucle
2024-12-15 17:47:41,703 - Thread-1 (MotorTry) - update - DEBUG - Update vaue de la courbe
2024-12-15 17:47:41,713 - Thread-1 (MotorTry) - MotorTry - DEBUG - Nouvelle boucle
2024-12-15 17:47:41,713 - Thread-1 (MotorTry) - update - DEBUG - Update vaue de la courbe
2024-12-15 17:47:41,722 - MainThread - updateUi - DEBUG - Reset de l'affichage de la courbe
2024-12-15 17:47:41,725 - Thread-1 (MotorTry) - MotorTry - DEBUG - Nouvelle boucle
2024-12-15 17:47:41,726 - Thread-1 (MotorTry) - update - DEBUG - Update vaue de la courbe
2024-12-15 17:47:41,737 - Thread-1 (MotorTry) - MotorTry - DEBUG - Nouvelle boucle
2024-12-15 17:47:41,737 - Thread-1 (MotorTry) - update - DEBUG - Update vaue de la courbe
2024-12-15 17:47:41,748 - Thread-1 (MotorTry) - MotorTry - DEBUG - Nouvelle boucle
2024-12-15 17:47:41,748 - Thread-1 (MotorTry) - update - DEBUG - Update vaue de la courbe
2024-12-15 17:47:41,753 - MainThread - updateUi - DEBUG - Reset de l'affichage de la courbe
2024-12-15 17:47:41,759 - Thread-1 (MotorTry) - MotorTry - DEBUG - Nouvelle boucle
2024-12-15 17:47:41,760 - Thread-1 (MotorTry) - update - DEBUG - Update vaue de la courbe
2024-12-15 17:47:41,770 - Thread-1 (MotorTry) - MotorTry - DEBUG - Nouvelle boucle
2024-12-15 17:47:41,771 - Thread-1 (MotorTry) - update - DEBUG - Update vaue de la courbe
2024-12-15 17:47:41,781 - Thread-1 (MotorTry) - MotorTry - DEBUG - Nouvelle boucle
2024-12-15 17:47:41,782 - Thread-1 (MotorTry) - update - DEBUG - Update vaue de la courbe
2024-12-15 17:47:41,784 - MainThread - updateUi - DEBUG - Reset de l'affichage de la courbe
2024-12-15 17:47:41,792 - Thread-1 (MotorTry) - MotorTry - DEBUG - Nouvelle boucle
2024-12-15 17:47:41,795 - Thread-1 (MotorTry) - update - DEBUG - Update vaue de la courbe
2024-12-15 17:47:41,805 - Thread-1 (MotorTry) - MotorTry - DEBUG - Nouvelle boucle
2024-12-15 17:47:41,806 - Thread-1 (MotorTry) - update - DEBUG - Update vaue de la courbe
2024-12-15 17:47:41,815 - MainThread - updateUi - DEBUG - Reset de l'affichage de la courbe
2024-12-15 17:47:41,817 - Thread-1 (MotorTry) - MotorTry - DEBUG - Nouvelle boucle
2024-12-15 17:47:41,818 - Thread-1 (MotorTry) - update - DEBUG - Update vaue de la courbe
2024-12-15 17:47:41,829 - Thread-1 (MotorTry) - MotorTry - DEBUG - Nouvelle boucle
2024-12-15 17:47:41,830 - Thread-1 (MotorTry) - update - DEBUG - Update vaue de la courbe
2024-12-15 17:47:41,840 - Thread-1 (MotorTry) - MotorTry - DEBUG - Nouvelle boucle
2024-12-15 17:47:41,841 - Thread-1 (MotorTry) - update - DEBUG - Update vaue de la courbe
2024-12-15 17:47:41,846 - MainThread - updateUi - DEBUG - Reset de l'affichage de la courbe
2024-12-15 17:47:41,852 - Thread-1 (MotorTry) - MotorTry - DEBUG - Nouvelle boucle
2024-12-15 17:47:41,853 - Thread-1 (MotorTry) - update - DEBUG - Update vaue de la courbe
2024-12-15 17:47:41,864 - Thread-1 (MotorTry) - MotorTry - DEBUG - Nouvelle boucle
2024-12-15 17:47:41,864 - Thread-1 (MotorTry) - update - DEBUG - Update vaue de la courbe
2024-12-15 17:47:41,875 - Thread-1 (MotorTry) - MotorTry - DEBUG - Nouvelle boucle
2024-12-15 17:47:41,875 - Thread-1 (MotorTry) - update - DEBUG - Update vaue de la courbe
2024-12-15 17:47:41,877 - MainThread - updateUi - DEBUG - Reset de l'affichage de la courbe
2024-12-15 17:47:41,886 - Thread-1 (MotorTry) - MotorTry - DEBUG - Nouvelle boucle
2024-12-15 17:47:41,888 - Thread-1 (MotorTry) - update - DEBUG - Update vaue de la courbe
2024-12-15 17:47:41,899 - Thread-1 (MotorTry) - MotorTry - DEBUG - Nouvelle boucle
2024-12-15 17:47:41,899 - Thread-1 (MotorTry) - update - DEBUG - Update vaue de la courbe
2024-12-15 17:47:41,908 - MainThread - updateUi - DEBUG - Reset de l'affichage de la courbe
2024-12-15 17:47:41,910 - Thread-1 (MotorTry) - MotorTry - DEBUG - Nouvelle boucle
2024-12-15 17:47:41,912 - Thread-1 (MotorTry) - update - DEBUG - Update vaue de la courbe
2024-12-15 17:47:41,922 - Thread-1 (MotorTry) - MotorTry - DEBUG - Nouvelle boucle
2024-12-15 17:47:41,923 - Thread-1 (MotorTry) - update - DEBUG - Update vaue de la courbe
2024-12-15 17:47:41,933 - Thread-1 (MotorTry) - MotorTry - DEBUG - Nouvelle boucle
2024-12-15 17:47:41,934 - Thread-1 (MotorTry) - update - DEBUG - Update vaue de la courbe
2024-12-15 17:47:41,939 - MainThread - updateUi - DEBUG - Reset de l'affichage de la courbe
2024-12-15 17:47:41,945 - Thread-1 (MotorTry) - MotorTry - DEBUG - Nouvelle boucle
2024-12-15 17:47:41,947 - Thread-1 (MotorTry) - update - DEBUG - Update vaue de la courbe
2024-12-15 17:47:41,957 - Thread-1 (MotorTry) - MotorTry - DEBUG - Nouvelle boucle
2024-12-15 17:47:41,957 - Thread-1 (MotorTry) - update - DEBUG - Update vaue de la courbe
2024-12-15 17:47:41,968 - Thread-1 (MotorTry) - MotorTry - DEBUG - Nouvelle boucle
2024-12-15 17:47:41,968 - Thread-1 (MotorTry) - update - DEBUG - Update vaue de la courbe
2024-12-15 17:47:41,970 - MainThread - updateUi - DEBUG - Reset de l'affichage de la courbe
2024-12-15 17:47:41,980 - Thread-1 (MotorTry) - MotorTry - DEBUG - Nouvelle boucle
2024-12-15 17:47:41,981 - Thread-1 (MotorTry) - update - DEBUG - Update vaue de la courbe
2024-12-15 17:47:41,991 - Thread-1 (MotorTry) - MotorTry - DEBUG - Nouvelle boucle
2024-12-15 17:47:41,992 - Thread-1 (MotorTry) - update - DEBUG - Update vaue de la courbe
2024-12-15 17:47:42,001 - MainThread - updateUi - DEBUG - Reset de l'affichage de la courbe
2024-12-15 17:47:42,003 - Thread-1 (MotorTry) - MotorTry - DEBUG - Nouvelle boucle
2024-12-15 17:47:42,005 - Thread-1 (MotorTry) - update - DEBUG - Update vaue de la courbe
2024-12-15 17:47:42,015 - Thread-1 (MotorTry) - MotorTry - DEBUG - Nouvelle boucle
2024-12-15 17:47:42,016 - Thread-1 (MotorTry) - update - DEBUG - Update vaue de la courbe
2024-12-15 17:47:42,026 - Thread-1 (MotorTry) - MotorTry - DEBUG - Nouvelle boucle
2024-12-15 17:47:42,027 - Thread-1 (MotorTry) - update - DEBUG - Update vaue de la courbe
2024-12-15 17:47:42,031 - MainThread - updateUi - DEBUG - Reset de l'affichage de la courbe
2024-12-15 17:47:42,037 - Thread-1 (MotorTry) - MotorTry - DEBUG - Nouvelle boucle
2024-12-15 17:47:42,040 - Thread-1 (MotorTry) - update - DEBUG - Update vaue de la courbe
2024-12-15 17:47:42,051 - Thread-1 (MotorTry) - MotorTry - DEBUG - Nouvelle boucle
2024-12-15 17:47:42,051 - Thread-1 (MotorTry) - update - DEBUG - Update vaue de la courbe
2024-12-15 17:47:42,062 - Thread-1 (MotorTry) - MotorTry - DEBUG - Nouvelle boucle
2024-12-15 17:47:42,063 - Thread-1 (MotorTry) - update - DEBUG - Update vaue de la courbe
2024-12-15 17:47:42,074 - Thread-1 (MotorTry) - MotorTry - DEBUG - Nouvelle boucle
2024-12-15 17:47:42,074 - Thread-1 (MotorTry) - update - DEBUG - Update vaue de la courbe
2024-12-15 17:47:42,077 - MainThread - updateUi - DEBUG - Reset de l'affichage de la courbe
2024-12-15 17:47:42,085 - Thread-1 (MotorTry) - MotorTry - DEBUG - Nouvelle boucle
2024-12-15 17:47:42,087 - Thread-1 (MotorTry) - update - DEBUG - Update vaue de la courbe
2024-12-15 17:47:42,098 - Thread-1 (MotorTry) - MotorTry - DEBUG - Nouvelle boucle
2024-12-15 17:47:42,099 - Thread-1 (MotorTry) - update - DEBUG - Update vaue de la courbe
2024-12-15 17:47:42,108 - MainThread - updateUi - DEBUG - Reset de l'affichage de la courbe
2024-12-15 17:47:42,110 - Thread-1 (MotorTry) - MotorTry - DEBUG - Nouvelle boucle
2024-12-15 17:47:42,111 - Thread-1 (MotorTry) - update - DEBUG - Update vaue de la courbe
2024-12-15 17:47:42,122 - Thread-1 (MotorTry) - MotorTry - DEBUG - Nouvelle boucle
2024-12-15 17:47:42,122 - Thread-1 (MotorTry) - update - DEBUG - Update vaue de la courbe
2024-12-15 17:47:42,133 - Thread-1 (MotorTry) - MotorTry - DEBUG - Nouvelle boucle
2024-12-15 17:47:42,133 - Thread-1 (MotorTry) - update - DEBUG - Update vaue de la courbe
2024-12-15 17:47:42,139 - MainThread - updateUi - DEBUG - Reset de l'affichage de la courbe
2024-12-15 17:47:42,144 - Thread-1 (MotorTry) - MotorTry - DEBUG - Nouvelle boucle
2024-12-15 17:47:42,144 - Thread-1 (MotorTry) - update - DEBUG - Update vaue de la courbe
2024-12-15 17:47:42,155 - Thread-1 (MotorTry) - MotorTry - DEBUG - Nouvelle boucle
2024-12-15 17:47:42,156 - Thread-1 (MotorTry) - update - DEBUG - Update vaue de la courbe
2024-12-15 17:47:42,166 - Thread-1 (MotorTry) - MotorTry - DEBUG - Nouvelle boucle
2024-12-15 17:47:42,167 - Thread-1 (MotorTry) - update - DEBUG - Update vaue de la courbe
2024-12-15 17:47:42,169 - MainThread - updateUi - DEBUG - Reset de l'affichage de la courbe
2024-12-15 17:47:42,178 - Thread-1 (MotorTry) - MotorTry - DEBUG - Nouvelle boucle
2024-12-15 17:47:42,179 - Thread-1 (MotorTry) - update - DEBUG - Update vaue de la courbe
2024-12-15 17:47:42,190 - Thread-1 (MotorTry) - MotorTry - DEBUG - Nouvelle boucle
2024-12-15 17:47:42,190 - Thread-1 (MotorTry) - update - DEBUG - Update vaue de la courbe
2024-12-15 17:47:42,200 - MainThread - updateUi - DEBUG - Reset de l'affichage de la courbe
2024-12-15 17:47:42,201 - Thread-1 (MotorTry) - MotorTry - DEBUG - Nouvelle boucle
2024-12-15 17:47:42,204 - Thread-1 (MotorTry) - update - DEBUG - Update vaue de la courbe
2024-12-15 17:47:42,214 - Thread-1 (MotorTry) - MotorTry - DEBUG - Nouvelle boucle
2024-12-15 17:47:42,215 - Thread-1 (MotorTry) - update - DEBUG - Update vaue de la courbe
2024-12-15 17:47:42,225 - Thread-1 (MotorTry) - MotorTry - DEBUG - Nouvelle boucle
2024-12-15 17:47:42,226 - Thread-1 (MotorTry) - update - DEBUG - Update vaue de la courbe
2024-12-15 17:47:42,231 - MainThread - updateUi - DEBUG - Reset de l'affichage de la courbe
2024-12-15 17:47:42,237 - Thread-1 (MotorTry) - MotorTry - DEBUG - Nouvelle boucle
2024-12-15 17:47:42,239 - Thread-1 (MotorTry) - update - DEBUG - Update vaue de la courbe
2024-12-15 17:47:42,249 - Thread-1 (MotorTry) - MotorTry - DEBUG - Nouvelle boucle
2024-12-15 17:47:42,250 - Thread-1 (MotorTry) - update - DEBUG - Update vaue de la courbe
2024-12-15 17:47:42,260 - Thread-1 (MotorTry) - MotorTry - DEBUG - Nouvelle boucle
2024-12-15 17:47:42,260 - Thread-1 (MotorTry) - update - DEBUG - Update vaue de la courbe
2024-12-15 17:47:42,262 - MainThread - updateUi - DEBUG - Reset de l'affichage de la courbe
2024-12-15 17:47:42,271 - Thread-1 (MotorTry) - MotorTry - DEBUG - Nouvelle boucle
2024-12-15 17:47:42,272 - Thread-1 (MotorTry) - update - DEBUG - Update vaue de la courbe
2024-12-15 17:47:42,283 - Thread-1 (MotorTry) - MotorTry - DEBUG - Nouvelle boucle
2024-12-15 17:47:42,283 - Thread-1 (MotorTry) - update - DEBUG - Update vaue de la courbe
2024-12-15 17:47:42,293 - MainThread - updateUi - DEBUG - Reset de l'affichage de la courbe
2024-12-15 17:47:42,295 - Thread-1 (MotorTry) - MotorTry - DEBUG - Nouvelle boucle
2024-12-15 17:47:42,296 - Thread-1 (MotorTry) - update - DEBUG - Update vaue de la courbe
2024-12-15 17:47:42,307 - Thread-1 (MotorTry) - MotorTry - DEBUG - Nouvelle boucle
2024-12-15 17:47:42,307 - Thread-1 (MotorTry) - update - DEBUG - Update vaue de la courbe
2024-12-15 17:47:42,318 - Thread-1 (MotorTry) - MotorTry - DEBUG - Nouvelle boucle
2024-12-15 17:47:42,318 - Thread-1 (MotorTry) - update - DEBUG - Update vaue de la courbe
2024-12-15 17:47:42,324 - MainThread - updateUi - DEBUG - Reset de l'affichage de la courbe
2024-12-15 17:47:42,329 - Thread-1 (MotorTry) - MotorTry - DEBUG - Nouvelle boucle
2024-12-15 17:47:42,331 - Thread-1 (MotorTry) - update - DEBUG - Update vaue de la courbe
2024-12-15 17:47:42,341 - Thread-1 (MotorTry) - MotorTry - DEBUG - Nouvelle boucle
2024-12-15 17:47:42,342 - Thread-1 (MotorTry) - update - DEBUG - Update vaue de la courbe
2024-12-15 17:47:42,352 - Thread-1 (MotorTry) - MotorTry - DEBUG - Nouvelle boucle
2024-12-15 17:47:42,353 - Thread-1 (MotorTry) - update - DEBUG - Update vaue de la courbe
2024-12-15 17:47:42,354 - MainThread - updateUi - DEBUG - Reset de l'affichage de la courbe
2024-12-15 17:47:42,364 - Thread-1 (MotorTry) - MotorTry - DEBUG - Nouvelle boucle
2024-12-15 17:47:42,365 - Thread-1 (MotorTry) - update - DEBUG - Update vaue de la courbe
2024-12-15 17:47:42,375 - Thread-1 (MotorTry) - MotorTry - DEBUG - Nouvelle boucle
2024-12-15 17:47:42,376 - Thread-1 (MotorTry) - update - DEBUG - Update vaue de la courbe
2024-12-15 17:47:42,385 - MainThread - updateUi - DEBUG - Reset de l'affichage de la courbe
2024-12-15 17:47:42,387 - Thread-1 (MotorTry) - MotorTry - DEBUG - Nouvelle boucle
2024-12-15 17:47:42,388 - Thread-1 (MotorTry) - update - DEBUG - Update vaue de la courbe
2024-12-15 17:47:42,399 - Thread-1 (MotorTry) - MotorTry - DEBUG - Nouvelle boucle
2024-12-15 17:47:42,400 - Thread-1 (MotorTry) - update - DEBUG - Update vaue de la courbe
2024-12-15 17:47:42,410 - Thread-1 (MotorTry) - MotorTry - DEBUG - Nouvelle boucle
2024-12-15 17:47:42,411 - Thread-1 (MotorTry) - update - DEBUG - Update vaue de la courbe
2024-12-15 17:47:42,416 - MainThread - updateUi - DEBUG - Reset de l'affichage de la courbe
2024-12-15 17:47:42,422 - Thread-1 (MotorTry) - MotorTry - DEBUG - Nouvelle boucle
2024-12-15 17:47:42,424 - Thread-1 (MotorTry) - update - DEBUG - Update vaue de la courbe
2024-12-15 17:47:42,434 - Thread-1 (MotorTry) - MotorTry - DEBUG - Nouvelle boucle
2024-12-15 17:47:42,435 - Thread-1 (MotorTry) - update - DEBUG - Update vaue de la courbe
2024-12-15 17:47:42,446 - Thread-1 (MotorTry) - MotorTry - DEBUG - Nouvelle boucle
2024-12-15 17:47:42,446 - Thread-1 (MotorTry) - update - DEBUG - Update vaue de la courbe
2024-12-15 17:47:42,447 - MainThread - updateUi - DEBUG - Reset de l'affichage de la courbe
2024-12-15 17:47:42,458 - Thread-1 (MotorTry) - MotorTry - DEBUG - Nouvelle boucle
2024-12-15 17:47:42,459 - Thread-1 (MotorTry) - update - DEBUG - Update vaue de la courbe
2024-12-15 17:47:42,469 - Thread-1 (MotorTry) - MotorTry - DEBUG - Nouvelle boucle
2024-12-15 17:47:42,470 - Thread-1 (MotorTry) - update - DEBUG - Update vaue de la courbe
2024-12-15 17:47:42,478 - MainThread - updateUi - DEBUG - Reset de l'affichage de la courbe
2024-12-15 17:47:42,481 - Thread-1 (MotorTry) - MotorTry - DEBUG - Nouvelle boucle
2024-12-15 17:47:42,482 - Thread-1 (MotorTry) - update - DEBUG - Update vaue de la courbe
2024-12-15 17:47:42,492 - Thread-1 (MotorTry) - MotorTry - DEBUG - Nouvelle boucle
2024-12-15 17:47:42,493 - Thread-1 (MotorTry) - update - DEBUG - Update vaue de la courbe
2024-12-15 17:47:42,503 - Thread-1 (MotorTry) - MotorTry - DEBUG - Nouvelle boucle
2024-12-15 17:47:42,503 - Thread-1 (MotorTry) - update - DEBUG - Update vaue de la courbe
2024-12-15 17:47:42,509 - MainThread - updateUi - DEBUG - Reset de l'affichage de la courbe
2024-12-15 17:47:42,515 - Thread-1 (MotorTry) - MotorTry - DEBUG - Nouvelle boucle
2024-12-15 17:47:42,517 - Thread-1 (MotorTry) - update - DEBUG - Update vaue de la courbe
2024-12-15 17:47:42,527 - Thread-1 (MotorTry) - MotorTry - DEBUG - Nouvelle boucle
2024-12-15 17:47:42,528 - Thread-1 (MotorTry) - update - DEBUG - Update vaue de la courbe
2024-12-15 17:47:42,538 - Thread-1 (MotorTry) - MotorTry - DEBUG - Nouvelle boucle
2024-12-15 17:47:42,539 - Thread-1 (MotorTry) - update - DEBUG - Update vaue de la courbe
2024-12-15 17:47:42,540 - MainThread - updateUi - DEBUG - Reset de l'affichage de la courbe
2024-12-15 17:47:42,549 - Thread-1 (MotorTry) - MotorTry - DEBUG - Nouvelle boucle
2024-12-15 17:47:42,551 - Thread-1 (MotorTry) - update - DEBUG - Update vaue de la courbe
2024-12-15 17:47:42,561 - Thread-1 (MotorTry) - MotorTry - DEBUG - Nouvelle boucle
2024-12-15 17:47:42,562 - Thread-1 (MotorTry) - update - DEBUG - Update vaue de la courbe
2024-12-15 17:47:42,586 - MainThread - updateUi - DEBUG - Reset de l'affichage de la courbe
2024-12-15 17:47:42,601 - Thread-1 (MotorTry) - MotorTry - DEBUG - Nouvelle boucle
2024-12-15 17:47:42,663 - Thread-1 (MotorTry) - update - DEBUG - Update vaue de la courbe
2024-12-15 17:47:42,694 - Thread-1 (MotorTry) - MotorTry - DEBUG - Nouvelle boucle
2024-12-15 17:47:42,725 - Thread-1 (MotorTry) - update - DEBUG - Update vaue de la courbe
2024-12-15 17:47:42,741 - Thread-1 (MotorTry) - MotorTry - DEBUG - Nouvelle boucle
2024-12-15 17:47:42,818 - Thread-1 (MotorTry) - update - DEBUG - Update vaue de la courbe
2024-12-15 17:47:42,849 - Thread-1 (MotorTry) - MotorTry - DEBUG - Nouvelle boucle
2024-12-15 17:47:42,958 - Thread-1 (MotorTry) - update - DEBUG - Update vaue de la courbe
2024-12-15 17:47:42,989 - Thread-1 (MotorTry) - MotorTry - DEBUG - Nouvelle boucle
2024-12-15 17:47:43,067 - Thread-1 (MotorTry) - update - DEBUG - Update vaue de la courbe
2024-12-15 17:47:43,098 - Thread-1 (MotorTry) - MotorTry - DEBUG - Nouvelle boucle
2024-12-15 17:47:43,160 - Thread-1 (MotorTry) - update - DEBUG - Update vaue de la courbe
2024-12-15 17:47:43,206 - Thread-1 (MotorTry) - MotorTry - DEBUG - Nouvelle boucle
2024-12-15 17:47:43,268 - Thread-1 (MotorTry) - update - DEBUG - Update vaue de la courbe
2024-12-15 17:47:43,315 - Thread-1 (MotorTry) - MotorTry - DEBUG - Nouvelle boucle
2024-12-15 17:47:43,361 - Thread-1 (MotorTry) - update - DEBUG - Update vaue de la courbe
2024-12-15 17:47:43,423 - Thread-1 (MotorTry) - MotorTry - DEBUG - Nouvelle boucle
2024-12-15 17:47:43,454 - Thread-1 (MotorTry) - update - DEBUG - Update vaue de la courbe
2024-12-15 17:47:43,485 - Thread-1 (MotorTry) - MotorTry - DEBUG - Nouvelle boucle
2024-12-15 17:47:43,625 - Thread-1 (MotorTry) - update - DEBUG - Update vaue de la courbe
2024-12-15 17:47:43,656 - Thread-1 (MotorTry) - MotorTry - DEBUG - Nouvelle boucle
2024-12-15 17:47:43,749 - Thread-1 (MotorTry) - update - DEBUG - Update vaue de la courbe
2024-12-15 17:47:43,780 - Thread-1 (MotorTry) - MotorTry - DEBUG - Nouvelle boucle
2024-12-15 17:47:43,873 - Thread-1 (MotorTry) - update - DEBUG - Update vaue de la courbe
2024-12-15 17:47:43,889 - Thread-1 (MotorTry) - MotorTry - DEBUG - Nouvelle boucle
2024-12-15 17:47:44,044 - Thread-1 (MotorTry) - update - DEBUG - Update vaue de la courbe
2024-12-15 17:47:44,075 - Thread-1 (MotorTry) - MotorTry - DEBUG - Nouvelle boucle
2024-12-15 17:47:44,153 - Thread-1 (MotorTry) - update - DEBUG - Update vaue de la courbe
2024-12-15 17:47:44,168 - Thread-1 (MotorTry) - MotorTry - DEBUG - Nouvelle boucle
2024-12-15 17:47:44,230 - Thread-1 (MotorTry) - update - DEBUG - Update vaue de la courbe
2024-12-15 17:47:44,246 - Thread-1 (MotorTry) - MotorTry - DEBUG - Nouvelle boucle
2024-12-15 17:47:44,354 - Thread-1 (MotorTry) - update - DEBUG - Update vaue de la courbe
2024-12-15 17:47:44,401 - Thread-1 (MotorTry) - MotorTry - DEBUG - Nouvelle boucle
2024-12-15 17:47:44,571 - Thread-1 (MotorTry) - update - DEBUG - Update vaue de la courbe
2024-12-15 17:47:44,602 - Thread-1 (MotorTry) - MotorTry - DEBUG - Nouvelle boucle
2024-12-15 17:47:44,665 - Thread-1 (MotorTry) - update - DEBUG - Update vaue de la courbe
2024-12-15 17:47:44,711 - Thread-1 (MotorTry) - MotorTry - DEBUG - Nouvelle boucle
2024-12-15 17:47:44,758 - MainThread - updateUi - DEBUG - Reset de l'affichage de la courbe
2024-12-15 17:47:44,835 - Thread-1 (MotorTry) - update - DEBUG - Update vaue de la courbe
2024-12-15 17:47:44,866 - Thread-1 (MotorTry) - MotorTry - DEBUG - Nouvelle boucle
2024-12-15 17:47:44,990 - Thread-1 (MotorTry) - update - DEBUG - Update vaue de la courbe
2024-12-15 17:47:45,021 - Thread-1 (MotorTry) - MotorTry - DEBUG - Nouvelle boucle
2024-12-15 17:47:45,114 - Thread-1 (MotorTry) - update - DEBUG - Update vaue de la courbe
2024-12-15 17:47:45,145 - Thread-1 (MotorTry) - MotorTry - DEBUG - Nouvelle boucle
2024-12-15 17:47:45,207 - Thread-1 (MotorTry) - update - DEBUG - Update vaue de la courbe
2024-12-15 17:47:45,254 - Thread-1 (MotorTry) - MotorTry - DEBUG - Nouvelle boucle
2024-12-15 17:47:45,332 - Thread-1 (MotorTry) - update - DEBUG - Update vaue de la courbe
2024-12-15 17:47:45,363 - Thread-1 (MotorTry) - MotorTry - DEBUG - Nouvelle boucle
2024-12-15 17:47:45,440 - Thread-1 (MotorTry) - update - DEBUG - Update vaue de la courbe
2024-12-15 17:47:45,487 - Thread-1 (MotorTry) - MotorTry - DEBUG - Nouvelle boucle
2024-12-15 17:47:45,580 - Thread-1 (MotorTry) - update - DEBUG - Update vaue de la courbe
2024-12-15 17:47:45,611 - Thread-1 (MotorTry) - MotorTry - DEBUG - Nouvelle boucle
2024-12-15 17:47:45,688 - Thread-1 (MotorTry) - update - DEBUG - Update vaue de la courbe
2024-12-15 17:47:45,704 - Thread-1 (MotorTry) - MotorTry - DEBUG - Nouvelle boucle
2024-12-15 17:47:45,781 - Thread-1 (MotorTry) - update - DEBUG - Update vaue de la courbe
2024-12-15 17:47:45,812 - Thread-1 (MotorTry) - MotorTry - DEBUG - Nouvelle boucle
2024-12-15 17:47:45,921 - Thread-1 (MotorTry) - update - DEBUG - Update vaue de la courbe
2024-12-15 17:47:45,952 - Thread-1 (MotorTry) - MotorTry - DEBUG - Nouvelle boucle
2024-12-15 17:47:46,014 - Thread-1 (MotorTry) - update - DEBUG - Update vaue de la courbe
2024-12-15 17:47:46,045 - Thread-1 (MotorTry) - MotorTry - DEBUG - Nouvelle boucle
2024-12-15 17:47:46,107 - Thread-1 (MotorTry) - update - DEBUG - Update vaue de la courbe
2024-12-15 17:47:46,139 - Thread-1 (MotorTry) - MotorTry - DEBUG - Nouvelle boucle
2024-12-15 17:47:46,185 - Thread-1 (MotorTry) - update - DEBUG - Update vaue de la courbe
2024-12-15 17:47:46,231 - Thread-1 (MotorTry) - MotorTry - DEBUG - Nouvelle boucle
2024-12-15 17:47:46,294 - Thread-1 (MotorTry) - update - DEBUG - Update vaue de la courbe
2024-12-15 17:47:46,340 - Thread-1 (MotorTry) - MotorTry - DEBUG - Nouvelle boucle
2024-12-15 17:47:46,433 - Thread-1 (MotorTry) - update - DEBUG - Update vaue de la courbe
2024-12-15 17:47:46,479 - Thread-1 (MotorTry) - MotorTry - DEBUG - Nouvelle boucle
2024-12-15 17:47:46,588 - Thread-1 (MotorTry) - update - DEBUG - Update vaue de la courbe
2024-12-15 17:47:46,619 - Thread-1 (MotorTry) - MotorTry - DEBUG - Nouvelle boucle
2024-12-15 17:47:46,681 - Thread-1 (MotorTry) - update - DEBUG - Update vaue de la courbe
2024-12-15 17:47:46,712 - Thread-1 (MotorTry) - MotorTry - DEBUG - Nouvelle boucle
2024-12-15 17:47:46,789 - Thread-1 (MotorTry) - update - DEBUG - Update vaue de la courbe
2024-12-15 17:47:46,851 - Thread-1 (MotorTry) - MotorTry - DEBUG - Nouvelle boucle
2024-12-15 17:47:46,913 - Thread-1 (MotorTry) - update - DEBUG - Update vaue de la courbe
2024-12-15 17:47:46,944 - Thread-1 (MotorTry) - MotorTry - DEBUG - Nouvelle boucle
2024-12-15 17:47:47,084 - Thread-1 (MotorTry) - update - DEBUG - Update vaue de la courbe
2024-12-15 17:47:47,131 - Thread-1 (MotorTry) - MotorTry - DEBUG - Nouvelle boucle
2024-12-15 17:47:47,239 - Thread-1 (MotorTry) - update - DEBUG - Update vaue de la courbe
2024-12-15 17:47:47,270 - Thread-1 (MotorTry) - MotorTry - DEBUG - Nouvelle boucle
2024-12-15 17:47:47,363 - Thread-1 (MotorTry) - update - DEBUG - Update vaue de la courbe
2024-12-15 17:47:47,394 - Thread-1 (MotorTry) - MotorTry - DEBUG - Nouvelle boucle
2024-12-15 17:47:47,472 - Thread-1 (MotorTry) - update - DEBUG - Update vaue de la courbe
2024-12-15 17:47:47,503 - Thread-1 (MotorTry) - MotorTry - DEBUG - Nouvelle boucle
2024-12-15 17:47:47,534 - MainThread - updateUi - DEBUG - Reset de l'affichage de la courbe
2024-12-15 17:47:47,596 - Thread-1 (MotorTry) - update - DEBUG - Update vaue de la courbe
2024-12-15 17:47:47,612 - Thread-1 (MotorTry) - MotorTry - DEBUG - Nouvelle boucle
2024-12-15 17:47:47,705 - Thread-1 (MotorTry) - update - DEBUG - Update vaue de la courbe
2024-12-15 17:47:47,751 - Thread-1 (MotorTry) - MotorTry - DEBUG - Nouvelle boucle
2024-12-15 17:47:47,844 - Thread-1 (MotorTry) - update - DEBUG - Update vaue de la courbe
2024-12-15 17:47:47,875 - Thread-1 (MotorTry) - MotorTry - DEBUG - Nouvelle boucle
2024-12-15 17:47:47,937 - Thread-1 (MotorTry) - update - DEBUG - Update vaue de la courbe
2024-12-15 17:47:48,015 - Thread-1 (MotorTry) - MotorTry - DEBUG - Nouvelle boucle
2024-12-15 17:47:48,046 - Thread-1 (MotorTry) - update - DEBUG - Update vaue de la courbe
2024-12-15 17:47:48,061 - Thread-1 (MotorTry) - MotorTry - DEBUG - Nouvelle boucle
2024-12-15 17:47:48,170 - Thread-1 (MotorTry) - update - DEBUG - Update vaue de la courbe
2024-12-15 17:47:48,201 - Thread-1 (MotorTry) - MotorTry - DEBUG - Nouvelle boucle
2024-12-15 17:47:48,248 - Thread-1 (MotorTry) - update - DEBUG - Update vaue de la courbe
2024-12-15 17:47:48,310 - Thread-1 (MotorTry) - MotorTry - DEBUG - Nouvelle boucle
2024-12-15 17:47:48,418 - Thread-1 (MotorTry) - update - DEBUG - Update vaue de la courbe
2024-12-15 17:47:48,465 - Thread-1 (MotorTry) - MotorTry - DEBUG - Nouvelle boucle
2024-12-15 17:47:48,589 - Thread-1 (MotorTry) - update - DEBUG - Update vaue de la courbe
2024-12-15 17:47:48,635 - Thread-1 (MotorTry) - MotorTry - DEBUG - Nouvelle boucle
2024-12-15 17:47:48,791 - Thread-1 (MotorTry) - update - DEBUG - Update vaue de la courbe
2024-12-15 17:47:48,837 - Thread-1 (MotorTry) - MotorTry - DEBUG - Nouvelle boucle
2024-12-15 17:47:48,930 - Thread-1 (MotorTry) - update - DEBUG - Update vaue de la courbe
2024-12-15 17:47:48,961 - Thread-1 (MotorTry) - MotorTry - DEBUG - Nouvelle boucle
2024-12-15 17:47:49,023 - Thread-1 (MotorTry) - update - DEBUG - Update vaue de la courbe
2024-12-15 17:47:49,054 - Thread-1 (MotorTry) - MotorTry - DEBUG - Nouvelle boucle
2024-12-15 17:47:49,132 - Thread-1 (MotorTry) - update - DEBUG - Update vaue de la courbe
2024-12-15 17:47:49,209 - Thread-1 (MotorTry) - MotorTry - DEBUG - Nouvelle boucle
2024-12-15 17:47:49,256 - Thread-1 (MotorTry) - update - DEBUG - Update vaue de la courbe
2024-12-15 17:47:49,287 - Thread-1 (MotorTry) - MotorTry - DEBUG - Nouvelle boucle
2024-12-15 17:47:49,396 - Thread-1 (MotorTry) - update - DEBUG - Update vaue de la courbe
2024-12-15 17:47:49,427 - Thread-1 (MotorTry) - MotorTry - DEBUG - Nouvelle boucle
2024-12-15 17:47:49,551 - Thread-1 (MotorTry) - update - DEBUG - Update vaue de la courbe
2024-12-15 17:47:49,582 - Thread-1 (MotorTry) - MotorTry - DEBUG - Nouvelle boucle
2024-12-15 17:47:49,690 - Thread-1 (MotorTry) - update - DEBUG - Update vaue de la courbe
2024-12-15 17:47:49,737 - Thread-1 (MotorTry) - MotorTry - DEBUG - Nouvelle boucle
2024-12-15 17:47:49,830 - Thread-1 (MotorTry) - update - DEBUG - Update vaue de la courbe
2024-12-15 17:47:49,876 - Thread-1 (MotorTry) - MotorTry - DEBUG - Nouvelle boucle
2024-12-15 17:47:50,016 - Thread-1 (MotorTry) - update - DEBUG - Update vaue de la courbe
2024-12-15 17:47:50,047 - Thread-1 (MotorTry) - MotorTry - DEBUG - Nouvelle boucle
2024-12-15 17:47:50,094 - MainThread - updateUi - DEBUG - Reset de l'affichage de la courbe
2024-12-15 17:47:50,171 - Thread-1 (MotorTry) - update - DEBUG - Update vaue de la courbe
2024-12-15 17:47:50,249 - Thread-1 (MotorTry) - MotorTry - DEBUG - Nouvelle boucle
2024-12-15 17:47:50,342 - Thread-1 (MotorTry) - update - DEBUG - Update vaue de la courbe
2024-12-15 17:47:50,373 - Thread-1 (MotorTry) - MotorTry - DEBUG - Nouvelle boucle
2024-12-15 17:47:50,419 - Thread-1 (MotorTry) - update - DEBUG - Update vaue de la courbe
2024-12-15 17:47:50,435 - Thread-1 (MotorTry) - MotorTry - DEBUG - Nouvelle boucle
2024-12-15 17:47:50,481 - Thread-1 (MotorTry) - update - DEBUG - Update vaue de la courbe
2024-12-15 17:47:50,543 - Thread-1 (MotorTry) - MotorTry - DEBUG - Nouvelle boucle
2024-12-15 17:47:50,605 - Thread-1 (MotorTry) - update - DEBUG - Update vaue de la courbe
2024-12-15 17:47:50,636 - Thread-1 (MotorTry) - MotorTry - DEBUG - Nouvelle boucle
2024-12-15 17:47:50,714 - Thread-1 (MotorTry) - update - DEBUG - Update vaue de la courbe
2024-12-15 17:47:50,745 - Thread-1 (MotorTry) - MotorTry - DEBUG - Nouvelle boucle
2024-12-15 17:47:50,822 - Thread-1 (MotorTry) - update - DEBUG - Update vaue de la courbe
2024-12-15 17:47:50,870 - Thread-1 (MotorTry) - MotorTry - DEBUG - Nouvelle boucle
2024-12-15 17:47:50,962 - Thread-1 (MotorTry) - update - DEBUG - Update vaue de la courbe
2024-12-15 17:47:51,039 - Thread-1 (MotorTry) - MotorTry - DEBUG - Nouvelle boucle
2024-12-15 17:47:51,117 - Thread-1 (MotorTry) - update - DEBUG - Update vaue de la courbe
2024-12-15 17:47:51,164 - Thread-1 (MotorTry) - MotorTry - DEBUG - Nouvelle boucle
2024-12-15 17:47:51,257 - Thread-1 (MotorTry) - update - DEBUG - Update vaue de la courbe
2024-12-15 17:47:51,288 - Thread-1 (MotorTry) - MotorTry - DEBUG - Nouvelle boucle
2024-12-15 17:47:51,350 - Thread-1 (MotorTry) - update - DEBUG - Update vaue de la courbe
2024-12-15 17:47:51,365 - Thread-1 (MotorTry) - MotorTry - DEBUG - Nouvelle boucle
2024-12-15 17:47:51,396 - Thread-1 (MotorTry) - update - DEBUG - Update vaue de la courbe
2024-12-15 17:47:51,427 - Thread-1 (MotorTry) - MotorTry - DEBUG - Nouvelle boucle
2024-12-15 17:47:51,536 - Thread-1 (MotorTry) - update - DEBUG - Update vaue de la courbe
2024-12-15 17:47:51,567 - Thread-1 (MotorTry) - MotorTry - DEBUG - Nouvelle boucle
2024-12-15 17:47:51,629 - Thread-1 (MotorTry) - update - DEBUG - Update vaue de la courbe
2024-12-15 17:47:51,676 - Thread-1 (MotorTry) - MotorTry - DEBUG - Nouvelle boucle
2024-12-15 17:47:51,753 - Thread-1 (MotorTry) - update - DEBUG - Update vaue de la courbe
2024-12-15 17:47:51,784 - Thread-1 (MotorTry) - MotorTry - DEBUG - Nouvelle boucle
2024-12-15 17:47:51,924 - Thread-1 (MotorTry) - update - DEBUG - Update vaue de la courbe
2024-12-15 17:47:51,955 - Thread-1 (MotorTry) - MotorTry - DEBUG - Nouvelle boucle
2024-12-15 17:47:51,986 - Thread-1 (MotorTry) - update - DEBUG - Update vaue de la courbe
2024-12-15 17:47:51,991 - MainThread - updateUi - DEBUG - Reset de l'affichage de la courbe
2024-12-15 17:47:51,997 - Thread-1 (MotorTry) - MotorTry - DEBUG - Nouvelle boucle
2024-12-15 17:47:51,999 - Thread-1 (MotorTry) - update - DEBUG - Update vaue de la courbe
2024-12-15 17:47:52,009 - Thread-1 (MotorTry) - MotorTry - DEBUG - Nouvelle boucle
2024-12-15 17:47:52,010 - Thread-1 (MotorTry) - update - DEBUG - Update vaue de la courbe
2024-12-15 17:47:52,028 - MainThread - updateUi - DEBUG - Reset de l'affichage de la courbe
2024-12-15 17:47:52,031 - Thread-1 (MotorTry) - MotorTry - DEBUG - Nouvelle boucle
2024-12-15 17:47:52,032 - Thread-1 (MotorTry) - update - DEBUG - Update vaue de la courbe
2024-12-15 17:47:52,043 - Thread-1 (MotorTry) - MotorTry - DEBUG - Nouvelle boucle
2024-12-15 17:47:52,043 - Thread-1 (MotorTry) - update - DEBUG - Update vaue de la courbe
2024-12-15 17:47:52,059 - MainThread - updateUi - DEBUG - Reset de l'affichage de la courbe
2024-12-15 17:47:52,064 - Thread-1 (MotorTry) - MotorTry - DEBUG - Nouvelle boucle
2024-12-15 17:47:52,067 - Thread-1 (MotorTry) - update - DEBUG - Update vaue de la courbe
2024-12-15 17:47:52,077 - Thread-1 (MotorTry) - MotorTry - DEBUG - Nouvelle boucle
2024-12-15 17:47:52,078 - Thread-1 (MotorTry) - update - DEBUG - Update vaue de la courbe
2024-12-15 17:47:52,094 - Thread-1 (MotorTry) - MotorTry - DEBUG - Nouvelle boucle
2024-12-15 17:47:52,141 - MainThread - onClose - INFO - Fermeture de la fenetre
2024-12-15 17:47:52,156 - Thread-1 (MotorTry) - update - DEBUG - Update vaue de la courbe
2024-12-15 17:47:52,234 - Thread-1 (MotorTry) - MotorTry - DEBUG - Nouvelle boucle
2024-12-15 17:47:52,312 - Thread-1 (MotorTry) - update - DEBUG - Update vaue de la courbe
2024-12-15 17:47:52,343 - Thread-1 (MotorTry) - MotorTry - DEBUG - Nouvelle boucle
2024-12-15 17:47:52,436 - Thread-1 (MotorTry) - update - DEBUG - Update vaue de la courbe
2024-12-15 17:47:52,467 - Thread-1 (MotorTry) - MotorTry - DEBUG - Nouvelle boucle
2024-12-15 17:47:52,544 - Thread-1 (MotorTry) - update - DEBUG - Update vaue de la courbe
2024-12-15 17:47:52,575 - Thread-1 (MotorTry) - MotorTry - DEBUG - Nouvelle boucle
2024-12-15 17:47:52,668 - Thread-1 (MotorTry) - update - DEBUG - Update vaue de la courbe
2024-12-15 17:47:52,699 - Thread-1 (MotorTry) - MotorTry - DEBUG - Nouvelle boucle
2024-12-15 17:47:52,807 - Thread-1 (MotorTry) - update - DEBUG - Update vaue de la courbe
2024-12-15 17:47:52,839 - Thread-1 (MotorTry) - MotorTry - DEBUG - Nouvelle boucle
2024-12-15 17:47:52,901 - Thread-1 (MotorTry) - update - DEBUG - Update vaue de la courbe
2024-12-15 17:47:52,932 - Thread-1 (MotorTry) - MotorTry - DEBUG - Nouvelle boucle
2024-12-15 17:47:52,994 - Thread-1 (MotorTry) - update - DEBUG - Update vaue de la courbe
2024-12-15 17:47:53,040 - Thread-1 (MotorTry) - MotorTry - DEBUG - Nouvelle boucle
2024-12-15 17:47:53,087 - Thread-1 (MotorTry) - update - DEBUG - Update vaue de la courbe
2024-12-15 17:47:53,118 - Thread-1 (MotorTry) - MotorTry - DEBUG - Nouvelle boucle
2024-12-15 17:47:53,195 - Thread-1 (MotorTry) - update - DEBUG - Update vaue de la courbe
2024-12-15 17:47:53,242 - Thread-1 (MotorTry) - MotorTry - DEBUG - Nouvelle boucle
2024-12-15 17:47:53,350 - Thread-1 (MotorTry) - update - DEBUG - Update vaue de la courbe
2024-12-15 17:47:53,397 - Thread-1 (MotorTry) - MotorTry - DEBUG - Nouvelle boucle
2024-12-15 17:47:53,521 - Thread-1 (MotorTry) - update - DEBUG - Update vaue de la courbe
2024-12-15 17:47:53,583 - MainThread - <module> - INFO - Fin du programme
