2024-12-11 20:39:41,595 - MainThread - <module> - INFO - Initialisation du logger
2024-12-11 20:39:41,754 - MainThread - update - DEBUG - Update vaue de la courbe
2024-12-11 20:39:41,754 - Thread-1 (MotorTry) - MotorTry - DEBUG - Debut Thread
2024-12-11 20:39:41,754 - Thread-1 (MotorTry) - MotorTry - DEBUG - Nouvelle boucle
2024-12-11 20:39:41,754 - MainThread - afficher - INFO - Affichage de la fenetre
2024-12-11 20:39:41,756 - Thread-1 (MotorTry) - update - DEBUG - Update vaue de la courbe
2024-12-11 20:39:41,857 - Thread-1 (MotorTry) - MotorTry - DEBUG - Nouvelle boucle
2024-12-11 20:39:41,857 - Thread-1 (MotorTry) - update - DEBUG - Update vaue de la courbe
2024-12-11 20:39:41,958 - Thread-1 (MotorTry) - MotorTry - DEBUG - Nouvelle boucle
2024-12-11 20:39:41,960 - Thread-1 (MotorTry) - update - DEBUG - Update vaue de la courbe
2024-12-11 20:39:42,061 - Thread-1 (MotorTry) - MotorTry - DEBUG - Nouvelle boucle
2024-12-11 20:39:42,061 - Thread-1 (MotorTry) - update - DEBUG - Update vaue de la courbe
2024-12-11 20:39:42,162 - Thread-1 (MotorTry) - MotorTry - DEBUG - Nouvelle boucle
2024-12-11 20:39:42,163 - Thread-1 (MotorTry) - update - DEBUG - Update vaue de la courbe
2024-12-11 20:39:42,264 - Thread-1 (MotorTry) - MotorTry - DEBUG - Nouvelle boucle
2024-12-11 20:39:42,264 - Thread-1 (MotorTry) - update - DEBUG - Update vaue de la courbe
2024-12-11 20:39:42,365 - Thread-1 (MotorTry) - MotorTry - DEBUG - Nouvelle boucle
2024-12-11 20:39:42,366 - Thread-1 (MotorTry) - update - DEBUG - Update vaue de la courbe
2024-12-11 20:39:42,466 - Thread-1 (MotorTry) - MotorTry - DEBUG - Nouvelle boucle
2024-12-11 20:39:42,467 - Thread-1 (MotorTry) - update - DEBUG - Update vaue de la courbe
2024-12-11 20:39:42,567 - Thread-1 (MotorTry) - MotorTry - DEBUG - Nouvelle boucle
2024-12-11 20:39:42,568 - Thread-1 (MotorTry) - update - DEBUG - Update vaue de la courbe
2024-12-11 20:39:42,669 - Thread-1 (MotorTry) - MotorTry - DEBUG - Nouvelle boucle
2024-12-11 20:39:42,669 - Thread-1 (MotorTry) - update - DEBUG - Update vaue de la courbe
2024-12-11 20:39:42,770 - Thread-1 (MotorTry) - MotorTry - DEBUG - Nouvelle boucle
2024-12-11 20:39:42,771 - Thread-1 (MotorTry) - update - DEBUG - Update vaue de la courbe
2024-12-11 20:39:42,871 - Thread-1 (MotorTry) - MotorTry - DEBUG - Nouvelle boucle
2024-12-11 20:39:42,872 - Thread-1 (MotorTry) - update - DEBUG - Update vaue de la courbe
2024-12-11 20:39:42,972 - Thread-1 (MotorTry) - MotorTry - DEBUG - Nouvelle boucle
2024-12-11 20:39:42,973 - Thread-1 (MotorTry) - update - DEBUG - Update vaue de la courbe
2024-12-11 20:39:43,074 - Thread-1 (MotorTry) - MotorTry - DEBUG - Nouvelle boucle
2024-12-11 20:39:43,074 - Thread-1 (MotorTry) - update - DEBUG - Update vaue de la courbe
2024-12-11 20:39:43,175 - Thread-1 (MotorTry) - MotorTry - DEBUG - Nouvelle boucle
2024-12-11 20:39:43,175 - Thread-1 (MotorTry) - update - DEBUG - Update vaue de la courbe
2024-12-11 20:39:43,276 - Thread-1 (MotorTry) - MotorTry - DEBUG - Nouvelle boucle
2024-12-11 20:39:43,277 - Thread-1 (MotorTry) - update - DEBUG - Update vaue de la courbe
2024-12-11 20:39:43,377 - Thread-1 (MotorTry) - MotorTry - DEBUG - Nouvelle boucle
2024-12-11 20:39:43,378 - Thread-1 (MotorTry) - update - DEBUG - Update vaue de la courbe
2024-12-11 20:39:43,478 - Thread-1 (MotorTry) - MotorTry - DEBUG - Nouvelle boucle
2024-12-11 20:39:43,479 - Thread-1 (MotorTry) - update - DEBUG - Update vaue de la courbe
2024-12-11 20:39:43,579 - Thread-1 (MotorTry) - MotorTry - DEBUG - Nouvelle boucle
2024-12-11 20:39:43,579 - Thread-1 (MotorTry) - update - DEBUG - Update vaue de la courbe
2024-12-11 20:39:43,680 - Thread-1 (MotorTry) - MotorTry - DEBUG - Nouvelle boucle
2024-12-11 20:39:43,681 - Thread-1 (MotorTry) - update - DEBUG - Update vaue de la courbe
2024-12-11 20:39:43,781 - Thread-1 (MotorTry) - MotorTry - DEBUG - Nouvelle boucle
2024-12-11 20:39:43,781 - Thread-1 (MotorTry) - update - DEBUG - Update vaue de la courbe
2024-12-11 20:39:43,882 - Thread-1 (MotorTry) - MotorTry - DEBUG - Nouvelle boucle
2024-12-11 20:39:43,883 - Thread-1 (MotorTry) - update - DEBUG - Update vaue de la courbe
2024-12-11 20:39:43,983 - Thread-1 (MotorTry) - MotorTry - DEBUG - Nouvelle boucle
2024-12-11 20:39:43,983 - Thread-1 (MotorTry) - update - DEBUG - Update vaue de la courbe
2024-12-11 20:39:44,084 - Thread-1 (MotorTry) - MotorTry - DEBUG - Nouvelle boucle
2024-12-11 20:39:44,084 - Thread-1 (MotorTry) - update - DEBUG - Update vaue de la courbe
2024-12-11 20:39:44,139 - MainThread - onClose - INFO - Fermeture de la fenetre
2024-12-11 20:39:44,185 - MainThread - <module> - INFO - Fin du programme
