2024-12-22 19:40:58,654 - MainThread - <module> - INFO - Initialisation du logger
2024-12-22 19:40:58,939 - MainThread - update - DEBUG - Update vaue de la courbe
2024-12-22 19:40:58,971 - MainThread - afficher - INFO - Affichage de la fenetre
2024-12-22 19:40:58,971 - MainThread - updateUi - DEBUG - Reset de l'affichage de la courbe
2024-12-22 19:40:59,050 - MainThread - updateUi - DEBUG - Reset de l'affichage de la courbe
2024-12-22 19:40:59,124 - MainThread - updateUi - DEBUG - Reset de l'affichage de la courbe
2024-12-22 19:40:59,216 - MainThread - updateUi - DEBUG - Reset de l'affichage de la courbe
2024-12-22 19:40:59,313 - MainThread - updateUi - DEBUG - Reset de l'affichage de la courbe
2024-12-22 19:40:59,392 - MainThread - updateUi - DEBUG - Reset de l'affichage de la courbe
2024-12-22 19:40:59,481 - MainThread - updateUi - DEBUG - Reset de l'affichage de la courbe
2024-12-22 19:40:59,572 - MainThread - updateUi - DEBUG - Reset de l'affichage de la courbe
2024-12-22 19:40:59,649 - MainThread - updateUi - DEBUG - Reset de l'affichage de la courbe
2024-12-22 19:40:59,739 - MainThread - updateUi - DEBUG - Reset de l'affichage de la courbe
2024-12-22 19:40:59,799 - MainThread - updateUi - DEBUG - Reset de l'affichage de la courbe
2024-12-22 19:40:59,897 - MainThread - updateUi - DEBUG - Reset de l'affichage de la courbe
2024-12-22 19:40:59,959 - MainThread - updateUi - DEBUG - Reset de l'affichage de la courbe
2024-12-22 19:41:00,014 - MainThread - updateUi - DEBUG - Reset de l'affichage de la courbe
2024-12-22 19:41:00,078 - MainThread - updateUi - DEBUG - Reset de l'affichage de la courbe
2024-12-22 19:41:00,133 - MainThread - updateUi - DEBUG - Reset de l'affichage de la courbe
2024-12-22 19:41:00,216 - MainThread - updateUi - DEBUG - Reset de l'affichage de la courbe
2024-12-22 19:41:00,283 - MainThread - updateUi - DEBUG - Reset de l'affichage de la courbe
2024-12-22 19:41:00,347 - MainThread - updateUi - DEBUG - Reset de l'affichage de la courbe
2024-12-22 19:41:00,421 - MainThread - updateUi - DEBUG - Reset de l'affichage de la courbe
2024-12-22 19:41:00,499 - MainThread - updateUi - DEBUG - Reset de l'affichage de la courbe
2024-12-22 19:41:00,577 - MainThread - updateUi - DEBUG - Reset de l'affichage de la courbe
2024-12-22 19:41:00,655 - MainThread - updateUi - DEBUG - Reset de l'affichage de la courbe
2024-12-22 19:41:00,718 - MainThread - updateUi - DEBUG - Reset de l'affichage de la courbe
2024-12-22 19:41:00,780 - MainThread - updateUi - DEBUG - Reset de l'affichage de la courbe
2024-12-22 19:41:00,858 - MainThread - updateUi - DEBUG - Reset de l'affichage de la courbe
2024-12-22 19:41:00,921 - MainThread - updateUi - DEBUG - Reset de l'affichage de la courbe
2024-12-22 19:41:00,983 - MainThread - updateUi - DEBUG - Reset de l'affichage de la courbe
2024-12-22 19:41:01,077 - MainThread - updateUi - DEBUG - Reset de l'affichage de la courbe
2024-12-22 19:41:01,139 - MainThread - updateUi - DEBUG - Reset de l'affichage de la courbe
2024-12-22 19:41:01,218 - MainThread - updateUi - DEBUG - Reset de l'affichage de la courbe
2024-12-22 19:41:01,296 - MainThread - updateUi - DEBUG - Reset de l'affichage de la courbe
2024-12-22 19:41:01,374 - MainThread - updateUi - DEBUG - Reset de l'affichage de la courbe
2024-12-22 19:41:01,436 - MainThread - updateUi - DEBUG - Reset de l'affichage de la courbe
2024-12-22 19:41:01,499 - MainThread - updateUi - DEBUG - Reset de l'affichage de la courbe
2024-12-22 19:41:01,597 - MainThread - updateUi - DEBUG - Reset de l'affichage de la courbe
2024-12-22 19:41:01,669 - MainThread - updateUi - DEBUG - Reset de l'affichage de la courbe
2024-12-22 19:41:01,747 - MainThread - updateUi - DEBUG - Reset de l'affichage de la courbe
2024-12-22 19:41:01,825 - MainThread - updateUi - DEBUG - Reset de l'affichage de la courbe
2024-12-22 19:41:01,903 - MainThread - updateUi - DEBUG - Reset de l'affichage de la courbe
2024-12-22 19:41:01,966 - MainThread - updateUi - DEBUG - Reset de l'affichage de la courbe
2024-12-22 19:41:02,044 - MainThread - updateUi - DEBUG - Reset de l'affichage de la courbe
2024-12-22 19:41:02,122 - MainThread - updateUi - DEBUG - Reset de l'affichage de la courbe
2024-12-22 19:41:02,200 - MainThread - updateUi - DEBUG - Reset de l'affichage de la courbe
2024-12-22 19:41:02,279 - MainThread - updateUi - DEBUG - Reset de l'affichage de la courbe
2024-12-22 19:41:02,357 - MainThread - updateUi - DEBUG - Reset de l'affichage de la courbe
2024-12-22 19:41:02,452 - MainThread - updateUi - DEBUG - Reset de l'affichage de la courbe
2024-12-22 19:41:02,531 - MainThread - updateUi - DEBUG - Reset de l'affichage de la courbe
2024-12-22 19:41:02,624 - MainThread - updateUi - DEBUG - Reset de l'affichage de la courbe
2024-12-22 19:41:02,703 - MainThread - updateUi - DEBUG - Reset de l'affichage de la courbe
2024-12-22 19:41:02,797 - MainThread - updateUi - DEBUG - Reset de l'affichage de la courbe
2024-12-22 19:41:02,875 - MainThread - updateUi - DEBUG - Reset de l'affichage de la courbe
2024-12-22 19:41:02,954 - MainThread - updateUi - DEBUG - Reset de l'affichage de la courbe
2024-12-22 19:41:03,048 - MainThread - updateUi - DEBUG - Reset de l'affichage de la courbe
2024-12-22 19:41:03,126 - MainThread - updateUi - DEBUG - Reset de l'affichage de la courbe
2024-12-22 19:41:03,204 - MainThread - updateUi - DEBUG - Reset de l'affichage de la courbe
2024-12-22 19:41:03,299 - MainThread - updateUi - DEBUG - Reset de l'affichage de la courbe
2024-12-22 19:41:03,377 - MainThread - updateUi - DEBUG - Reset de l'affichage de la courbe
2024-12-22 19:41:03,456 - MainThread - updateUi - DEBUG - Reset de l'affichage de la courbe
2024-12-22 19:41:03,534 - MainThread - updateUi - DEBUG - Reset de l'affichage de la courbe
2024-12-22 19:41:03,624 - MainThread - updateUi - DEBUG - Reset de l'affichage de la courbe
2024-12-22 19:41:03,702 - MainThread - updateUi - DEBUG - Reset de l'affichage de la courbe
2024-12-22 19:41:03,780 - MainThread - updateUi - DEBUG - Reset de l'affichage de la courbe
2024-12-22 19:41:03,858 - MainThread - updateUi - DEBUG - Reset de l'affichage de la courbe
2024-12-22 19:41:03,936 - MainThread - updateUi - DEBUG - Reset de l'affichage de la courbe
2024-12-22 19:41:04,014 - MainThread - updateUi - DEBUG - Reset de l'affichage de la courbe
2024-12-22 19:41:04,092 - MainThread - updateUi - DEBUG - Reset de l'affichage de la courbe
2024-12-22 19:41:04,171 - MainThread - updateUi - DEBUG - Reset de l'affichage de la courbe
2024-12-22 19:41:04,265 - MainThread - updateUi - DEBUG - Reset de l'affichage de la courbe
2024-12-22 19:41:04,375 - MainThread - updateUi - DEBUG - Reset de l'affichage de la courbe
2024-12-22 19:41:04,453 - MainThread - updateUi - DEBUG - Reset de l'affichage de la courbe
2024-12-22 19:41:04,531 - MainThread - updateUi - DEBUG - Reset de l'affichage de la courbe
2024-12-22 19:41:04,626 - MainThread - updateUi - DEBUG - Reset de l'affichage de la courbe
2024-12-22 19:41:04,704 - MainThread - updateUi - DEBUG - Reset de l'affichage de la courbe
2024-12-22 19:41:04,782 - MainThread - updateUi - DEBUG - Reset de l'affichage de la courbe
2024-12-22 19:41:04,860 - MainThread - updateUi - DEBUG - Reset de l'affichage de la courbe
2024-12-22 19:41:04,939 - MainThread - updateUi - DEBUG - Reset de l'affichage de la courbe
2024-12-22 19:41:05,001 - MainThread - updateUi - DEBUG - Reset de l'affichage de la courbe
2024-12-22 19:41:05,063 - MainThread - updateUi - DEBUG - Reset de l'affichage de la courbe
2024-12-22 19:41:05,141 - MainThread - updateUi - DEBUG - Reset de l'affichage de la courbe
2024-12-22 19:41:05,235 - MainThread - updateUi - DEBUG - Reset de l'affichage de la courbe
2024-12-22 19:41:05,314 - MainThread - updateUi - DEBUG - Reset de l'affichage de la courbe
2024-12-22 19:41:05,408 - MainThread - updateUi - DEBUG - Reset de l'affichage de la courbe
2024-12-22 19:41:05,470 - MainThread - updateUi - DEBUG - Reset de l'affichage de la courbe
2024-12-22 19:41:05,537 - MainThread - updateUi - DEBUG - Reset de l'affichage de la courbe
2024-12-22 19:41:05,605 - MainThread - updateUi - DEBUG - Reset de l'affichage de la courbe
2024-12-22 19:41:05,676 - MainThread - updateUi - DEBUG - Reset de l'affichage de la courbe
2024-12-22 19:41:05,754 - MainThread - updateUi - DEBUG - Reset de l'affichage de la courbe
2024-12-22 19:41:05,833 - MainThread - updateUi - DEBUG - Reset de l'affichage de la courbe
2024-12-22 19:41:05,911 - MainThread - updateUi - DEBUG - Reset de l'affichage de la courbe
2024-12-22 19:41:05,973 - MainThread - updateUi - DEBUG - Reset de l'affichage de la courbe
2024-12-22 19:41:06,036 - MainThread - updateUi - DEBUG - Reset de l'affichage de la courbe
2024-12-22 19:41:06,099 - MainThread - updateUi - DEBUG - Reset de l'affichage de la courbe
2024-12-22 19:41:06,177 - MainThread - updateUi - DEBUG - Reset de l'affichage de la courbe
2024-12-22 19:41:06,271 - MainThread - updateUi - DEBUG - Reset de l'affichage de la courbe
2024-12-22 19:41:06,318 - MainThread - startSimulation - DEBUG - Start simu clicked
2024-12-22 19:41:06,318 - MainThread - SimuTry - DEBUG - Debut Thread
2024-12-22 19:41:06,349 - MainThread - updateUi - DEBUG - Reset de l'affichage de la courbe
2024-12-22 19:41:06,427 - MainThread - updateUi - DEBUG - Reset de l'affichage de la courbe
2024-12-22 19:41:06,505 - MainThread - updateUi - DEBUG - Reset de l'affichage de la courbe
2024-12-22 19:41:06,568 - MainThread - updateUi - DEBUG - Reset de l'affichage de la courbe
2024-12-22 19:41:06,646 - MainThread - updateUi - DEBUG - Reset de l'affichage de la courbe
2024-12-22 19:41:06,724 - MainThread - updateUi - DEBUG - Reset de l'affichage de la courbe
2024-12-22 19:41:06,802 - MainThread - updateUi - DEBUG - Reset de l'affichage de la courbe
2024-12-22 19:41:06,865 - MainThread - updateUi - DEBUG - Reset de l'affichage de la courbe
2024-12-22 19:41:06,958 - MainThread - updateUi - DEBUG - Reset de l'affichage de la courbe
2024-12-22 19:41:07,036 - MainThread - updateUi - DEBUG - Reset de l'affichage de la courbe
2024-12-22 19:41:07,099 - MainThread - updateUi - DEBUG - Reset de l'affichage de la courbe
2024-12-22 19:41:07,177 - MainThread - updateUi - DEBUG - Reset de l'affichage de la courbe
2024-12-22 19:41:07,265 - MainThread - updateUi - DEBUG - Reset de l'affichage de la courbe
2024-12-22 19:41:07,359 - MainThread - updateUi - DEBUG - Reset de l'affichage de la courbe
2024-12-22 19:41:07,443 - MainThread - updateUi - DEBUG - Reset de l'affichage de la courbe
2024-12-22 19:41:07,532 - MainThread - updateUi - DEBUG - Reset de l'affichage de la courbe
2024-12-22 19:41:07,607 - MainThread - updateUi - DEBUG - Reset de l'affichage de la courbe
2024-12-22 19:41:07,691 - MainThread - updateUi - DEBUG - Reset de l'affichage de la courbe
2024-12-22 19:41:07,754 - MainThread - updateUi - DEBUG - Reset de l'affichage de la courbe
2024-12-22 19:41:07,844 - MainThread - updateUi - DEBUG - Reset de l'affichage de la courbe
2024-12-22 19:41:07,922 - MainThread - updateUi - DEBUG - Reset de l'affichage de la courbe
2024-12-22 19:41:08,001 - MainThread - updateUi - DEBUG - Reset de l'affichage de la courbe
2024-12-22 19:41:08,064 - MainThread - updateUi - DEBUG - Reset de l'affichage de la courbe
2024-12-22 19:41:08,143 - MainThread - updateUi - DEBUG - Reset de l'affichage de la courbe
2024-12-22 19:41:08,222 - MainThread - updateUi - DEBUG - Reset de l'affichage de la courbe
2024-12-22 19:41:08,297 - MainThread - updateUi - DEBUG - Reset de l'affichage de la courbe
2024-12-22 19:41:08,376 - MainThread - updateUi - DEBUG - Reset de l'affichage de la courbe
2024-12-22 19:41:08,462 - MainThread - updateUi - DEBUG - Reset de l'affichage de la courbe
2024-12-22 19:41:08,546 - MainThread - updateUi - DEBUG - Reset de l'affichage de la courbe
2024-12-22 19:41:08,625 - MainThread - updateUi - DEBUG - Reset de l'affichage de la courbe
2024-12-22 19:41:08,704 - MainThread - updateUi - DEBUG - Reset de l'affichage de la courbe
2024-12-22 19:41:08,782 - MainThread - updateUi - DEBUG - Reset de l'affichage de la courbe
2024-12-22 19:41:08,860 - MainThread - updateUi - DEBUG - Reset de l'affichage de la courbe
2024-12-22 19:41:08,939 - MainThread - updateUi - DEBUG - Reset de l'affichage de la courbe
2024-12-22 19:41:09,017 - MainThread - updateUi - DEBUG - Reset de l'affichage de la courbe
2024-12-22 19:41:09,095 - MainThread - updateUi - DEBUG - Reset de l'affichage de la courbe
2024-12-22 19:41:09,173 - MainThread - updateUi - DEBUG - Reset de l'affichage de la courbe
2024-12-22 19:41:09,261 - MainThread - updateUi - DEBUG - Reset de l'affichage de la courbe
2024-12-22 19:41:09,355 - MainThread - updateUi - DEBUG - Reset de l'affichage de la courbe
2024-12-22 19:41:09,458 - MainThread - updateUi - DEBUG - Reset de l'affichage de la courbe
2024-12-22 19:41:09,547 - MainThread - updateUi - DEBUG - Reset de l'affichage de la courbe
2024-12-22 19:41:09,643 - MainThread - updateUi - DEBUG - Reset de l'affichage de la courbe
2024-12-22 19:41:09,737 - MainThread - updateUi - DEBUG - Reset de l'affichage de la courbe
2024-12-22 19:41:09,847 - MainThread - updateUi - DEBUG - Reset de l'affichage de la courbe
2024-12-22 19:41:09,941 - MainThread - updateUi - DEBUG - Reset de l'affichage de la courbe
2024-12-22 19:41:10,024 - MainThread - updateUi - DEBUG - Reset de l'affichage de la courbe
2024-12-22 19:41:10,124 - MainThread - updateUi - DEBUG - Reset de l'affichage de la courbe
2024-12-22 19:41:10,219 - MainThread - updateUi - DEBUG - Reset de l'affichage de la courbe
2024-12-22 19:41:10,328 - MainThread - updateUi - DEBUG - Reset de l'affichage de la courbe
2024-12-22 19:41:10,425 - MainThread - updateUi - DEBUG - Reset de l'affichage de la courbe
2024-12-22 19:41:10,530 - MainThread - updateUi - DEBUG - Reset de l'affichage de la courbe
2024-12-22 19:41:10,645 - MainThread - updateUi - DEBUG - Reset de l'affichage de la courbe
2024-12-22 19:41:10,756 - MainThread - updateUi - DEBUG - Reset de l'affichage de la courbe
2024-12-22 19:41:10,846 - MainThread - updateUi - DEBUG - Reset de l'affichage de la courbe
2024-12-22 19:41:10,941 - MainThread - updateUi - DEBUG - Reset de l'affichage de la courbe
2024-12-22 19:41:11,042 - MainThread - updateUi - DEBUG - Reset de l'affichage de la courbe
2024-12-22 19:41:11,156 - MainThread - updateUi - DEBUG - Reset de l'affichage de la courbe
2024-12-22 19:41:11,259 - MainThread - updateUi - DEBUG - Reset de l'affichage de la courbe
2024-12-22 19:41:11,353 - MainThread - updateUi - DEBUG - Reset de l'affichage de la courbe
2024-12-22 19:41:11,447 - MainThread - updateUi - DEBUG - Reset de l'affichage de la courbe
2024-12-22 19:41:11,543 - MainThread - updateUi - DEBUG - Reset de l'affichage de la courbe
2024-12-22 19:41:11,639 - MainThread - updateUi - DEBUG - Reset de l'affichage de la courbe
2024-12-22 19:41:11,733 - MainThread - updateUi - DEBUG - Reset de l'affichage de la courbe
2024-12-22 19:41:11,827 - MainThread - updateUi - DEBUG - Reset de l'affichage de la courbe
2024-12-22 19:41:11,922 - MainThread - updateUi - DEBUG - Reset de l'affichage de la courbe
2024-12-22 19:41:12,017 - MainThread - updateUi - DEBUG - Reset de l'affichage de la courbe
2024-12-22 19:41:12,111 - MainThread - updateUi - DEBUG - Reset de l'affichage de la courbe
2024-12-22 19:41:12,213 - MainThread - updateUi - DEBUG - Reset de l'affichage de la courbe
2024-12-22 19:41:12,309 - MainThread - updateUi - DEBUG - Reset de l'affichage de la courbe
2024-12-22 19:41:12,411 - MainThread - updateUi - DEBUG - Reset de l'affichage de la courbe
2024-12-22 19:41:12,512 - MainThread - updateUi - DEBUG - Reset de l'affichage de la courbe
2024-12-22 19:41:12,614 - MainThread - updateUi - DEBUG - Reset de l'affichage de la courbe
2024-12-22 19:41:12,725 - MainThread - updateUi - DEBUG - Reset de l'affichage de la courbe
2024-12-22 19:41:12,843 - MainThread - updateUi - DEBUG - Reset de l'affichage de la courbe
2024-12-22 19:41:12,944 - MainThread - updateUi - DEBUG - Reset de l'affichage de la courbe
2024-12-22 19:41:13,038 - MainThread - updateUi - DEBUG - Reset de l'affichage de la courbe
2024-12-22 19:41:13,128 - MainThread - updateUi - DEBUG - Reset de l'affichage de la courbe
2024-12-22 19:41:13,222 - MainThread - updateUi - DEBUG - Reset de l'affichage de la courbe
2024-12-22 19:41:13,316 - MainThread - updateUi - DEBUG - Reset de l'affichage de la courbe
2024-12-22 19:41:13,412 - MainThread - updateUi - DEBUG - Reset de l'affichage de la courbe
2024-12-22 19:41:13,496 - MainThread - updateUi - DEBUG - Reset de l'affichage de la courbe
2024-12-22 19:41:13,601 - MainThread - updateUi - DEBUG - Reset de l'affichage de la courbe
2024-12-22 19:41:13,713 - MainThread - updateUi - DEBUG - Reset de l'affichage de la courbe
2024-12-22 19:41:13,824 - MainThread - updateUi - DEBUG - Reset de l'affichage de la courbe
2024-12-22 19:41:13,928 - MainThread - updateUi - DEBUG - Reset de l'affichage de la courbe
2024-12-22 19:41:14,046 - MainThread - updateUi - DEBUG - Reset de l'affichage de la courbe
2024-12-22 19:41:14,139 - MainThread - updateUi - DEBUG - Reset de l'affichage de la courbe
2024-12-22 19:41:14,242 - MainThread - updateUi - DEBUG - Reset de l'affichage de la courbe
2024-12-22 19:41:14,344 - MainThread - updateUi - DEBUG - Reset de l'affichage de la courbe
2024-12-22 19:41:14,446 - MainThread - updateUi - DEBUG - Reset de l'affichage de la courbe
2024-12-22 19:41:14,546 - MainThread - updateUi - DEBUG - Reset de l'affichage de la courbe
2024-12-22 19:41:14,653 - MainThread - updateUi - DEBUG - Reset de l'affichage de la courbe
2024-12-22 19:41:14,747 - MainThread - updateUi - DEBUG - Reset de l'affichage de la courbe
2024-12-22 19:41:14,851 - MainThread - updateUi - DEBUG - Reset de l'affichage de la courbe
2024-12-22 19:41:14,946 - MainThread - updateUi - DEBUG - Reset de l'affichage de la courbe
2024-12-22 19:41:15,045 - MainThread - updateUi - DEBUG - Reset de l'affichage de la courbe
2024-12-22 19:41:15,141 - MainThread - updateUi - DEBUG - Reset de l'affichage de la courbe
2024-12-22 19:41:15,244 - MainThread - updateUi - DEBUG - Reset de l'affichage de la courbe
2024-12-22 19:41:15,339 - MainThread - updateUi - DEBUG - Reset de l'affichage de la courbe
2024-12-22 19:41:15,435 - MainThread - updateUi - DEBUG - Reset de l'affichage de la courbe
2024-12-22 19:41:15,528 - MainThread - updateUi - DEBUG - Reset de l'affichage de la courbe
2024-12-22 19:41:15,626 - MainThread - updateUi - DEBUG - Reset de l'affichage de la courbe
2024-12-22 19:41:15,730 - MainThread - updateUi - DEBUG - Reset de l'affichage de la courbe
2024-12-22 19:41:15,830 - MainThread - updateUi - DEBUG - Reset de l'affichage de la courbe
2024-12-22 19:41:15,904 - MainThread - updateUi - DEBUG - Reset de l'affichage de la courbe
2024-12-22 19:41:15,993 - MainThread - updateUi - DEBUG - Reset de l'affichage de la courbe
2024-12-22 19:41:16,113 - MainThread - updateUi - DEBUG - Reset de l'affichage de la courbe
2024-12-22 19:41:16,243 - MainThread - updateUi - DEBUG - Reset de l'affichage de la courbe
2024-12-22 19:41:16,334 - MainThread - updateUi - DEBUG - Reset de l'affichage de la courbe
2024-12-22 19:41:16,428 - MainThread - updateUi - DEBUG - Reset de l'affichage de la courbe
2024-12-22 19:41:16,528 - MainThread - updateUi - DEBUG - Reset de l'affichage de la courbe
2024-12-22 19:41:16,625 - MainThread - updateUi - DEBUG - Reset de l'affichage de la courbe
2024-12-22 19:41:16,722 - MainThread - updateUi - DEBUG - Reset de l'affichage de la courbe
2024-12-22 19:41:16,830 - MainThread - updateUi - DEBUG - Reset de l'affichage de la courbe
2024-12-22 19:41:16,942 - MainThread - updateUi - DEBUG - Reset de l'affichage de la courbe
2024-12-22 19:41:17,044 - MainThread - updateUi - DEBUG - Reset de l'affichage de la courbe
2024-12-22 19:41:17,163 - MainThread - updateUi - DEBUG - Reset de l'affichage de la courbe
2024-12-22 19:41:17,255 - MainThread - updateUi - DEBUG - Reset de l'affichage de la courbe
2024-12-22 19:41:17,349 - MainThread - updateUi - DEBUG - Reset de l'affichage de la courbe
2024-12-22 19:41:17,433 - MainThread - updateUi - DEBUG - Reset de l'affichage de la courbe
2024-12-22 19:41:17,539 - MainThread - updateUi - DEBUG - Reset de l'affichage de la courbe
2024-12-22 19:41:17,644 - MainThread - updateUi - DEBUG - Reset de l'affichage de la courbe
2024-12-22 19:41:17,758 - MainThread - updateUi - DEBUG - Reset de l'affichage de la courbe
2024-12-22 19:41:17,863 - MainThread - updateUi - DEBUG - Reset de l'affichage de la courbe
2024-12-22 19:41:17,957 - MainThread - updateUi - DEBUG - Reset de l'affichage de la courbe
2024-12-22 19:41:18,051 - MainThread - updateUi - DEBUG - Reset de l'affichage de la courbe
2024-12-22 19:41:18,158 - MainThread - updateUi - DEBUG - Reset de l'affichage de la courbe
2024-12-22 19:41:18,266 - MainThread - updateUi - DEBUG - Reset de l'affichage de la courbe
2024-12-22 19:41:18,374 - MainThread - updateUi - DEBUG - Reset de l'affichage de la courbe
2024-12-22 19:41:18,482 - MainThread - updateUi - DEBUG - Reset de l'affichage de la courbe
2024-12-22 19:41:18,588 - MainThread - updateUi - DEBUG - Reset de l'affichage de la courbe
2024-12-22 19:41:18,690 - MainThread - updateUi - DEBUG - Reset de l'affichage de la courbe
2024-12-22 19:41:18,783 - MainThread - updateUi - DEBUG - Reset de l'affichage de la courbe
2024-12-22 19:41:18,888 - MainThread - updateUi - DEBUG - Reset de l'affichage de la courbe
2024-12-22 19:41:18,975 - MainThread - updateUi - DEBUG - Reset de l'affichage de la courbe
2024-12-22 19:41:19,068 - MainThread - updateUi - DEBUG - Reset de l'affichage de la courbe
2024-12-22 19:41:19,160 - MainThread - updateUi - DEBUG - Reset de l'affichage de la courbe
2024-12-22 19:41:19,254 - MainThread - updateUi - DEBUG - Reset de l'affichage de la courbe
2024-12-22 19:41:19,348 - MainThread - updateUi - DEBUG - Reset de l'affichage de la courbe
2024-12-22 19:41:19,446 - MainThread - updateUi - DEBUG - Reset de l'affichage de la courbe
2024-12-22 19:41:19,538 - MainThread - updateUi - DEBUG - Reset de l'affichage de la courbe
2024-12-22 19:41:19,644 - MainThread - updateUi - DEBUG - Reset de l'affichage de la courbe
2024-12-22 19:41:19,739 - MainThread - updateUi - DEBUG - Reset de l'affichage de la courbe
2024-12-22 19:41:19,833 - MainThread - updateUi - DEBUG - Reset de l'affichage de la courbe
2024-12-22 19:41:19,928 - MainThread - updateUi - DEBUG - Reset de l'affichage de la courbe
2024-12-22 19:41:20,022 - MainThread - updateUi - DEBUG - Reset de l'affichage de la courbe
2024-12-22 19:41:20,117 - MainThread - updateUi - DEBUG - Reset de l'affichage de la courbe
2024-12-22 19:41:20,212 - MainThread - updateUi - DEBUG - Reset de l'affichage de la courbe
2024-12-22 19:41:20,310 - MainThread - updateUi - DEBUG - Reset de l'affichage de la courbe
2024-12-22 19:41:20,401 - MainThread - updateUi - DEBUG - Reset de l'affichage de la courbe
2024-12-22 19:41:20,501 - MainThread - updateUi - DEBUG - Reset de l'affichage de la courbe
2024-12-22 19:41:20,597 - MainThread - updateUi - DEBUG - Reset de l'affichage de la courbe
2024-12-22 19:41:20,695 - MainThread - updateUi - DEBUG - Reset de l'affichage de la courbe
2024-12-22 19:41:20,811 - MainThread - updateUi - DEBUG - Reset de l'affichage de la courbe
2024-12-22 19:41:20,907 - MainThread - updateUi - DEBUG - Reset de l'affichage de la courbe
2024-12-22 19:41:21,009 - MainThread - updateUi - DEBUG - Reset de l'affichage de la courbe
2024-12-22 19:41:21,103 - MainThread - updateUi - DEBUG - Reset de l'affichage de la courbe
2024-12-22 19:41:21,201 - MainThread - updateUi - DEBUG - Reset de l'affichage de la courbe
2024-12-22 19:41:21,289 - MainThread - updateUi - DEBUG - Reset de l'affichage de la courbe
2024-12-22 19:41:21,397 - MainThread - updateUi - DEBUG - Reset de l'affichage de la courbe
2024-12-22 19:41:21,496 - MainThread - updateUi - DEBUG - Reset de l'affichage de la courbe
2024-12-22 19:41:21,597 - MainThread - updateUi - DEBUG - Reset de l'affichage de la courbe
2024-12-22 19:41:21,695 - MainThread - updateUi - DEBUG - Reset de l'affichage de la courbe
2024-12-22 19:41:21,802 - MainThread - updateUi - DEBUG - Reset de l'affichage de la courbe
2024-12-22 19:41:21,890 - MainThread - updateUi - DEBUG - Reset de l'affichage de la courbe
2024-12-22 19:41:22,028 - MainThread - updateUi - DEBUG - Reset de l'affichage de la courbe
2024-12-22 19:41:22,158 - MainThread - updateUi - DEBUG - Reset de l'affichage de la courbe
2024-12-22 19:41:22,312 - MainThread - updateUi - DEBUG - Reset de l'affichage de la courbe
2024-12-22 19:41:22,474 - MainThread - updateUi - DEBUG - Reset de l'affichage de la courbe
2024-12-22 19:41:22,568 - MainThread - updateUi - DEBUG - Reset de l'affichage de la courbe
2024-12-22 19:41:22,662 - MainThread - updateUi - DEBUG - Reset de l'affichage de la courbe
2024-12-22 19:41:22,814 - MainThread - updateUi - DEBUG - Reset de l'affichage de la courbe
2024-12-22 19:41:22,977 - MainThread - updateUi - DEBUG - Reset de l'affichage de la courbe
2024-12-22 19:41:23,122 - MainThread - updateUi - DEBUG - Reset de l'affichage de la courbe
2024-12-22 19:41:23,228 - MainThread - updateUi - DEBUG - Reset de l'affichage de la courbe
2024-12-22 19:41:23,380 - MainThread - updateUi - DEBUG - Reset de l'affichage de la courbe
2024-12-22 19:41:23,493 - MainThread - updateUi - DEBUG - Reset de l'affichage de la courbe
2024-12-22 19:41:23,581 - MainThread - updateUi - DEBUG - Reset de l'affichage de la courbe
2024-12-22 19:41:23,670 - MainThread - updateUi - DEBUG - Reset de l'affichage de la courbe
2024-12-22 19:41:23,766 - MainThread - updateUi - DEBUG - Reset de l'affichage de la courbe
2024-12-22 19:41:23,860 - MainThread - updateUi - DEBUG - Reset de l'affichage de la courbe
2024-12-22 19:41:23,957 - MainThread - updateUi - DEBUG - Reset de l'affichage de la courbe
2024-12-22 19:41:24,055 - MainThread - updateUi - DEBUG - Reset de l'affichage de la courbe
2024-12-22 19:41:24,164 - MainThread - updateUi - DEBUG - Reset de l'affichage de la courbe
2024-12-22 19:41:24,261 - MainThread - updateUi - DEBUG - Reset de l'affichage de la courbe
2024-12-22 19:41:24,349 - MainThread - updateUi - DEBUG - Reset de l'affichage de la courbe
2024-12-22 19:41:24,464 - MainThread - updateUi - DEBUG - Reset de l'affichage de la courbe
2024-12-22 19:41:24,568 - MainThread - updateUi - DEBUG - Reset de l'affichage de la courbe
2024-12-22 19:41:24,711 - MainThread - updateUi - DEBUG - Reset de l'affichage de la courbe
2024-12-22 19:41:24,862 - MainThread - updateUi - DEBUG - Reset de l'affichage de la courbe
2024-12-22 19:41:25,047 - MainThread - updateUi - DEBUG - Reset de l'affichage de la courbe
2024-12-22 19:41:25,181 - MainThread - updateUi - DEBUG - Reset de l'affichage de la courbe
2024-12-22 19:41:25,300 - MainThread - updateUi - DEBUG - Reset de l'affichage de la courbe
2024-12-22 19:41:25,492 - MainThread - updateUi - DEBUG - Reset de l'affichage de la courbe
2024-12-22 19:41:25,644 - MainThread - updateUi - DEBUG - Reset de l'affichage de la courbe
2024-12-22 19:41:25,822 - MainThread - updateUi - DEBUG - Reset de l'affichage de la courbe
2024-12-22 19:41:25,960 - MainThread - updateUi - DEBUG - Reset de l'affichage de la courbe
2024-12-22 19:41:26,098 - MainThread - updateUi - DEBUG - Reset de l'affichage de la courbe
2024-12-22 19:41:26,230 - MainThread - updateUi - DEBUG - Reset de l'affichage de la courbe
2024-12-22 19:41:26,415 - MainThread - updateUi - DEBUG - Reset de l'affichage de la courbe
2024-12-22 19:41:26,531 - MainThread - updateUi - DEBUG - Reset de l'affichage de la courbe
2024-12-22 19:41:26,638 - MainThread - updateUi - DEBUG - Reset de l'affichage de la courbe
2024-12-22 19:41:26,747 - MainThread - updateUi - DEBUG - Reset de l'affichage de la courbe
2024-12-22 19:41:26,840 - MainThread - updateUi - DEBUG - Reset de l'affichage de la courbe
2024-12-22 19:41:26,946 - MainThread - updateUi - DEBUG - Reset de l'affichage de la courbe
2024-12-22 19:41:27,048 - MainThread - updateUi - DEBUG - Reset de l'affichage de la courbe
2024-12-22 19:41:27,146 - MainThread - updateUi - DEBUG - Reset de l'affichage de la courbe
2024-12-22 19:41:27,263 - MainThread - updateUi - DEBUG - Reset de l'affichage de la courbe
2024-12-22 19:41:27,363 - MainThread - updateUi - DEBUG - Reset de l'affichage de la courbe
2024-12-22 19:41:27,463 - MainThread - updateUi - DEBUG - Reset de l'affichage de la courbe
2024-12-22 19:41:27,561 - MainThread - updateUi - DEBUG - Reset de l'affichage de la courbe
2024-12-22 19:41:27,662 - MainThread - updateUi - DEBUG - Reset de l'affichage de la courbe
2024-12-22 19:41:27,761 - MainThread - updateUi - DEBUG - Reset de l'affichage de la courbe
2024-12-22 19:41:27,857 - MainThread - updateUi - DEBUG - Reset de l'affichage de la courbe
2024-12-22 19:41:27,963 - MainThread - updateUi - DEBUG - Reset de l'affichage de la courbe
2024-12-22 19:41:28,061 - MainThread - updateUi - DEBUG - Reset de l'affichage de la courbe
2024-12-22 19:41:28,176 - MainThread - updateUi - DEBUG - Reset de l'affichage de la courbe
2024-12-22 19:41:28,267 - MainThread - updateUi - DEBUG - Reset de l'affichage de la courbe
2024-12-22 19:41:28,360 - MainThread - updateUi - DEBUG - Reset de l'affichage de la courbe
2024-12-22 19:41:28,461 - MainThread - updateUi - DEBUG - Reset de l'affichage de la courbe
2024-12-22 19:41:28,560 - MainThread - updateUi - DEBUG - Reset de l'affichage de la courbe
2024-12-22 19:41:28,658 - MainThread - updateUi - DEBUG - Reset de l'affichage de la courbe
2024-12-22 19:41:28,753 - MainThread - updateUi - DEBUG - Reset de l'affichage de la courbe
2024-12-22 19:41:28,864 - MainThread - updateUi - DEBUG - Reset de l'affichage de la courbe
2024-12-22 19:41:28,960 - MainThread - updateUi - DEBUG - Reset de l'affichage de la courbe
2024-12-22 19:41:29,055 - MainThread - updateUi - DEBUG - Reset de l'affichage de la courbe
2024-12-22 19:41:29,129 - MainThread - updateUi - DEBUG - Reset de l'affichage de la courbe
2024-12-22 19:41:29,246 - MainThread - updateUi - DEBUG - Reset de l'affichage de la courbe
2024-12-22 19:41:29,352 - MainThread - updateUi - DEBUG - Reset de l'affichage de la courbe
2024-12-22 19:41:29,440 - MainThread - updateUi - DEBUG - Reset de l'affichage de la courbe
2024-12-22 19:41:29,536 - MainThread - updateUi - DEBUG - Reset de l'affichage de la courbe
2024-12-22 19:41:29,625 - MainThread - updateUi - DEBUG - Reset de l'affichage de la courbe
2024-12-22 19:41:29,739 - MainThread - updateUi - DEBUG - Reset de l'affichage de la courbe
2024-12-22 19:41:29,833 - MainThread - updateUi - DEBUG - Reset de l'affichage de la courbe
2024-12-22 19:41:29,927 - MainThread - updateUi - DEBUG - Reset de l'affichage de la courbe
2024-12-22 19:41:30,021 - MainThread - updateUi - DEBUG - Reset de l'affichage de la courbe
2024-12-22 19:41:30,115 - MainThread - updateUi - DEBUG - Reset de l'affichage de la courbe
2024-12-22 19:41:30,213 - MainThread - updateUi - DEBUG - Reset de l'affichage de la courbe
2024-12-22 19:41:30,327 - MainThread - updateUi - DEBUG - Reset de l'affichage de la courbe
2024-12-22 19:41:30,422 - MainThread - updateUi - DEBUG - Reset de l'affichage de la courbe
2024-12-22 19:41:30,515 - MainThread - updateUi - DEBUG - Reset de l'affichage de la courbe
2024-12-22 19:41:30,618 - MainThread - updateUi - DEBUG - Reset de l'affichage de la courbe
2024-12-22 19:41:30,705 - MainThread - updateUi - DEBUG - Reset de l'affichage de la courbe
2024-12-22 19:41:30,810 - MainThread - updateUi - DEBUG - Reset de l'affichage de la courbe
2024-12-22 19:41:30,905 - MainThread - updateUi - DEBUG - Reset de l'affichage de la courbe
2024-12-22 19:41:30,968 - MainThread - updateUi - DEBUG - Reset de l'affichage de la courbe
2024-12-22 19:41:31,069 - MainThread - updateUi - DEBUG - Reset de l'affichage de la courbe
2024-12-22 19:41:31,172 - MainThread - updateUi - DEBUG - Reset de l'affichage de la courbe
2024-12-22 19:41:31,264 - MainThread - updateUi - DEBUG - Reset de l'affichage de la courbe
2024-12-22 19:41:31,358 - MainThread - updateUi - DEBUG - Reset de l'affichage de la courbe
2024-12-22 19:41:31,453 - MainThread - updateUi - DEBUG - Reset de l'affichage de la courbe
2024-12-22 19:41:31,534 - MainThread - updateUi - DEBUG - Reset de l'affichage de la courbe
2024-12-22 19:41:31,615 - MainThread - updateUi - DEBUG - Reset de l'affichage de la courbe
2024-12-22 19:41:31,709 - MainThread - updateUi - DEBUG - Reset de l'affichage de la courbe
2024-12-22 19:41:31,807 - MainThread - updateUi - DEBUG - Reset de l'affichage de la courbe
2024-12-22 19:41:31,904 - MainThread - updateUi - DEBUG - Reset de l'affichage de la courbe
2024-12-22 19:41:31,997 - MainThread - updateUi - DEBUG - Reset de l'affichage de la courbe
2024-12-22 19:41:32,093 - MainThread - updateUi - DEBUG - Reset de l'affichage de la courbe
2024-12-22 19:41:32,173 - MainThread - updateUi - DEBUG - Reset de l'affichage de la courbe
2024-12-22 19:41:32,291 - MainThread - updateUi - DEBUG - Reset de l'affichage de la courbe
2024-12-22 19:41:32,379 - MainThread - updateUi - DEBUG - Reset de l'affichage de la courbe
2024-12-22 19:41:32,476 - MainThread - updateUi - DEBUG - Reset de l'affichage de la courbe
2024-12-22 19:41:32,578 - MainThread - updateUi - DEBUG - Reset de l'affichage de la courbe
2024-12-22 19:41:32,672 - MainThread - updateUi - DEBUG - Reset de l'affichage de la courbe
2024-12-22 19:41:32,766 - MainThread - updateUi - DEBUG - Reset de l'affichage de la courbe
2024-12-22 19:41:32,870 - MainThread - updateUi - DEBUG - Reset de l'affichage de la courbe
2024-12-22 19:41:32,961 - MainThread - updateUi - DEBUG - Reset de l'affichage de la courbe
2024-12-22 19:41:33,079 - MainThread - updateUi - DEBUG - Reset de l'affichage de la courbe
2024-12-22 19:41:33,202 - MainThread - updateUi - DEBUG - Reset de l'affichage de la courbe
2024-12-22 19:41:33,330 - MainThread - updateUi - DEBUG - Reset de l'affichage de la courbe
2024-12-22 19:41:33,447 - MainThread - updateUi - DEBUG - Reset de l'affichage de la courbe
2024-12-22 19:41:33,557 - MainThread - updateUi - DEBUG - Reset de l'affichage de la courbe
2024-12-22 19:41:33,663 - MainThread - updateUi - DEBUG - Reset de l'affichage de la courbe
2024-12-22 19:41:33,780 - MainThread - updateUi - DEBUG - Reset de l'affichage de la courbe
2024-12-22 19:41:33,897 - MainThread - updateUi - DEBUG - Reset de l'affichage de la courbe
2024-12-22 19:41:34,028 - MainThread - updateUi - DEBUG - Reset de l'affichage de la courbe
2024-12-22 19:41:34,127 - MainThread - updateUi - DEBUG - Reset de l'affichage de la courbe
2024-12-22 19:41:34,223 - MainThread - updateUi - DEBUG - Reset de l'affichage de la courbe
2024-12-22 19:41:34,317 - MainThread - updateUi - DEBUG - Reset de l'affichage de la courbe
2024-12-22 19:41:34,411 - MainThread - updateUi - DEBUG - Reset de l'affichage de la courbe
2024-12-22 19:41:34,504 - MainThread - updateUi - DEBUG - Reset de l'affichage de la courbe
2024-12-22 19:41:34,611 - MainThread - updateUi - DEBUG - Reset de l'affichage de la courbe
2024-12-22 19:41:34,723 - MainThread - updateUi - DEBUG - Reset de l'affichage de la courbe
2024-12-22 19:41:34,826 - MainThread - updateUi - DEBUG - Reset de l'affichage de la courbe
2024-12-22 19:41:34,945 - MainThread - updateUi - DEBUG - Reset de l'affichage de la courbe
2024-12-22 19:41:35,046 - MainThread - updateUi - DEBUG - Reset de l'affichage de la courbe
2024-12-22 19:41:35,141 - MainThread - updateUi - DEBUG - Reset de l'affichage de la courbe
2024-12-22 19:41:35,244 - MainThread - updateUi - DEBUG - Reset de l'affichage de la courbe
2024-12-22 19:41:35,365 - MainThread - updateUi - DEBUG - Reset de l'affichage de la courbe
2024-12-22 19:41:35,471 - MainThread - updateUi - DEBUG - Reset de l'affichage de la courbe
2024-12-22 19:41:35,548 - MainThread - updateUi - DEBUG - Reset de l'affichage de la courbe
2024-12-22 19:41:35,627 - MainThread - updateUi - DEBUG - Reset de l'affichage de la courbe
2024-12-22 19:41:35,705 - MainThread - updateUi - DEBUG - Reset de l'affichage de la courbe
2024-12-22 19:41:35,767 - MainThread - updateUi - DEBUG - Reset de l'affichage de la courbe
2024-12-22 19:41:35,830 - MainThread - updateUi - DEBUG - Reset de l'affichage de la courbe
2024-12-22 19:41:35,893 - MainThread - updateUi - DEBUG - Reset de l'affichage de la courbe
2024-12-22 19:41:35,987 - MainThread - updateUi - DEBUG - Reset de l'affichage de la courbe
2024-12-22 19:41:36,066 - MainThread - updateUi - DEBUG - Reset de l'affichage de la courbe
2024-12-22 19:41:36,145 - MainThread - updateUi - DEBUG - Reset de l'affichage de la courbe
2024-12-22 19:41:36,223 - MainThread - updateUi - DEBUG - Reset de l'affichage de la courbe
2024-12-22 19:41:36,286 - MainThread - updateUi - DEBUG - Reset de l'affichage de la courbe
2024-12-22 19:41:36,348 - MainThread - updateUi - DEBUG - Reset de l'affichage de la courbe
2024-12-22 19:41:36,411 - MainThread - onClose - INFO - Fermeture de la fenetre
2024-12-22 19:41:36,472 - MainThread - <module> - INFO - Fin du programme
