2024-12-22 19:21:09,363 - MainThread - <module> - INFO - Initialisation du logger
2024-12-22 19:21:09,661 - MainThread - update - DEBUG - Update vaue de la courbe
2024-12-22 19:21:09,709 - MainThread - afficher - INFO - Affichage de la fenetre
2024-12-22 19:21:09,709 - MainThread - updateUi - DEBUG - Reset de l'affichage de la courbe
2024-12-22 19:21:09,778 - MainThread - updateUi - DEBUG - Reset de l'affichage de la courbe
2024-12-22 19:21:09,847 - MainThread - updateUi - DEBUG - Reset de l'affichage de la courbe
2024-12-22 19:21:09,918 - MainThread - updateUi - DEBUG - Reset de l'affichage de la courbe
2024-12-22 19:21:09,994 - MainThread - updateUi - DEBUG - Reset de l'affichage de la courbe
2024-12-22 19:21:10,070 - MainThread - updateUi - DEBUG - Reset de l'affichage de la courbe
2024-12-22 19:21:10,141 - MainThread - updateUi - DEBUG - Reset de l'affichage de la courbe
2024-12-22 19:21:10,221 - MainThread - updateUi - DEBUG - Reset de l'affichage de la courbe
2024-12-22 19:21:10,293 - MainThread - updateUi - DEBUG - Reset de l'affichage de la courbe
2024-12-22 19:21:10,344 - MainThread - updateUi - DEBUG - Reset de l'affichage de la courbe
2024-12-22 19:21:10,426 - MainThread - updateUi - DEBUG - Reset de l'affichage de la courbe
2024-12-22 19:21:10,490 - MainThread - updateUi - DEBUG - Reset de l'affichage de la courbe
2024-12-22 19:21:10,570 - MainThread - updateUi - DEBUG - Reset de l'affichage de la courbe
2024-12-22 19:21:10,628 - MainThread - updateUi - DEBUG - Reset de l'affichage de la courbe
2024-12-22 19:21:10,703 - MainThread - updateUi - DEBUG - Reset de l'affichage de la courbe
2024-12-22 19:21:10,768 - MainThread - updateUi - DEBUG - Reset de l'affichage de la courbe
2024-12-22 19:21:10,839 - MainThread - updateUi - DEBUG - Reset de l'affichage de la courbe
2024-12-22 19:21:10,907 - MainThread - updateUi - DEBUG - Reset de l'affichage de la courbe
2024-12-22 19:21:10,985 - MainThread - updateUi - DEBUG - Reset de l'affichage de la courbe
2024-12-22 19:21:11,047 - MainThread - updateUi - DEBUG - Reset de l'affichage de la courbe
2024-12-22 19:21:11,126 - MainThread - updateUi - DEBUG - Reset de l'affichage de la courbe
2024-12-22 19:21:11,188 - MainThread - updateUi - DEBUG - Reset de l'affichage de la courbe
2024-12-22 19:21:11,266 - MainThread - updateUi - DEBUG - Reset de l'affichage de la courbe
2024-12-22 19:21:11,338 - MainThread - updateUi - DEBUG - Reset de l'affichage de la courbe
2024-12-22 19:21:11,401 - MainThread - updateUi - DEBUG - Reset de l'affichage de la courbe
2024-12-22 19:21:11,461 - MainThread - updateUi - DEBUG - Reset de l'affichage de la courbe
2024-12-22 19:21:11,520 - MainThread - updateUi - DEBUG - Reset de l'affichage de la courbe
2024-12-22 19:21:11,593 - MainThread - updateUi - DEBUG - Reset de l'affichage de la courbe
2024-12-22 19:21:11,655 - MainThread - updateUi - DEBUG - Reset de l'affichage de la courbe
2024-12-22 19:21:11,726 - MainThread - updateUi - DEBUG - Reset de l'affichage de la courbe
2024-12-22 19:21:11,790 - MainThread - updateUi - DEBUG - Reset de l'affichage de la courbe
2024-12-22 19:21:11,844 - MainThread - updateUi - DEBUG - Reset de l'affichage de la courbe
2024-12-22 19:21:11,919 - MainThread - updateUi - DEBUG - Reset de l'affichage de la courbe
2024-12-22 19:21:12,025 - MainThread - onClose - INFO - Fermeture de la fenetre
2024-12-22 19:21:12,090 - MainThread - <module> - INFO - Fin du programme
