2024-12-18 20:59:35,856 - MainThread - <module> - INFO - Initialisation du logger
2024-12-18 20:59:36,050 - MainThread - update - DEBUG - Update vaue de la courbe
2024-12-18 20:59:36,067 - Thread-1 (MotorTry) - MotorTry - DEBUG - Debut Thread
2024-12-18 20:59:36,067 - MainThread - afficher - INFO - Affichage de la fenetre
2024-12-18 20:59:36,067 - MainThread - updateUi - DEBUG - Reset de l'affichage de la courbe
2024-12-18 20:59:36,115 - MainThread - updateUi - DEBUG - Reset de l'affichage de la courbe
2024-12-18 20:59:36,151 - MainThread - updateUi - DEBUG - Reset de l'affichage de la courbe
2024-12-18 20:59:36,179 - MainThread - updateUi - DEBUG - Reset de l'affichage de la courbe
2024-12-18 20:59:36,208 - MainThread - updateUi - DEBUG - Reset de l'affichage de la courbe
2024-12-18 20:59:36,236 - MainThread - updateUi - DEBUG - Reset de l'affichage de la courbe
2024-12-18 20:59:36,264 - MainThread - updateUi - DEBUG - Reset de l'affichage de la courbe
2024-12-18 20:59:36,293 - MainThread - updateUi - DEBUG - Reset de l'affichage de la courbe
2024-12-18 20:59:36,322 - MainThread - updateUi - DEBUG - Reset de l'affichage de la courbe
2024-12-18 20:59:36,350 - MainThread - updateUi - DEBUG - Reset de l'affichage de la courbe
2024-12-18 20:59:36,378 - MainThread - updateUi - DEBUG - Reset de l'affichage de la courbe
2024-12-18 20:59:36,407 - MainThread - updateUi - DEBUG - Reset de l'affichage de la courbe
2024-12-18 20:59:36,435 - MainThread - updateUi - DEBUG - Reset de l'affichage de la courbe
2024-12-18 20:59:36,463 - MainThread - updateUi - DEBUG - Reset de l'affichage de la courbe
2024-12-18 20:59:36,491 - MainThread - updateUi - DEBUG - Reset de l'affichage de la courbe
2024-12-18 20:59:36,519 - MainThread - updateUi - DEBUG - Reset de l'affichage de la courbe
2024-12-18 20:59:36,547 - MainThread - updateUi - DEBUG - Reset de l'affichage de la courbe
2024-12-18 20:59:36,575 - MainThread - updateUi - DEBUG - Reset de l'affichage de la courbe
2024-12-18 20:59:36,603 - MainThread - updateUi - DEBUG - Reset de l'affichage de la courbe
2024-12-18 20:59:36,631 - MainThread - updateUi - DEBUG - Reset de l'affichage de la courbe
2024-12-18 20:59:36,659 - MainThread - updateUi - DEBUG - Reset de l'affichage de la courbe
2024-12-18 20:59:36,687 - MainThread - updateUi - DEBUG - Reset de l'affichage de la courbe
2024-12-18 20:59:36,715 - MainThread - updateUi - DEBUG - Reset de l'affichage de la courbe
2024-12-18 20:59:36,743 - MainThread - updateUi - DEBUG - Reset de l'affichage de la courbe
2024-12-18 20:59:36,771 - MainThread - updateUi - DEBUG - Reset de l'affichage de la courbe
2024-12-18 20:59:36,799 - MainThread - updateUi - DEBUG - Reset de l'affichage de la courbe
2024-12-18 20:59:36,827 - MainThread - updateUi - DEBUG - Reset de l'affichage de la courbe
2024-12-18 20:59:36,856 - MainThread - updateUi - DEBUG - Reset de l'affichage de la courbe
2024-12-18 20:59:36,884 - MainThread - updateUi - DEBUG - Reset de l'affichage de la courbe
2024-12-18 20:59:36,912 - MainThread - updateUi - DEBUG - Reset de l'affichage de la courbe
