2024-12-08 17:40:55,268 - MainThread - <module> - INFO - Initialisation du logger
2024-12-08 17:40:55,328 - Thread-1 (doSomething) - doSomething - DEBUG - Debut Thread
2024-12-08 17:40:55,328 - MainThread - afficher - INFO - Affichage de la fenetre
2024-12-08 17:40:55,329 - MainThread - updateUi - DEBUG - On charge l'image du robot
2024-12-08 17:40:55,336 - MainThread - updateUi - DEBUG - On redimensionne l'image du robot
2024-12-08 17:40:55,338 - MainThread - updateUi - DEBUG - On change l'orientation l'image du robot
2024-12-08 17:40:55,338 - MainThread - updateUi - DEBUG - On creer l'imageTK du robot
2024-12-08 17:40:55,342 - MainThread - updateUi - DEBUG - On creer l'image du robot sur le canva
2024-12-08 17:40:56,354 - MainThread - updateUi - DEBUG - On bouge l'image robot sur le canva. dx = 0, dy = 0, imf = 1
2024-12-08 17:40:57,359 - MainThread - updateUi - DEBUG - On bouge l'image robot sur le canva. dx = 0, dy = 0, imf = 1
2024-12-08 17:40:58,362 - MainThread - updateUi - DEBUG - On bouge l'image robot sur le canva. dx = 0, dy = 0, imf = 1
2024-12-08 17:40:59,364 - MainThread - updateUi - DEBUG - On bouge l'image robot sur le canva. dx = 0, dy = 0, imf = 1
2024-12-08 17:41:00,364 - MainThread - updateUi - DEBUG - On bouge l'image robot sur le canva. dx = 0, dy = 0, imf = 1
2024-12-08 17:41:01,367 - MainThread - updateUi - DEBUG - On bouge l'image robot sur le canva. dx = 0, dy = 0, imf = 1
2024-12-08 17:41:02,367 - MainThread - updateUi - DEBUG - On bouge l'image robot sur le canva. dx = 0, dy = 0, imf = 1
2024-12-08 17:41:03,368 - MainThread - updateUi - DEBUG - On bouge l'image robot sur le canva. dx = 0, dy = 0, imf = 1
2024-12-08 17:41:04,372 - MainThread - updateUi - DEBUG - On bouge l'image robot sur le canva. dx = 0, dy = 0, imf = 1
2024-12-08 17:41:05,374 - MainThread - updateUi - DEBUG - On bouge l'image robot sur le canva. dx = 0, dy = 0, imf = 1
2024-12-08 17:41:06,388 - MainThread - updateUi - DEBUG - On bouge l'image robot sur le canva. dx = 0, dy = 0, imf = 1
2024-12-08 17:41:06,805 - MainThread - onClose - INFO - Fermeture de la fenetre
2024-12-08 17:41:06,813 - MainThread - <module> - INFO - Fin du programme
