2024-12-22 19:24:06,668 - MainThread - <module> - INFO - Initialisation du logger
2024-12-22 19:24:06,929 - MainThread - update - DEBUG - Update vaue de la courbe
2024-12-22 19:24:06,973 - MainThread - afficher - INFO - Affichage de la fenetre
2024-12-22 19:24:06,981 - MainThread - updateUi - DEBUG - Reset de l'affichage de la courbe
2024-12-22 19:24:07,066 - MainThread - updateUi - DEBUG - Reset de l'affichage de la courbe
2024-12-22 19:24:07,147 - MainThread - updateUi - DEBUG - Reset de l'affichage de la courbe
2024-12-22 19:24:07,196 - MainThread - updateUi - DEBUG - Reset de l'affichage de la courbe
2024-12-22 19:24:07,272 - MainThread - updateUi - DEBUG - Reset de l'affichage de la courbe
2024-12-22 19:24:07,353 - MainThread - updateUi - DEBUG - Reset de l'affichage de la courbe
2024-12-22 19:24:07,416 - MainThread - updateUi - DEBUG - Reset de l'affichage de la courbe
2024-12-22 19:24:07,479 - MainThread - updateUi - DEBUG - Reset de l'affichage de la courbe
2024-12-22 19:24:07,542 - MainThread - updateUi - DEBUG - Reset de l'affichage de la courbe
2024-12-22 19:24:07,622 - MainThread - updateUi - DEBUG - Reset de l'affichage de la courbe
2024-12-22 19:24:07,695 - MainThread - updateUi - DEBUG - Reset de l'affichage de la courbe
2024-12-22 19:24:07,757 - MainThread - updateUi - DEBUG - Reset de l'affichage de la courbe
2024-12-22 19:24:07,826 - MainThread - updateUi - DEBUG - Reset de l'affichage de la courbe
2024-12-22 19:24:07,892 - MainThread - updateUi - DEBUG - Reset de l'affichage de la courbe
2024-12-22 19:24:07,962 - MainThread - updateUi - DEBUG - Reset de l'affichage de la courbe
2024-12-22 19:24:08,027 - MainThread - updateUi - DEBUG - Reset de l'affichage de la courbe
2024-12-22 19:24:08,095 - MainThread - updateUi - DEBUG - Reset de l'affichage de la courbe
2024-12-22 19:24:08,162 - MainThread - updateUi - DEBUG - Reset de l'affichage de la courbe
2024-12-22 19:24:08,228 - MainThread - updateUi - DEBUG - Reset de l'affichage de la courbe
2024-12-22 19:24:08,296 - MainThread - updateUi - DEBUG - Reset de l'affichage de la courbe
2024-12-22 19:24:08,374 - MainThread - updateUi - DEBUG - Reset de l'affichage de la courbe
2024-12-22 19:24:08,444 - MainThread - updateUi - DEBUG - Reset de l'affichage de la courbe
2024-12-22 19:24:08,524 - MainThread - updateUi - DEBUG - Reset de l'affichage de la courbe
2024-12-22 19:24:08,604 - MainThread - updateUi - DEBUG - Reset de l'affichage de la courbe
2024-12-22 19:24:08,682 - MainThread - updateUi - DEBUG - Reset de l'affichage de la courbe
2024-12-22 19:24:08,745 - MainThread - updateUi - DEBUG - Reset de l'affichage de la courbe
2024-12-22 19:24:08,808 - MainThread - updateUi - DEBUG - Reset de l'affichage de la courbe
2024-12-22 19:24:08,871 - MainThread - updateUi - DEBUG - Reset de l'affichage de la courbe
2024-12-22 19:24:08,934 - MainThread - updateUi - DEBUG - Reset de l'affichage de la courbe
2024-12-22 19:24:08,994 - MainThread - updateUi - DEBUG - Reset de l'affichage de la courbe
2024-12-22 19:24:09,063 - MainThread - updateUi - DEBUG - Reset de l'affichage de la courbe
2024-12-22 19:24:09,110 - MainThread - updateUi - DEBUG - Reset de l'affichage de la courbe
2024-12-22 19:24:09,183 - MainThread - updateUi - DEBUG - Reset de l'affichage de la courbe
2024-12-22 19:24:09,245 - MainThread - updateUi - DEBUG - Reset de l'affichage de la courbe
2024-12-22 19:24:09,326 - MainThread - updateUi - DEBUG - Reset de l'affichage de la courbe
2024-12-22 19:24:09,392 - MainThread - updateUi - DEBUG - Reset de l'affichage de la courbe
2024-12-22 19:24:09,456 - MainThread - updateUi - DEBUG - Reset de l'affichage de la courbe
2024-12-22 19:24:09,539 - MainThread - updateUi - DEBUG - Reset de l'affichage de la courbe
2024-12-22 19:24:09,619 - MainThread - updateUi - DEBUG - Reset de l'affichage de la courbe
2024-12-22 19:24:09,677 - MainThread - updateUi - DEBUG - Reset de l'affichage de la courbe
2024-12-22 19:24:09,754 - MainThread - updateUi - DEBUG - Reset de l'affichage de la courbe
2024-12-22 19:24:09,824 - MainThread - updateUi - DEBUG - Reset de l'affichage de la courbe
2024-12-22 19:24:09,882 - MainThread - updateUi - DEBUG - Reset de l'affichage de la courbe
2024-12-22 19:24:10,010 - MainThread - onClose - INFO - Fermeture de la fenetre
2024-12-22 19:24:10,082 - MainThread - <module> - INFO - Fin du programme
