2024-12-22 19:18:20,097 - MainThread - <module> - INFO - Initialisation du logger
2024-12-22 19:18:20,374 - MainThread - update - DEBUG - Update vaue de la courbe
2024-12-22 19:18:20,492 - MainThread - afficher - INFO - Affichage de la fenetre
2024-12-22 19:18:20,492 - MainThread - updateUi - DEBUG - Reset de l'affichage de la courbe
2024-12-22 19:18:20,581 - MainThread - updateUi - DEBUG - Reset de l'affichage de la courbe
2024-12-22 19:18:20,629 - MainThread - updateUi - DEBUG - Reset de l'affichage de la courbe
2024-12-22 19:18:20,702 - MainThread - updateUi - DEBUG - Reset de l'affichage de la courbe
2024-12-22 19:18:20,749 - MainThread - updateUi - DEBUG - Reset de l'affichage de la courbe
2024-12-22 19:18:20,812 - MainThread - updateUi - DEBUG - Reset de l'affichage de la courbe
2024-12-22 19:18:20,890 - MainThread - updateUi - DEBUG - Reset de l'affichage de la courbe
2024-12-22 19:18:20,952 - MainThread - updateUi - DEBUG - Reset de l'affichage de la courbe
2024-12-22 19:18:21,015 - MainThread - updateUi - DEBUG - Reset de l'affichage de la courbe
2024-12-22 19:18:21,087 - MainThread - updateUi - DEBUG - Reset de l'affichage de la courbe
2024-12-22 19:18:21,158 - MainThread - updateUi - DEBUG - Reset de l'affichage de la courbe
2024-12-22 19:18:21,221 - MainThread - updateUi - DEBUG - Reset de l'affichage de la courbe
2024-12-22 19:18:21,300 - MainThread - updateUi - DEBUG - Reset de l'affichage de la courbe
2024-12-22 19:18:21,363 - MainThread - updateUi - DEBUG - Reset de l'affichage de la courbe
2024-12-22 19:18:21,425 - MainThread - updateUi - DEBUG - Reset de l'affichage de la courbe
2024-12-22 19:18:21,488 - MainThread - updateUi - DEBUG - Reset de l'affichage de la courbe
2024-12-22 19:18:21,550 - MainThread - updateUi - DEBUG - Reset de l'affichage de la courbe
2024-12-22 19:18:21,589 - MainThread - updateUi - DEBUG - Reset de l'affichage de la courbe
2024-12-22 19:18:21,668 - MainThread - updateUi - DEBUG - Reset de l'affichage de la courbe
2024-12-22 19:18:21,739 - MainThread - updateUi - DEBUG - Reset de l'affichage de la courbe
2024-12-22 19:18:21,802 - MainThread - updateUi - DEBUG - Reset de l'affichage de la courbe
2024-12-22 19:18:21,858 - MainThread - updateUi - DEBUG - Reset de l'affichage de la courbe
2024-12-22 19:18:21,935 - MainThread - updateUi - DEBUG - Reset de l'affichage de la courbe
2024-12-22 19:18:21,982 - MainThread - updateUi - DEBUG - Reset de l'affichage de la courbe
2024-12-22 19:18:22,045 - MainThread - updateUi - DEBUG - Reset de l'affichage de la courbe
2024-12-22 19:18:22,123 - MainThread - updateUi - DEBUG - Reset de l'affichage de la courbe
2024-12-22 19:18:22,185 - MainThread - updateUi - DEBUG - Reset de l'affichage de la courbe
2024-12-22 19:18:22,233 - MainThread - updateUi - DEBUG - Reset de l'affichage de la courbe
2024-12-22 19:18:22,295 - MainThread - updateUi - DEBUG - Reset de l'affichage de la courbe
2024-12-22 19:18:22,356 - MainThread - updateUi - DEBUG - Reset de l'affichage de la courbe
2024-12-22 19:18:22,428 - MainThread - updateUi - DEBUG - Reset de l'affichage de la courbe
2024-12-22 19:18:22,504 - MainThread - updateUi - DEBUG - Reset de l'affichage de la courbe
2024-12-22 19:18:22,567 - MainThread - updateUi - DEBUG - Reset de l'affichage de la courbe
2024-12-22 19:18:22,668 - MainThread - updateUi - DEBUG - Reset de l'affichage de la courbe
2024-12-22 19:18:22,722 - MainThread - updateUi - DEBUG - Reset de l'affichage de la courbe
2024-12-22 19:18:22,791 - MainThread - updateUi - DEBUG - Reset de l'affichage de la courbe
2024-12-22 19:18:22,872 - MainThread - updateUi - DEBUG - Reset de l'affichage de la courbe
2024-12-22 19:18:22,966 - MainThread - updateUi - DEBUG - Reset de l'affichage de la courbe
2024-12-22 19:18:23,028 - MainThread - updateUi - DEBUG - Reset de l'affichage de la courbe
2024-12-22 19:18:23,091 - MainThread - updateUi - DEBUG - Reset de l'affichage de la courbe
2024-12-22 19:18:23,153 - MainThread - updateUi - DEBUG - Reset de l'affichage de la courbe
2024-12-22 19:18:23,209 - MainThread - updateUi - DEBUG - Reset de l'affichage de la courbe
2024-12-22 19:18:23,272 - MainThread - updateUi - DEBUG - Reset de l'affichage de la courbe
2024-12-22 19:18:23,351 - MainThread - updateUi - DEBUG - Reset de l'affichage de la courbe
2024-12-22 19:18:23,424 - MainThread - updateUi - DEBUG - Reset de l'affichage de la courbe
2024-12-22 19:18:23,488 - MainThread - updateUi - DEBUG - Reset de l'affichage de la courbe
2024-12-22 19:18:23,567 - MainThread - updateUi - DEBUG - Reset de l'affichage de la courbe
2024-12-22 19:18:23,647 - MainThread - updateUi - DEBUG - Reset de l'affichage de la courbe
2024-12-22 19:18:23,710 - MainThread - updateUi - DEBUG - Reset de l'affichage de la courbe
2024-12-22 19:18:23,788 - MainThread - updateUi - DEBUG - Reset de l'affichage de la courbe
2024-12-22 19:18:23,872 - MainThread - updateUi - DEBUG - Reset de l'affichage de la courbe
2024-12-22 19:18:23,956 - MainThread - updateUi - DEBUG - Reset de l'affichage de la courbe
2024-12-22 19:18:24,039 - MainThread - updateUi - DEBUG - Reset de l'affichage de la courbe
2024-12-22 19:18:24,124 - MainThread - updateUi - DEBUG - Reset de l'affichage de la courbe
2024-12-22 19:18:24,203 - MainThread - updateUi - DEBUG - Reset de l'affichage de la courbe
2024-12-22 19:18:24,290 - MainThread - updateUi - DEBUG - Reset de l'affichage de la courbe
2024-12-22 19:18:24,370 - MainThread - updateUi - DEBUG - Reset de l'affichage de la courbe
2024-12-22 19:18:24,441 - MainThread - updateUi - DEBUG - Reset de l'affichage de la courbe
2024-12-22 19:18:24,504 - MainThread - updateUi - DEBUG - Reset de l'affichage de la courbe
2024-12-22 19:18:24,595 - MainThread - updateUi - DEBUG - Reset de l'affichage de la courbe
2024-12-22 19:18:24,690 - MainThread - updateUi - DEBUG - Reset de l'affichage de la courbe
2024-12-22 19:18:24,753 - MainThread - updateUi - DEBUG - Reset de l'affichage de la courbe
2024-12-22 19:18:24,825 - MainThread - updateUi - DEBUG - Reset de l'affichage de la courbe
2024-12-22 19:18:24,909 - MainThread - updateUi - DEBUG - Reset de l'affichage de la courbe
2024-12-22 19:18:24,989 - MainThread - updateUi - DEBUG - Reset de l'affichage de la courbe
2024-12-22 19:18:25,052 - MainThread - updateUi - DEBUG - Reset de l'affichage de la courbe
2024-12-22 19:18:25,114 - MainThread - updateUi - DEBUG - Reset de l'affichage de la courbe
2024-12-22 19:18:25,190 - MainThread - updateUi - DEBUG - Reset de l'affichage de la courbe
2024-12-22 19:18:25,268 - MainThread - updateUi - DEBUG - Reset de l'affichage de la courbe
2024-12-22 19:18:25,331 - MainThread - updateUi - DEBUG - Reset de l'affichage de la courbe
2024-12-22 19:18:25,393 - MainThread - updateUi - DEBUG - Reset de l'affichage de la courbe
2024-12-22 19:18:25,456 - MainThread - updateUi - DEBUG - Reset de l'affichage de la courbe
2024-12-22 19:18:25,534 - MainThread - updateUi - DEBUG - Reset de l'affichage de la courbe
2024-12-22 19:18:25,596 - MainThread - updateUi - DEBUG - Reset de l'affichage de la courbe
2024-12-22 19:18:25,659 - MainThread - updateUi - DEBUG - Reset de l'affichage de la courbe
2024-12-22 19:18:25,723 - MainThread - updateUi - DEBUG - Reset de l'affichage de la courbe
2024-12-22 19:18:25,802 - MainThread - updateUi - DEBUG - Reset de l'affichage de la courbe
2024-12-22 19:18:25,865 - MainThread - updateUi - DEBUG - Reset de l'affichage de la courbe
2024-12-22 19:18:25,923 - MainThread - updateUi - DEBUG - Reset de l'affichage de la courbe
2024-12-22 19:18:25,977 - MainThread - updateUi - DEBUG - Reset de l'affichage de la courbe
2024-12-22 19:18:26,038 - MainThread - updateUi - DEBUG - Reset de l'affichage de la courbe
2024-12-22 19:18:26,122 - MainThread - updateUi - DEBUG - Reset de l'affichage de la courbe
2024-12-22 19:18:26,186 - MainThread - updateUi - DEBUG - Reset de l'affichage de la courbe
2024-12-22 19:18:26,271 - MainThread - updateUi - DEBUG - Reset de l'affichage de la courbe
2024-12-22 19:18:26,335 - MainThread - updateUi - DEBUG - Reset de l'affichage de la courbe
2024-12-22 19:18:26,392 - MainThread - updateUi - DEBUG - Reset de l'affichage de la courbe
2024-12-22 19:18:26,470 - MainThread - updateUi - DEBUG - Reset de l'affichage de la courbe
2024-12-22 19:18:26,534 - MainThread - updateUi - DEBUG - Reset de l'affichage de la courbe
2024-12-22 19:18:26,589 - MainThread - updateUi - DEBUG - Reset de l'affichage de la courbe
2024-12-22 19:18:26,670 - MainThread - updateUi - DEBUG - Reset de l'affichage de la courbe
2024-12-22 19:18:26,742 - MainThread - updateUi - DEBUG - Reset de l'affichage de la courbe
2024-12-22 19:18:26,789 - MainThread - updateUi - DEBUG - Reset de l'affichage de la courbe
2024-12-22 19:18:26,863 - MainThread - updateUi - DEBUG - Reset de l'affichage de la courbe
2024-12-22 19:18:26,922 - MainThread - updateUi - DEBUG - Reset de l'affichage de la courbe
2024-12-22 19:18:26,985 - MainThread - updateUi - DEBUG - Reset de l'affichage de la courbe
2024-12-22 19:18:27,047 - MainThread - updateUi - DEBUG - Reset de l'affichage de la courbe
2024-12-22 19:18:27,110 - MainThread - updateUi - DEBUG - Reset de l'affichage de la courbe
2024-12-22 19:18:27,172 - MainThread - updateUi - DEBUG - Reset de l'affichage de la courbe
2024-12-22 19:18:27,235 - MainThread - updateUi - DEBUG - Reset de l'affichage de la courbe
2024-12-22 19:18:27,290 - MainThread - updateUi - DEBUG - Reset de l'affichage de la courbe
2024-12-22 19:18:27,369 - MainThread - updateUi - DEBUG - Reset de l'affichage de la courbe
2024-12-22 19:18:27,431 - MainThread - updateUi - DEBUG - Reset de l'affichage de la courbe
2024-12-22 19:18:27,509 - MainThread - updateUi - DEBUG - Reset de l'affichage de la courbe
2024-12-22 19:18:27,557 - MainThread - updateUi - DEBUG - Reset de l'affichage de la courbe
2024-12-22 19:18:27,635 - MainThread - updateUi - DEBUG - Reset de l'affichage de la courbe
2024-12-22 19:18:27,698 - MainThread - updateUi - DEBUG - Reset de l'affichage de la courbe
2024-12-22 19:18:27,760 - MainThread - updateUi - DEBUG - Reset de l'affichage de la courbe
2024-12-22 19:18:27,823 - MainThread - updateUi - DEBUG - Reset de l'affichage de la courbe
2024-12-22 19:18:27,887 - MainThread - updateUi - DEBUG - Reset de l'affichage de la courbe
2024-12-22 19:18:27,934 - MainThread - updateUi - DEBUG - Reset de l'affichage de la courbe
2024-12-22 19:18:27,981 - MainThread - updateUi - DEBUG - Reset de l'affichage de la courbe
2024-12-22 19:18:28,059 - MainThread - updateUi - DEBUG - Reset de l'affichage de la courbe
2024-12-22 19:18:28,137 - MainThread - updateUi - DEBUG - Reset de l'affichage de la courbe
2024-12-22 19:18:28,199 - MainThread - updateUi - DEBUG - Reset de l'affichage de la courbe
2024-12-22 19:18:28,262 - MainThread - updateUi - DEBUG - Reset de l'affichage de la courbe
2024-12-22 19:18:28,324 - MainThread - updateUi - DEBUG - Reset de l'affichage de la courbe
2024-12-22 19:18:28,372 - MainThread - updateUi - DEBUG - Reset de l'affichage de la courbe
2024-12-22 19:18:28,451 - MainThread - updateUi - DEBUG - Reset de l'affichage de la courbe
2024-12-22 19:18:28,515 - MainThread - updateUi - DEBUG - Reset de l'affichage de la courbe
2024-12-22 19:18:28,577 - MainThread - updateUi - DEBUG - Reset de l'affichage de la courbe
2024-12-22 19:18:28,640 - MainThread - updateUi - DEBUG - Reset de l'affichage de la courbe
2024-12-22 19:18:28,688 - MainThread - updateUi - DEBUG - Reset de l'affichage de la courbe
2024-12-22 19:18:28,758 - MainThread - updateUi - DEBUG - Reset de l'affichage de la courbe
2024-12-22 19:18:28,825 - MainThread - updateUi - DEBUG - Reset de l'affichage de la courbe
2024-12-22 19:18:28,891 - MainThread - updateUi - DEBUG - Reset de l'affichage de la courbe
2024-12-22 19:18:28,955 - MainThread - updateUi - DEBUG - Reset de l'affichage de la courbe
2024-12-22 19:18:29,022 - MainThread - updateUi - DEBUG - Reset de l'affichage de la courbe
2024-12-22 19:18:29,083 - MainThread - updateUi - DEBUG - Reset de l'affichage de la courbe
2024-12-22 19:18:29,157 - MainThread - updateUi - DEBUG - Reset de l'affichage de la courbe
2024-12-22 19:18:29,222 - MainThread - updateUi - DEBUG - Reset de l'affichage de la courbe
2024-12-22 19:18:29,270 - MainThread - updateUi - DEBUG - Reset de l'affichage de la courbe
2024-12-22 19:18:29,326 - MainThread - updateUi - DEBUG - Reset de l'affichage de la courbe
2024-12-22 19:18:29,389 - MainThread - updateUi - DEBUG - Reset de l'affichage de la courbe
2024-12-22 19:18:29,452 - MainThread - updateUi - DEBUG - Reset de l'affichage de la courbe
2024-12-22 19:18:29,507 - MainThread - updateUi - DEBUG - Reset de l'affichage de la courbe
2024-12-22 19:18:29,586 - MainThread - updateUi - DEBUG - Reset de l'affichage de la courbe
2024-12-22 19:18:29,650 - MainThread - updateUi - DEBUG - Reset de l'affichage de la courbe
2024-12-22 19:18:29,727 - MainThread - updateUi - DEBUG - Reset de l'affichage de la courbe
2024-12-22 19:18:29,804 - MainThread - updateUi - DEBUG - Reset de l'affichage de la courbe
2024-12-22 19:18:29,888 - MainThread - updateUi - DEBUG - Reset de l'affichage de la courbe
2024-12-22 19:18:29,963 - MainThread - updateUi - DEBUG - Reset de l'affichage de la courbe
2024-12-22 19:18:30,038 - MainThread - updateUi - DEBUG - Reset de l'affichage de la courbe
2024-12-22 19:18:30,116 - MainThread - updateUi - DEBUG - Reset de l'affichage de la courbe
2024-12-22 19:18:30,195 - MainThread - updateUi - DEBUG - Reset de l'affichage de la courbe
2024-12-22 19:18:30,274 - MainThread - updateUi - DEBUG - Reset de l'affichage de la courbe
2024-12-22 19:18:30,353 - MainThread - updateUi - DEBUG - Reset de l'affichage de la courbe
2024-12-22 19:18:30,432 - MainThread - updateUi - DEBUG - Reset de l'affichage de la courbe
2024-12-22 19:18:30,508 - MainThread - updateUi - DEBUG - Reset de l'affichage de la courbe
2024-12-22 19:18:30,583 - MainThread - updateUi - DEBUG - Reset de l'affichage de la courbe
2024-12-22 19:18:30,659 - MainThread - updateUi - DEBUG - Reset de l'affichage de la courbe
2024-12-22 19:18:30,741 - MainThread - updateUi - DEBUG - Reset de l'affichage de la courbe
2024-12-22 19:18:30,821 - MainThread - updateUi - DEBUG - Reset de l'affichage de la courbe
2024-12-22 19:18:30,893 - MainThread - updateUi - DEBUG - Reset de l'affichage de la courbe
2024-12-22 19:18:30,967 - MainThread - updateUi - DEBUG - Reset de l'affichage de la courbe
2024-12-22 19:18:31,041 - MainThread - updateUi - DEBUG - Reset de l'affichage de la courbe
2024-12-22 19:18:31,118 - MainThread - updateUi - DEBUG - Reset de l'affichage de la courbe
2024-12-22 19:18:31,199 - MainThread - updateUi - DEBUG - Reset de l'affichage de la courbe
2024-12-22 19:18:31,281 - MainThread - updateUi - DEBUG - Reset de l'affichage de la courbe
2024-12-22 19:18:31,355 - MainThread - updateUi - DEBUG - Reset de l'affichage de la courbe
2024-12-22 19:18:31,432 - MainThread - updateUi - DEBUG - Reset de l'affichage de la courbe
2024-12-22 19:18:31,507 - MainThread - updateUi - DEBUG - Reset de l'affichage de la courbe
2024-12-22 19:18:31,592 - MainThread - updateUi - DEBUG - Reset de l'affichage de la courbe
2024-12-22 19:18:31,668 - MainThread - updateUi - DEBUG - Reset de l'affichage de la courbe
2024-12-22 19:18:31,750 - MainThread - updateUi - DEBUG - Reset de l'affichage de la courbe
2024-12-22 19:18:31,826 - MainThread - updateUi - DEBUG - Reset de l'affichage de la courbe
2024-12-22 19:18:31,917 - MainThread - updateUi - DEBUG - Reset de l'affichage de la courbe
2024-12-22 19:18:31,997 - MainThread - updateUi - DEBUG - Reset de l'affichage de la courbe
2024-12-22 19:18:32,085 - MainThread - updateUi - DEBUG - Reset de l'affichage de la courbe
2024-12-22 19:18:32,170 - MainThread - updateUi - DEBUG - Reset de l'affichage de la courbe
2024-12-22 19:18:32,243 - MainThread - updateUi - DEBUG - Reset de l'affichage de la courbe
2024-12-22 19:18:32,316 - MainThread - updateUi - DEBUG - Reset de l'affichage de la courbe
2024-12-22 19:18:32,388 - MainThread - updateUi - DEBUG - Reset de l'affichage de la courbe
2024-12-22 19:18:32,460 - MainThread - updateUi - DEBUG - Reset de l'affichage de la courbe
2024-12-22 19:18:32,542 - MainThread - updateUi - DEBUG - Reset de l'affichage de la courbe
2024-12-22 19:18:32,626 - MainThread - updateUi - DEBUG - Reset de l'affichage de la courbe
2024-12-22 19:18:32,714 - MainThread - updateUi - DEBUG - Reset de l'affichage de la courbe
2024-12-22 19:18:32,787 - MainThread - updateUi - DEBUG - Reset de l'affichage de la courbe
2024-12-22 19:18:32,859 - MainThread - updateUi - DEBUG - Reset de l'affichage de la courbe
2024-12-22 19:18:32,933 - MainThread - updateUi - DEBUG - Reset de l'affichage de la courbe
2024-12-22 19:18:33,010 - MainThread - updateUi - DEBUG - Reset de l'affichage de la courbe
2024-12-22 19:18:33,100 - MainThread - updateUi - DEBUG - Reset de l'affichage de la courbe
2024-12-22 19:18:33,189 - MainThread - updateUi - DEBUG - Reset de l'affichage de la courbe
2024-12-22 19:18:33,267 - MainThread - updateUi - DEBUG - Reset de l'affichage de la courbe
2024-12-22 19:18:33,346 - MainThread - updateUi - DEBUG - Reset de l'affichage de la courbe
2024-12-22 19:18:33,424 - MainThread - updateUi - DEBUG - Reset de l'affichage de la courbe
2024-12-22 19:18:33,522 - MainThread - updateUi - DEBUG - Reset de l'affichage de la courbe
2024-12-22 19:18:33,591 - MainThread - updateUi - DEBUG - Reset de l'affichage de la courbe
2024-12-22 19:18:33,669 - MainThread - updateUi - DEBUG - Reset de l'affichage de la courbe
2024-12-22 19:18:33,741 - MainThread - updateUi - DEBUG - Reset de l'affichage de la courbe
2024-12-22 19:18:33,817 - MainThread - updateUi - DEBUG - Reset de l'affichage de la courbe
2024-12-22 19:18:33,908 - MainThread - updateUi - DEBUG - Reset de l'affichage de la courbe
2024-12-22 19:18:33,991 - MainThread - updateUi - DEBUG - Reset de l'affichage de la courbe
2024-12-22 19:18:34,072 - MainThread - updateUi - DEBUG - Reset de l'affichage de la courbe
2024-12-22 19:18:34,150 - MainThread - updateUi - DEBUG - Reset de l'affichage de la courbe
2024-12-22 19:18:34,223 - MainThread - updateUi - DEBUG - Reset de l'affichage de la courbe
2024-12-22 19:18:34,301 - MainThread - updateUi - DEBUG - Reset de l'affichage de la courbe
2024-12-22 19:18:34,374 - MainThread - updateUi - DEBUG - Reset de l'affichage de la courbe
2024-12-22 19:18:34,443 - MainThread - updateUi - DEBUG - Reset de l'affichage de la courbe
2024-12-22 19:18:34,515 - MainThread - updateUi - DEBUG - Reset de l'affichage de la courbe
2024-12-22 19:18:34,583 - MainThread - updateUi - DEBUG - Reset de l'affichage de la courbe
2024-12-22 19:18:34,671 - MainThread - updateUi - DEBUG - Reset de l'affichage de la courbe
2024-12-22 19:18:34,732 - MainThread - updateUi - DEBUG - Reset de l'affichage de la courbe
2024-12-22 19:18:34,816 - MainThread - updateUi - DEBUG - Reset de l'affichage de la courbe
2024-12-22 19:18:34,904 - MainThread - updateUi - DEBUG - Reset de l'affichage de la courbe
2024-12-22 19:18:34,974 - MainThread - updateUi - DEBUG - Reset de l'affichage de la courbe
2024-12-22 19:18:35,056 - MainThread - updateUi - DEBUG - Reset de l'affichage de la courbe
2024-12-22 19:18:35,136 - MainThread - updateUi - DEBUG - Reset de l'affichage de la courbe
2024-12-22 19:18:35,220 - MainThread - updateUi - DEBUG - Reset de l'affichage de la courbe
2024-12-22 19:18:35,299 - MainThread - updateUi - DEBUG - Reset de l'affichage de la courbe
2024-12-22 19:18:35,369 - MainThread - updateUi - DEBUG - Reset de l'affichage de la courbe
2024-12-22 19:18:35,451 - MainThread - updateUi - DEBUG - Reset de l'affichage de la courbe
2024-12-22 19:18:35,526 - MainThread - updateUi - DEBUG - Reset de l'affichage de la courbe
2024-12-22 19:18:35,607 - MainThread - updateUi - DEBUG - Reset de l'affichage de la courbe
2024-12-22 19:18:35,682 - MainThread - updateUi - DEBUG - Reset de l'affichage de la courbe
2024-12-22 19:18:35,758 - MainThread - updateUi - DEBUG - Reset de l'affichage de la courbe
2024-12-22 19:18:35,822 - MainThread - updateUi - DEBUG - Reset de l'affichage de la courbe
2024-12-22 19:18:35,910 - MainThread - updateUi - DEBUG - Reset de l'affichage de la courbe
2024-12-22 19:18:36,001 - MainThread - updateUi - DEBUG - Reset de l'affichage de la courbe
2024-12-22 19:18:36,092 - MainThread - updateUi - DEBUG - Reset de l'affichage de la courbe
2024-12-22 19:18:36,155 - MainThread - updateUi - DEBUG - Reset de l'affichage de la courbe
2024-12-22 19:18:36,237 - MainThread - updateUi - DEBUG - Reset de l'affichage de la courbe
2024-12-22 19:18:36,317 - MainThread - updateUi - DEBUG - Reset de l'affichage de la courbe
2024-12-22 19:18:36,400 - MainThread - updateUi - DEBUG - Reset de l'affichage de la courbe
2024-12-22 19:18:36,484 - MainThread - updateUi - DEBUG - Reset de l'affichage de la courbe
2024-12-22 19:18:36,562 - MainThread - updateUi - DEBUG - Reset de l'affichage de la courbe
2024-12-22 19:18:36,634 - MainThread - updateUi - DEBUG - Reset de l'affichage de la courbe
2024-12-22 19:18:36,721 - MainThread - updateUi - DEBUG - Reset de l'affichage de la courbe
2024-12-22 19:18:36,805 - MainThread - updateUi - DEBUG - Reset de l'affichage de la courbe
2024-12-22 19:18:36,884 - MainThread - updateUi - DEBUG - Reset de l'affichage de la courbe
2024-12-22 19:18:36,964 - MainThread - updateUi - DEBUG - Reset de l'affichage de la courbe
2024-12-22 19:18:37,049 - MainThread - updateUi - DEBUG - Reset de l'affichage de la courbe
2024-12-22 19:18:37,124 - MainThread - updateUi - DEBUG - Reset de l'affichage de la courbe
2024-12-22 19:18:37,204 - MainThread - updateUi - DEBUG - Reset de l'affichage de la courbe
2024-12-22 19:18:37,276 - MainThread - updateUi - DEBUG - Reset de l'affichage de la courbe
2024-12-22 19:18:37,356 - MainThread - updateUi - DEBUG - Reset de l'affichage de la courbe
2024-12-22 19:18:37,434 - MainThread - updateUi - DEBUG - Reset de l'affichage de la courbe
2024-12-22 19:18:37,508 - MainThread - updateUi - DEBUG - Reset de l'affichage de la courbe
2024-12-22 19:18:37,582 - MainThread - updateUi - DEBUG - Reset de l'affichage de la courbe
2024-12-22 19:18:37,656 - MainThread - updateUi - DEBUG - Reset de l'affichage de la courbe
2024-12-22 19:18:37,730 - MainThread - updateUi - DEBUG - Reset de l'affichage de la courbe
2024-12-22 19:18:37,804 - MainThread - updateUi - DEBUG - Reset de l'affichage de la courbe
2024-12-22 19:18:37,880 - MainThread - updateUi - DEBUG - Reset de l'affichage de la courbe
2024-12-22 19:18:37,962 - MainThread - updateUi - DEBUG - Reset de l'affichage de la courbe
2024-12-22 19:18:38,041 - MainThread - updateUi - DEBUG - Reset de l'affichage de la courbe
2024-12-22 19:18:38,123 - MainThread - updateUi - DEBUG - Reset de l'affichage de la courbe
2024-12-22 19:18:38,197 - MainThread - updateUi - DEBUG - Reset de l'affichage de la courbe
2024-12-22 19:18:38,272 - MainThread - updateUi - DEBUG - Reset de l'affichage de la courbe
2024-12-22 19:18:38,351 - MainThread - updateUi - DEBUG - Reset de l'affichage de la courbe
2024-12-22 19:18:38,424 - MainThread - updateUi - DEBUG - Reset de l'affichage de la courbe
2024-12-22 19:18:38,499 - MainThread - updateUi - DEBUG - Reset de l'affichage de la courbe
2024-12-22 19:18:38,577 - MainThread - updateUi - DEBUG - Reset de l'affichage de la courbe
2024-12-22 19:18:38,655 - MainThread - updateUi - DEBUG - Reset de l'affichage de la courbe
2024-12-22 19:18:38,733 - MainThread - updateUi - DEBUG - Reset de l'affichage de la courbe
2024-12-22 19:18:38,811 - MainThread - updateUi - DEBUG - Reset de l'affichage de la courbe
2024-12-22 19:18:38,889 - MainThread - updateUi - DEBUG - Reset de l'affichage de la courbe
2024-12-22 19:18:38,969 - MainThread - updateUi - DEBUG - Reset de l'affichage de la courbe
2024-12-22 19:18:39,048 - MainThread - updateUi - DEBUG - Reset de l'affichage de la courbe
2024-12-22 19:18:39,126 - MainThread - updateUi - DEBUG - Reset de l'affichage de la courbe
2024-12-22 19:18:39,205 - MainThread - updateUi - DEBUG - Reset de l'affichage de la courbe
2024-12-22 19:18:39,300 - MainThread - updateUi - DEBUG - Reset de l'affichage de la courbe
2024-12-22 19:18:39,378 - MainThread - updateUi - DEBUG - Reset de l'affichage de la courbe
2024-12-22 19:18:39,450 - MainThread - updateUi - DEBUG - Reset de l'affichage de la courbe
2024-12-22 19:18:39,507 - MainThread - updateUi - DEBUG - Reset de l'affichage de la courbe
2024-12-22 19:18:39,582 - MainThread - updateUi - DEBUG - Reset de l'affichage de la courbe
2024-12-22 19:18:39,658 - MainThread - updateUi - DEBUG - Reset de l'affichage de la courbe
2024-12-22 19:18:39,749 - MainThread - updateUi - DEBUG - Reset de l'affichage de la courbe
2024-12-22 19:18:39,821 - MainThread - updateUi - DEBUG - Reset de l'affichage de la courbe
2024-12-22 19:18:39,893 - MainThread - updateUi - DEBUG - Reset de l'affichage de la courbe
2024-12-22 19:18:39,972 - MainThread - updateUi - DEBUG - Reset de l'affichage de la courbe
2024-12-22 19:18:40,050 - MainThread - updateUi - DEBUG - Reset de l'affichage de la courbe
2024-12-22 19:18:40,121 - MainThread - updateUi - DEBUG - Reset de l'affichage de la courbe
2024-12-22 19:18:40,199 - MainThread - updateUi - DEBUG - Reset de l'affichage de la courbe
2024-12-22 19:18:40,277 - MainThread - updateUi - DEBUG - Reset de l'affichage de la courbe
2024-12-22 19:18:40,355 - MainThread - updateUi - DEBUG - Reset de l'affichage de la courbe
2024-12-22 19:18:40,435 - MainThread - updateUi - DEBUG - Reset de l'affichage de la courbe
2024-12-22 19:18:40,517 - MainThread - updateUi - DEBUG - Reset de l'affichage de la courbe
2024-12-22 19:18:40,588 - MainThread - updateUi - DEBUG - Reset de l'affichage de la courbe
2024-12-22 19:18:40,667 - MainThread - updateUi - DEBUG - Reset de l'affichage de la courbe
2024-12-22 19:18:40,755 - MainThread - updateUi - DEBUG - Reset de l'affichage de la courbe
2024-12-22 19:18:40,857 - MainThread - updateUi - DEBUG - Reset de l'affichage de la courbe
2024-12-22 19:18:40,938 - MainThread - updateUi - DEBUG - Reset de l'affichage de la courbe
2024-12-22 19:18:41,020 - MainThread - updateUi - DEBUG - Reset de l'affichage de la courbe
2024-12-22 19:18:41,101 - MainThread - updateUi - DEBUG - Reset de l'affichage de la courbe
2024-12-22 19:18:41,175 - MainThread - updateUi - DEBUG - Reset de l'affichage de la courbe
2024-12-22 19:18:41,256 - MainThread - updateUi - DEBUG - Reset de l'affichage de la courbe
2024-12-22 19:18:41,332 - MainThread - updateUi - DEBUG - Reset de l'affichage de la courbe
2024-12-22 19:18:41,420 - MainThread - updateUi - DEBUG - Reset de l'affichage de la courbe
2024-12-22 19:18:41,490 - MainThread - updateUi - DEBUG - Reset de l'affichage de la courbe
2024-12-22 19:18:41,584 - MainThread - updateUi - DEBUG - Reset de l'affichage de la courbe
2024-12-22 19:18:41,671 - MainThread - updateUi - DEBUG - Reset de l'affichage de la courbe
2024-12-22 19:18:41,749 - MainThread - updateUi - DEBUG - Reset de l'affichage de la courbe
2024-12-22 19:18:41,834 - MainThread - updateUi - DEBUG - Reset de l'affichage de la courbe
2024-12-22 19:18:41,912 - MainThread - updateUi - DEBUG - Reset de l'affichage de la courbe
2024-12-22 19:18:41,990 - MainThread - updateUi - DEBUG - Reset de l'affichage de la courbe
2024-12-22 19:18:42,066 - MainThread - updateUi - DEBUG - Reset de l'affichage de la courbe
2024-12-22 19:18:42,141 - MainThread - updateUi - DEBUG - Reset de l'affichage de la courbe
2024-12-22 19:18:42,214 - MainThread - updateUi - DEBUG - Reset de l'affichage de la courbe
2024-12-22 19:18:42,290 - MainThread - updateUi - DEBUG - Reset de l'affichage de la courbe
2024-12-22 19:18:42,374 - MainThread - updateUi - DEBUG - Reset de l'affichage de la courbe
2024-12-22 19:18:42,446 - MainThread - updateUi - DEBUG - Reset de l'affichage de la courbe
2024-12-22 19:18:42,524 - MainThread - updateUi - DEBUG - Reset de l'affichage de la courbe
2024-12-22 19:18:42,623 - MainThread - updateUi - DEBUG - Reset de l'affichage de la courbe
2024-12-22 19:18:42,701 - MainThread - updateUi - DEBUG - Reset de l'affichage de la courbe
2024-12-22 19:18:42,770 - MainThread - updateUi - DEBUG - Reset de l'affichage de la courbe
2024-12-22 19:18:42,851 - MainThread - updateUi - DEBUG - Reset de l'affichage de la courbe
2024-12-22 19:18:42,921 - MainThread - updateUi - DEBUG - Reset de l'affichage de la courbe
2024-12-22 19:18:42,992 - MainThread - updateUi - DEBUG - Reset de l'affichage de la courbe
2024-12-22 19:18:43,073 - MainThread - updateUi - DEBUG - Reset de l'affichage de la courbe
2024-12-22 19:18:43,155 - MainThread - updateUi - DEBUG - Reset de l'affichage de la courbe
2024-12-22 19:18:43,224 - MainThread - updateUi - DEBUG - Reset de l'affichage de la courbe
2024-12-22 19:18:43,305 - MainThread - updateUi - DEBUG - Reset de l'affichage de la courbe
2024-12-22 19:18:43,384 - MainThread - updateUi - DEBUG - Reset de l'affichage de la courbe
2024-12-22 19:18:43,464 - MainThread - updateUi - DEBUG - Reset de l'affichage de la courbe
2024-12-22 19:18:43,534 - MainThread - updateUi - DEBUG - Reset de l'affichage de la courbe
2024-12-22 19:18:43,622 - MainThread - updateUi - DEBUG - Reset de l'affichage de la courbe
2024-12-22 19:18:43,700 - MainThread - updateUi - DEBUG - Reset de l'affichage de la courbe
2024-12-22 19:18:43,770 - MainThread - updateUi - DEBUG - Reset de l'affichage de la courbe
2024-12-22 19:18:43,841 - MainThread - updateUi - DEBUG - Reset de l'affichage de la courbe
2024-12-22 19:18:43,919 - MainThread - updateUi - DEBUG - Reset de l'affichage de la courbe
2024-12-22 19:18:43,998 - MainThread - updateUi - DEBUG - Reset de l'affichage de la courbe
2024-12-22 19:18:44,068 - MainThread - updateUi - DEBUG - Reset de l'affichage de la courbe
2024-12-22 19:18:44,142 - MainThread - updateUi - DEBUG - Reset de l'affichage de la courbe
2024-12-22 19:18:44,229 - MainThread - updateUi - DEBUG - Reset de l'affichage de la courbe
2024-12-22 19:18:44,316 - MainThread - updateUi - DEBUG - Reset de l'affichage de la courbe
2024-12-22 19:18:44,388 - MainThread - updateUi - DEBUG - Reset de l'affichage de la courbe
2024-12-22 19:18:44,439 - MainThread - updateUi - DEBUG - Reset de l'affichage de la courbe
2024-12-22 19:18:44,524 - MainThread - updateUi - DEBUG - Reset de l'affichage de la courbe
2024-12-22 19:18:44,616 - MainThread - updateUi - DEBUG - Reset de l'affichage de la courbe
2024-12-22 19:18:44,690 - MainThread - updateUi - DEBUG - Reset de l'affichage de la courbe
2024-12-22 19:18:44,762 - MainThread - updateUi - DEBUG - Reset de l'affichage de la courbe
2024-12-22 19:18:44,834 - MainThread - updateUi - DEBUG - Reset de l'affichage de la courbe
2024-12-22 19:18:44,905 - MainThread - updateUi - DEBUG - Reset de l'affichage de la courbe
2024-12-22 19:18:44,983 - MainThread - updateUi - DEBUG - Reset de l'affichage de la courbe
2024-12-22 19:18:45,062 - MainThread - updateUi - DEBUG - Reset de l'affichage de la courbe
2024-12-22 19:18:45,134 - MainThread - updateUi - DEBUG - Reset de l'affichage de la courbe
2024-12-22 19:18:45,207 - MainThread - updateUi - DEBUG - Reset de l'affichage de la courbe
2024-12-22 19:18:45,285 - MainThread - updateUi - DEBUG - Reset de l'affichage de la courbe
2024-12-22 19:18:45,358 - MainThread - updateUi - DEBUG - Reset de l'affichage de la courbe
2024-12-22 19:18:45,436 - MainThread - updateUi - DEBUG - Reset de l'affichage de la courbe
2024-12-22 19:18:45,515 - MainThread - updateUi - DEBUG - Reset de l'affichage de la courbe
2024-12-22 19:18:45,594 - MainThread - updateUi - DEBUG - Reset de l'affichage de la courbe
2024-12-22 19:18:45,667 - MainThread - updateUi - DEBUG - Reset de l'affichage de la courbe
2024-12-22 19:18:45,739 - MainThread - updateUi - DEBUG - Reset de l'affichage de la courbe
2024-12-22 19:18:45,817 - MainThread - updateUi - DEBUG - Reset de l'affichage de la courbe
2024-12-22 19:18:45,889 - MainThread - updateUi - DEBUG - Reset de l'affichage de la courbe
2024-12-22 19:18:45,968 - MainThread - updateUi - DEBUG - Reset de l'affichage de la courbe
2024-12-22 19:18:46,046 - MainThread - updateUi - DEBUG - Reset de l'affichage de la courbe
2024-12-22 19:18:46,124 - MainThread - updateUi - DEBUG - Reset de l'affichage de la courbe
2024-12-22 19:18:46,201 - MainThread - updateUi - DEBUG - Reset de l'affichage de la courbe
2024-12-22 19:18:46,284 - MainThread - updateUi - DEBUG - Reset de l'affichage de la courbe
2024-12-22 19:18:46,357 - MainThread - updateUi - DEBUG - Reset de l'affichage de la courbe
2024-12-22 19:18:46,437 - MainThread - updateUi - DEBUG - Reset de l'affichage de la courbe
2024-12-22 19:18:46,509 - MainThread - updateUi - DEBUG - Reset de l'affichage de la courbe
2024-12-22 19:18:46,574 - MainThread - updateUi - DEBUG - Reset de l'affichage de la courbe
2024-12-22 19:18:46,648 - MainThread - updateUi - DEBUG - Reset de l'affichage de la courbe
2024-12-22 19:18:46,723 - MainThread - updateUi - DEBUG - Reset de l'affichage de la courbe
2024-12-22 19:18:46,805 - MainThread - updateUi - DEBUG - Reset de l'affichage de la courbe
2024-12-22 19:18:46,884 - MainThread - updateUi - DEBUG - Reset de l'affichage de la courbe
2024-12-22 19:18:46,963 - MainThread - updateUi - DEBUG - Reset de l'affichage de la courbe
2024-12-22 19:18:47,041 - MainThread - updateUi - DEBUG - Reset de l'affichage de la courbe
2024-12-22 19:18:47,120 - MainThread - updateUi - DEBUG - Reset de l'affichage de la courbe
2024-12-22 19:18:47,204 - MainThread - updateUi - DEBUG - Reset de l'affichage de la courbe
2024-12-22 19:18:47,283 - MainThread - updateUi - DEBUG - Reset de l'affichage de la courbe
2024-12-22 19:18:47,359 - MainThread - updateUi - DEBUG - Reset de l'affichage de la courbe
2024-12-22 19:18:47,440 - MainThread - updateUi - DEBUG - Reset de l'affichage de la courbe
2024-12-22 19:18:47,527 - MainThread - updateUi - DEBUG - Reset de l'affichage de la courbe
2024-12-22 19:18:47,605 - MainThread - updateUi - DEBUG - Reset de l'affichage de la courbe
2024-12-22 19:18:47,684 - MainThread - updateUi - DEBUG - Reset de l'affichage de la courbe
2024-12-22 19:18:47,762 - MainThread - updateUi - DEBUG - Reset de l'affichage de la courbe
2024-12-22 19:18:47,856 - MainThread - updateUi - DEBUG - Reset de l'affichage de la courbe
2024-12-22 19:18:47,929 - MainThread - updateUi - DEBUG - Reset de l'affichage de la courbe
2024-12-22 19:18:47,998 - MainThread - updateUi - DEBUG - Reset de l'affichage de la courbe
2024-12-22 19:18:48,070 - MainThread - updateUi - DEBUG - Reset de l'affichage de la courbe
2024-12-22 19:18:48,140 - MainThread - updateUi - DEBUG - Reset de l'affichage de la courbe
2024-12-22 19:18:48,221 - MainThread - updateUi - DEBUG - Reset de l'affichage de la courbe
2024-12-22 19:18:48,305 - MainThread - updateUi - DEBUG - Reset de l'affichage de la courbe
2024-12-22 19:18:48,384 - MainThread - updateUi - DEBUG - Reset de l'affichage de la courbe
2024-12-22 19:18:48,458 - MainThread - updateUi - DEBUG - Reset de l'affichage de la courbe
2024-12-22 19:18:48,556 - MainThread - updateUi - DEBUG - Reset de l'affichage de la courbe
2024-12-22 19:18:48,633 - MainThread - updateUi - DEBUG - Reset de l'affichage de la courbe
2024-12-22 19:18:48,705 - MainThread - updateUi - DEBUG - Reset de l'affichage de la courbe
2024-12-22 19:18:48,777 - MainThread - updateUi - DEBUG - Reset de l'affichage de la courbe
2024-12-22 19:18:48,887 - MainThread - updateUi - DEBUG - Reset de l'affichage de la courbe
2024-12-22 19:18:48,945 - MainThread - updateUi - DEBUG - Reset de l'affichage de la courbe
2024-12-22 19:18:49,016 - MainThread - updateUi - DEBUG - Reset de l'affichage de la courbe
2024-12-22 19:18:49,104 - MainThread - updateUi - DEBUG - Reset de l'affichage de la courbe
2024-12-22 19:18:49,175 - MainThread - updateUi - DEBUG - Reset de l'affichage de la courbe
2024-12-22 19:18:49,255 - MainThread - updateUi - DEBUG - Reset de l'affichage de la courbe
2024-12-22 19:18:49,334 - MainThread - updateUi - DEBUG - Reset de l'affichage de la courbe
2024-12-22 19:18:49,407 - MainThread - updateUi - DEBUG - Reset de l'affichage de la courbe
2024-12-22 19:18:49,484 - MainThread - updateUi - DEBUG - Reset de l'affichage de la courbe
2024-12-22 19:18:49,557 - MainThread - updateUi - DEBUG - Reset de l'affichage de la courbe
2024-12-22 19:18:49,628 - MainThread - updateUi - DEBUG - Reset de l'affichage de la courbe
2024-12-22 19:18:49,703 - MainThread - updateUi - DEBUG - Reset de l'affichage de la courbe
2024-12-22 19:18:49,750 - MainThread - updateUi - DEBUG - Reset de l'affichage de la courbe
2024-12-22 19:18:49,800 - MainThread - updateUi - DEBUG - Reset de l'affichage de la courbe
2024-12-22 19:18:49,865 - MainThread - updateUi - DEBUG - Reset de l'affichage de la courbe
2024-12-22 19:18:49,938 - MainThread - updateUi - DEBUG - Reset de l'affichage de la courbe
2024-12-22 19:18:50,018 - MainThread - updateUi - DEBUG - Reset de l'affichage de la courbe
2024-12-22 19:18:50,091 - MainThread - updateUi - DEBUG - Reset de l'affichage de la courbe
2024-12-22 19:18:50,173 - MainThread - updateUi - DEBUG - Reset de l'affichage de la courbe
2024-12-22 19:18:50,250 - MainThread - updateUi - DEBUG - Reset de l'affichage de la courbe
2024-12-22 19:18:50,341 - MainThread - updateUi - DEBUG - Reset de l'affichage de la courbe
2024-12-22 19:18:50,422 - MainThread - updateUi - DEBUG - Reset de l'affichage de la courbe
2024-12-22 19:18:50,493 - MainThread - updateUi - DEBUG - Reset de l'affichage de la courbe
2024-12-22 19:18:50,566 - MainThread - updateUi - DEBUG - Reset de l'affichage de la courbe
2024-12-22 19:18:50,634 - MainThread - updateUi - DEBUG - Reset de l'affichage de la courbe
2024-12-22 19:18:50,708 - MainThread - updateUi - DEBUG - Reset de l'affichage de la courbe
2024-12-22 19:18:50,789 - MainThread - updateUi - DEBUG - Reset de l'affichage de la courbe
2024-12-22 19:18:50,869 - MainThread - updateUi - DEBUG - Reset de l'affichage de la courbe
2024-12-22 19:18:50,947 - MainThread - updateUi - DEBUG - Reset de l'affichage de la courbe
2024-12-22 19:18:51,025 - MainThread - updateUi - DEBUG - Reset de l'affichage de la courbe
2024-12-22 19:18:51,100 - MainThread - updateUi - DEBUG - Reset de l'affichage de la courbe
2024-12-22 19:18:51,172 - MainThread - updateUi - DEBUG - Reset de l'affichage de la courbe
2024-12-22 19:18:51,251 - MainThread - updateUi - DEBUG - Reset de l'affichage de la courbe
2024-12-22 19:18:51,332 - MainThread - updateUi - DEBUG - Reset de l'affichage de la courbe
2024-12-22 19:18:51,415 - MainThread - updateUi - DEBUG - Reset de l'affichage de la courbe
2024-12-22 19:18:51,486 - MainThread - updateUi - DEBUG - Reset de l'affichage de la courbe
2024-12-22 19:18:51,572 - MainThread - updateUi - DEBUG - Reset de l'affichage de la courbe
2024-12-22 19:18:51,653 - MainThread - updateUi - DEBUG - Reset de l'affichage de la courbe
2024-12-22 19:18:51,739 - MainThread - updateUi - DEBUG - Reset de l'affichage de la courbe
2024-12-22 19:18:51,823 - MainThread - updateUi - DEBUG - Reset de l'affichage de la courbe
2024-12-22 19:18:51,916 - MainThread - updateUi - DEBUG - Reset de l'affichage de la courbe
2024-12-22 19:18:52,015 - MainThread - updateUi - DEBUG - Reset de l'affichage de la courbe
2024-12-22 19:18:52,100 - MainThread - updateUi - DEBUG - Reset de l'affichage de la courbe
2024-12-22 19:18:52,174 - MainThread - updateUi - DEBUG - Reset de l'affichage de la courbe
2024-12-22 19:18:52,258 - MainThread - updateUi - DEBUG - Reset de l'affichage de la courbe
2024-12-22 19:18:52,334 - MainThread - updateUi - DEBUG - Reset de l'affichage de la courbe
2024-12-22 19:18:52,408 - MainThread - updateUi - DEBUG - Reset de l'affichage de la courbe
2024-12-22 19:18:52,488 - MainThread - updateUi - DEBUG - Reset de l'affichage de la courbe
2024-12-22 19:18:52,574 - MainThread - updateUi - DEBUG - Reset de l'affichage de la courbe
2024-12-22 19:18:52,641 - MainThread - updateUi - DEBUG - Reset de l'affichage de la courbe
2024-12-22 19:18:52,724 - MainThread - updateUi - DEBUG - Reset de l'affichage de la courbe
2024-12-22 19:18:52,801 - MainThread - updateUi - DEBUG - Reset de l'affichage de la courbe
2024-12-22 19:18:52,880 - MainThread - updateUi - DEBUG - Reset de l'affichage de la courbe
2024-12-22 19:18:52,950 - MainThread - updateUi - DEBUG - Reset de l'affichage de la courbe
2024-12-22 19:18:53,029 - MainThread - updateUi - DEBUG - Reset de l'affichage de la courbe
2024-12-22 19:18:53,107 - MainThread - updateUi - DEBUG - Reset de l'affichage de la courbe
2024-12-22 19:18:53,184 - MainThread - updateUi - DEBUG - Reset de l'affichage de la courbe
2024-12-22 19:18:53,273 - MainThread - updateUi - DEBUG - Reset de l'affichage de la courbe
2024-12-22 19:18:53,366 - MainThread - updateUi - DEBUG - Reset de l'affichage de la courbe
2024-12-22 19:18:53,437 - MainThread - updateUi - DEBUG - Reset de l'affichage de la courbe
2024-12-22 19:18:53,517 - MainThread - updateUi - DEBUG - Reset de l'affichage de la courbe
2024-12-22 19:18:53,591 - MainThread - updateUi - DEBUG - Reset de l'affichage de la courbe
2024-12-22 19:18:53,672 - MainThread - updateUi - DEBUG - Reset de l'affichage de la courbe
2024-12-22 19:18:53,753 - MainThread - updateUi - DEBUG - Reset de l'affichage de la courbe
2024-12-22 19:18:53,825 - MainThread - updateUi - DEBUG - Reset de l'affichage de la courbe
2024-12-22 19:18:53,890 - MainThread - updateUi - DEBUG - Reset de l'affichage de la courbe
2024-12-22 19:18:53,967 - MainThread - updateUi - DEBUG - Reset de l'affichage de la courbe
2024-12-22 19:18:54,038 - MainThread - updateUi - DEBUG - Reset de l'affichage de la courbe
2024-12-22 19:18:54,120 - MainThread - updateUi - DEBUG - Reset de l'affichage de la courbe
2024-12-22 19:18:54,199 - MainThread - updateUi - DEBUG - Reset de l'affichage de la courbe
2024-12-22 19:18:54,257 - MainThread - updateUi - DEBUG - Reset de l'affichage de la courbe
2024-12-22 19:18:54,305 - MainThread - updateUi - DEBUG - Reset de l'affichage de la courbe
2024-12-22 19:18:54,384 - MainThread - updateUi - DEBUG - Reset de l'affichage de la courbe
2024-12-22 19:18:54,467 - MainThread - updateUi - DEBUG - Reset de l'affichage de la courbe
2024-12-22 19:18:54,546 - MainThread - updateUi - DEBUG - Reset de l'affichage de la courbe
2024-12-22 19:18:54,633 - MainThread - updateUi - DEBUG - Reset de l'affichage de la courbe
2024-12-22 19:18:54,704 - MainThread - updateUi - DEBUG - Reset de l'affichage de la courbe
2024-12-22 19:18:54,807 - MainThread - updateUi - DEBUG - Reset de l'affichage de la courbe
2024-12-22 19:18:54,883 - MainThread - updateUi - DEBUG - Reset de l'affichage de la courbe
2024-12-22 19:18:54,969 - MainThread - updateUi - DEBUG - Reset de l'affichage de la courbe
2024-12-22 19:18:55,048 - MainThread - updateUi - DEBUG - Reset de l'affichage de la courbe
2024-12-22 19:18:55,124 - MainThread - updateUi - DEBUG - Reset de l'affichage de la courbe
2024-12-22 19:18:55,196 - MainThread - updateUi - DEBUG - Reset de l'affichage de la courbe
2024-12-22 19:18:55,274 - MainThread - updateUi - DEBUG - Reset de l'affichage de la courbe
2024-12-22 19:18:55,363 - MainThread - updateUi - DEBUG - Reset de l'affichage de la courbe
2024-12-22 19:18:55,457 - MainThread - updateUi - DEBUG - Reset de l'affichage de la courbe
2024-12-22 19:18:55,536 - MainThread - updateUi - DEBUG - Reset de l'affichage de la courbe
2024-12-22 19:18:55,619 - MainThread - updateUi - DEBUG - Reset de l'affichage de la courbe
2024-12-22 19:18:55,708 - MainThread - updateUi - DEBUG - Reset de l'affichage de la courbe
2024-12-22 19:18:55,786 - MainThread - updateUi - DEBUG - Reset de l'affichage de la courbe
2024-12-22 19:18:55,864 - MainThread - updateUi - DEBUG - Reset de l'affichage de la courbe
2024-12-22 19:18:55,946 - MainThread - updateUi - DEBUG - Reset de l'affichage de la courbe
2024-12-22 19:18:56,039 - MainThread - updateUi - DEBUG - Reset de l'affichage de la courbe
2024-12-22 19:18:56,119 - MainThread - updateUi - DEBUG - Reset de l'affichage de la courbe
2024-12-22 19:18:56,196 - MainThread - updateUi - DEBUG - Reset de l'affichage de la courbe
2024-12-22 19:18:56,267 - MainThread - updateUi - DEBUG - Reset de l'affichage de la courbe
2024-12-22 19:18:56,346 - MainThread - updateUi - DEBUG - Reset de l'affichage de la courbe
2024-12-22 19:18:56,426 - MainThread - updateUi - DEBUG - Reset de l'affichage de la courbe
2024-12-22 19:18:56,497 - MainThread - updateUi - DEBUG - Reset de l'affichage de la courbe
2024-12-22 19:18:56,575 - MainThread - updateUi - DEBUG - Reset de l'affichage de la courbe
2024-12-22 19:18:56,653 - MainThread - updateUi - DEBUG - Reset de l'affichage de la courbe
2024-12-22 19:18:56,733 - MainThread - updateUi - DEBUG - Reset de l'affichage de la courbe
2024-12-22 19:18:56,805 - MainThread - updateUi - DEBUG - Reset de l'affichage de la courbe
2024-12-22 19:18:56,885 - MainThread - updateUi - DEBUG - Reset de l'affichage de la courbe
2024-12-22 19:18:56,956 - MainThread - updateUi - DEBUG - Reset de l'affichage de la courbe
2024-12-22 19:18:57,043 - MainThread - updateUi - DEBUG - Reset de l'affichage de la courbe
2024-12-22 19:18:57,119 - MainThread - updateUi - DEBUG - Reset de l'affichage de la courbe
2024-12-22 19:18:57,182 - MainThread - updateUi - DEBUG - Reset de l'affichage de la courbe
2024-12-22 19:18:57,241 - MainThread - updateUi - DEBUG - Reset de l'affichage de la courbe
2024-12-22 19:18:57,313 - MainThread - updateUi - DEBUG - Reset de l'affichage de la courbe
2024-12-22 19:18:57,414 - MainThread - updateUi - DEBUG - Reset de l'affichage de la courbe
2024-12-22 19:18:57,493 - MainThread - updateUi - DEBUG - Reset de l'affichage de la courbe
2024-12-22 19:18:57,582 - MainThread - updateUi - DEBUG - Reset de l'affichage de la courbe
2024-12-22 19:18:57,670 - MainThread - updateUi - DEBUG - Reset de l'affichage de la courbe
2024-12-22 19:18:57,748 - MainThread - updateUi - DEBUG - Reset de l'affichage de la courbe
2024-12-22 19:18:57,830 - MainThread - updateUi - DEBUG - Reset de l'affichage de la courbe
2024-12-22 19:18:57,909 - MainThread - updateUi - DEBUG - Reset de l'affichage de la courbe
2024-12-22 19:18:57,986 - MainThread - updateUi - DEBUG - Reset de l'affichage de la courbe
2024-12-22 19:18:58,056 - MainThread - updateUi - DEBUG - Reset de l'affichage de la courbe
2024-12-22 19:18:58,134 - MainThread - updateUi - DEBUG - Reset de l'affichage de la courbe
2024-12-22 19:18:58,207 - MainThread - updateUi - DEBUG - Reset de l'affichage de la courbe
2024-12-22 19:18:58,283 - MainThread - updateUi - DEBUG - Reset de l'affichage de la courbe
2024-12-22 19:18:58,361 - MainThread - updateUi - DEBUG - Reset de l'affichage de la courbe
2024-12-22 19:18:58,438 - MainThread - updateUi - DEBUG - Reset de l'affichage de la courbe
2024-12-22 19:18:58,523 - MainThread - updateUi - DEBUG - Reset de l'affichage de la courbe
2024-12-22 19:18:58,606 - MainThread - updateUi - DEBUG - Reset de l'affichage de la courbe
2024-12-22 19:18:58,685 - MainThread - updateUi - DEBUG - Reset de l'affichage de la courbe
2024-12-22 19:18:58,757 - MainThread - updateUi - DEBUG - Reset de l'affichage de la courbe
2024-12-22 19:18:58,837 - MainThread - updateUi - DEBUG - Reset de l'affichage de la courbe
2024-12-22 19:18:58,921 - MainThread - updateUi - DEBUG - Reset de l'affichage de la courbe
2024-12-22 19:18:59,001 - MainThread - updateUi - DEBUG - Reset de l'affichage de la courbe
2024-12-22 19:18:59,088 - MainThread - updateUi - DEBUG - Reset de l'affichage de la courbe
2024-12-22 19:18:59,184 - MainThread - updateUi - DEBUG - Reset de l'affichage de la courbe
2024-12-22 19:18:59,271 - MainThread - updateUi - DEBUG - Reset de l'affichage de la courbe
2024-12-22 19:18:59,357 - MainThread - updateUi - DEBUG - Reset de l'affichage de la courbe
2024-12-22 19:18:59,442 - MainThread - updateUi - DEBUG - Reset de l'affichage de la courbe
2024-12-22 19:18:59,524 - MainThread - updateUi - DEBUG - Reset de l'affichage de la courbe
2024-12-22 19:18:59,603 - MainThread - updateUi - DEBUG - Reset de l'affichage de la courbe
2024-12-22 19:18:59,674 - MainThread - updateUi - DEBUG - Reset de l'affichage de la courbe
2024-12-22 19:18:59,753 - MainThread - updateUi - DEBUG - Reset de l'affichage de la courbe
2024-12-22 19:18:59,840 - MainThread - updateUi - DEBUG - Reset de l'affichage de la courbe
2024-12-22 19:18:59,923 - MainThread - updateUi - DEBUG - Reset de l'affichage de la courbe
2024-12-22 19:18:59,995 - MainThread - updateUi - DEBUG - Reset de l'affichage de la courbe
2024-12-22 19:19:00,074 - MainThread - updateUi - DEBUG - Reset de l'affichage de la courbe
2024-12-22 19:19:00,152 - MainThread - updateUi - DEBUG - Reset de l'affichage de la courbe
2024-12-22 19:19:00,231 - MainThread - updateUi - DEBUG - Reset de l'affichage de la courbe
2024-12-22 19:19:00,309 - MainThread - updateUi - DEBUG - Reset de l'affichage de la courbe
2024-12-22 19:19:00,394 - MainThread - updateUi - DEBUG - Reset de l'affichage de la courbe
2024-12-22 19:19:00,468 - MainThread - updateUi - DEBUG - Reset de l'affichage de la courbe
2024-12-22 19:19:00,540 - MainThread - updateUi - DEBUG - Reset de l'affichage de la courbe
2024-12-22 19:19:00,587 - MainThread - updateUi - DEBUG - Reset de l'affichage de la courbe
2024-12-22 19:19:00,649 - MainThread - updateUi - DEBUG - Reset de l'affichage de la courbe
2024-12-22 19:19:00,713 - MainThread - updateUi - DEBUG - Reset de l'affichage de la courbe
2024-12-22 19:19:00,778 - MainThread - updateUi - DEBUG - Reset de l'affichage de la courbe
2024-12-22 19:19:00,858 - MainThread - updateUi - DEBUG - Reset de l'affichage de la courbe
2024-12-22 19:19:00,938 - MainThread - updateUi - DEBUG - Reset de l'affichage de la courbe
2024-12-22 19:19:01,002 - MainThread - updateUi - DEBUG - Reset de l'affichage de la courbe
2024-12-22 19:19:01,058 - MainThread - updateUi - DEBUG - Reset de l'affichage de la courbe
2024-12-22 19:19:01,121 - MainThread - updateUi - DEBUG - Reset de l'affichage de la courbe
2024-12-22 19:19:01,191 - MainThread - updateUi - DEBUG - Reset de l'affichage de la courbe
2024-12-22 19:19:01,253 - MainThread - updateUi - DEBUG - Reset de l'affichage de la courbe
2024-12-22 19:19:01,331 - MainThread - updateUi - DEBUG - Reset de l'affichage de la courbe
2024-12-22 19:19:01,393 - MainThread - updateUi - DEBUG - Reset de l'affichage de la courbe
2024-12-22 19:19:01,463 - MainThread - updateUi - DEBUG - Reset de l'affichage de la courbe
2024-12-22 19:19:01,529 - MainThread - updateUi - DEBUG - Reset de l'affichage de la courbe
2024-12-22 19:19:01,592 - MainThread - updateUi - DEBUG - Reset de l'affichage de la courbe
2024-12-22 19:19:01,648 - MainThread - updateUi - DEBUG - Reset de l'affichage de la courbe
2024-12-22 19:19:01,703 - MainThread - updateUi - DEBUG - Reset de l'affichage de la courbe
2024-12-22 19:19:01,766 - MainThread - updateUi - DEBUG - Reset de l'affichage de la courbe
2024-12-22 19:19:01,813 - MainThread - updateUi - DEBUG - Reset de l'affichage de la courbe
2024-12-22 19:19:01,876 - MainThread - updateUi - DEBUG - Reset de l'affichage de la courbe
2024-12-22 19:19:01,923 - MainThread - updateUi - DEBUG - Reset de l'affichage de la courbe
2024-12-22 19:19:02,001 - MainThread - updateUi - DEBUG - Reset de l'affichage de la courbe
2024-12-22 19:19:02,064 - MainThread - updateUi - DEBUG - Reset de l'affichage de la courbe
2024-12-22 19:19:02,127 - MainThread - updateUi - DEBUG - Reset de l'affichage de la courbe
2024-12-22 19:19:02,189 - MainThread - updateUi - DEBUG - Reset de l'affichage de la courbe
2024-12-22 19:19:02,256 - MainThread - updateUi - DEBUG - Reset de l'affichage de la courbe
2024-12-22 19:19:02,300 - MainThread - updateUi - DEBUG - Reset de l'affichage de la courbe
2024-12-22 19:19:02,347 - MainThread - updateUi - DEBUG - Reset de l'affichage de la courbe
2024-12-22 19:19:02,413 - MainThread - updateUi - DEBUG - Reset de l'affichage de la courbe
2024-12-22 19:19:02,489 - MainThread - updateUi - DEBUG - Reset de l'affichage de la courbe
2024-12-22 19:19:02,567 - MainThread - updateUi - DEBUG - Reset de l'affichage de la courbe
2024-12-22 19:19:02,667 - MainThread - onClose - INFO - Fermeture de la fenetre
2024-12-22 19:19:02,734 - MainThread - <module> - INFO - Fin du programme
