2024-12-15 17:30:21,831 - MainThread - <module> - INFO - Initialisation du logger
2024-12-15 17:30:21,980 - MainThread - update - DEBUG - Update vaue de la courbe
2024-12-15 17:30:21,999 - Thread-1 (MotorTry) - MotorTry - DEBUG - Debut Thread
2024-12-15 17:30:21,999 - Thread-1 (MotorTry) - MotorTry - DEBUG - Nouvelle boucle
2024-12-15 17:30:21,999 - MainThread - afficher - INFO - Affichage de la fenetre
2024-12-15 17:30:22,000 - MainThread - updateUi - DEBUG - Reset de l'affichage de la courbe
2024-12-15 17:30:22,007 - Thread-1 (MotorTry) - update - DEBUG - Update vaue de la courbe
2024-12-15 17:30:22,017 - Thread-1 (MotorTry) - MotorTry - DEBUG - Nouvelle boucle
2024-12-15 17:30:22,019 - Thread-1 (MotorTry) - update - DEBUG - Update vaue de la courbe
2024-12-15 17:30:22,031 - Thread-1 (MotorTry) - MotorTry - DEBUG - Nouvelle boucle
2024-12-15 17:30:22,032 - Thread-1 (MotorTry) - update - DEBUG - Update vaue de la courbe
2024-12-15 17:30:22,042 - MainThread - updateUi - DEBUG - Reset de l'affichage de la courbe
2024-12-15 17:30:22,043 - Thread-1 (MotorTry) - MotorTry - DEBUG - Nouvelle boucle
2024-12-15 17:30:22,046 - Thread-1 (MotorTry) - update - DEBUG - Update vaue de la courbe
2024-12-15 17:30:22,057 - Thread-1 (MotorTry) - MotorTry - DEBUG - Nouvelle boucle
2024-12-15 17:30:22,058 - Thread-1 (MotorTry) - update - DEBUG - Update vaue de la courbe
2024-12-15 17:30:22,068 - Thread-1 (MotorTry) - MotorTry - DEBUG - Nouvelle boucle
2024-12-15 17:30:22,069 - Thread-1 (MotorTry) - update - DEBUG - Update vaue de la courbe
2024-12-15 17:30:22,079 - MainThread - updateUi - DEBUG - Reset de l'affichage de la courbe
2024-12-15 17:30:22,080 - Thread-1 (MotorTry) - MotorTry - DEBUG - Nouvelle boucle
2024-12-15 17:30:22,082 - Thread-1 (MotorTry) - update - DEBUG - Update vaue de la courbe
2024-12-15 17:30:22,092 - Thread-1 (MotorTry) - MotorTry - DEBUG - Nouvelle boucle
2024-12-15 17:30:22,095 - Thread-1 (MotorTry) - update - DEBUG - Update vaue de la courbe
2024-12-15 17:30:22,106 - Thread-1 (MotorTry) - MotorTry - DEBUG - Nouvelle boucle
2024-12-15 17:30:22,107 - Thread-1 (MotorTry) - update - DEBUG - Update vaue de la courbe
2024-12-15 17:30:22,117 - MainThread - updateUi - DEBUG - Reset de l'affichage de la courbe
2024-12-15 17:30:22,119 - Thread-1 (MotorTry) - MotorTry - DEBUG - Nouvelle boucle
2024-12-15 17:30:22,120 - Thread-1 (MotorTry) - update - DEBUG - Update vaue de la courbe
2024-12-15 17:30:22,131 - Thread-1 (MotorTry) - MotorTry - DEBUG - Nouvelle boucle
2024-12-15 17:30:22,132 - Thread-1 (MotorTry) - update - DEBUG - Update vaue de la courbe
2024-12-15 17:30:22,143 - Thread-1 (MotorTry) - MotorTry - DEBUG - Nouvelle boucle
2024-12-15 17:30:22,143 - Thread-1 (MotorTry) - update - DEBUG - Update vaue de la courbe
2024-12-15 17:30:22,149 - MainThread - updateUi - DEBUG - Reset de l'affichage de la courbe
2024-12-15 17:30:22,155 - Thread-1 (MotorTry) - MotorTry - DEBUG - Nouvelle boucle
2024-12-15 17:30:22,157 - Thread-1 (MotorTry) - update - DEBUG - Update vaue de la courbe
2024-12-15 17:30:22,167 - Thread-1 (MotorTry) - MotorTry - DEBUG - Nouvelle boucle
2024-12-15 17:30:22,168 - Thread-1 (MotorTry) - update - DEBUG - Update vaue de la courbe
2024-12-15 17:30:22,178 - Thread-1 (MotorTry) - MotorTry - DEBUG - Nouvelle boucle
2024-12-15 17:30:22,179 - Thread-1 (MotorTry) - update - DEBUG - Update vaue de la courbe
2024-12-15 17:30:22,180 - MainThread - updateUi - DEBUG - Reset de l'affichage de la courbe
2024-12-15 17:30:22,189 - Thread-1 (MotorTry) - MotorTry - DEBUG - Nouvelle boucle
2024-12-15 17:30:22,191 - Thread-1 (MotorTry) - update - DEBUG - Update vaue de la courbe
2024-12-15 17:30:22,201 - Thread-1 (MotorTry) - MotorTry - DEBUG - Nouvelle boucle
2024-12-15 17:30:22,201 - Thread-1 (MotorTry) - update - DEBUG - Update vaue de la courbe
2024-12-15 17:30:22,212 - Thread-1 (MotorTry) - MotorTry - DEBUG - Nouvelle boucle
2024-12-15 17:30:22,212 - Thread-1 (MotorTry) - update - DEBUG - Update vaue de la courbe
2024-12-15 17:30:22,216 - MainThread - updateUi - DEBUG - Reset de l'affichage de la courbe
2024-12-15 17:30:22,223 - Thread-1 (MotorTry) - MotorTry - DEBUG - Nouvelle boucle
2024-12-15 17:30:22,224 - Thread-1 (MotorTry) - update - DEBUG - Update vaue de la courbe
2024-12-15 17:30:22,234 - Thread-1 (MotorTry) - MotorTry - DEBUG - Nouvelle boucle
2024-12-15 17:30:22,235 - Thread-1 (MotorTry) - update - DEBUG - Update vaue de la courbe
2024-12-15 17:30:22,245 - Thread-1 (MotorTry) - MotorTry - DEBUG - Nouvelle boucle
2024-12-15 17:30:22,246 - Thread-1 (MotorTry) - update - DEBUG - Update vaue de la courbe
2024-12-15 17:30:22,256 - Thread-1 (MotorTry) - MotorTry - DEBUG - Nouvelle boucle
2024-12-15 17:30:22,256 - MainThread - updateUi - DEBUG - Reset de l'affichage de la courbe
2024-12-15 17:30:22,259 - Thread-1 (MotorTry) - update - DEBUG - Update vaue de la courbe
2024-12-15 17:30:22,269 - Thread-1 (MotorTry) - MotorTry - DEBUG - Nouvelle boucle
2024-12-15 17:30:22,270 - Thread-1 (MotorTry) - update - DEBUG - Update vaue de la courbe
2024-12-15 17:30:22,280 - Thread-1 (MotorTry) - MotorTry - DEBUG - Nouvelle boucle
2024-12-15 17:30:22,281 - Thread-1 (MotorTry) - update - DEBUG - Update vaue de la courbe
2024-12-15 17:30:22,287 - MainThread - updateUi - DEBUG - Reset de l'affichage de la courbe
2024-12-15 17:30:22,291 - Thread-1 (MotorTry) - MotorTry - DEBUG - Nouvelle boucle
2024-12-15 17:30:22,292 - Thread-1 (MotorTry) - update - DEBUG - Update vaue de la courbe
2024-12-15 17:30:22,303 - Thread-1 (MotorTry) - MotorTry - DEBUG - Nouvelle boucle
2024-12-15 17:30:22,303 - Thread-1 (MotorTry) - update - DEBUG - Update vaue de la courbe
2024-12-15 17:30:22,314 - Thread-1 (MotorTry) - MotorTry - DEBUG - Nouvelle boucle
2024-12-15 17:30:22,314 - Thread-1 (MotorTry) - update - DEBUG - Update vaue de la courbe
2024-12-15 17:30:22,318 - MainThread - updateUi - DEBUG - Reset de l'affichage de la courbe
2024-12-15 17:30:22,325 - Thread-1 (MotorTry) - MotorTry - DEBUG - Nouvelle boucle
2024-12-15 17:30:22,326 - Thread-1 (MotorTry) - update - DEBUG - Update vaue de la courbe
2024-12-15 17:30:22,336 - Thread-1 (MotorTry) - MotorTry - DEBUG - Nouvelle boucle
2024-12-15 17:30:22,337 - Thread-1 (MotorTry) - update - DEBUG - Update vaue de la courbe
2024-12-15 17:30:22,347 - Thread-1 (MotorTry) - MotorTry - DEBUG - Nouvelle boucle
2024-12-15 17:30:22,347 - Thread-1 (MotorTry) - update - DEBUG - Update vaue de la courbe
2024-12-15 17:30:22,349 - MainThread - updateUi - DEBUG - Reset de l'affichage de la courbe
2024-12-15 17:30:22,358 - Thread-1 (MotorTry) - MotorTry - DEBUG - Nouvelle boucle
2024-12-15 17:30:22,359 - Thread-1 (MotorTry) - update - DEBUG - Update vaue de la courbe
2024-12-15 17:30:22,370 - Thread-1 (MotorTry) - MotorTry - DEBUG - Nouvelle boucle
2024-12-15 17:30:22,370 - Thread-1 (MotorTry) - update - DEBUG - Update vaue de la courbe
2024-12-15 17:30:22,381 - Thread-1 (MotorTry) - MotorTry - DEBUG - Nouvelle boucle
2024-12-15 17:30:22,381 - Thread-1 (MotorTry) - update - DEBUG - Update vaue de la courbe
2024-12-15 17:30:22,384 - MainThread - updateUi - DEBUG - Reset de l'affichage de la courbe
2024-12-15 17:30:22,392 - Thread-1 (MotorTry) - MotorTry - DEBUG - Nouvelle boucle
2024-12-15 17:30:22,393 - Thread-1 (MotorTry) - update - DEBUG - Update vaue de la courbe
2024-12-15 17:30:22,403 - Thread-1 (MotorTry) - MotorTry - DEBUG - Nouvelle boucle
2024-12-15 17:30:22,403 - Thread-1 (MotorTry) - update - DEBUG - Update vaue de la courbe
2024-12-15 17:30:22,414 - Thread-1 (MotorTry) - MotorTry - DEBUG - Nouvelle boucle
2024-12-15 17:30:22,415 - Thread-1 (MotorTry) - update - DEBUG - Update vaue de la courbe
2024-12-15 17:30:22,416 - MainThread - updateUi - DEBUG - Reset de l'affichage de la courbe
2024-12-15 17:30:22,425 - Thread-1 (MotorTry) - MotorTry - DEBUG - Nouvelle boucle
2024-12-15 17:30:22,426 - Thread-1 (MotorTry) - update - DEBUG - Update vaue de la courbe
2024-12-15 17:30:22,437 - Thread-1 (MotorTry) - MotorTry - DEBUG - Nouvelle boucle
2024-12-15 17:30:22,437 - Thread-1 (MotorTry) - update - DEBUG - Update vaue de la courbe
2024-12-15 17:30:22,448 - Thread-1 (MotorTry) - MotorTry - DEBUG - Nouvelle boucle
2024-12-15 17:30:22,448 - MainThread - updateUi - DEBUG - Reset de l'affichage de la courbe
2024-12-15 17:30:22,451 - Thread-1 (MotorTry) - update - DEBUG - Update vaue de la courbe
2024-12-15 17:30:22,462 - Thread-1 (MotorTry) - MotorTry - DEBUG - Nouvelle boucle
2024-12-15 17:30:22,462 - Thread-1 (MotorTry) - update - DEBUG - Update vaue de la courbe
2024-12-15 17:30:22,473 - Thread-1 (MotorTry) - MotorTry - DEBUG - Nouvelle boucle
2024-12-15 17:30:22,473 - Thread-1 (MotorTry) - update - DEBUG - Update vaue de la courbe
2024-12-15 17:30:22,480 - MainThread - updateUi - DEBUG - Reset de l'affichage de la courbe
2024-12-15 17:30:22,484 - Thread-1 (MotorTry) - MotorTry - DEBUG - Nouvelle boucle
2024-12-15 17:30:22,487 - Thread-1 (MotorTry) - update - DEBUG - Update vaue de la courbe
2024-12-15 17:30:22,497 - Thread-1 (MotorTry) - MotorTry - DEBUG - Nouvelle boucle
2024-12-15 17:30:22,498 - Thread-1 (MotorTry) - update - DEBUG - Update vaue de la courbe
2024-12-15 17:30:22,508 - Thread-1 (MotorTry) - MotorTry - DEBUG - Nouvelle boucle
2024-12-15 17:30:22,509 - Thread-1 (MotorTry) - update - DEBUG - Update vaue de la courbe
2024-12-15 17:30:22,512 - MainThread - updateUi - DEBUG - Reset de l'affichage de la courbe
2024-12-15 17:30:22,519 - Thread-1 (MotorTry) - MotorTry - DEBUG - Nouvelle boucle
2024-12-15 17:30:22,520 - Thread-1 (MotorTry) - update - DEBUG - Update vaue de la courbe
2024-12-15 17:30:22,531 - Thread-1 (MotorTry) - MotorTry - DEBUG - Nouvelle boucle
2024-12-15 17:30:22,531 - Thread-1 (MotorTry) - update - DEBUG - Update vaue de la courbe
2024-12-15 17:30:22,542 - Thread-1 (MotorTry) - MotorTry - DEBUG - Nouvelle boucle
2024-12-15 17:30:22,542 - Thread-1 (MotorTry) - update - DEBUG - Update vaue de la courbe
2024-12-15 17:30:22,549 - MainThread - updateUi - DEBUG - Reset de l'affichage de la courbe
2024-12-15 17:30:22,553 - Thread-1 (MotorTry) - MotorTry - DEBUG - Nouvelle boucle
2024-12-15 17:30:22,555 - Thread-1 (MotorTry) - update - DEBUG - Update vaue de la courbe
2024-12-15 17:30:22,566 - Thread-1 (MotorTry) - MotorTry - DEBUG - Nouvelle boucle
2024-12-15 17:30:22,566 - Thread-1 (MotorTry) - update - DEBUG - Update vaue de la courbe
2024-12-15 17:30:22,577 - Thread-1 (MotorTry) - MotorTry - DEBUG - Nouvelle boucle
2024-12-15 17:30:22,577 - Thread-1 (MotorTry) - update - DEBUG - Update vaue de la courbe
2024-12-15 17:30:22,580 - MainThread - updateUi - DEBUG - Reset de l'affichage de la courbe
2024-12-15 17:30:22,588 - Thread-1 (MotorTry) - MotorTry - DEBUG - Nouvelle boucle
2024-12-15 17:30:22,591 - Thread-1 (MotorTry) - update - DEBUG - Update vaue de la courbe
2024-12-15 17:30:22,601 - Thread-1 (MotorTry) - MotorTry - DEBUG - Nouvelle boucle
2024-12-15 17:30:22,602 - Thread-1 (MotorTry) - update - DEBUG - Update vaue de la courbe
2024-12-15 17:30:22,611 - MainThread - updateUi - DEBUG - Reset de l'affichage de la courbe
2024-12-15 17:30:22,613 - Thread-1 (MotorTry) - MotorTry - DEBUG - Nouvelle boucle
2024-12-15 17:30:22,615 - Thread-1 (MotorTry) - update - DEBUG - Update vaue de la courbe
2024-12-15 17:30:22,625 - Thread-1 (MotorTry) - MotorTry - DEBUG - Nouvelle boucle
2024-12-15 17:30:22,626 - Thread-1 (MotorTry) - update - DEBUG - Update vaue de la courbe
2024-12-15 17:30:22,636 - Thread-1 (MotorTry) - MotorTry - DEBUG - Nouvelle boucle
2024-12-15 17:30:22,637 - Thread-1 (MotorTry) - update - DEBUG - Update vaue de la courbe
2024-12-15 17:30:22,640 - MainThread - updateUi - DEBUG - Reset de l'affichage de la courbe
2024-12-15 17:30:22,647 - Thread-1 (MotorTry) - MotorTry - DEBUG - Nouvelle boucle
2024-12-15 17:30:22,649 - Thread-1 (MotorTry) - update - DEBUG - Update vaue de la courbe
2024-12-15 17:30:22,659 - Thread-1 (MotorTry) - MotorTry - DEBUG - Nouvelle boucle
2024-12-15 17:30:22,660 - Thread-1 (MotorTry) - update - DEBUG - Update vaue de la courbe
2024-12-15 17:30:22,671 - Thread-1 (MotorTry) - MotorTry - DEBUG - Nouvelle boucle
2024-12-15 17:30:22,671 - Thread-1 (MotorTry) - update - DEBUG - Update vaue de la courbe
2024-12-15 17:30:22,672 - MainThread - updateUi - DEBUG - Reset de l'affichage de la courbe
2024-12-15 17:30:22,682 - Thread-1 (MotorTry) - MotorTry - DEBUG - Nouvelle boucle
2024-12-15 17:30:22,683 - Thread-1 (MotorTry) - update - DEBUG - Update vaue de la courbe
2024-12-15 17:30:22,694 - Thread-1 (MotorTry) - MotorTry - DEBUG - Nouvelle boucle
2024-12-15 17:30:22,694 - Thread-1 (MotorTry) - update - DEBUG - Update vaue de la courbe
2024-12-15 17:30:22,703 - MainThread - updateUi - DEBUG - Reset de l'affichage de la courbe
2024-12-15 17:30:22,705 - Thread-1 (MotorTry) - MotorTry - DEBUG - Nouvelle boucle
2024-12-15 17:30:22,707 - Thread-1 (MotorTry) - update - DEBUG - Update vaue de la courbe
2024-12-15 17:30:22,717 - Thread-1 (MotorTry) - MotorTry - DEBUG - Nouvelle boucle
2024-12-15 17:30:22,718 - Thread-1 (MotorTry) - update - DEBUG - Update vaue de la courbe
2024-12-15 17:30:22,728 - Thread-1 (MotorTry) - MotorTry - DEBUG - Nouvelle boucle
2024-12-15 17:30:22,729 - Thread-1 (MotorTry) - update - DEBUG - Update vaue de la courbe
2024-12-15 17:30:22,734 - MainThread - updateUi - DEBUG - Reset de l'affichage de la courbe
2024-12-15 17:30:22,740 - Thread-1 (MotorTry) - MotorTry - DEBUG - Nouvelle boucle
2024-12-15 17:30:22,742 - Thread-1 (MotorTry) - update - DEBUG - Update vaue de la courbe
2024-12-15 17:30:22,753 - Thread-1 (MotorTry) - MotorTry - DEBUG - Nouvelle boucle
2024-12-15 17:30:22,753 - Thread-1 (MotorTry) - update - DEBUG - Update vaue de la courbe
2024-12-15 17:30:22,764 - Thread-1 (MotorTry) - MotorTry - DEBUG - Nouvelle boucle
2024-12-15 17:30:22,764 - MainThread - updateUi - DEBUG - Reset de l'affichage de la courbe
2024-12-15 17:30:22,767 - Thread-1 (MotorTry) - update - DEBUG - Update vaue de la courbe
2024-12-15 17:30:22,777 - Thread-1 (MotorTry) - MotorTry - DEBUG - Nouvelle boucle
2024-12-15 17:30:22,778 - Thread-1 (MotorTry) - update - DEBUG - Update vaue de la courbe
2024-12-15 17:30:22,788 - Thread-1 (MotorTry) - MotorTry - DEBUG - Nouvelle boucle
2024-12-15 17:30:22,789 - Thread-1 (MotorTry) - update - DEBUG - Update vaue de la courbe
2024-12-15 17:30:22,792 - MainThread - updateUi - DEBUG - Reset de l'affichage de la courbe
2024-12-15 17:30:22,799 - Thread-1 (MotorTry) - MotorTry - DEBUG - Nouvelle boucle
2024-12-15 17:30:22,801 - Thread-1 (MotorTry) - update - DEBUG - Update vaue de la courbe
2024-12-15 17:30:22,812 - Thread-1 (MotorTry) - MotorTry - DEBUG - Nouvelle boucle
2024-12-15 17:30:22,812 - Thread-1 (MotorTry) - update - DEBUG - Update vaue de la courbe
2024-12-15 17:30:22,822 - Thread-1 (MotorTry) - MotorTry - DEBUG - Nouvelle boucle
2024-12-15 17:30:22,823 - Thread-1 (MotorTry) - update - DEBUG - Update vaue de la courbe
2024-12-15 17:30:22,824 - MainThread - updateUi - DEBUG - Reset de l'affichage de la courbe
2024-12-15 17:30:22,834 - Thread-1 (MotorTry) - MotorTry - DEBUG - Nouvelle boucle
2024-12-15 17:30:22,834 - Thread-1 (MotorTry) - update - DEBUG - Update vaue de la courbe
2024-12-15 17:30:22,845 - Thread-1 (MotorTry) - MotorTry - DEBUG - Nouvelle boucle
2024-12-15 17:30:22,845 - Thread-1 (MotorTry) - update - DEBUG - Update vaue de la courbe
2024-12-15 17:30:22,856 - Thread-1 (MotorTry) - MotorTry - DEBUG - Nouvelle boucle
2024-12-15 17:30:22,856 - MainThread - updateUi - DEBUG - Reset de l'affichage de la courbe
2024-12-15 17:30:22,859 - Thread-1 (MotorTry) - update - DEBUG - Update vaue de la courbe
2024-12-15 17:30:22,870 - Thread-1 (MotorTry) - MotorTry - DEBUG - Nouvelle boucle
2024-12-15 17:30:22,870 - Thread-1 (MotorTry) - update - DEBUG - Update vaue de la courbe
2024-12-15 17:30:22,881 - Thread-1 (MotorTry) - MotorTry - DEBUG - Nouvelle boucle
2024-12-15 17:30:22,881 - Thread-1 (MotorTry) - update - DEBUG - Update vaue de la courbe
2024-12-15 17:30:22,888 - MainThread - updateUi - DEBUG - Reset de l'affichage de la courbe
2024-12-15 17:30:22,892 - Thread-1 (MotorTry) - MotorTry - DEBUG - Nouvelle boucle
2024-12-15 17:30:22,894 - Thread-1 (MotorTry) - update - DEBUG - Update vaue de la courbe
2024-12-15 17:30:22,905 - Thread-1 (MotorTry) - MotorTry - DEBUG - Nouvelle boucle
2024-12-15 17:30:22,906 - Thread-1 (MotorTry) - update - DEBUG - Update vaue de la courbe
2024-12-15 17:30:22,916 - Thread-1 (MotorTry) - MotorTry - DEBUG - Nouvelle boucle
2024-12-15 17:30:22,917 - Thread-1 (MotorTry) - update - DEBUG - Update vaue de la courbe
2024-12-15 17:30:22,919 - MainThread - updateUi - DEBUG - Reset de l'affichage de la courbe
2024-12-15 17:30:22,928 - Thread-1 (MotorTry) - MotorTry - DEBUG - Nouvelle boucle
2024-12-15 17:30:22,929 - Thread-1 (MotorTry) - update - DEBUG - Update vaue de la courbe
2024-12-15 17:30:22,940 - Thread-1 (MotorTry) - MotorTry - DEBUG - Nouvelle boucle
2024-12-15 17:30:22,940 - Thread-1 (MotorTry) - update - DEBUG - Update vaue de la courbe
2024-12-15 17:30:22,950 - MainThread - updateUi - DEBUG - Reset de l'affichage de la courbe
2024-12-15 17:30:22,952 - Thread-1 (MotorTry) - MotorTry - DEBUG - Nouvelle boucle
2024-12-15 17:30:22,953 - Thread-1 (MotorTry) - update - DEBUG - Update vaue de la courbe
2024-12-15 17:30:22,964 - Thread-1 (MotorTry) - MotorTry - DEBUG - Nouvelle boucle
2024-12-15 17:30:22,965 - Thread-1 (MotorTry) - update - DEBUG - Update vaue de la courbe
2024-12-15 17:30:22,975 - Thread-1 (MotorTry) - MotorTry - DEBUG - Nouvelle boucle
2024-12-15 17:30:22,975 - Thread-1 (MotorTry) - update - DEBUG - Update vaue de la courbe
2024-12-15 17:30:22,980 - MainThread - updateUi - DEBUG - Reset de l'affichage de la courbe
2024-12-15 17:30:22,986 - Thread-1 (MotorTry) - MotorTry - DEBUG - Nouvelle boucle
2024-12-15 17:30:22,988 - Thread-1 (MotorTry) - update - DEBUG - Update vaue de la courbe
2024-12-15 17:30:22,998 - Thread-1 (MotorTry) - MotorTry - DEBUG - Nouvelle boucle
2024-12-15 17:30:22,999 - Thread-1 (MotorTry) - update - DEBUG - Update vaue de la courbe
2024-12-15 17:30:23,009 - MainThread - updateUi - DEBUG - Reset de l'affichage de la courbe
2024-12-15 17:30:23,009 - Thread-1 (MotorTry) - MotorTry - DEBUG - Nouvelle boucle
2024-12-15 17:30:23,012 - Thread-1 (MotorTry) - update - DEBUG - Update vaue de la courbe
2024-12-15 17:30:23,022 - Thread-1 (MotorTry) - MotorTry - DEBUG - Nouvelle boucle
2024-12-15 17:30:23,023 - Thread-1 (MotorTry) - update - DEBUG - Update vaue de la courbe
2024-12-15 17:30:23,033 - Thread-1 (MotorTry) - MotorTry - DEBUG - Nouvelle boucle
2024-12-15 17:30:23,034 - Thread-1 (MotorTry) - update - DEBUG - Update vaue de la courbe
2024-12-15 17:30:23,040 - MainThread - updateUi - DEBUG - Reset de l'affichage de la courbe
2024-12-15 17:30:23,045 - Thread-1 (MotorTry) - MotorTry - DEBUG - Nouvelle boucle
2024-12-15 17:30:23,047 - Thread-1 (MotorTry) - update - DEBUG - Update vaue de la courbe
2024-12-15 17:30:23,057 - Thread-1 (MotorTry) - MotorTry - DEBUG - Nouvelle boucle
2024-12-15 17:30:23,058 - Thread-1 (MotorTry) - update - DEBUG - Update vaue de la courbe
2024-12-15 17:30:23,068 - Thread-1 (MotorTry) - MotorTry - DEBUG - Nouvelle boucle
2024-12-15 17:30:23,069 - Thread-1 (MotorTry) - update - DEBUG - Update vaue de la courbe
2024-12-15 17:30:23,072 - MainThread - updateUi - DEBUG - Reset de l'affichage de la courbe
2024-12-15 17:30:23,079 - Thread-1 (MotorTry) - MotorTry - DEBUG - Nouvelle boucle
2024-12-15 17:30:23,081 - Thread-1 (MotorTry) - update - DEBUG - Update vaue de la courbe
2024-12-15 17:30:23,091 - Thread-1 (MotorTry) - MotorTry - DEBUG - Nouvelle boucle
2024-12-15 17:30:23,092 - Thread-1 (MotorTry) - update - DEBUG - Update vaue de la courbe
2024-12-15 17:30:23,102 - Thread-1 (MotorTry) - MotorTry - DEBUG - Nouvelle boucle
2024-12-15 17:30:23,103 - Thread-1 (MotorTry) - update - DEBUG - Update vaue de la courbe
2024-12-15 17:30:23,104 - MainThread - updateUi - DEBUG - Reset de l'affichage de la courbe
2024-12-15 17:30:23,113 - Thread-1 (MotorTry) - MotorTry - DEBUG - Nouvelle boucle
2024-12-15 17:30:23,114 - Thread-1 (MotorTry) - update - DEBUG - Update vaue de la courbe
2024-12-15 17:30:23,125 - Thread-1 (MotorTry) - MotorTry - DEBUG - Nouvelle boucle
2024-12-15 17:30:23,125 - Thread-1 (MotorTry) - update - DEBUG - Update vaue de la courbe
2024-12-15 17:30:23,135 - MainThread - updateUi - DEBUG - Reset de l'affichage de la courbe
2024-12-15 17:30:23,137 - Thread-1 (MotorTry) - MotorTry - DEBUG - Nouvelle boucle
2024-12-15 17:30:23,138 - Thread-1 (MotorTry) - update - DEBUG - Update vaue de la courbe
2024-12-15 17:30:23,148 - Thread-1 (MotorTry) - MotorTry - DEBUG - Nouvelle boucle
2024-12-15 17:30:23,149 - Thread-1 (MotorTry) - update - DEBUG - Update vaue de la courbe
2024-12-15 17:30:23,159 - Thread-1 (MotorTry) - MotorTry - DEBUG - Nouvelle boucle
2024-12-15 17:30:23,160 - Thread-1 (MotorTry) - update - DEBUG - Update vaue de la courbe
2024-12-15 17:30:23,165 - MainThread - updateUi - DEBUG - Reset de l'affichage de la courbe
2024-12-15 17:30:23,171 - Thread-1 (MotorTry) - MotorTry - DEBUG - Nouvelle boucle
2024-12-15 17:30:23,173 - Thread-1 (MotorTry) - update - DEBUG - Update vaue de la courbe
2024-12-15 17:30:23,184 - Thread-1 (MotorTry) - MotorTry - DEBUG - Nouvelle boucle
2024-12-15 17:30:23,184 - Thread-1 (MotorTry) - update - DEBUG - Update vaue de la courbe
2024-12-15 17:30:23,195 - Thread-1 (MotorTry) - MotorTry - DEBUG - Nouvelle boucle
2024-12-15 17:30:23,195 - Thread-1 (MotorTry) - update - DEBUG - Update vaue de la courbe
2024-12-15 17:30:23,196 - MainThread - updateUi - DEBUG - Reset de l'affichage de la courbe
2024-12-15 17:30:23,206 - Thread-1 (MotorTry) - MotorTry - DEBUG - Nouvelle boucle
2024-12-15 17:30:23,207 - Thread-1 (MotorTry) - update - DEBUG - Update vaue de la courbe
2024-12-15 17:30:23,217 - Thread-1 (MotorTry) - MotorTry - DEBUG - Nouvelle boucle
2024-12-15 17:30:23,218 - Thread-1 (MotorTry) - update - DEBUG - Update vaue de la courbe
2024-12-15 17:30:23,224 - MainThread - updateUi - DEBUG - Reset de l'affichage de la courbe
2024-12-15 17:30:23,228 - Thread-1 (MotorTry) - MotorTry - DEBUG - Nouvelle boucle
2024-12-15 17:30:23,230 - Thread-1 (MotorTry) - update - DEBUG - Update vaue de la courbe
2024-12-15 17:30:23,242 - Thread-1 (MotorTry) - MotorTry - DEBUG - Nouvelle boucle
2024-12-15 17:30:23,242 - Thread-1 (MotorTry) - update - DEBUG - Update vaue de la courbe
2024-12-15 17:30:23,252 - Thread-1 (MotorTry) - MotorTry - DEBUG - Nouvelle boucle
2024-12-15 17:30:23,253 - Thread-1 (MotorTry) - update - DEBUG - Update vaue de la courbe
2024-12-15 17:30:23,256 - MainThread - updateUi - DEBUG - Reset de l'affichage de la courbe
2024-12-15 17:30:23,264 - Thread-1 (MotorTry) - MotorTry - DEBUG - Nouvelle boucle
2024-12-15 17:30:23,265 - Thread-1 (MotorTry) - update - DEBUG - Update vaue de la courbe
2024-12-15 17:30:23,275 - Thread-1 (MotorTry) - MotorTry - DEBUG - Nouvelle boucle
2024-12-15 17:30:23,276 - Thread-1 (MotorTry) - update - DEBUG - Update vaue de la courbe
2024-12-15 17:30:23,286 - Thread-1 (MotorTry) - MotorTry - DEBUG - Nouvelle boucle
2024-12-15 17:30:23,287 - Thread-1 (MotorTry) - update - DEBUG - Update vaue de la courbe
2024-12-15 17:30:23,288 - MainThread - updateUi - DEBUG - Reset de l'affichage de la courbe
2024-12-15 17:30:23,298 - Thread-1 (MotorTry) - MotorTry - DEBUG - Nouvelle boucle
2024-12-15 17:30:23,299 - Thread-1 (MotorTry) - update - DEBUG - Update vaue de la courbe
2024-12-15 17:30:23,309 - Thread-1 (MotorTry) - MotorTry - DEBUG - Nouvelle boucle
2024-12-15 17:30:23,309 - Thread-1 (MotorTry) - update - DEBUG - Update vaue de la courbe
2024-12-15 17:30:23,319 - MainThread - updateUi - DEBUG - Reset de l'affichage de la courbe
2024-12-15 17:30:23,321 - Thread-1 (MotorTry) - MotorTry - DEBUG - Nouvelle boucle
2024-12-15 17:30:23,322 - Thread-1 (MotorTry) - update - DEBUG - Update vaue de la courbe
2024-12-15 17:30:23,333 - Thread-1 (MotorTry) - MotorTry - DEBUG - Nouvelle boucle
2024-12-15 17:30:23,333 - Thread-1 (MotorTry) - update - DEBUG - Update vaue de la courbe
2024-12-15 17:30:23,344 - Thread-1 (MotorTry) - MotorTry - DEBUG - Nouvelle boucle
2024-12-15 17:30:23,344 - Thread-1 (MotorTry) - update - DEBUG - Update vaue de la courbe
2024-12-15 17:30:23,350 - MainThread - updateUi - DEBUG - Reset de l'affichage de la courbe
2024-12-15 17:30:23,355 - Thread-1 (MotorTry) - MotorTry - DEBUG - Nouvelle boucle
2024-12-15 17:30:23,358 - Thread-1 (MotorTry) - update - DEBUG - Update vaue de la courbe
2024-12-15 17:30:23,369 - Thread-1 (MotorTry) - MotorTry - DEBUG - Nouvelle boucle
2024-12-15 17:30:23,369 - Thread-1 (MotorTry) - update - DEBUG - Update vaue de la courbe
2024-12-15 17:30:23,380 - Thread-1 (MotorTry) - MotorTry - DEBUG - Nouvelle boucle
2024-12-15 17:30:23,380 - Thread-1 (MotorTry) - update - DEBUG - Update vaue de la courbe
2024-12-15 17:30:23,381 - MainThread - updateUi - DEBUG - Reset de l'affichage de la courbe
2024-12-15 17:30:23,391 - Thread-1 (MotorTry) - MotorTry - DEBUG - Nouvelle boucle
2024-12-15 17:30:23,393 - Thread-1 (MotorTry) - update - DEBUG - Update vaue de la courbe
2024-12-15 17:30:23,403 - Thread-1 (MotorTry) - MotorTry - DEBUG - Nouvelle boucle
2024-12-15 17:30:23,403 - Thread-1 (MotorTry) - update - DEBUG - Update vaue de la courbe
2024-12-15 17:30:23,412 - MainThread - updateUi - DEBUG - Reset de l'affichage de la courbe
2024-12-15 17:30:23,414 - Thread-1 (MotorTry) - MotorTry - DEBUG - Nouvelle boucle
2024-12-15 17:30:23,415 - Thread-1 (MotorTry) - update - DEBUG - Update vaue de la courbe
2024-12-15 17:30:23,426 - Thread-1 (MotorTry) - MotorTry - DEBUG - Nouvelle boucle
2024-12-15 17:30:23,427 - Thread-1 (MotorTry) - update - DEBUG - Update vaue de la courbe
2024-12-15 17:30:23,437 - Thread-1 (MotorTry) - MotorTry - DEBUG - Nouvelle boucle
2024-12-15 17:30:23,438 - Thread-1 (MotorTry) - update - DEBUG - Update vaue de la courbe
2024-12-15 17:30:23,443 - MainThread - updateUi - DEBUG - Reset de l'affichage de la courbe
2024-12-15 17:30:23,448 - Thread-1 (MotorTry) - MotorTry - DEBUG - Nouvelle boucle
2024-12-15 17:30:23,452 - Thread-1 (MotorTry) - update - DEBUG - Update vaue de la courbe
2024-12-15 17:30:23,462 - Thread-1 (MotorTry) - MotorTry - DEBUG - Nouvelle boucle
2024-12-15 17:30:23,463 - Thread-1 (MotorTry) - update - DEBUG - Update vaue de la courbe
2024-12-15 17:30:23,473 - Thread-1 (MotorTry) - MotorTry - DEBUG - Nouvelle boucle
2024-12-15 17:30:23,474 - MainThread - updateUi - DEBUG - Reset de l'affichage de la courbe
2024-12-15 17:30:23,476 - Thread-1 (MotorTry) - update - DEBUG - Update vaue de la courbe
2024-12-15 17:30:23,487 - Thread-1 (MotorTry) - MotorTry - DEBUG - Nouvelle boucle
2024-12-15 17:30:23,487 - Thread-1 (MotorTry) - update - DEBUG - Update vaue de la courbe
2024-12-15 17:30:23,498 - Thread-1 (MotorTry) - MotorTry - DEBUG - Nouvelle boucle
2024-12-15 17:30:23,499 - Thread-1 (MotorTry) - update - DEBUG - Update vaue de la courbe
2024-12-15 17:30:23,505 - MainThread - updateUi - DEBUG - Reset de l'affichage de la courbe
2024-12-15 17:30:23,509 - Thread-1 (MotorTry) - MotorTry - DEBUG - Nouvelle boucle
2024-12-15 17:30:23,511 - Thread-1 (MotorTry) - update - DEBUG - Update vaue de la courbe
2024-12-15 17:30:23,521 - Thread-1 (MotorTry) - MotorTry - DEBUG - Nouvelle boucle
2024-12-15 17:30:23,522 - Thread-1 (MotorTry) - update - DEBUG - Update vaue de la courbe
2024-12-15 17:30:23,532 - Thread-1 (MotorTry) - MotorTry - DEBUG - Nouvelle boucle
2024-12-15 17:30:23,533 - Thread-1 (MotorTry) - update - DEBUG - Update vaue de la courbe
2024-12-15 17:30:23,536 - MainThread - updateUi - DEBUG - Reset de l'affichage de la courbe
2024-12-15 17:30:23,543 - Thread-1 (MotorTry) - MotorTry - DEBUG - Nouvelle boucle
2024-12-15 17:30:23,544 - Thread-1 (MotorTry) - update - DEBUG - Update vaue de la courbe
2024-12-15 17:30:23,555 - Thread-1 (MotorTry) - MotorTry - DEBUG - Nouvelle boucle
2024-12-15 17:30:23,555 - Thread-1 (MotorTry) - update - DEBUG - Update vaue de la courbe
2024-12-15 17:30:23,566 - Thread-1 (MotorTry) - MotorTry - DEBUG - Nouvelle boucle
2024-12-15 17:30:23,566 - Thread-1 (MotorTry) - update - DEBUG - Update vaue de la courbe
2024-12-15 17:30:23,567 - MainThread - updateUi - DEBUG - Reset de l'affichage de la courbe
2024-12-15 17:30:23,577 - Thread-1 (MotorTry) - MotorTry - DEBUG - Nouvelle boucle
2024-12-15 17:30:23,578 - Thread-1 (MotorTry) - update - DEBUG - Update vaue de la courbe
2024-12-15 17:30:23,588 - Thread-1 (MotorTry) - MotorTry - DEBUG - Nouvelle boucle
2024-12-15 17:30:23,589 - Thread-1 (MotorTry) - update - DEBUG - Update vaue de la courbe
2024-12-15 17:30:23,596 - MainThread - updateUi - DEBUG - Reset de l'affichage de la courbe
2024-12-15 17:30:23,599 - Thread-1 (MotorTry) - MotorTry - DEBUG - Nouvelle boucle
2024-12-15 17:30:23,600 - Thread-1 (MotorTry) - update - DEBUG - Update vaue de la courbe
2024-12-15 17:30:23,611 - Thread-1 (MotorTry) - MotorTry - DEBUG - Nouvelle boucle
2024-12-15 17:30:23,611 - Thread-1 (MotorTry) - update - DEBUG - Update vaue de la courbe
2024-12-15 17:30:23,622 - Thread-1 (MotorTry) - MotorTry - DEBUG - Nouvelle boucle
2024-12-15 17:30:23,623 - Thread-1 (MotorTry) - update - DEBUG - Update vaue de la courbe
2024-12-15 17:30:23,628 - MainThread - updateUi - DEBUG - Reset de l'affichage de la courbe
2024-12-15 17:30:23,634 - Thread-1 (MotorTry) - MotorTry - DEBUG - Nouvelle boucle
2024-12-15 17:30:23,636 - Thread-1 (MotorTry) - update - DEBUG - Update vaue de la courbe
2024-12-15 17:30:23,646 - Thread-1 (MotorTry) - MotorTry - DEBUG - Nouvelle boucle
2024-12-15 17:30:23,647 - Thread-1 (MotorTry) - update - DEBUG - Update vaue de la courbe
2024-12-15 17:30:23,657 - Thread-1 (MotorTry) - MotorTry - DEBUG - Nouvelle boucle
2024-12-15 17:30:23,658 - Thread-1 (MotorTry) - update - DEBUG - Update vaue de la courbe
2024-12-15 17:30:23,659 - MainThread - updateUi - DEBUG - Reset de l'affichage de la courbe
2024-12-15 17:30:23,669 - Thread-1 (MotorTry) - MotorTry - DEBUG - Nouvelle boucle
2024-12-15 17:30:23,671 - Thread-1 (MotorTry) - update - DEBUG - Update vaue de la courbe
2024-12-15 17:30:23,681 - Thread-1 (MotorTry) - MotorTry - DEBUG - Nouvelle boucle
2024-12-15 17:30:23,681 - Thread-1 (MotorTry) - update - DEBUG - Update vaue de la courbe
2024-12-15 17:30:23,690 - MainThread - updateUi - DEBUG - Reset de l'affichage de la courbe
2024-12-15 17:30:23,692 - Thread-1 (MotorTry) - MotorTry - DEBUG - Nouvelle boucle
2024-12-15 17:30:23,693 - Thread-1 (MotorTry) - update - DEBUG - Update vaue de la courbe
2024-12-15 17:30:23,704 - Thread-1 (MotorTry) - MotorTry - DEBUG - Nouvelle boucle
2024-12-15 17:30:23,704 - Thread-1 (MotorTry) - update - DEBUG - Update vaue de la courbe
2024-12-15 17:30:23,715 - Thread-1 (MotorTry) - MotorTry - DEBUG - Nouvelle boucle
2024-12-15 17:30:23,715 - Thread-1 (MotorTry) - update - DEBUG - Update vaue de la courbe
2024-12-15 17:30:23,721 - MainThread - updateUi - DEBUG - Reset de l'affichage de la courbe
2024-12-15 17:30:23,727 - Thread-1 (MotorTry) - MotorTry - DEBUG - Nouvelle boucle
2024-12-15 17:30:23,728 - Thread-1 (MotorTry) - update - DEBUG - Update vaue de la courbe
2024-12-15 17:30:23,739 - Thread-1 (MotorTry) - MotorTry - DEBUG - Nouvelle boucle
2024-12-15 17:30:23,740 - Thread-1 (MotorTry) - update - DEBUG - Update vaue de la courbe
2024-12-15 17:30:23,750 - Thread-1 (MotorTry) - MotorTry - DEBUG - Nouvelle boucle
2024-12-15 17:30:23,750 - Thread-1 (MotorTry) - update - DEBUG - Update vaue de la courbe
2024-12-15 17:30:23,751 - MainThread - updateUi - DEBUG - Reset de l'affichage de la courbe
2024-12-15 17:30:23,761 - Thread-1 (MotorTry) - MotorTry - DEBUG - Nouvelle boucle
2024-12-15 17:30:23,762 - Thread-1 (MotorTry) - update - DEBUG - Update vaue de la courbe
2024-12-15 17:30:23,773 - Thread-1 (MotorTry) - MotorTry - DEBUG - Nouvelle boucle
2024-12-15 17:30:23,773 - Thread-1 (MotorTry) - update - DEBUG - Update vaue de la courbe
2024-12-15 17:30:23,782 - MainThread - updateUi - DEBUG - Reset de l'affichage de la courbe
2024-12-15 17:30:23,784 - Thread-1 (MotorTry) - MotorTry - DEBUG - Nouvelle boucle
2024-12-15 17:30:23,785 - Thread-1 (MotorTry) - update - DEBUG - Update vaue de la courbe
2024-12-15 17:30:23,796 - Thread-1 (MotorTry) - MotorTry - DEBUG - Nouvelle boucle
2024-12-15 17:30:23,796 - Thread-1 (MotorTry) - update - DEBUG - Update vaue de la courbe
2024-12-15 17:30:23,807 - Thread-1 (MotorTry) - MotorTry - DEBUG - Nouvelle boucle
2024-12-15 17:30:23,808 - Thread-1 (MotorTry) - update - DEBUG - Update vaue de la courbe
2024-12-15 17:30:23,814 - MainThread - updateUi - DEBUG - Reset de l'affichage de la courbe
2024-12-15 17:30:23,818 - Thread-1 (MotorTry) - MotorTry - DEBUG - Nouvelle boucle
2024-12-15 17:30:23,819 - Thread-1 (MotorTry) - update - DEBUG - Update vaue de la courbe
2024-12-15 17:30:23,830 - Thread-1 (MotorTry) - MotorTry - DEBUG - Nouvelle boucle
2024-12-15 17:30:23,830 - Thread-1 (MotorTry) - update - DEBUG - Update vaue de la courbe
2024-12-15 17:30:23,841 - Thread-1 (MotorTry) - MotorTry - DEBUG - Nouvelle boucle
2024-12-15 17:30:23,841 - Thread-1 (MotorTry) - update - DEBUG - Update vaue de la courbe
2024-12-15 17:30:23,844 - MainThread - updateUi - DEBUG - Reset de l'affichage de la courbe
2024-12-15 17:30:23,852 - Thread-1 (MotorTry) - MotorTry - DEBUG - Nouvelle boucle
2024-12-15 17:30:23,853 - Thread-1 (MotorTry) - update - DEBUG - Update vaue de la courbe
2024-12-15 17:30:23,863 - Thread-1 (MotorTry) - MotorTry - DEBUG - Nouvelle boucle
2024-12-15 17:30:23,864 - Thread-1 (MotorTry) - update - DEBUG - Update vaue de la courbe
2024-12-15 17:30:23,874 - Thread-1 (MotorTry) - MotorTry - DEBUG - Nouvelle boucle
2024-12-15 17:30:23,874 - Thread-1 (MotorTry) - update - DEBUG - Update vaue de la courbe
2024-12-15 17:30:23,875 - MainThread - updateUi - DEBUG - Reset de l'affichage de la courbe
2024-12-15 17:30:23,885 - Thread-1 (MotorTry) - MotorTry - DEBUG - Nouvelle boucle
2024-12-15 17:30:23,885 - Thread-1 (MotorTry) - update - DEBUG - Update vaue de la courbe
2024-12-15 17:30:23,896 - Thread-1 (MotorTry) - MotorTry - DEBUG - Nouvelle boucle
2024-12-15 17:30:23,896 - Thread-1 (MotorTry) - update - DEBUG - Update vaue de la courbe
2024-12-15 17:30:23,903 - MainThread - updateUi - DEBUG - Reset de l'affichage de la courbe
2024-12-15 17:30:23,908 - Thread-1 (MotorTry) - MotorTry - DEBUG - Nouvelle boucle
2024-12-15 17:30:23,910 - Thread-1 (MotorTry) - update - DEBUG - Update vaue de la courbe
2024-12-15 17:30:23,920 - Thread-1 (MotorTry) - MotorTry - DEBUG - Nouvelle boucle
2024-12-15 17:30:23,921 - Thread-1 (MotorTry) - update - DEBUG - Update vaue de la courbe
2024-12-15 17:30:23,931 - Thread-1 (MotorTry) - MotorTry - DEBUG - Nouvelle boucle
2024-12-15 17:30:23,931 - Thread-1 (MotorTry) - update - DEBUG - Update vaue de la courbe
2024-12-15 17:30:23,936 - MainThread - updateUi - DEBUG - Reset de l'affichage de la courbe
2024-12-15 17:30:23,942 - Thread-1 (MotorTry) - MotorTry - DEBUG - Nouvelle boucle
2024-12-15 17:30:23,944 - Thread-1 (MotorTry) - update - DEBUG - Update vaue de la courbe
2024-12-15 17:30:23,954 - Thread-1 (MotorTry) - MotorTry - DEBUG - Nouvelle boucle
2024-12-15 17:30:23,955 - Thread-1 (MotorTry) - update - DEBUG - Update vaue de la courbe
2024-12-15 17:30:23,965 - Thread-1 (MotorTry) - MotorTry - DEBUG - Nouvelle boucle
2024-12-15 17:30:23,966 - Thread-1 (MotorTry) - update - DEBUG - Update vaue de la courbe
2024-12-15 17:30:23,967 - MainThread - updateUi - DEBUG - Reset de l'affichage de la courbe
2024-12-15 17:30:23,976 - Thread-1 (MotorTry) - MotorTry - DEBUG - Nouvelle boucle
2024-12-15 17:30:23,977 - Thread-1 (MotorTry) - update - DEBUG - Update vaue de la courbe
2024-12-15 17:30:23,988 - Thread-1 (MotorTry) - MotorTry - DEBUG - Nouvelle boucle
2024-12-15 17:30:23,988 - Thread-1 (MotorTry) - update - DEBUG - Update vaue de la courbe
2024-12-15 17:30:23,998 - MainThread - updateUi - DEBUG - Reset de l'affichage de la courbe
2024-12-15 17:30:24,000 - Thread-1 (MotorTry) - MotorTry - DEBUG - Nouvelle boucle
2024-12-15 17:30:24,002 - Thread-1 (MotorTry) - update - DEBUG - Update vaue de la courbe
2024-12-15 17:30:24,012 - Thread-1 (MotorTry) - MotorTry - DEBUG - Nouvelle boucle
2024-12-15 17:30:24,013 - Thread-1 (MotorTry) - update - DEBUG - Update vaue de la courbe
2024-12-15 17:30:24,023 - Thread-1 (MotorTry) - MotorTry - DEBUG - Nouvelle boucle
2024-12-15 17:30:24,023 - Thread-1 (MotorTry) - update - DEBUG - Update vaue de la courbe
2024-12-15 17:30:24,029 - MainThread - updateUi - DEBUG - Reset de l'affichage de la courbe
2024-12-15 17:30:24,035 - Thread-1 (MotorTry) - MotorTry - DEBUG - Nouvelle boucle
2024-12-15 17:30:24,036 - Thread-1 (MotorTry) - update - DEBUG - Update vaue de la courbe
2024-12-15 17:30:24,047 - Thread-1 (MotorTry) - MotorTry - DEBUG - Nouvelle boucle
2024-12-15 17:30:24,047 - Thread-1 (MotorTry) - update - DEBUG - Update vaue de la courbe
2024-12-15 17:30:24,058 - Thread-1 (MotorTry) - MotorTry - DEBUG - Nouvelle boucle
2024-12-15 17:30:24,058 - Thread-1 (MotorTry) - update - DEBUG - Update vaue de la courbe
2024-12-15 17:30:24,060 - MainThread - updateUi - DEBUG - Reset de l'affichage de la courbe
2024-12-15 17:30:24,069 - Thread-1 (MotorTry) - MotorTry - DEBUG - Nouvelle boucle
2024-12-15 17:30:24,070 - Thread-1 (MotorTry) - update - DEBUG - Update vaue de la courbe
2024-12-15 17:30:24,080 - Thread-1 (MotorTry) - MotorTry - DEBUG - Nouvelle boucle
2024-12-15 17:30:24,080 - Thread-1 (MotorTry) - update - DEBUG - Update vaue de la courbe
2024-12-15 17:30:24,091 - MainThread - updateUi - DEBUG - Reset de l'affichage de la courbe
2024-12-15 17:30:24,093 - Thread-1 (MotorTry) - MotorTry - DEBUG - Nouvelle boucle
2024-12-15 17:30:24,094 - Thread-1 (MotorTry) - update - DEBUG - Update vaue de la courbe
2024-12-15 17:30:24,105 - Thread-1 (MotorTry) - MotorTry - DEBUG - Nouvelle boucle
2024-12-15 17:30:24,105 - Thread-1 (MotorTry) - update - DEBUG - Update vaue de la courbe
2024-12-15 17:30:24,116 - Thread-1 (MotorTry) - MotorTry - DEBUG - Nouvelle boucle
2024-12-15 17:30:24,116 - Thread-1 (MotorTry) - update - DEBUG - Update vaue de la courbe
2024-12-15 17:30:24,121 - MainThread - updateUi - DEBUG - Reset de l'affichage de la courbe
2024-12-15 17:30:24,127 - Thread-1 (MotorTry) - MotorTry - DEBUG - Nouvelle boucle
2024-12-15 17:30:24,128 - Thread-1 (MotorTry) - update - DEBUG - Update vaue de la courbe
2024-12-15 17:30:24,139 - Thread-1 (MotorTry) - MotorTry - DEBUG - Nouvelle boucle
2024-12-15 17:30:24,139 - Thread-1 (MotorTry) - update - DEBUG - Update vaue de la courbe
2024-12-15 17:30:24,150 - Thread-1 (MotorTry) - MotorTry - DEBUG - Nouvelle boucle
2024-12-15 17:30:24,150 - Thread-1 (MotorTry) - update - DEBUG - Update vaue de la courbe
2024-12-15 17:30:24,152 - MainThread - updateUi - DEBUG - Reset de l'affichage de la courbe
2024-12-15 17:30:24,161 - Thread-1 (MotorTry) - MotorTry - DEBUG - Nouvelle boucle
2024-12-15 17:30:24,162 - Thread-1 (MotorTry) - update - DEBUG - Update vaue de la courbe
2024-12-15 17:30:24,173 - Thread-1 (MotorTry) - MotorTry - DEBUG - Nouvelle boucle
2024-12-15 17:30:24,173 - Thread-1 (MotorTry) - update - DEBUG - Update vaue de la courbe
2024-12-15 17:30:24,183 - MainThread - updateUi - DEBUG - Reset de l'affichage de la courbe
2024-12-15 17:30:24,186 - Thread-1 (MotorTry) - MotorTry - DEBUG - Nouvelle boucle
2024-12-15 17:30:24,187 - Thread-1 (MotorTry) - update - DEBUG - Update vaue de la courbe
2024-12-15 17:30:24,198 - Thread-1 (MotorTry) - MotorTry - DEBUG - Nouvelle boucle
2024-12-15 17:30:24,199 - Thread-1 (MotorTry) - update - DEBUG - Update vaue de la courbe
2024-12-15 17:30:24,209 - Thread-1 (MotorTry) - MotorTry - DEBUG - Nouvelle boucle
2024-12-15 17:30:24,210 - Thread-1 (MotorTry) - update - DEBUG - Update vaue de la courbe
2024-12-15 17:30:24,214 - MainThread - updateUi - DEBUG - Reset de l'affichage de la courbe
2024-12-15 17:30:24,221 - Thread-1 (MotorTry) - MotorTry - DEBUG - Nouvelle boucle
2024-12-15 17:30:24,222 - Thread-1 (MotorTry) - update - DEBUG - Update vaue de la courbe
2024-12-15 17:30:24,232 - Thread-1 (MotorTry) - MotorTry - DEBUG - Nouvelle boucle
2024-12-15 17:30:24,233 - Thread-1 (MotorTry) - update - DEBUG - Update vaue de la courbe
2024-12-15 17:30:24,243 - Thread-1 (MotorTry) - MotorTry - DEBUG - Nouvelle boucle
2024-12-15 17:30:24,243 - Thread-1 (MotorTry) - update - DEBUG - Update vaue de la courbe
2024-12-15 17:30:24,245 - MainThread - updateUi - DEBUG - Reset de l'affichage de la courbe
2024-12-15 17:30:24,254 - Thread-1 (MotorTry) - MotorTry - DEBUG - Nouvelle boucle
2024-12-15 17:30:24,255 - Thread-1 (MotorTry) - update - DEBUG - Update vaue de la courbe
2024-12-15 17:30:24,265 - Thread-1 (MotorTry) - MotorTry - DEBUG - Nouvelle boucle
2024-12-15 17:30:24,266 - Thread-1 (MotorTry) - update - DEBUG - Update vaue de la courbe
2024-12-15 17:30:24,276 - MainThread - updateUi - DEBUG - Reset de l'affichage de la courbe
2024-12-15 17:30:24,276 - Thread-1 (MotorTry) - MotorTry - DEBUG - Nouvelle boucle
2024-12-15 17:30:24,279 - Thread-1 (MotorTry) - update - DEBUG - Update vaue de la courbe
2024-12-15 17:30:24,290 - Thread-1 (MotorTry) - MotorTry - DEBUG - Nouvelle boucle
2024-12-15 17:30:24,290 - Thread-1 (MotorTry) - update - DEBUG - Update vaue de la courbe
2024-12-15 17:30:24,301 - Thread-1 (MotorTry) - MotorTry - DEBUG - Nouvelle boucle
2024-12-15 17:30:24,301 - Thread-1 (MotorTry) - update - DEBUG - Update vaue de la courbe
2024-12-15 17:30:24,307 - MainThread - updateUi - DEBUG - Reset de l'affichage de la courbe
2024-12-15 17:30:24,312 - Thread-1 (MotorTry) - MotorTry - DEBUG - Nouvelle boucle
2024-12-15 17:30:24,314 - Thread-1 (MotorTry) - update - DEBUG - Update vaue de la courbe
2024-12-15 17:30:24,325 - Thread-1 (MotorTry) - MotorTry - DEBUG - Nouvelle boucle
2024-12-15 17:30:24,325 - Thread-1 (MotorTry) - update - DEBUG - Update vaue de la courbe
2024-12-15 17:30:24,336 - Thread-1 (MotorTry) - MotorTry - DEBUG - Nouvelle boucle
2024-12-15 17:30:24,336 - Thread-1 (MotorTry) - update - DEBUG - Update vaue de la courbe
2024-12-15 17:30:24,338 - MainThread - updateUi - DEBUG - Reset de l'affichage de la courbe
2024-12-15 17:30:24,347 - Thread-1 (MotorTry) - MotorTry - DEBUG - Nouvelle boucle
2024-12-15 17:30:24,348 - Thread-1 (MotorTry) - update - DEBUG - Update vaue de la courbe
2024-12-15 17:30:24,359 - Thread-1 (MotorTry) - MotorTry - DEBUG - Nouvelle boucle
2024-12-15 17:30:24,359 - Thread-1 (MotorTry) - update - DEBUG - Update vaue de la courbe
2024-12-15 17:30:24,369 - MainThread - updateUi - DEBUG - Reset de l'affichage de la courbe
2024-12-15 17:30:24,371 - Thread-1 (MotorTry) - MotorTry - DEBUG - Nouvelle boucle
2024-12-15 17:30:24,372 - Thread-1 (MotorTry) - update - DEBUG - Update vaue de la courbe
2024-12-15 17:30:24,383 - Thread-1 (MotorTry) - MotorTry - DEBUG - Nouvelle boucle
2024-12-15 17:30:24,383 - Thread-1 (MotorTry) - update - DEBUG - Update vaue de la courbe
2024-12-15 17:30:24,393 - Thread-1 (MotorTry) - MotorTry - DEBUG - Nouvelle boucle
2024-12-15 17:30:24,394 - Thread-1 (MotorTry) - update - DEBUG - Update vaue de la courbe
2024-12-15 17:30:24,399 - MainThread - updateUi - DEBUG - Reset de l'affichage de la courbe
2024-12-15 17:30:24,405 - Thread-1 (MotorTry) - MotorTry - DEBUG - Nouvelle boucle
2024-12-15 17:30:24,406 - Thread-1 (MotorTry) - update - DEBUG - Update vaue de la courbe
2024-12-15 17:30:24,417 - Thread-1 (MotorTry) - MotorTry - DEBUG - Nouvelle boucle
2024-12-15 17:30:24,417 - Thread-1 (MotorTry) - update - DEBUG - Update vaue de la courbe
2024-12-15 17:30:24,428 - Thread-1 (MotorTry) - MotorTry - DEBUG - Nouvelle boucle
2024-12-15 17:30:24,429 - Thread-1 (MotorTry) - update - DEBUG - Update vaue de la courbe
2024-12-15 17:30:24,430 - MainThread - updateUi - DEBUG - Reset de l'affichage de la courbe
2024-12-15 17:30:24,440 - Thread-1 (MotorTry) - MotorTry - DEBUG - Nouvelle boucle
2024-12-15 17:30:24,441 - Thread-1 (MotorTry) - update - DEBUG - Update vaue de la courbe
2024-12-15 17:30:24,451 - Thread-1 (MotorTry) - MotorTry - DEBUG - Nouvelle boucle
2024-12-15 17:30:24,451 - Thread-1 (MotorTry) - update - DEBUG - Update vaue de la courbe
2024-12-15 17:30:24,461 - MainThread - updateUi - DEBUG - Reset de l'affichage de la courbe
2024-12-15 17:30:24,464 - Thread-1 (MotorTry) - MotorTry - DEBUG - Nouvelle boucle
2024-12-15 17:30:24,465 - Thread-1 (MotorTry) - update - DEBUG - Update vaue de la courbe
2024-12-15 17:30:24,475 - Thread-1 (MotorTry) - MotorTry - DEBUG - Nouvelle boucle
2024-12-15 17:30:24,476 - Thread-1 (MotorTry) - update - DEBUG - Update vaue de la courbe
2024-12-15 17:30:24,486 - Thread-1 (MotorTry) - MotorTry - DEBUG - Nouvelle boucle
2024-12-15 17:30:24,487 - Thread-1 (MotorTry) - update - DEBUG - Update vaue de la courbe
2024-12-15 17:30:24,492 - MainThread - updateUi - DEBUG - Reset de l'affichage de la courbe
2024-12-15 17:30:24,498 - Thread-1 (MotorTry) - MotorTry - DEBUG - Nouvelle boucle
2024-12-15 17:30:24,499 - Thread-1 (MotorTry) - update - DEBUG - Update vaue de la courbe
2024-12-15 17:30:24,510 - Thread-1 (MotorTry) - MotorTry - DEBUG - Nouvelle boucle
2024-12-15 17:30:24,510 - Thread-1 (MotorTry) - update - DEBUG - Update vaue de la courbe
2024-12-15 17:30:24,521 - Thread-1 (MotorTry) - MotorTry - DEBUG - Nouvelle boucle
2024-12-15 17:30:24,521 - Thread-1 (MotorTry) - update - DEBUG - Update vaue de la courbe
2024-12-15 17:30:24,522 - MainThread - updateUi - DEBUG - Reset de l'affichage de la courbe
2024-12-15 17:30:24,532 - Thread-1 (MotorTry) - MotorTry - DEBUG - Nouvelle boucle
2024-12-15 17:30:24,532 - Thread-1 (MotorTry) - update - DEBUG - Update vaue de la courbe
2024-12-15 17:30:24,543 - Thread-1 (MotorTry) - MotorTry - DEBUG - Nouvelle boucle
2024-12-15 17:30:24,544 - Thread-1 (MotorTry) - update - DEBUG - Update vaue de la courbe
2024-12-15 17:30:24,553 - MainThread - updateUi - DEBUG - Reset de l'affichage de la courbe
2024-12-15 17:30:24,555 - Thread-1 (MotorTry) - MotorTry - DEBUG - Nouvelle boucle
2024-12-15 17:30:24,556 - Thread-1 (MotorTry) - update - DEBUG - Update vaue de la courbe
2024-12-15 17:30:24,567 - Thread-1 (MotorTry) - MotorTry - DEBUG - Nouvelle boucle
2024-12-15 17:30:24,567 - Thread-1 (MotorTry) - update - DEBUG - Update vaue de la courbe
2024-12-15 17:30:24,578 - Thread-1 (MotorTry) - MotorTry - DEBUG - Nouvelle boucle
2024-12-15 17:30:24,579 - Thread-1 (MotorTry) - update - DEBUG - Update vaue de la courbe
2024-12-15 17:30:24,584 - MainThread - updateUi - DEBUG - Reset de l'affichage de la courbe
2024-12-15 17:30:24,590 - Thread-1 (MotorTry) - MotorTry - DEBUG - Nouvelle boucle
2024-12-15 17:30:24,591 - Thread-1 (MotorTry) - update - DEBUG - Update vaue de la courbe
2024-12-15 17:30:24,602 - Thread-1 (MotorTry) - MotorTry - DEBUG - Nouvelle boucle
2024-12-15 17:30:24,603 - Thread-1 (MotorTry) - update - DEBUG - Update vaue de la courbe
2024-12-15 17:30:24,613 - Thread-1 (MotorTry) - MotorTry - DEBUG - Nouvelle boucle
2024-12-15 17:30:24,614 - Thread-1 (MotorTry) - update - DEBUG - Update vaue de la courbe
2024-12-15 17:30:24,615 - MainThread - updateUi - DEBUG - Reset de l'affichage de la courbe
2024-12-15 17:30:24,624 - Thread-1 (MotorTry) - MotorTry - DEBUG - Nouvelle boucle
2024-12-15 17:30:24,625 - Thread-1 (MotorTry) - update - DEBUG - Update vaue de la courbe
2024-12-15 17:30:24,635 - Thread-1 (MotorTry) - MotorTry - DEBUG - Nouvelle boucle
2024-12-15 17:30:24,636 - Thread-1 (MotorTry) - update - DEBUG - Update vaue de la courbe
2024-12-15 17:30:24,645 - MainThread - updateUi - DEBUG - Reset de l'affichage de la courbe
2024-12-15 17:30:24,648 - Thread-1 (MotorTry) - MotorTry - DEBUG - Nouvelle boucle
2024-12-15 17:30:24,649 - Thread-1 (MotorTry) - update - DEBUG - Update vaue de la courbe
2024-12-15 17:30:24,660 - Thread-1 (MotorTry) - MotorTry - DEBUG - Nouvelle boucle
2024-12-15 17:30:24,660 - Thread-1 (MotorTry) - update - DEBUG - Update vaue de la courbe
2024-12-15 17:30:24,671 - Thread-1 (MotorTry) - MotorTry - DEBUG - Nouvelle boucle
2024-12-15 17:30:24,671 - Thread-1 (MotorTry) - update - DEBUG - Update vaue de la courbe
2024-12-15 17:30:24,676 - MainThread - updateUi - DEBUG - Reset de l'affichage de la courbe
2024-12-15 17:30:24,682 - Thread-1 (MotorTry) - MotorTry - DEBUG - Nouvelle boucle
2024-12-15 17:30:24,684 - Thread-1 (MotorTry) - update - DEBUG - Update vaue de la courbe
2024-12-15 17:30:24,694 - Thread-1 (MotorTry) - MotorTry - DEBUG - Nouvelle boucle
2024-12-15 17:30:24,695 - Thread-1 (MotorTry) - update - DEBUG - Update vaue de la courbe
2024-12-15 17:30:24,705 - Thread-1 (MotorTry) - MotorTry - DEBUG - Nouvelle boucle
2024-12-15 17:30:24,705 - Thread-1 (MotorTry) - update - DEBUG - Update vaue de la courbe
2024-12-15 17:30:24,706 - MainThread - updateUi - DEBUG - Reset de l'affichage de la courbe
2024-12-15 17:30:24,716 - Thread-1 (MotorTry) - MotorTry - DEBUG - Nouvelle boucle
2024-12-15 17:30:24,717 - Thread-1 (MotorTry) - update - DEBUG - Update vaue de la courbe
2024-12-15 17:30:24,727 - Thread-1 (MotorTry) - MotorTry - DEBUG - Nouvelle boucle
2024-12-15 17:30:24,728 - Thread-1 (MotorTry) - update - DEBUG - Update vaue de la courbe
2024-12-15 17:30:24,737 - MainThread - updateUi - DEBUG - Reset de l'affichage de la courbe
2024-12-15 17:30:24,739 - Thread-1 (MotorTry) - MotorTry - DEBUG - Nouvelle boucle
2024-12-15 17:30:24,740 - Thread-1 (MotorTry) - update - DEBUG - Update vaue de la courbe
2024-12-15 17:30:24,751 - Thread-1 (MotorTry) - MotorTry - DEBUG - Nouvelle boucle
2024-12-15 17:30:24,751 - Thread-1 (MotorTry) - update - DEBUG - Update vaue de la courbe
2024-12-15 17:30:24,761 - Thread-1 (MotorTry) - MotorTry - DEBUG - Nouvelle boucle
2024-12-15 17:30:24,762 - Thread-1 (MotorTry) - update - DEBUG - Update vaue de la courbe
2024-12-15 17:30:24,768 - MainThread - updateUi - DEBUG - Reset de l'affichage de la courbe
2024-12-15 17:30:24,774 - Thread-1 (MotorTry) - MotorTry - DEBUG - Nouvelle boucle
2024-12-15 17:30:24,775 - Thread-1 (MotorTry) - update - DEBUG - Update vaue de la courbe
2024-12-15 17:30:24,786 - Thread-1 (MotorTry) - MotorTry - DEBUG - Nouvelle boucle
2024-12-15 17:30:24,786 - Thread-1 (MotorTry) - update - DEBUG - Update vaue de la courbe
2024-12-15 17:30:24,797 - Thread-1 (MotorTry) - MotorTry - DEBUG - Nouvelle boucle
2024-12-15 17:30:24,797 - Thread-1 (MotorTry) - update - DEBUG - Update vaue de la courbe
2024-12-15 17:30:24,799 - MainThread - updateUi - DEBUG - Reset de l'affichage de la courbe
2024-12-15 17:30:24,809 - Thread-1 (MotorTry) - MotorTry - DEBUG - Nouvelle boucle
2024-12-15 17:30:24,810 - Thread-1 (MotorTry) - update - DEBUG - Update vaue de la courbe
2024-12-15 17:30:24,820 - Thread-1 (MotorTry) - MotorTry - DEBUG - Nouvelle boucle
2024-12-15 17:30:24,821 - Thread-1 (MotorTry) - update - DEBUG - Update vaue de la courbe
2024-12-15 17:30:24,829 - MainThread - updateUi - DEBUG - Reset de l'affichage de la courbe
2024-12-15 17:30:24,832 - Thread-1 (MotorTry) - MotorTry - DEBUG - Nouvelle boucle
2024-12-15 17:30:24,833 - Thread-1 (MotorTry) - update - DEBUG - Update vaue de la courbe
2024-12-15 17:30:24,843 - Thread-1 (MotorTry) - MotorTry - DEBUG - Nouvelle boucle
2024-12-15 17:30:24,844 - Thread-1 (MotorTry) - update - DEBUG - Update vaue de la courbe
2024-12-15 17:30:24,854 - Thread-1 (MotorTry) - MotorTry - DEBUG - Nouvelle boucle
2024-12-15 17:30:24,855 - Thread-1 (MotorTry) - update - DEBUG - Update vaue de la courbe
2024-12-15 17:30:24,860 - MainThread - updateUi - DEBUG - Reset de l'affichage de la courbe
2024-12-15 17:30:24,866 - Thread-1 (MotorTry) - MotorTry - DEBUG - Nouvelle boucle
2024-12-15 17:30:24,868 - Thread-1 (MotorTry) - update - DEBUG - Update vaue de la courbe
2024-12-15 17:30:24,878 - Thread-1 (MotorTry) - MotorTry - DEBUG - Nouvelle boucle
2024-12-15 17:30:24,879 - Thread-1 (MotorTry) - update - DEBUG - Update vaue de la courbe
2024-12-15 17:30:24,889 - Thread-1 (MotorTry) - MotorTry - DEBUG - Nouvelle boucle
2024-12-15 17:30:24,890 - Thread-1 (MotorTry) - update - DEBUG - Update vaue de la courbe
2024-12-15 17:30:24,891 - MainThread - updateUi - DEBUG - Reset de l'affichage de la courbe
2024-12-15 17:30:24,901 - Thread-1 (MotorTry) - MotorTry - DEBUG - Nouvelle boucle
2024-12-15 17:30:24,902 - Thread-1 (MotorTry) - update - DEBUG - Update vaue de la courbe
2024-12-15 17:30:24,912 - Thread-1 (MotorTry) - MotorTry - DEBUG - Nouvelle boucle
2024-12-15 17:30:24,912 - Thread-1 (MotorTry) - update - DEBUG - Update vaue de la courbe
2024-12-15 17:30:24,922 - MainThread - updateUi - DEBUG - Reset de l'affichage de la courbe
2024-12-15 17:30:24,924 - Thread-1 (MotorTry) - MotorTry - DEBUG - Nouvelle boucle
2024-12-15 17:30:24,925 - Thread-1 (MotorTry) - update - DEBUG - Update vaue de la courbe
2024-12-15 17:30:24,936 - Thread-1 (MotorTry) - MotorTry - DEBUG - Nouvelle boucle
2024-12-15 17:30:24,936 - Thread-1 (MotorTry) - update - DEBUG - Update vaue de la courbe
2024-12-15 17:30:24,947 - Thread-1 (MotorTry) - MotorTry - DEBUG - Nouvelle boucle
2024-12-15 17:30:24,947 - Thread-1 (MotorTry) - update - DEBUG - Update vaue de la courbe
2024-12-15 17:30:24,953 - MainThread - updateUi - DEBUG - Reset de l'affichage de la courbe
2024-12-15 17:30:24,959 - Thread-1 (MotorTry) - MotorTry - DEBUG - Nouvelle boucle
2024-12-15 17:30:24,961 - Thread-1 (MotorTry) - update - DEBUG - Update vaue de la courbe
2024-12-15 17:30:24,971 - Thread-1 (MotorTry) - MotorTry - DEBUG - Nouvelle boucle
2024-12-15 17:30:24,972 - Thread-1 (MotorTry) - update - DEBUG - Update vaue de la courbe
2024-12-15 17:30:24,982 - Thread-1 (MotorTry) - MotorTry - DEBUG - Nouvelle boucle
2024-12-15 17:30:24,983 - Thread-1 (MotorTry) - update - DEBUG - Update vaue de la courbe
2024-12-15 17:30:24,984 - MainThread - updateUi - DEBUG - Reset de l'affichage de la courbe
2024-12-15 17:30:24,993 - Thread-1 (MotorTry) - MotorTry - DEBUG - Nouvelle boucle
2024-12-15 17:30:24,995 - Thread-1 (MotorTry) - update - DEBUG - Update vaue de la courbe
2024-12-15 17:30:25,005 - Thread-1 (MotorTry) - MotorTry - DEBUG - Nouvelle boucle
2024-12-15 17:30:25,005 - Thread-1 (MotorTry) - update - DEBUG - Update vaue de la courbe
2024-12-15 17:30:25,015 - MainThread - updateUi - DEBUG - Reset de l'affichage de la courbe
2024-12-15 17:30:25,017 - Thread-1 (MotorTry) - MotorTry - DEBUG - Nouvelle boucle
2024-12-15 17:30:25,018 - Thread-1 (MotorTry) - update - DEBUG - Update vaue de la courbe
2024-12-15 17:30:25,028 - Thread-1 (MotorTry) - MotorTry - DEBUG - Nouvelle boucle
2024-12-15 17:30:25,029 - Thread-1 (MotorTry) - update - DEBUG - Update vaue de la courbe
2024-12-15 17:30:25,040 - Thread-1 (MotorTry) - MotorTry - DEBUG - Nouvelle boucle
2024-12-15 17:30:25,040 - Thread-1 (MotorTry) - update - DEBUG - Update vaue de la courbe
2024-12-15 17:30:25,045 - MainThread - updateUi - DEBUG - Reset de l'affichage de la courbe
2024-12-15 17:30:25,051 - Thread-1 (MotorTry) - MotorTry - DEBUG - Nouvelle boucle
2024-12-15 17:30:25,053 - Thread-1 (MotorTry) - update - DEBUG - Update vaue de la courbe
2024-12-15 17:30:25,064 - Thread-1 (MotorTry) - MotorTry - DEBUG - Nouvelle boucle
2024-12-15 17:30:25,064 - Thread-1 (MotorTry) - update - DEBUG - Update vaue de la courbe
2024-12-15 17:30:25,075 - Thread-1 (MotorTry) - MotorTry - DEBUG - Nouvelle boucle
2024-12-15 17:30:25,075 - Thread-1 (MotorTry) - update - DEBUG - Update vaue de la courbe
2024-12-15 17:30:25,076 - MainThread - updateUi - DEBUG - Reset de l'affichage de la courbe
2024-12-15 17:30:25,086 - Thread-1 (MotorTry) - MotorTry - DEBUG - Nouvelle boucle
2024-12-15 17:30:25,087 - Thread-1 (MotorTry) - update - DEBUG - Update vaue de la courbe
2024-12-15 17:30:25,098 - Thread-1 (MotorTry) - MotorTry - DEBUG - Nouvelle boucle
2024-12-15 17:30:25,099 - Thread-1 (MotorTry) - update - DEBUG - Update vaue de la courbe
2024-12-15 17:30:25,107 - MainThread - updateUi - DEBUG - Reset de l'affichage de la courbe
2024-12-15 17:30:25,110 - Thread-1 (MotorTry) - MotorTry - DEBUG - Nouvelle boucle
2024-12-15 17:30:25,111 - Thread-1 (MotorTry) - update - DEBUG - Update vaue de la courbe
2024-12-15 17:30:25,121 - Thread-1 (MotorTry) - MotorTry - DEBUG - Nouvelle boucle
2024-12-15 17:30:25,122 - Thread-1 (MotorTry) - update - DEBUG - Update vaue de la courbe
2024-12-15 17:30:25,132 - Thread-1 (MotorTry) - MotorTry - DEBUG - Nouvelle boucle
2024-12-15 17:30:25,132 - Thread-1 (MotorTry) - update - DEBUG - Update vaue de la courbe
2024-12-15 17:30:25,136 - MainThread - updateUi - DEBUG - Reset de l'affichage de la courbe
2024-12-15 17:30:25,143 - Thread-1 (MotorTry) - MotorTry - DEBUG - Nouvelle boucle
2024-12-15 17:30:25,145 - Thread-1 (MotorTry) - update - DEBUG - Update vaue de la courbe
2024-12-15 17:30:25,155 - Thread-1 (MotorTry) - MotorTry - DEBUG - Nouvelle boucle
2024-12-15 17:30:25,156 - Thread-1 (MotorTry) - update - DEBUG - Update vaue de la courbe
2024-12-15 17:30:25,166 - Thread-1 (MotorTry) - MotorTry - DEBUG - Nouvelle boucle
2024-12-15 17:30:25,167 - Thread-1 (MotorTry) - update - DEBUG - Update vaue de la courbe
2024-12-15 17:30:25,169 - MainThread - updateUi - DEBUG - Reset de l'affichage de la courbe
2024-12-15 17:30:25,177 - Thread-1 (MotorTry) - MotorTry - DEBUG - Nouvelle boucle
2024-12-15 17:30:25,180 - Thread-1 (MotorTry) - update - DEBUG - Update vaue de la courbe
2024-12-15 17:30:25,190 - Thread-1 (MotorTry) - MotorTry - DEBUG - Nouvelle boucle
2024-12-15 17:30:25,191 - Thread-1 (MotorTry) - update - DEBUG - Update vaue de la courbe
2024-12-15 17:30:25,200 - MainThread - updateUi - DEBUG - Reset de l'affichage de la courbe
2024-12-15 17:30:25,202 - Thread-1 (MotorTry) - MotorTry - DEBUG - Nouvelle boucle
2024-12-15 17:30:25,204 - Thread-1 (MotorTry) - update - DEBUG - Update vaue de la courbe
2024-12-15 17:30:25,214 - Thread-1 (MotorTry) - MotorTry - DEBUG - Nouvelle boucle
2024-12-15 17:30:25,215 - Thread-1 (MotorTry) - update - DEBUG - Update vaue de la courbe
2024-12-15 17:30:25,225 - Thread-1 (MotorTry) - MotorTry - DEBUG - Nouvelle boucle
2024-12-15 17:30:25,226 - Thread-1 (MotorTry) - update - DEBUG - Update vaue de la courbe
2024-12-15 17:30:25,231 - MainThread - updateUi - DEBUG - Reset de l'affichage de la courbe
2024-12-15 17:30:25,237 - Thread-1 (MotorTry) - MotorTry - DEBUG - Nouvelle boucle
2024-12-15 17:30:25,239 - Thread-1 (MotorTry) - update - DEBUG - Update vaue de la courbe
2024-12-15 17:30:25,249 - Thread-1 (MotorTry) - MotorTry - DEBUG - Nouvelle boucle
2024-12-15 17:30:25,250 - Thread-1 (MotorTry) - update - DEBUG - Update vaue de la courbe
2024-12-15 17:30:25,260 - Thread-1 (MotorTry) - MotorTry - DEBUG - Nouvelle boucle
2024-12-15 17:30:25,260 - MainThread - updateUi - DEBUG - Reset de l'affichage de la courbe
2024-12-15 17:30:25,262 - Thread-1 (MotorTry) - update - DEBUG - Update vaue de la courbe
2024-12-15 17:30:25,273 - Thread-1 (MotorTry) - MotorTry - DEBUG - Nouvelle boucle
2024-12-15 17:30:25,274 - Thread-1 (MotorTry) - update - DEBUG - Update vaue de la courbe
2024-12-15 17:30:25,284 - Thread-1 (MotorTry) - MotorTry - DEBUG - Nouvelle boucle
2024-12-15 17:30:25,285 - Thread-1 (MotorTry) - update - DEBUG - Update vaue de la courbe
2024-12-15 17:30:25,292 - MainThread - updateUi - DEBUG - Reset de l'affichage de la courbe
2024-12-15 17:30:25,295 - Thread-1 (MotorTry) - MotorTry - DEBUG - Nouvelle boucle
2024-12-15 17:30:25,296 - Thread-1 (MotorTry) - update - DEBUG - Update vaue de la courbe
2024-12-15 17:30:25,307 - Thread-1 (MotorTry) - MotorTry - DEBUG - Nouvelle boucle
2024-12-15 17:30:25,307 - Thread-1 (MotorTry) - update - DEBUG - Update vaue de la courbe
2024-12-15 17:30:25,318 - Thread-1 (MotorTry) - MotorTry - DEBUG - Nouvelle boucle
2024-12-15 17:30:25,318 - Thread-1 (MotorTry) - update - DEBUG - Update vaue de la courbe
2024-12-15 17:30:25,324 - MainThread - updateUi - DEBUG - Reset de l'affichage de la courbe
2024-12-15 17:30:25,329 - Thread-1 (MotorTry) - MotorTry - DEBUG - Nouvelle boucle
2024-12-15 17:30:25,331 - Thread-1 (MotorTry) - update - DEBUG - Update vaue de la courbe
2024-12-15 17:30:25,342 - Thread-1 (MotorTry) - MotorTry - DEBUG - Nouvelle boucle
2024-12-15 17:30:25,342 - Thread-1 (MotorTry) - update - DEBUG - Update vaue de la courbe
2024-12-15 17:30:25,352 - Thread-1 (MotorTry) - MotorTry - DEBUG - Nouvelle boucle
2024-12-15 17:30:25,353 - Thread-1 (MotorTry) - update - DEBUG - Update vaue de la courbe
2024-12-15 17:30:25,354 - MainThread - updateUi - DEBUG - Reset de l'affichage de la courbe
2024-12-15 17:30:25,364 - Thread-1 (MotorTry) - MotorTry - DEBUG - Nouvelle boucle
2024-12-15 17:30:25,365 - Thread-1 (MotorTry) - update - DEBUG - Update vaue de la courbe
2024-12-15 17:30:25,376 - Thread-1 (MotorTry) - MotorTry - DEBUG - Nouvelle boucle
2024-12-15 17:30:25,377 - Thread-1 (MotorTry) - update - DEBUG - Update vaue de la courbe
2024-12-15 17:30:25,385 - MainThread - updateUi - DEBUG - Reset de l'affichage de la courbe
2024-12-15 17:30:25,388 - Thread-1 (MotorTry) - MotorTry - DEBUG - Nouvelle boucle
2024-12-15 17:30:25,389 - Thread-1 (MotorTry) - update - DEBUG - Update vaue de la courbe
2024-12-15 17:30:25,399 - Thread-1 (MotorTry) - MotorTry - DEBUG - Nouvelle boucle
2024-12-15 17:30:25,400 - Thread-1 (MotorTry) - update - DEBUG - Update vaue de la courbe
2024-12-15 17:30:25,410 - Thread-1 (MotorTry) - MotorTry - DEBUG - Nouvelle boucle
2024-12-15 17:30:25,410 - Thread-1 (MotorTry) - update - DEBUG - Update vaue de la courbe
2024-12-15 17:30:25,416 - MainThread - updateUi - DEBUG - Reset de l'affichage de la courbe
2024-12-15 17:30:25,422 - Thread-1 (MotorTry) - MotorTry - DEBUG - Nouvelle boucle
2024-12-15 17:30:25,424 - Thread-1 (MotorTry) - update - DEBUG - Update vaue de la courbe
2024-12-15 17:30:25,434 - Thread-1 (MotorTry) - MotorTry - DEBUG - Nouvelle boucle
2024-12-15 17:30:25,435 - Thread-1 (MotorTry) - update - DEBUG - Update vaue de la courbe
2024-12-15 17:30:25,445 - Thread-1 (MotorTry) - MotorTry - DEBUG - Nouvelle boucle
2024-12-15 17:30:25,446 - Thread-1 (MotorTry) - update - DEBUG - Update vaue de la courbe
2024-12-15 17:30:25,446 - MainThread - updateUi - DEBUG - Reset de l'affichage de la courbe
2024-12-15 17:30:25,457 - Thread-1 (MotorTry) - MotorTry - DEBUG - Nouvelle boucle
2024-12-15 17:30:25,458 - Thread-1 (MotorTry) - update - DEBUG - Update vaue de la courbe
2024-12-15 17:30:25,468 - Thread-1 (MotorTry) - MotorTry - DEBUG - Nouvelle boucle
2024-12-15 17:30:25,469 - Thread-1 (MotorTry) - update - DEBUG - Update vaue de la courbe
2024-12-15 17:30:25,476 - MainThread - updateUi - DEBUG - Reset de l'affichage de la courbe
2024-12-15 17:30:25,480 - Thread-1 (MotorTry) - MotorTry - DEBUG - Nouvelle boucle
2024-12-15 17:30:25,481 - Thread-1 (MotorTry) - update - DEBUG - Update vaue de la courbe
2024-12-15 17:30:25,491 - Thread-1 (MotorTry) - MotorTry - DEBUG - Nouvelle boucle
2024-12-15 17:30:25,492 - Thread-1 (MotorTry) - update - DEBUG - Update vaue de la courbe
2024-12-15 17:30:25,502 - Thread-1 (MotorTry) - MotorTry - DEBUG - Nouvelle boucle
2024-12-15 17:30:25,503 - Thread-1 (MotorTry) - update - DEBUG - Update vaue de la courbe
2024-12-15 17:30:25,508 - MainThread - updateUi - DEBUG - Reset de l'affichage de la courbe
2024-12-15 17:30:25,515 - Thread-1 (MotorTry) - MotorTry - DEBUG - Nouvelle boucle
2024-12-15 17:30:25,517 - Thread-1 (MotorTry) - update - DEBUG - Update vaue de la courbe
2024-12-15 17:30:25,527 - Thread-1 (MotorTry) - MotorTry - DEBUG - Nouvelle boucle
2024-12-15 17:30:25,527 - Thread-1 (MotorTry) - update - DEBUG - Update vaue de la courbe
2024-12-15 17:30:25,538 - Thread-1 (MotorTry) - MotorTry - DEBUG - Nouvelle boucle
2024-12-15 17:30:25,539 - Thread-1 (MotorTry) - update - DEBUG - Update vaue de la courbe
2024-12-15 17:30:25,539 - MainThread - updateUi - DEBUG - Reset de l'affichage de la courbe
2024-12-15 17:30:25,550 - Thread-1 (MotorTry) - MotorTry - DEBUG - Nouvelle boucle
2024-12-15 17:30:25,551 - Thread-1 (MotorTry) - update - DEBUG - Update vaue de la courbe
2024-12-15 17:30:25,561 - Thread-1 (MotorTry) - MotorTry - DEBUG - Nouvelle boucle
2024-12-15 17:30:25,562 - Thread-1 (MotorTry) - update - DEBUG - Update vaue de la courbe
2024-12-15 17:30:25,570 - MainThread - updateUi - DEBUG - Reset de l'affichage de la courbe
2024-12-15 17:30:25,572 - Thread-1 (MotorTry) - MotorTry - DEBUG - Nouvelle boucle
2024-12-15 17:30:25,574 - Thread-1 (MotorTry) - update - DEBUG - Update vaue de la courbe
2024-12-15 17:30:25,585 - Thread-1 (MotorTry) - MotorTry - DEBUG - Nouvelle boucle
2024-12-15 17:30:25,585 - Thread-1 (MotorTry) - update - DEBUG - Update vaue de la courbe
2024-12-15 17:30:25,596 - Thread-1 (MotorTry) - MotorTry - DEBUG - Nouvelle boucle
2024-12-15 17:30:25,596 - Thread-1 (MotorTry) - update - DEBUG - Update vaue de la courbe
2024-12-15 17:30:25,601 - MainThread - updateUi - DEBUG - Reset de l'affichage de la courbe
2024-12-15 17:30:25,607 - Thread-1 (MotorTry) - MotorTry - DEBUG - Nouvelle boucle
2024-12-15 17:30:25,609 - Thread-1 (MotorTry) - update - DEBUG - Update vaue de la courbe
2024-12-15 17:30:25,620 - Thread-1 (MotorTry) - MotorTry - DEBUG - Nouvelle boucle
2024-12-15 17:30:25,620 - Thread-1 (MotorTry) - update - DEBUG - Update vaue de la courbe
2024-12-15 17:30:25,630 - Thread-1 (MotorTry) - MotorTry - DEBUG - Nouvelle boucle
2024-12-15 17:30:25,631 - Thread-1 (MotorTry) - update - DEBUG - Update vaue de la courbe
2024-12-15 17:30:25,632 - MainThread - updateUi - DEBUG - Reset de l'affichage de la courbe
2024-12-15 17:30:25,642 - Thread-1 (MotorTry) - MotorTry - DEBUG - Nouvelle boucle
2024-12-15 17:30:25,644 - Thread-1 (MotorTry) - update - DEBUG - Update vaue de la courbe
2024-12-15 17:30:25,654 - Thread-1 (MotorTry) - MotorTry - DEBUG - Nouvelle boucle
2024-12-15 17:30:25,655 - Thread-1 (MotorTry) - update - DEBUG - Update vaue de la courbe
2024-12-15 17:30:25,662 - MainThread - updateUi - DEBUG - Reset de l'affichage de la courbe
2024-12-15 17:30:25,665 - Thread-1 (MotorTry) - MotorTry - DEBUG - Nouvelle boucle
2024-12-15 17:30:25,666 - Thread-1 (MotorTry) - update - DEBUG - Update vaue de la courbe
2024-12-15 17:30:25,677 - Thread-1 (MotorTry) - MotorTry - DEBUG - Nouvelle boucle
2024-12-15 17:30:25,677 - Thread-1 (MotorTry) - update - DEBUG - Update vaue de la courbe
2024-12-15 17:30:25,688 - Thread-1 (MotorTry) - MotorTry - DEBUG - Nouvelle boucle
2024-12-15 17:30:25,689 - Thread-1 (MotorTry) - update - DEBUG - Update vaue de la courbe
2024-12-15 17:30:25,692 - MainThread - updateUi - DEBUG - Reset de l'affichage de la courbe
2024-12-15 17:30:25,699 - Thread-1 (MotorTry) - MotorTry - DEBUG - Nouvelle boucle
2024-12-15 17:30:25,702 - Thread-1 (MotorTry) - update - DEBUG - Update vaue de la courbe
2024-12-15 17:30:25,712 - Thread-1 (MotorTry) - MotorTry - DEBUG - Nouvelle boucle
2024-12-15 17:30:25,712 - Thread-1 (MotorTry) - update - DEBUG - Update vaue de la courbe
2024-12-15 17:30:25,723 - Thread-1 (MotorTry) - MotorTry - DEBUG - Nouvelle boucle
2024-12-15 17:30:25,724 - Thread-1 (MotorTry) - update - DEBUG - Update vaue de la courbe
2024-12-15 17:30:25,724 - MainThread - updateUi - DEBUG - Reset de l'affichage de la courbe
2024-12-15 17:30:25,734 - Thread-1 (MotorTry) - MotorTry - DEBUG - Nouvelle boucle
2024-12-15 17:30:25,735 - Thread-1 (MotorTry) - update - DEBUG - Update vaue de la courbe
2024-12-15 17:30:25,745 - Thread-1 (MotorTry) - MotorTry - DEBUG - Nouvelle boucle
2024-12-15 17:30:25,745 - Thread-1 (MotorTry) - update - DEBUG - Update vaue de la courbe
2024-12-15 17:30:25,755 - MainThread - updateUi - DEBUG - Reset de l'affichage de la courbe
2024-12-15 17:30:25,757 - Thread-1 (MotorTry) - MotorTry - DEBUG - Nouvelle boucle
2024-12-15 17:30:25,758 - Thread-1 (MotorTry) - update - DEBUG - Update vaue de la courbe
2024-12-15 17:30:25,769 - Thread-1 (MotorTry) - MotorTry - DEBUG - Nouvelle boucle
2024-12-15 17:30:25,769 - Thread-1 (MotorTry) - update - DEBUG - Update vaue de la courbe
2024-12-15 17:30:25,780 - Thread-1 (MotorTry) - MotorTry - DEBUG - Nouvelle boucle
2024-12-15 17:30:25,780 - Thread-1 (MotorTry) - update - DEBUG - Update vaue de la courbe
2024-12-15 17:30:25,786 - MainThread - updateUi - DEBUG - Reset de l'affichage de la courbe
2024-12-15 17:30:25,792 - Thread-1 (MotorTry) - MotorTry - DEBUG - Nouvelle boucle
2024-12-15 17:30:25,793 - Thread-1 (MotorTry) - update - DEBUG - Update vaue de la courbe
2024-12-15 17:30:25,803 - Thread-1 (MotorTry) - MotorTry - DEBUG - Nouvelle boucle
2024-12-15 17:30:25,804 - Thread-1 (MotorTry) - update - DEBUG - Update vaue de la courbe
2024-12-15 17:30:25,814 - Thread-1 (MotorTry) - MotorTry - DEBUG - Nouvelle boucle
2024-12-15 17:30:25,815 - Thread-1 (MotorTry) - update - DEBUG - Update vaue de la courbe
2024-12-15 17:30:25,825 - Thread-1 (MotorTry) - MotorTry - DEBUG - Nouvelle boucle
2024-12-15 17:30:25,825 - Thread-1 (MotorTry) - update - DEBUG - Update vaue de la courbe
2024-12-15 17:30:25,836 - Thread-1 (MotorTry) - MotorTry - DEBUG - Nouvelle boucle
2024-12-15 17:30:25,836 - Thread-1 (MotorTry) - update - DEBUG - Update vaue de la courbe
2024-12-15 17:30:25,847 - Thread-1 (MotorTry) - MotorTry - DEBUG - Nouvelle boucle
2024-12-15 17:30:25,847 - Thread-1 (MotorTry) - update - DEBUG - Update vaue de la courbe
2024-12-15 17:30:25,858 - Thread-1 (MotorTry) - MotorTry - DEBUG - Nouvelle boucle
2024-12-15 17:30:25,859 - Thread-1 (MotorTry) - update - DEBUG - Update vaue de la courbe
2024-12-15 17:30:25,861 - MainThread - onClose - INFO - Fermeture de la fenetre
2024-12-15 17:30:25,869 - Thread-1 (MotorTry) - MotorTry - DEBUG - Nouvelle boucle
2024-12-15 17:30:25,870 - Thread-1 (MotorTry) - update - DEBUG - Update vaue de la courbe
2024-12-15 17:30:25,881 - MainThread - <module> - INFO - Fin du programme
