2024-12-22 19:38:37,689 - MainThread - <module> - INFO - Initialisation du logger
2024-12-22 19:38:37,970 - MainThread - update - DEBUG - Update vaue de la courbe
2024-12-22 19:38:38,001 - MainThread - afficher - INFO - Affichage de la fenetre
2024-12-22 19:38:38,001 - MainThread - updateUi - DEBUG - Reset de l'affichage de la courbe
2024-12-22 19:38:38,112 - MainThread - updateUi - DEBUG - Reset de l'affichage de la courbe
2024-12-22 19:38:38,199 - MainThread - updateUi - DEBUG - Reset de l'affichage de la courbe
2024-12-22 19:38:38,337 - MainThread - updateUi - DEBUG - Reset de l'affichage de la courbe
2024-12-22 19:38:38,448 - MainThread - updateUi - DEBUG - Reset de l'affichage de la courbe
2024-12-22 19:38:38,526 - MainThread - updateUi - DEBUG - Reset de l'affichage de la courbe
2024-12-22 19:38:38,605 - MainThread - updateUi - DEBUG - Reset de l'affichage de la courbe
2024-12-22 19:38:38,692 - MainThread - updateUi - DEBUG - Reset de l'affichage de la courbe
2024-12-22 19:38:38,772 - MainThread - updateUi - DEBUG - Reset de l'affichage de la courbe
2024-12-22 19:38:38,843 - MainThread - updateUi - DEBUG - Reset de l'affichage de la courbe
2024-12-22 19:38:38,920 - MainThread - updateUi - DEBUG - Reset de l'affichage de la courbe
2024-12-22 19:38:39,009 - MainThread - updateUi - DEBUG - Reset de l'affichage de la courbe
2024-12-22 19:38:39,103 - MainThread - updateUi - DEBUG - Reset de l'affichage de la courbe
2024-12-22 19:38:39,166 - MainThread - updateUi - DEBUG - Reset de l'affichage de la courbe
2024-12-22 19:38:39,228 - MainThread - updateUi - DEBUG - Reset de l'affichage de la courbe
2024-12-22 19:38:39,291 - MainThread - updateUi - DEBUG - Reset de l'affichage de la courbe
2024-12-22 19:38:39,353 - MainThread - updateUi - DEBUG - Reset de l'affichage de la courbe
2024-12-22 19:38:39,416 - MainThread - updateUi - DEBUG - Reset de l'affichage de la courbe
2024-12-22 19:38:39,510 - MainThread - updateUi - DEBUG - Reset de l'affichage de la courbe
2024-12-22 19:38:39,588 - MainThread - updateUi - DEBUG - Reset de l'affichage de la courbe
2024-12-22 19:38:39,651 - MainThread - updateUi - DEBUG - Reset de l'affichage de la courbe
2024-12-22 19:38:39,729 - MainThread - updateUi - DEBUG - Reset de l'affichage de la courbe
2024-12-22 19:38:39,807 - MainThread - updateUi - DEBUG - Reset de l'affichage de la courbe
2024-12-22 19:38:39,885 - MainThread - updateUi - DEBUG - Reset de l'affichage de la courbe
2024-12-22 19:38:39,964 - MainThread - updateUi - DEBUG - Reset de l'affichage de la courbe
2024-12-22 19:38:40,043 - MainThread - updateUi - DEBUG - Reset de l'affichage de la courbe
2024-12-22 19:38:40,121 - MainThread - updateUi - DEBUG - Reset de l'affichage de la courbe
2024-12-22 19:38:40,199 - MainThread - updateUi - DEBUG - Reset de l'affichage de la courbe
2024-12-22 19:38:40,278 - MainThread - updateUi - DEBUG - Reset de l'affichage de la courbe
2024-12-22 19:38:40,356 - MainThread - updateUi - DEBUG - Reset de l'affichage de la courbe
2024-12-22 19:38:40,434 - MainThread - updateUi - DEBUG - Reset de l'affichage de la courbe
2024-12-22 19:38:40,528 - MainThread - updateUi - DEBUG - Reset de l'affichage de la courbe
2024-12-22 19:38:40,606 - MainThread - updateUi - DEBUG - Reset de l'affichage de la courbe
2024-12-22 19:38:40,687 - MainThread - updateUi - DEBUG - Reset de l'affichage de la courbe
2024-12-22 19:38:40,779 - MainThread - updateUi - DEBUG - Reset de l'affichage de la courbe
2024-12-22 19:38:40,873 - MainThread - updateUi - DEBUG - Reset de l'affichage de la courbe
2024-12-22 19:38:40,952 - MainThread - updateUi - DEBUG - Reset de l'affichage de la courbe
2024-12-22 19:38:40,999 - MainThread - updateUi - DEBUG - Reset de l'affichage de la courbe
2024-12-22 19:38:41,093 - MainThread - updateUi - DEBUG - Reset de l'affichage de la courbe
2024-12-22 19:38:41,171 - MainThread - updateUi - DEBUG - Reset de l'affichage de la courbe
2024-12-22 19:38:41,234 - MainThread - updateUi - DEBUG - Reset de l'affichage de la courbe
2024-12-22 19:38:41,312 - MainThread - updateUi - DEBUG - Reset de l'affichage de la courbe
2024-12-22 19:38:41,378 - MainThread - updateUi - DEBUG - Reset de l'affichage de la courbe
2024-12-22 19:38:41,468 - MainThread - updateUi - DEBUG - Reset de l'affichage de la courbe
2024-12-22 19:38:41,532 - MainThread - updateUi - DEBUG - Reset de l'affichage de la courbe
2024-12-22 19:38:41,602 - MainThread - updateUi - DEBUG - Reset de l'affichage de la courbe
2024-12-22 19:38:41,682 - MainThread - updateUi - DEBUG - Reset de l'affichage de la courbe
2024-12-22 19:38:41,752 - MainThread - updateUi - DEBUG - Reset de l'affichage de la courbe
2024-12-22 19:38:41,835 - MainThread - updateUi - DEBUG - Reset de l'affichage de la courbe
2024-12-22 19:38:41,909 - MainThread - updateUi - DEBUG - Reset de l'affichage de la courbe
2024-12-22 19:38:41,988 - MainThread - updateUi - DEBUG - Reset de l'affichage de la courbe
2024-12-22 19:38:42,066 - MainThread - updateUi - DEBUG - Reset de l'affichage de la courbe
2024-12-22 19:38:42,129 - MainThread - updateUi - DEBUG - Reset de l'affichage de la courbe
2024-12-22 19:38:42,208 - MainThread - updateUi - DEBUG - Reset de l'affichage de la courbe
2024-12-22 19:38:42,270 - MainThread - updateUi - DEBUG - Reset de l'affichage de la courbe
2024-12-22 19:38:42,333 - MainThread - updateUi - DEBUG - Reset de l'affichage de la courbe
2024-12-22 19:38:42,395 - MainThread - updateUi - DEBUG - Reset de l'affichage de la courbe
2024-12-22 19:38:42,458 - MainThread - updateUi - DEBUG - Reset de l'affichage de la courbe
2024-12-22 19:38:42,520 - MainThread - updateUi - DEBUG - Reset de l'affichage de la courbe
2024-12-22 19:38:42,583 - MainThread - updateUi - DEBUG - Reset de l'affichage de la courbe
2024-12-22 19:38:42,646 - MainThread - updateUi - DEBUG - Reset de l'affichage de la courbe
2024-12-22 19:38:42,724 - MainThread - updateUi - DEBUG - Reset de l'affichage de la courbe
2024-12-22 19:38:42,771 - MainThread - updateUi - DEBUG - Reset de l'affichage de la courbe
2024-12-22 19:38:42,840 - MainThread - updateUi - DEBUG - Reset de l'affichage de la courbe
2024-12-22 19:38:42,897 - MainThread - updateUi - DEBUG - Reset de l'affichage de la courbe
2024-12-22 19:38:42,961 - MainThread - updateUi - DEBUG - Reset de l'affichage de la courbe
2024-12-22 19:38:43,039 - MainThread - updateUi - DEBUG - Reset de l'affichage de la courbe
2024-12-22 19:38:43,117 - MainThread - updateUi - DEBUG - Reset de l'affichage de la courbe
2024-12-22 19:38:43,179 - MainThread - updateUi - DEBUG - Reset de l'affichage de la courbe
2024-12-22 19:38:43,257 - MainThread - updateUi - DEBUG - Reset de l'affichage de la courbe
2024-12-22 19:38:43,336 - MainThread - updateUi - DEBUG - Reset de l'affichage de la courbe
2024-12-22 19:38:43,414 - MainThread - updateUi - DEBUG - Reset de l'affichage de la courbe
2024-12-22 19:38:43,508 - MainThread - updateUi - DEBUG - Reset de l'affichage de la courbe
2024-12-22 19:38:43,586 - MainThread - updateUi - DEBUG - Reset de l'affichage de la courbe
2024-12-22 19:38:43,664 - MainThread - updateUi - DEBUG - Reset de l'affichage de la courbe
2024-12-22 19:38:43,726 - MainThread - updateUi - DEBUG - Reset de l'affichage de la courbe
2024-12-22 19:38:43,820 - MainThread - updateUi - DEBUG - Reset de l'affichage de la courbe
2024-12-22 19:38:43,883 - MainThread - updateUi - DEBUG - Reset de l'affichage de la courbe
2024-12-22 19:38:43,945 - MainThread - updateUi - DEBUG - Reset de l'affichage de la courbe
2024-12-22 19:38:44,008 - MainThread - updateUi - DEBUG - Reset de l'affichage de la courbe
2024-12-22 19:38:44,087 - MainThread - updateUi - DEBUG - Reset de l'affichage de la courbe
2024-12-22 19:38:44,136 - MainThread - updateUi - DEBUG - Reset de l'affichage de la courbe
2024-12-22 19:38:44,181 - MainThread - updateUi - DEBUG - Reset de l'affichage de la courbe
2024-12-22 19:38:44,291 - MainThread - updateUi - DEBUG - Reset de l'affichage de la courbe
2024-12-22 19:38:44,369 - MainThread - updateUi - DEBUG - Reset de l'affichage de la courbe
2024-12-22 19:38:44,433 - MainThread - updateUi - DEBUG - Reset de l'affichage de la courbe
2024-12-22 19:38:44,495 - MainThread - updateUi - DEBUG - Reset de l'affichage de la courbe
2024-12-22 19:38:44,558 - MainThread - updateUi - DEBUG - Reset de l'affichage de la courbe
2024-12-22 19:38:44,636 - MainThread - updateUi - DEBUG - Reset de l'affichage de la courbe
2024-12-22 19:38:44,715 - MainThread - updateUi - DEBUG - Reset de l'affichage de la courbe
2024-12-22 19:38:44,809 - MainThread - updateUi - DEBUG - Reset de l'affichage de la courbe
2024-12-22 19:38:44,872 - MainThread - updateUi - DEBUG - Reset de l'affichage de la courbe
2024-12-22 19:38:44,934 - MainThread - updateUi - DEBUG - Reset de l'affichage de la courbe
2024-12-22 19:38:45,048 - MainThread - onClose - INFO - Fermeture de la fenetre
2024-12-22 19:38:45,120 - MainThread - <module> - INFO - Fin du programme
