2024-12-22 19:19:05,790 - MainThread - <module> - INFO - Initialisation du logger
2024-12-22 19:19:06,107 - MainThread - update - DEBUG - Update vaue de la courbe
2024-12-22 19:19:06,155 - MainThread - afficher - INFO - Affichage de la fenetre
2024-12-22 19:19:06,155 - MainThread - updateUi - DEBUG - Reset de l'affichage de la courbe
2024-12-22 19:19:06,247 - MainThread - updateUi - DEBUG - Reset de l'affichage de la courbe
2024-12-22 19:19:06,344 - MainThread - updateUi - DEBUG - Reset de l'affichage de la courbe
2024-12-22 19:19:06,449 - MainThread - updateUi - DEBUG - Reset de l'affichage de la courbe
2024-12-22 19:19:06,509 - MainThread - updateUi - DEBUG - Reset de l'affichage de la courbe
2024-12-22 19:19:06,574 - MainThread - updateUi - DEBUG - Reset de l'affichage de la courbe
2024-12-22 19:19:06,645 - MainThread - updateUi - DEBUG - Reset de l'affichage de la courbe
2024-12-22 19:19:06,723 - MainThread - updateUi - DEBUG - Reset de l'affichage de la courbe
2024-12-22 19:19:06,803 - MainThread - updateUi - DEBUG - Reset de l'affichage de la courbe
2024-12-22 19:19:06,890 - MainThread - updateUi - DEBUG - Reset de l'affichage de la courbe
2024-12-22 19:19:06,972 - MainThread - updateUi - DEBUG - Reset de l'affichage de la courbe
2024-12-22 19:19:07,051 - MainThread - updateUi - DEBUG - Reset de l'affichage de la courbe
2024-12-22 19:19:07,122 - MainThread - updateUi - DEBUG - Reset de l'affichage de la courbe
2024-12-22 19:19:07,199 - MainThread - updateUi - DEBUG - Reset de l'affichage de la courbe
2024-12-22 19:19:07,273 - MainThread - updateUi - DEBUG - Reset de l'affichage de la courbe
2024-12-22 19:19:07,347 - MainThread - updateUi - DEBUG - Reset de l'affichage de la courbe
2024-12-22 19:19:07,418 - MainThread - updateUi - DEBUG - Reset de l'affichage de la courbe
2024-12-22 19:19:07,477 - MainThread - updateUi - DEBUG - Reset de l'affichage de la courbe
2024-12-22 19:19:07,544 - MainThread - updateUi - DEBUG - Reset de l'affichage de la courbe
2024-12-22 19:19:07,610 - MainThread - updateUi - DEBUG - Reset de l'affichage de la courbe
2024-12-22 19:19:07,665 - MainThread - updateUi - DEBUG - Reset de l'affichage de la courbe
2024-12-22 19:19:07,737 - MainThread - updateUi - DEBUG - Reset de l'affichage de la courbe
2024-12-22 19:19:07,799 - MainThread - updateUi - DEBUG - Reset de l'affichage de la courbe
2024-12-22 19:19:07,862 - MainThread - updateUi - DEBUG - Reset de l'affichage de la courbe
2024-12-22 19:19:07,940 - MainThread - updateUi - DEBUG - Reset de l'affichage de la courbe
2024-12-22 19:19:08,002 - MainThread - updateUi - DEBUG - Reset de l'affichage de la courbe
2024-12-22 19:19:08,065 - MainThread - updateUi - DEBUG - Reset de l'affichage de la courbe
2024-12-22 19:19:08,128 - MainThread - updateUi - DEBUG - Reset de l'affichage de la courbe
2024-12-22 19:19:08,206 - MainThread - updateUi - DEBUG - Reset de l'affichage de la courbe
2024-12-22 19:19:08,275 - MainThread - updateUi - DEBUG - Reset de l'affichage de la courbe
2024-12-22 19:19:08,346 - MainThread - updateUi - DEBUG - Reset de l'affichage de la courbe
2024-12-22 19:19:08,424 - MainThread - updateUi - DEBUG - Reset de l'affichage de la courbe
2024-12-22 19:19:08,503 - MainThread - updateUi - DEBUG - Reset de l'affichage de la courbe
2024-12-22 19:19:08,581 - MainThread - updateUi - DEBUG - Reset de l'affichage de la courbe
2024-12-22 19:19:08,630 - MainThread - updateUi - DEBUG - Reset de l'affichage de la courbe
2024-12-22 19:19:08,690 - MainThread - updateUi - DEBUG - Reset de l'affichage de la courbe
2024-12-22 19:19:08,758 - MainThread - updateUi - DEBUG - Reset de l'affichage de la courbe
2024-12-22 19:19:08,818 - MainThread - updateUi - DEBUG - Reset de l'affichage de la courbe
2024-12-22 19:19:08,889 - MainThread - updateUi - DEBUG - Reset de l'affichage de la courbe
2024-12-22 19:19:08,953 - MainThread - updateUi - DEBUG - Reset de l'affichage de la courbe
2024-12-22 19:19:09,023 - MainThread - updateUi - DEBUG - Reset de l'affichage de la courbe
2024-12-22 19:19:09,105 - MainThread - updateUi - DEBUG - Reset de l'affichage de la courbe
2024-12-22 19:19:09,191 - MainThread - updateUi - DEBUG - Reset de l'affichage de la courbe
2024-12-22 19:19:09,307 - MainThread - updateUi - DEBUG - Reset de l'affichage de la courbe
2024-12-22 19:19:09,466 - MainThread - updateUi - DEBUG - Reset de l'affichage de la courbe
2024-12-22 19:19:09,598 - MainThread - updateUi - DEBUG - Reset de l'affichage de la courbe
2024-12-22 19:19:09,673 - MainThread - updateUi - DEBUG - Reset de l'affichage de la courbe
2024-12-22 19:19:09,758 - MainThread - onClose - INFO - Fermeture de la fenetre
2024-12-22 19:19:09,838 - MainThread - <module> - INFO - Fin du programme
