2024-12-11 20:42:26,051 - MainThread - <module> - INFO - Initialisation du logger
2024-12-11 20:42:26,209 - MainThread - update - DEBUG - Update vaue de la courbe
2024-12-11 20:42:26,210 - Thread-1 (MotorTry) - MotorTry - DEBUG - Debut Thread
2024-12-11 20:42:26,211 - Thread-1 (MotorTry) - MotorTry - DEBUG - Nouvelle boucle
2024-12-11 20:42:26,211 - MainThread - afficher - INFO - Affichage de la fenetre
2024-12-11 20:42:26,214 - Thread-1 (MotorTry) - update - DEBUG - Update vaue de la courbe
2024-12-11 20:42:26,316 - Thread-1 (MotorTry) - MotorTry - DEBUG - Nouvelle boucle
2024-12-11 20:42:26,318 - Thread-1 (MotorTry) - update - DEBUG - Update vaue de la courbe
2024-12-11 20:42:26,422 - Thread-1 (MotorTry) - MotorTry - DEBUG - Nouvelle boucle
2024-12-11 20:42:26,424 - Thread-1 (MotorTry) - update - DEBUG - Update vaue de la courbe
2024-12-11 20:42:26,525 - Thread-1 (MotorTry) - MotorTry - DEBUG - Nouvelle boucle
2024-12-11 20:42:26,527 - Thread-1 (MotorTry) - update - DEBUG - Update vaue de la courbe
2024-12-11 20:42:26,628 - Thread-1 (MotorTry) - MotorTry - DEBUG - Nouvelle boucle
2024-12-11 20:42:26,630 - Thread-1 (MotorTry) - update - DEBUG - Update vaue de la courbe
2024-12-11 20:42:26,731 - Thread-1 (MotorTry) - MotorTry - DEBUG - Nouvelle boucle
2024-12-11 20:42:26,733 - Thread-1 (MotorTry) - update - DEBUG - Update vaue de la courbe
2024-12-11 20:42:26,834 - Thread-1 (MotorTry) - MotorTry - DEBUG - Nouvelle boucle
2024-12-11 20:42:26,836 - Thread-1 (MotorTry) - update - DEBUG - Update vaue de la courbe
2024-12-11 20:42:26,938 - Thread-1 (MotorTry) - MotorTry - DEBUG - Nouvelle boucle
2024-12-11 20:42:26,940 - Thread-1 (MotorTry) - update - DEBUG - Update vaue de la courbe
2024-12-11 20:42:27,041 - Thread-1 (MotorTry) - MotorTry - DEBUG - Nouvelle boucle
2024-12-11 20:42:27,044 - Thread-1 (MotorTry) - update - DEBUG - Update vaue de la courbe
2024-12-11 20:42:27,144 - Thread-1 (MotorTry) - MotorTry - DEBUG - Nouvelle boucle
2024-12-11 20:42:27,146 - Thread-1 (MotorTry) - update - DEBUG - Update vaue de la courbe
2024-12-11 20:42:27,237 - MainThread - onClose - INFO - Fermeture de la fenetre
2024-12-11 20:42:27,248 - MainThread - <module> - INFO - Fin du programme
