2024-12-11 20:43:14,281 - MainThread - <module> - INFO - Initialisation du logger
2024-12-11 20:43:14,438 - MainThread - update - DEBUG - Update vaue de la courbe
2024-12-11 20:43:14,441 - Thread-1 (MotorTry) - MotorTry - DEBUG - Debut Thread
2024-12-11 20:43:14,441 - Thread-1 (MotorTry) - MotorTry - DEBUG - Nouvelle boucle
2024-12-11 20:43:14,441 - MainThread - afficher - INFO - Affichage de la fenetre
2024-12-11 20:43:14,443 - Thread-1 (MotorTry) - update - DEBUG - Update vaue de la courbe
2024-12-11 20:43:14,545 - Thread-1 (MotorTry) - MotorTry - DEBUG - Nouvelle boucle
2024-12-11 20:43:14,546 - Thread-1 (MotorTry) - update - DEBUG - Update vaue de la courbe
2024-12-11 20:43:14,648 - Thread-1 (MotorTry) - MotorTry - DEBUG - Nouvelle boucle
2024-12-11 20:43:14,650 - Thread-1 (MotorTry) - update - DEBUG - Update vaue de la courbe
2024-12-11 20:43:14,751 - Thread-1 (MotorTry) - MotorTry - DEBUG - Nouvelle boucle
2024-12-11 20:43:14,752 - Thread-1 (MotorTry) - update - DEBUG - Update vaue de la courbe
2024-12-11 20:43:14,853 - Thread-1 (MotorTry) - MotorTry - DEBUG - Nouvelle boucle
2024-12-11 20:43:14,854 - Thread-1 (MotorTry) - update - DEBUG - Update vaue de la courbe
2024-12-11 20:43:14,955 - Thread-1 (MotorTry) - MotorTry - DEBUG - Nouvelle boucle
2024-12-11 20:43:14,956 - Thread-1 (MotorTry) - update - DEBUG - Update vaue de la courbe
2024-12-11 20:43:15,058 - Thread-1 (MotorTry) - MotorTry - DEBUG - Nouvelle boucle
2024-12-11 20:43:15,059 - Thread-1 (MotorTry) - update - DEBUG - Update vaue de la courbe
2024-12-11 20:43:15,161 - Thread-1 (MotorTry) - MotorTry - DEBUG - Nouvelle boucle
2024-12-11 20:43:15,162 - Thread-1 (MotorTry) - update - DEBUG - Update vaue de la courbe
2024-12-11 20:43:15,263 - Thread-1 (MotorTry) - MotorTry - DEBUG - Nouvelle boucle
2024-12-11 20:43:15,264 - Thread-1 (MotorTry) - update - DEBUG - Update vaue de la courbe
2024-12-11 20:43:15,365 - Thread-1 (MotorTry) - MotorTry - DEBUG - Nouvelle boucle
2024-12-11 20:43:15,366 - Thread-1 (MotorTry) - update - DEBUG - Update vaue de la courbe
2024-12-11 20:43:15,468 - Thread-1 (MotorTry) - MotorTry - DEBUG - Nouvelle boucle
2024-12-11 20:43:15,469 - Thread-1 (MotorTry) - update - DEBUG - Update vaue de la courbe
2024-12-11 20:43:15,570 - Thread-1 (MotorTry) - MotorTry - DEBUG - Nouvelle boucle
2024-12-11 20:43:15,572 - Thread-1 (MotorTry) - update - DEBUG - Update vaue de la courbe
2024-12-11 20:43:15,622 - MainThread - onClose - INFO - Fermeture de la fenetre
2024-12-11 20:43:15,673 - MainThread - <module> - INFO - Fin du programme
