2024-12-22 19:35:10,020 - MainThread - <module> - INFO - Initialisation du logger
2024-12-22 19:35:10,303 - MainThread - update - DEBUG - Update vaue de la courbe
2024-12-22 19:35:10,331 - MainThread - afficher - INFO - Affichage de la fenetre
2024-12-22 19:35:10,331 - MainThread - updateUi - DEBUG - Reset de l'affichage de la courbe
2024-12-22 19:35:10,424 - MainThread - updateUi - DEBUG - Reset de l'affichage de la courbe
2024-12-22 19:35:10,507 - MainThread - updateUi - DEBUG - Reset de l'affichage de la courbe
2024-12-22 19:35:10,572 - MainThread - updateUi - DEBUG - Reset de l'affichage de la courbe
2024-12-22 19:35:10,660 - MainThread - updateUi - DEBUG - Reset de l'affichage de la courbe
2024-12-22 19:35:10,723 - MainThread - updateUi - DEBUG - Reset de l'affichage de la courbe
2024-12-22 19:35:10,795 - MainThread - updateUi - DEBUG - Reset de l'affichage de la courbe
2024-12-22 19:35:10,874 - MainThread - updateUi - DEBUG - Reset de l'affichage de la courbe
2024-12-22 19:35:10,944 - MainThread - updateUi - DEBUG - Reset de l'affichage de la courbe
2024-12-22 19:35:11,023 - MainThread - updateUi - DEBUG - Reset de l'affichage de la courbe
2024-12-22 19:35:11,081 - MainThread - updateUi - DEBUG - Reset de l'affichage de la courbe
2024-12-22 19:35:11,148 - MainThread - updateUi - DEBUG - Reset de l'affichage de la courbe
2024-12-22 19:35:11,218 - MainThread - updateUi - DEBUG - Reset de l'affichage de la courbe
2024-12-22 19:35:11,292 - MainThread - updateUi - DEBUG - Reset de l'affichage de la courbe
2024-12-22 19:35:11,378 - MainThread - updateUi - DEBUG - Reset de l'affichage de la courbe
2024-12-22 19:35:11,457 - MainThread - updateUi - DEBUG - Reset de l'affichage de la courbe
2024-12-22 19:35:11,517 - MainThread - updateUi - DEBUG - Reset de l'affichage de la courbe
2024-12-22 19:35:11,583 - MainThread - updateUi - DEBUG - Reset de l'affichage de la courbe
2024-12-22 19:35:11,647 - MainThread - updateUi - DEBUG - Reset de l'affichage de la courbe
2024-12-22 19:35:11,714 - MainThread - updateUi - DEBUG - Reset de l'affichage de la courbe
2024-12-22 19:35:11,765 - MainThread - updateUi - DEBUG - Reset de l'affichage de la courbe
2024-12-22 19:35:11,828 - MainThread - updateUi - DEBUG - Reset de l'affichage de la courbe
2024-12-22 19:35:11,891 - MainThread - updateUi - DEBUG - Reset de l'affichage de la courbe
2024-12-22 19:35:11,969 - MainThread - updateUi - DEBUG - Reset de l'affichage de la courbe
2024-12-22 19:35:12,031 - MainThread - updateUi - DEBUG - Reset de l'affichage de la courbe
2024-12-22 19:35:12,094 - MainThread - updateUi - DEBUG - Reset de l'affichage de la courbe
2024-12-22 19:35:12,157 - MainThread - updateUi - DEBUG - Reset de l'affichage de la courbe
2024-12-22 19:35:12,219 - MainThread - updateUi - DEBUG - Reset de l'affichage de la courbe
2024-12-22 19:35:12,283 - MainThread - updateUi - DEBUG - Reset de l'affichage de la courbe
2024-12-22 19:35:12,346 - MainThread - updateUi - DEBUG - Reset de l'affichage de la courbe
2024-12-22 19:35:12,409 - MainThread - updateUi - DEBUG - Reset de l'affichage de la courbe
2024-12-22 19:35:12,473 - MainThread - updateUi - DEBUG - Reset de l'affichage de la courbe
2024-12-22 19:35:12,520 - MainThread - updateUi - DEBUG - Reset de l'affichage de la courbe
2024-12-22 19:35:12,568 - MainThread - updateUi - DEBUG - Reset de l'affichage de la courbe
2024-12-22 19:35:12,630 - MainThread - updateUi - DEBUG - Reset de l'affichage de la courbe
2024-12-22 19:35:12,678 - MainThread - updateUi - DEBUG - Reset de l'affichage de la courbe
2024-12-22 19:35:12,741 - MainThread - updateUi - DEBUG - Reset de l'affichage de la courbe
2024-12-22 19:35:12,804 - MainThread - updateUi - DEBUG - Reset de l'affichage de la courbe
2024-12-22 19:35:12,867 - MainThread - updateUi - DEBUG - Reset de l'affichage de la courbe
2024-12-22 19:35:12,946 - MainThread - updateUi - DEBUG - Reset de l'affichage de la courbe
2024-12-22 19:35:12,993 - MainThread - updateUi - DEBUG - Reset de l'affichage de la courbe
2024-12-22 19:35:13,056 - MainThread - updateUi - DEBUG - Reset de l'affichage de la courbe
2024-12-22 19:35:13,118 - MainThread - updateUi - DEBUG - Reset de l'affichage de la courbe
2024-12-22 19:35:13,197 - MainThread - updateUi - DEBUG - Reset de l'affichage de la courbe
2024-12-22 19:35:13,249 - MainThread - updateUi - DEBUG - Reset de l'affichage de la courbe
2024-12-22 19:35:13,307 - MainThread - updateUi - DEBUG - Reset de l'affichage de la courbe
2024-12-22 19:35:13,370 - MainThread - updateUi - DEBUG - Reset de l'affichage de la courbe
2024-12-22 19:35:13,432 - MainThread - updateUi - DEBUG - Reset de l'affichage de la courbe
2024-12-22 19:35:13,495 - MainThread - updateUi - DEBUG - Reset de l'affichage de la courbe
2024-12-22 19:35:13,557 - MainThread - updateUi - DEBUG - Reset de l'affichage de la courbe
2024-12-22 19:35:13,635 - MainThread - updateUi - DEBUG - Reset de l'affichage de la courbe
2024-12-22 19:35:13,714 - MainThread - updateUi - DEBUG - Reset de l'affichage de la courbe
2024-12-22 19:35:13,761 - MainThread - updateUi - DEBUG - Reset de l'affichage de la courbe
2024-12-22 19:35:13,829 - MainThread - updateUi - DEBUG - Reset de l'affichage de la courbe
2024-12-22 19:35:13,892 - MainThread - updateUi - DEBUG - Reset de l'affichage de la courbe
2024-12-22 19:35:13,961 - MainThread - updateUi - DEBUG - Reset de l'affichage de la courbe
2024-12-22 19:35:14,024 - MainThread - updateUi - DEBUG - Reset de l'affichage de la courbe
2024-12-22 19:35:14,096 - MainThread - updateUi - DEBUG - Reset de l'affichage de la courbe
2024-12-22 19:35:14,162 - MainThread - updateUi - DEBUG - Reset de l'affichage de la courbe
2024-12-22 19:35:14,226 - MainThread - updateUi - DEBUG - Reset de l'affichage de la courbe
2024-12-22 19:35:14,290 - MainThread - updateUi - DEBUG - Reset de l'affichage de la courbe
2024-12-22 19:35:14,354 - MainThread - updateUi - DEBUG - Reset de l'affichage de la courbe
2024-12-22 19:35:14,416 - MainThread - updateUi - DEBUG - Reset de l'affichage de la courbe
2024-12-22 19:35:14,479 - MainThread - updateUi - DEBUG - Reset de l'affichage de la courbe
2024-12-22 19:35:14,560 - MainThread - updateUi - DEBUG - Reset de l'affichage de la courbe
2024-12-22 19:35:14,624 - MainThread - updateUi - DEBUG - Reset de l'affichage de la courbe
2024-12-22 19:35:14,688 - MainThread - updateUi - DEBUG - Reset de l'affichage de la courbe
2024-12-22 19:35:14,761 - MainThread - updateUi - DEBUG - Reset de l'affichage de la courbe
2024-12-22 19:35:14,825 - MainThread - updateUi - DEBUG - Reset de l'affichage de la courbe
2024-12-22 19:35:14,879 - MainThread - updateUi - DEBUG - Reset de l'affichage de la courbe
2024-12-22 19:35:14,932 - MainThread - updateUi - DEBUG - Reset de l'affichage de la courbe
2024-12-22 19:35:15,023 - MainThread - updateUi - DEBUG - Reset de l'affichage de la courbe
2024-12-22 19:35:15,087 - MainThread - updateUi - DEBUG - Reset de l'affichage de la courbe
2024-12-22 19:35:15,143 - MainThread - updateUi - DEBUG - Reset de l'affichage de la courbe
2024-12-22 19:35:15,207 - MainThread - updateUi - DEBUG - Reset de l'affichage de la courbe
2024-12-22 19:35:15,295 - MainThread - updateUi - DEBUG - Reset de l'affichage de la courbe
2024-12-22 19:35:15,358 - MainThread - updateUi - DEBUG - Reset de l'affichage de la courbe
2024-12-22 19:35:15,421 - MainThread - updateUi - DEBUG - Reset de l'affichage de la courbe
2024-12-22 19:35:15,480 - MainThread - updateUi - DEBUG - Reset de l'affichage de la courbe
2024-12-22 19:35:15,548 - MainThread - updateUi - DEBUG - Reset de l'affichage de la courbe
2024-12-22 19:35:15,614 - MainThread - updateUi - DEBUG - Reset de l'affichage de la courbe
2024-12-22 19:35:15,646 - MainThread - updateUi - DEBUG - Reset de l'affichage de la courbe
2024-12-22 19:35:15,712 - MainThread - updateUi - DEBUG - Reset de l'affichage de la courbe
2024-12-22 19:35:15,757 - MainThread - updateUi - DEBUG - Reset de l'affichage de la courbe
2024-12-22 19:35:15,819 - MainThread - updateUi - DEBUG - Reset de l'affichage de la courbe
2024-12-22 19:35:15,882 - MainThread - updateUi - DEBUG - Reset de l'affichage de la courbe
2024-12-22 19:35:15,947 - MainThread - updateUi - DEBUG - Reset de l'affichage de la courbe
2024-12-22 19:35:16,000 - MainThread - updateUi - DEBUG - Reset de l'affichage de la courbe
2024-12-22 19:35:16,046 - MainThread - updateUi - DEBUG - Reset de l'affichage de la courbe
2024-12-22 19:35:16,102 - MainThread - updateUi - DEBUG - Reset de l'affichage de la courbe
2024-12-22 19:35:16,157 - MainThread - updateUi - DEBUG - Reset de l'affichage de la courbe
2024-12-22 19:35:16,203 - MainThread - updateUi - DEBUG - Reset de l'affichage de la courbe
2024-12-22 19:35:16,259 - MainThread - updateUi - DEBUG - Reset de l'affichage de la courbe
2024-12-22 19:35:16,322 - MainThread - updateUi - DEBUG - Reset de l'affichage de la courbe
2024-12-22 19:35:16,385 - MainThread - updateUi - DEBUG - Reset de l'affichage de la courbe
2024-12-22 19:35:16,432 - MainThread - updateUi - DEBUG - Reset de l'affichage de la courbe
2024-12-22 19:35:16,494 - MainThread - updateUi - DEBUG - Reset de l'affichage de la courbe
2024-12-22 19:35:16,541 - MainThread - updateUi - DEBUG - Reset de l'affichage de la courbe
2024-12-22 19:35:16,620 - MainThread - updateUi - DEBUG - Reset de l'affichage de la courbe
2024-12-22 19:35:16,683 - MainThread - updateUi - DEBUG - Reset de l'affichage de la courbe
2024-12-22 19:35:16,731 - MainThread - updateUi - DEBUG - Reset de l'affichage de la courbe
2024-12-22 19:35:16,809 - MainThread - updateUi - DEBUG - Reset de l'affichage de la courbe
2024-12-22 19:35:16,871 - MainThread - updateUi - DEBUG - Reset de l'affichage de la courbe
2024-12-22 19:35:16,934 - MainThread - updateUi - DEBUG - Reset de l'affichage de la courbe
2024-12-22 19:35:17,013 - MainThread - updateUi - DEBUG - Reset de l'affichage de la courbe
2024-12-22 19:35:17,091 - MainThread - updateUi - DEBUG - Reset de l'affichage de la courbe
2024-12-22 19:35:17,154 - MainThread - updateUi - DEBUG - Reset de l'affichage de la courbe
2024-12-22 19:35:17,216 - MainThread - updateUi - DEBUG - Reset de l'affichage de la courbe
2024-12-22 19:35:17,267 - MainThread - updateUi - DEBUG - Reset de l'affichage de la courbe
2024-12-22 19:35:17,357 - MainThread - updateUi - DEBUG - Reset de l'affichage de la courbe
2024-12-22 19:35:17,404 - MainThread - updateUi - DEBUG - Reset de l'affichage de la courbe
2024-12-22 19:35:17,498 - MainThread - updateUi - DEBUG - Reset de l'affichage de la courbe
2024-12-22 19:35:17,529 - MainThread - updateUi - DEBUG - Reset de l'affichage de la courbe
2024-12-22 19:35:17,608 - MainThread - updateUi - DEBUG - Reset de l'affichage de la courbe
2024-12-22 19:35:17,670 - MainThread - updateUi - DEBUG - Reset de l'affichage de la courbe
2024-12-22 19:35:17,733 - MainThread - updateUi - DEBUG - Reset de l'affichage de la courbe
2024-12-22 19:35:17,796 - MainThread - updateUi - DEBUG - Reset de l'affichage de la courbe
2024-12-22 19:35:17,842 - MainThread - updateUi - DEBUG - Reset de l'affichage de la courbe
2024-12-22 19:35:17,905 - MainThread - updateUi - DEBUG - Reset de l'affichage de la courbe
2024-12-22 19:35:17,968 - MainThread - updateUi - DEBUG - Reset de l'affichage de la courbe
2024-12-22 19:35:18,031 - MainThread - updateUi - DEBUG - Reset de l'affichage de la courbe
2024-12-22 19:35:18,093 - MainThread - updateUi - DEBUG - Reset de l'affichage de la courbe
2024-12-22 19:35:18,140 - MainThread - updateUi - DEBUG - Reset de l'affichage de la courbe
2024-12-22 19:35:18,206 - MainThread - updateUi - DEBUG - Reset de l'affichage de la courbe
2024-12-22 19:35:18,234 - MainThread - updateUi - DEBUG - Reset de l'affichage de la courbe
2024-12-22 19:35:18,312 - MainThread - updateUi - DEBUG - Reset de l'affichage de la courbe
2024-12-22 19:35:18,375 - MainThread - updateUi - DEBUG - Reset de l'affichage de la courbe
2024-12-22 19:35:18,438 - MainThread - updateUi - DEBUG - Reset de l'affichage de la courbe
2024-12-22 19:35:18,500 - MainThread - updateUi - DEBUG - Reset de l'affichage de la courbe
2024-12-22 19:35:18,547 - MainThread - updateUi - DEBUG - Reset de l'affichage de la courbe
2024-12-22 19:35:18,625 - MainThread - updateUi - DEBUG - Reset de l'affichage de la courbe
2024-12-22 19:35:18,688 - MainThread - updateUi - DEBUG - Reset de l'affichage de la courbe
2024-12-22 19:35:18,735 - MainThread - updateUi - DEBUG - Reset de l'affichage de la courbe
2024-12-22 19:35:18,798 - MainThread - updateUi - DEBUG - Reset de l'affichage de la courbe
2024-12-22 19:35:18,893 - MainThread - updateUi - DEBUG - Reset de l'affichage de la courbe
2024-12-22 19:35:18,932 - MainThread - updateUi - DEBUG - Reset de l'affichage de la courbe
2024-12-22 19:35:18,972 - MainThread - updateUi - DEBUG - Reset de l'affichage de la courbe
2024-12-22 19:35:19,019 - MainThread - updateUi - DEBUG - Reset de l'affichage de la courbe
2024-12-22 19:35:19,099 - MainThread - updateUi - DEBUG - Reset de l'affichage de la courbe
2024-12-22 19:35:19,161 - MainThread - updateUi - DEBUG - Reset de l'affichage de la courbe
2024-12-22 19:35:19,208 - MainThread - updateUi - DEBUG - Reset de l'affichage de la courbe
2024-12-22 19:35:19,255 - MainThread - updateUi - DEBUG - Reset de l'affichage de la courbe
2024-12-22 19:35:19,317 - MainThread - updateUi - DEBUG - Reset de l'affichage de la courbe
2024-12-22 19:35:19,395 - MainThread - updateUi - DEBUG - Reset de l'affichage de la courbe
2024-12-22 19:35:19,459 - MainThread - updateUi - DEBUG - Reset de l'affichage de la courbe
2024-12-22 19:35:19,522 - MainThread - updateUi - DEBUG - Reset de l'affichage de la courbe
2024-12-22 19:35:19,584 - MainThread - updateUi - DEBUG - Reset de l'affichage de la courbe
2024-12-22 19:35:19,648 - MainThread - updateUi - DEBUG - Reset de l'affichage de la courbe
2024-12-22 19:35:19,710 - MainThread - updateUi - DEBUG - Reset de l'affichage de la courbe
2024-12-22 19:35:19,774 - MainThread - updateUi - DEBUG - Reset de l'affichage de la courbe
2024-12-22 19:35:19,829 - MainThread - updateUi - DEBUG - Reset de l'affichage de la courbe
2024-12-22 19:35:19,890 - MainThread - updateUi - DEBUG - Reset de l'affichage de la courbe
2024-12-22 19:35:19,969 - MainThread - updateUi - DEBUG - Reset de l'affichage de la courbe
2024-12-22 19:35:20,029 - MainThread - updateUi - DEBUG - Reset de l'affichage de la courbe
2024-12-22 19:35:20,107 - MainThread - updateUi - DEBUG - Reset de l'affichage de la courbe
2024-12-22 19:35:20,164 - MainThread - updateUi - DEBUG - Reset de l'affichage de la courbe
2024-12-22 19:35:20,221 - MainThread - updateUi - DEBUG - Reset de l'affichage de la courbe
2024-12-22 19:35:20,301 - MainThread - updateUi - DEBUG - Reset de l'affichage de la courbe
2024-12-22 19:35:20,395 - MainThread - onClose - INFO - Fermeture de la fenetre
2024-12-22 19:35:20,463 - MainThread - <module> - INFO - Fin du programme
