2024-12-22 19:29:22,390 - MainThread - <module> - INFO - Initialisation du logger
2024-12-22 19:29:22,643 - MainThread - update - DEBUG - Update vaue de la courbe
2024-12-22 19:29:22,685 - MainThread - afficher - INFO - Affichage de la fenetre
2024-12-22 19:29:22,685 - MainThread - updateUi - DEBUG - Reset de l'affichage de la courbe
2024-12-22 19:29:22,770 - MainThread - updateUi - DEBUG - Reset de l'affichage de la courbe
2024-12-22 19:29:22,847 - MainThread - updateUi - DEBUG - Reset de l'affichage de la courbe
2024-12-22 19:29:22,909 - MainThread - updateUi - DEBUG - Reset de l'affichage de la courbe
2024-12-22 19:29:22,974 - MainThread - updateUi - DEBUG - Reset de l'affichage de la courbe
2024-12-22 19:29:23,036 - MainThread - updateUi - DEBUG - Reset de l'affichage de la courbe
2024-12-22 19:29:23,100 - MainThread - updateUi - DEBUG - Reset de l'affichage de la courbe
2024-12-22 19:29:23,163 - MainThread - updateUi - DEBUG - Reset de l'affichage de la courbe
2024-12-22 19:29:23,241 - MainThread - updateUi - DEBUG - Reset de l'affichage de la courbe
2024-12-22 19:29:23,313 - MainThread - updateUi - DEBUG - Reset de l'affichage de la courbe
2024-12-22 19:29:23,375 - MainThread - updateUi - DEBUG - Reset de l'affichage de la courbe
2024-12-22 19:29:23,429 - MainThread - updateUi - DEBUG - Reset de l'affichage de la courbe
2024-12-22 19:29:23,486 - MainThread - updateUi - DEBUG - Reset de l'affichage de la courbe
2024-12-22 19:29:23,548 - MainThread - updateUi - DEBUG - Reset de l'affichage de la courbe
2024-12-22 19:29:23,613 - MainThread - updateUi - DEBUG - Reset de l'affichage de la courbe
2024-12-22 19:29:23,682 - MainThread - updateUi - DEBUG - Reset de l'affichage de la courbe
2024-12-22 19:29:23,731 - MainThread - updateUi - DEBUG - Reset de l'affichage de la courbe
2024-12-22 19:29:23,795 - MainThread - updateUi - DEBUG - Reset de l'affichage de la courbe
2024-12-22 19:29:23,862 - MainThread - updateUi - DEBUG - Reset de l'affichage de la courbe
2024-12-22 19:29:23,928 - MainThread - updateUi - DEBUG - Reset de l'affichage de la courbe
2024-12-22 19:29:23,998 - MainThread - updateUi - DEBUG - Reset de l'affichage de la courbe
2024-12-22 19:29:24,062 - MainThread - updateUi - DEBUG - Reset de l'affichage de la courbe
2024-12-22 19:29:24,114 - MainThread - updateUi - DEBUG - Reset de l'affichage de la courbe
2024-12-22 19:29:24,194 - MainThread - updateUi - DEBUG - Reset de l'affichage de la courbe
2024-12-22 19:29:24,267 - MainThread - updateUi - DEBUG - Reset de l'affichage de la courbe
2024-12-22 19:29:24,329 - MainThread - updateUi - DEBUG - Reset de l'affichage de la courbe
2024-12-22 19:29:24,408 - MainThread - updateUi - DEBUG - Reset de l'affichage de la courbe
2024-12-22 19:29:24,471 - MainThread - updateUi - DEBUG - Reset de l'affichage de la courbe
2024-12-22 19:29:24,534 - MainThread - updateUi - DEBUG - Reset de l'affichage de la courbe
2024-12-22 19:29:24,597 - MainThread - updateUi - DEBUG - Reset de l'affichage de la courbe
2024-12-22 19:29:24,660 - MainThread - updateUi - DEBUG - Reset de l'affichage de la courbe
2024-12-22 19:29:24,723 - MainThread - updateUi - DEBUG - Reset de l'affichage de la courbe
2024-12-22 19:29:24,769 - MainThread - updateUi - DEBUG - Reset de l'affichage de la courbe
2024-12-22 19:29:24,833 - MainThread - updateUi - DEBUG - Reset de l'affichage de la courbe
2024-12-22 19:29:24,880 - MainThread - updateUi - DEBUG - Reset de l'affichage de la courbe
2024-12-22 19:29:24,944 - MainThread - updateUi - DEBUG - Reset de l'affichage de la courbe
2024-12-22 19:29:25,007 - MainThread - updateUi - DEBUG - Reset de l'affichage de la courbe
2024-12-22 19:29:25,070 - MainThread - updateUi - DEBUG - Reset de l'affichage de la courbe
2024-12-22 19:29:25,133 - MainThread - updateUi - DEBUG - Reset de l'affichage de la courbe
2024-12-22 19:29:25,196 - MainThread - updateUi - DEBUG - Reset de l'affichage de la courbe
2024-12-22 19:29:25,275 - MainThread - updateUi - DEBUG - Reset de l'affichage de la courbe
2024-12-22 19:29:25,338 - MainThread - updateUi - DEBUG - Reset de l'affichage de la courbe
2024-12-22 19:29:25,401 - MainThread - updateUi - DEBUG - Reset de l'affichage de la courbe
2024-12-22 19:29:25,464 - MainThread - updateUi - DEBUG - Reset de l'affichage de la courbe
2024-12-22 19:29:25,543 - MainThread - updateUi - DEBUG - Reset de l'affichage de la courbe
2024-12-22 19:29:25,599 - MainThread - updateUi - DEBUG - Reset de l'affichage de la courbe
2024-12-22 19:29:25,652 - MainThread - updateUi - DEBUG - Reset de l'affichage de la courbe
2024-12-22 19:29:25,700 - MainThread - updateUi - DEBUG - Reset de l'affichage de la courbe
2024-12-22 19:29:25,766 - MainThread - updateUi - DEBUG - Reset de l'affichage de la courbe
2024-12-22 19:29:25,825 - MainThread - updateUi - DEBUG - Reset de l'affichage de la courbe
2024-12-22 19:29:25,898 - MainThread - updateUi - DEBUG - Reset de l'affichage de la courbe
2024-12-22 19:29:25,935 - MainThread - updateUi - DEBUG - Reset de l'affichage de la courbe
2024-12-22 19:29:25,982 - MainThread - updateUi - DEBUG - Reset de l'affichage de la courbe
2024-12-22 19:29:26,060 - MainThread - updateUi - DEBUG - Reset de l'affichage de la courbe
2024-12-22 19:29:26,123 - MainThread - updateUi - DEBUG - Reset de l'affichage de la courbe
2024-12-22 19:29:26,186 - MainThread - updateUi - DEBUG - Reset de l'affichage de la courbe
2024-12-22 19:29:26,248 - MainThread - updateUi - DEBUG - Reset de l'affichage de la courbe
2024-12-22 19:29:26,327 - MainThread - updateUi - DEBUG - Reset de l'affichage de la courbe
2024-12-22 19:29:26,390 - MainThread - updateUi - DEBUG - Reset de l'affichage de la courbe
2024-12-22 19:29:26,452 - MainThread - updateUi - DEBUG - Reset de l'affichage de la courbe
2024-12-22 19:29:26,515 - MainThread - updateUi - DEBUG - Reset de l'affichage de la courbe
2024-12-22 19:29:26,562 - MainThread - updateUi - DEBUG - Reset de l'affichage de la courbe
2024-12-22 19:29:26,633 - MainThread - updateUi - DEBUG - Reset de l'affichage de la courbe
2024-12-22 19:29:26,703 - MainThread - updateUi - DEBUG - Reset de l'affichage de la courbe
2024-12-22 19:29:26,766 - MainThread - updateUi - DEBUG - Reset de l'affichage de la courbe
2024-12-22 19:29:26,797 - MainThread - updateUi - DEBUG - Reset de l'affichage de la courbe
2024-12-22 19:29:26,892 - MainThread - updateUi - DEBUG - Reset de l'affichage de la courbe
2024-12-22 19:29:26,955 - MainThread - updateUi - DEBUG - Reset de l'affichage de la courbe
2024-12-22 19:29:27,018 - MainThread - updateUi - DEBUG - Reset de l'affichage de la courbe
2024-12-22 19:29:27,081 - MainThread - updateUi - DEBUG - Reset de l'affichage de la courbe
2024-12-22 19:29:27,159 - MainThread - updateUi - DEBUG - Reset de l'affichage de la courbe
2024-12-22 19:29:27,237 - MainThread - updateUi - DEBUG - Reset de l'affichage de la courbe
2024-12-22 19:29:27,300 - MainThread - updateUi - DEBUG - Reset de l'affichage de la courbe
2024-12-22 19:29:27,363 - MainThread - updateUi - DEBUG - Reset de l'affichage de la courbe
2024-12-22 19:29:27,426 - MainThread - updateUi - DEBUG - Reset de l'affichage de la courbe
2024-12-22 19:29:27,489 - MainThread - updateUi - DEBUG - Reset de l'affichage de la courbe
2024-12-22 19:29:27,552 - MainThread - updateUi - DEBUG - Reset de l'affichage de la courbe
2024-12-22 19:29:27,615 - MainThread - updateUi - DEBUG - Reset de l'affichage de la courbe
2024-12-22 19:29:27,679 - MainThread - updateUi - DEBUG - Reset de l'affichage de la courbe
2024-12-22 19:29:27,757 - MainThread - updateUi - DEBUG - Reset de l'affichage de la courbe
2024-12-22 19:29:27,816 - MainThread - updateUi - DEBUG - Reset de l'affichage de la courbe
2024-12-22 19:29:27,883 - MainThread - updateUi - DEBUG - Reset de l'affichage de la courbe
2024-12-22 19:29:27,915 - MainThread - updateUi - DEBUG - Reset de l'affichage de la courbe
2024-12-22 19:29:27,978 - MainThread - updateUi - DEBUG - Reset de l'affichage de la courbe
2024-12-22 19:29:28,033 - MainThread - updateUi - DEBUG - Reset de l'affichage de la courbe
2024-12-22 19:29:28,082 - MainThread - updateUi - DEBUG - Reset de l'affichage de la courbe
2024-12-22 19:29:28,122 - MainThread - updateUi - DEBUG - Reset de l'affichage de la courbe
2024-12-22 19:29:28,185 - MainThread - updateUi - DEBUG - Reset de l'affichage de la courbe
2024-12-22 19:29:28,231 - MainThread - updateUi - DEBUG - Reset de l'affichage de la courbe
2024-12-22 19:29:28,279 - MainThread - updateUi - DEBUG - Reset de l'affichage de la courbe
2024-12-22 19:29:28,342 - MainThread - updateUi - DEBUG - Reset de l'affichage de la courbe
2024-12-22 19:29:28,405 - MainThread - updateUi - DEBUG - Reset de l'affichage de la courbe
2024-12-22 19:29:28,452 - MainThread - updateUi - DEBUG - Reset de l'affichage de la courbe
2024-12-22 19:29:28,514 - MainThread - updateUi - DEBUG - Reset de l'affichage de la courbe
2024-12-22 19:29:28,592 - MainThread - updateUi - DEBUG - Reset de l'affichage de la courbe
2024-12-22 19:29:28,671 - MainThread - updateUi - DEBUG - Reset de l'affichage de la courbe
2024-12-22 19:29:28,734 - MainThread - updateUi - DEBUG - Reset de l'affichage de la courbe
2024-12-22 19:29:28,812 - MainThread - updateUi - DEBUG - Reset de l'affichage de la courbe
2024-12-22 19:29:28,859 - MainThread - updateUi - DEBUG - Reset de l'affichage de la courbe
2024-12-22 19:29:28,922 - MainThread - updateUi - DEBUG - Reset de l'affichage de la courbe
2024-12-22 19:29:29,000 - MainThread - updateUi - DEBUG - Reset de l'affichage de la courbe
2024-12-22 19:29:29,076 - MainThread - updateUi - DEBUG - Reset de l'affichage de la courbe
2024-12-22 19:29:29,144 - MainThread - updateUi - DEBUG - Reset de l'affichage de la courbe
2024-12-22 19:29:29,211 - MainThread - updateUi - DEBUG - Reset de l'affichage de la courbe
2024-12-22 19:29:29,267 - MainThread - updateUi - DEBUG - Reset de l'affichage de la courbe
2024-12-22 19:29:29,324 - MainThread - updateUi - DEBUG - Reset de l'affichage de la courbe
2024-12-22 19:29:29,394 - MainThread - updateUi - DEBUG - Reset de l'affichage de la courbe
2024-12-22 19:29:29,456 - MainThread - updateUi - DEBUG - Reset de l'affichage de la courbe
2024-12-22 19:29:29,518 - MainThread - updateUi - DEBUG - Reset de l'affichage de la courbe
2024-12-22 19:29:29,582 - MainThread - updateUi - DEBUG - Reset de l'affichage de la courbe
2024-12-22 19:29:29,634 - MainThread - updateUi - DEBUG - Reset de l'affichage de la courbe
2024-12-22 19:29:29,698 - MainThread - updateUi - DEBUG - Reset de l'affichage de la courbe
2024-12-22 19:29:29,746 - MainThread - updateUi - DEBUG - Reset de l'affichage de la courbe
2024-12-22 19:29:29,809 - MainThread - updateUi - DEBUG - Reset de l'affichage de la courbe
2024-12-22 19:29:29,857 - MainThread - updateUi - DEBUG - Reset de l'affichage de la courbe
2024-12-22 19:29:29,924 - MainThread - updateUi - DEBUG - Reset de l'affichage de la courbe
2024-12-22 19:29:29,992 - MainThread - updateUi - DEBUG - Reset de l'affichage de la courbe
2024-12-22 19:29:30,055 - MainThread - updateUi - DEBUG - Reset de l'affichage de la courbe
2024-12-22 19:29:30,122 - MainThread - updateUi - DEBUG - Reset de l'affichage de la courbe
2024-12-22 19:29:30,187 - MainThread - updateUi - DEBUG - Reset de l'affichage de la courbe
2024-12-22 19:29:30,245 - MainThread - updateUi - DEBUG - Reset de l'affichage de la courbe
2024-12-22 19:29:30,312 - MainThread - updateUi - DEBUG - Reset de l'affichage de la courbe
2024-12-22 19:29:30,368 - MainThread - updateUi - DEBUG - Reset de l'affichage de la courbe
2024-12-22 19:29:30,440 - MainThread - updateUi - DEBUG - Reset de l'affichage de la courbe
2024-12-22 19:29:30,504 - MainThread - updateUi - DEBUG - Reset de l'affichage de la courbe
2024-12-22 19:29:30,561 - MainThread - updateUi - DEBUG - Reset de l'affichage de la courbe
2024-12-22 19:29:30,640 - MainThread - updateUi - DEBUG - Reset de l'affichage de la courbe
2024-12-22 19:29:30,704 - MainThread - updateUi - DEBUG - Reset de l'affichage de la courbe
2024-12-22 19:29:30,760 - MainThread - updateUi - DEBUG - Reset de l'affichage de la courbe
2024-12-22 19:29:30,824 - MainThread - updateUi - DEBUG - Reset de l'affichage de la courbe
2024-12-22 19:29:30,904 - MainThread - updateUi - DEBUG - Reset de l'affichage de la courbe
2024-12-22 19:29:30,976 - MainThread - updateUi - DEBUG - Reset de l'affichage de la courbe
2024-12-22 19:29:31,040 - MainThread - updateUi - DEBUG - Reset de l'affichage de la courbe
2024-12-22 19:29:31,096 - MainThread - updateUi - DEBUG - Reset de l'affichage de la courbe
2024-12-22 19:29:31,166 - MainThread - updateUi - DEBUG - Reset de l'affichage de la courbe
2024-12-22 19:29:31,228 - MainThread - updateUi - DEBUG - Reset de l'affichage de la courbe
2024-12-22 19:29:31,291 - MainThread - updateUi - DEBUG - Reset de l'affichage de la courbe
2024-12-22 19:29:31,361 - MainThread - updateUi - DEBUG - Reset de l'affichage de la courbe
2024-12-22 19:29:31,425 - MainThread - updateUi - DEBUG - Reset de l'affichage de la courbe
2024-12-22 19:29:31,483 - MainThread - updateUi - DEBUG - Reset de l'affichage de la courbe
2024-12-22 19:29:31,554 - MainThread - updateUi - DEBUG - Reset de l'affichage de la courbe
2024-12-22 19:29:31,626 - MainThread - updateUi - DEBUG - Reset de l'affichage de la courbe
2024-12-22 19:29:31,691 - MainThread - updateUi - DEBUG - Reset de l'affichage de la courbe
2024-12-22 19:29:31,757 - MainThread - updateUi - DEBUG - Reset de l'affichage de la courbe
2024-12-22 19:29:31,810 - MainThread - updateUi - DEBUG - Reset de l'affichage de la courbe
2024-12-22 19:29:31,874 - MainThread - updateUi - DEBUG - Reset de l'affichage de la courbe
2024-12-22 19:29:31,954 - MainThread - updateUi - DEBUG - Reset de l'affichage de la courbe
2024-12-22 19:29:32,018 - MainThread - updateUi - DEBUG - Reset de l'affichage de la courbe
2024-12-22 19:29:32,091 - MainThread - updateUi - DEBUG - Reset de l'affichage de la courbe
2024-12-22 19:29:32,155 - MainThread - updateUi - DEBUG - Reset de l'affichage de la courbe
2024-12-22 19:29:32,212 - MainThread - updateUi - DEBUG - Reset de l'affichage de la courbe
2024-12-22 19:29:32,274 - MainThread - updateUi - DEBUG - Reset de l'affichage de la courbe
2024-12-22 19:29:32,354 - MainThread - updateUi - DEBUG - Reset de l'affichage de la courbe
2024-12-22 19:29:32,410 - MainThread - updateUi - DEBUG - Reset de l'affichage de la courbe
2024-12-22 19:29:32,490 - MainThread - updateUi - DEBUG - Reset de l'affichage de la courbe
2024-12-22 19:29:32,553 - MainThread - updateUi - DEBUG - Reset de l'affichage de la courbe
2024-12-22 19:29:32,609 - MainThread - updateUi - DEBUG - Reset de l'affichage de la courbe
2024-12-22 19:29:32,677 - MainThread - updateUi - DEBUG - Reset de l'affichage de la courbe
2024-12-22 19:29:32,741 - MainThread - updateUi - DEBUG - Reset de l'affichage de la courbe
2024-12-22 19:29:32,804 - MainThread - updateUi - DEBUG - Reset de l'affichage de la courbe
2024-12-22 19:29:32,867 - MainThread - updateUi - DEBUG - Reset de l'affichage de la courbe
2024-12-22 19:29:32,930 - MainThread - updateUi - DEBUG - Reset de l'affichage de la courbe
2024-12-22 19:29:33,008 - MainThread - updateUi - DEBUG - Reset de l'affichage de la courbe
2024-12-22 19:29:33,087 - MainThread - updateUi - DEBUG - Reset de l'affichage de la courbe
2024-12-22 19:29:33,150 - MainThread - updateUi - DEBUG - Reset de l'affichage de la courbe
2024-12-22 19:29:33,228 - MainThread - updateUi - DEBUG - Reset de l'affichage de la courbe
2024-12-22 19:29:33,275 - MainThread - updateUi - DEBUG - Reset de l'affichage de la courbe
2024-12-22 19:29:33,338 - MainThread - updateUi - DEBUG - Reset de l'affichage de la courbe
2024-12-22 19:29:33,401 - MainThread - updateUi - DEBUG - Reset de l'affichage de la courbe
2024-12-22 19:29:33,480 - MainThread - updateUi - DEBUG - Reset de l'affichage de la courbe
2024-12-22 19:29:33,559 - MainThread - updateUi - DEBUG - Reset de l'affichage de la courbe
2024-12-22 19:29:33,622 - MainThread - updateUi - DEBUG - Reset de l'affichage de la courbe
2024-12-22 19:29:33,701 - MainThread - updateUi - DEBUG - Reset de l'affichage de la courbe
2024-12-22 19:29:33,763 - MainThread - updateUi - DEBUG - Reset de l'affichage de la courbe
2024-12-22 19:29:33,827 - MainThread - updateUi - DEBUG - Reset de l'affichage de la courbe
2024-12-22 19:29:33,905 - MainThread - updateUi - DEBUG - Reset de l'affichage de la courbe
2024-12-22 19:29:33,984 - MainThread - updateUi - DEBUG - Reset de l'affichage de la courbe
2024-12-22 19:29:34,030 - MainThread - updateUi - DEBUG - Reset de l'affichage de la courbe
2024-12-22 19:29:34,077 - MainThread - updateUi - DEBUG - Reset de l'affichage de la courbe
2024-12-22 19:29:34,155 - MainThread - updateUi - DEBUG - Reset de l'affichage de la courbe
2024-12-22 19:29:34,200 - MainThread - updateUi - DEBUG - Reset de l'affichage de la courbe
2024-12-22 19:29:34,250 - MainThread - updateUi - DEBUG - Reset de l'affichage de la courbe
2024-12-22 19:29:34,312 - MainThread - updateUi - DEBUG - Reset de l'affichage de la courbe
2024-12-22 19:29:34,359 - MainThread - updateUi - DEBUG - Reset de l'affichage de la courbe
2024-12-22 19:29:34,406 - MainThread - updateUi - DEBUG - Reset de l'affichage de la courbe
2024-12-22 19:29:34,485 - MainThread - updateUi - DEBUG - Reset de l'affichage de la courbe
2024-12-22 19:29:34,532 - MainThread - updateUi - DEBUG - Reset de l'affichage de la courbe
2024-12-22 19:29:34,579 - MainThread - updateUi - DEBUG - Reset de l'affichage de la courbe
2024-12-22 19:29:34,642 - MainThread - updateUi - DEBUG - Reset de l'affichage de la courbe
2024-12-22 19:29:34,704 - MainThread - updateUi - DEBUG - Reset de l'affichage de la courbe
2024-12-22 19:29:34,768 - MainThread - updateUi - DEBUG - Reset de l'affichage de la courbe
2024-12-22 19:29:34,847 - MainThread - updateUi - DEBUG - Reset de l'affichage de la courbe
2024-12-22 19:29:34,926 - MainThread - updateUi - DEBUG - Reset de l'affichage de la courbe
2024-12-22 19:29:34,988 - MainThread - updateUi - DEBUG - Reset de l'affichage de la courbe
2024-12-22 19:29:35,067 - MainThread - updateUi - DEBUG - Reset de l'affichage de la courbe
2024-12-22 19:29:35,145 - MainThread - updateUi - DEBUG - Reset de l'affichage de la courbe
2024-12-22 19:29:35,192 - MainThread - updateUi - DEBUG - Reset de l'affichage de la courbe
2024-12-22 19:29:35,270 - MainThread - updateUi - DEBUG - Reset de l'affichage de la courbe
2024-12-22 19:29:35,317 - MainThread - updateUi - DEBUG - Reset de l'affichage de la courbe
2024-12-22 19:29:35,380 - MainThread - updateUi - DEBUG - Reset de l'affichage de la courbe
2024-12-22 19:29:35,442 - MainThread - updateUi - DEBUG - Reset de l'affichage de la courbe
2024-12-22 19:29:35,521 - MainThread - updateUi - DEBUG - Reset de l'affichage de la courbe
2024-12-22 19:29:35,584 - MainThread - updateUi - DEBUG - Reset de l'affichage de la courbe
2024-12-22 19:29:35,662 - MainThread - updateUi - DEBUG - Reset de l'affichage de la courbe
2024-12-22 19:29:35,725 - MainThread - updateUi - DEBUG - Reset de l'affichage de la courbe
2024-12-22 19:29:35,778 - MainThread - updateUi - DEBUG - Reset de l'affichage de la courbe
2024-12-22 19:29:35,851 - MainThread - updateUi - DEBUG - Reset de l'affichage de la courbe
2024-12-22 19:29:35,914 - MainThread - updateUi - DEBUG - Reset de l'affichage de la courbe
2024-12-22 19:29:35,976 - MainThread - updateUi - DEBUG - Reset de l'affichage de la courbe
2024-12-22 19:29:36,054 - MainThread - updateUi - DEBUG - Reset de l'affichage de la courbe
2024-12-22 19:29:36,117 - MainThread - updateUi - DEBUG - Reset de l'affichage de la courbe
2024-12-22 19:29:36,195 - MainThread - updateUi - DEBUG - Reset de l'affichage de la courbe
2024-12-22 19:29:36,274 - MainThread - updateUi - DEBUG - Reset de l'affichage de la courbe
2024-12-22 19:29:36,336 - MainThread - updateUi - DEBUG - Reset de l'affichage de la courbe
2024-12-22 19:29:36,399 - MainThread - updateUi - DEBUG - Reset de l'affichage de la courbe
2024-12-22 19:29:36,478 - MainThread - updateUi - DEBUG - Reset de l'affichage de la courbe
2024-12-22 19:29:36,556 - MainThread - updateUi - DEBUG - Reset de l'affichage de la courbe
2024-12-22 19:29:36,634 - MainThread - updateUi - DEBUG - Reset de l'affichage de la courbe
2024-12-22 19:29:36,681 - MainThread - updateUi - DEBUG - Reset de l'affichage de la courbe
2024-12-22 19:29:36,760 - MainThread - updateUi - DEBUG - Reset de l'affichage de la courbe
2024-12-22 19:29:36,823 - MainThread - updateUi - DEBUG - Reset de l'affichage de la courbe
2024-12-22 19:29:36,870 - MainThread - updateUi - DEBUG - Reset de l'affichage de la courbe
2024-12-22 19:29:36,933 - MainThread - updateUi - DEBUG - Reset de l'affichage de la courbe
2024-12-22 19:29:37,012 - MainThread - updateUi - DEBUG - Reset de l'affichage de la courbe
2024-12-22 19:29:37,074 - MainThread - updateUi - DEBUG - Reset de l'affichage de la courbe
2024-12-22 19:29:37,137 - MainThread - updateUi - DEBUG - Reset de l'affichage de la courbe
2024-12-22 19:29:37,200 - MainThread - updateUi - DEBUG - Reset de l'affichage de la courbe
2024-12-22 19:29:37,263 - MainThread - updateUi - DEBUG - Reset de l'affichage de la courbe
2024-12-22 19:29:37,341 - MainThread - updateUi - DEBUG - Reset de l'affichage de la courbe
2024-12-22 19:29:37,466 - MainThread - onClose - INFO - Fermeture de la fenetre
2024-12-22 19:29:37,531 - MainThread - <module> - INFO - Fin du programme
