2024-12-15 17:36:17,875 - MainThread - <module> - INFO - Initialisation du logger
2024-12-15 17:36:18,024 - MainThread - update - DEBUG - Update vaue de la courbe
2024-12-15 17:36:18,043 - MainThread - afficher - INFO - Affichage de la fenetre
2024-12-15 17:36:18,043 - MainThread - updateUi - DEBUG - Reset de l'affichage de la courbe
2024-12-15 17:36:18,089 - MainThread - updateUi - DEBUG - Reset de l'affichage de la courbe
2024-12-15 17:36:18,118 - MainThread - updateUi - DEBUG - Reset de l'affichage de la courbe
2024-12-15 17:36:18,155 - MainThread - updateUi - DEBUG - Reset de l'affichage de la courbe
2024-12-15 17:36:18,186 - MainThread - updateUi - DEBUG - Reset de l'affichage de la courbe
2024-12-15 17:36:18,217 - MainThread - updateUi - DEBUG - Reset de l'affichage de la courbe
2024-12-15 17:36:18,248 - MainThread - updateUi - DEBUG - Reset de l'affichage de la courbe
2024-12-15 17:36:18,278 - MainThread - updateUi - DEBUG - Reset de l'affichage de la courbe
2024-12-15 17:36:18,309 - MainThread - updateUi - DEBUG - Reset de l'affichage de la courbe
2024-12-15 17:36:18,340 - MainThread - updateUi - DEBUG - Reset de l'affichage de la courbe
2024-12-15 17:36:18,371 - MainThread - updateUi - DEBUG - Reset de l'affichage de la courbe
2024-12-15 17:36:18,402 - MainThread - updateUi - DEBUG - Reset de l'affichage de la courbe
2024-12-15 17:36:18,433 - MainThread - updateUi - DEBUG - Reset de l'affichage de la courbe
2024-12-15 17:36:18,463 - MainThread - updateUi - DEBUG - Reset de l'affichage de la courbe
2024-12-15 17:36:18,494 - MainThread - updateUi - DEBUG - Reset de l'affichage de la courbe
2024-12-15 17:36:18,525 - MainThread - updateUi - DEBUG - Reset de l'affichage de la courbe
2024-12-15 17:36:18,556 - MainThread - updateUi - DEBUG - Reset de l'affichage de la courbe
2024-12-15 17:36:18,586 - MainThread - updateUi - DEBUG - Reset de l'affichage de la courbe
2024-12-15 17:36:18,614 - MainThread - updateUi - DEBUG - Reset de l'affichage de la courbe
2024-12-15 17:36:18,646 - MainThread - updateUi - DEBUG - Reset de l'affichage de la courbe
2024-12-15 17:36:18,678 - MainThread - updateUi - DEBUG - Reset de l'affichage de la courbe
2024-12-15 17:36:18,710 - MainThread - updateUi - DEBUG - Reset de l'affichage de la courbe
2024-12-15 17:36:18,740 - MainThread - updateUi - DEBUG - Reset de l'affichage de la courbe
2024-12-15 17:36:18,771 - MainThread - updateUi - DEBUG - Reset de l'affichage de la courbe
2024-12-15 17:36:18,802 - MainThread - updateUi - DEBUG - Reset de l'affichage de la courbe
2024-12-15 17:36:18,830 - MainThread - updateUi - DEBUG - Reset de l'affichage de la courbe
2024-12-15 17:36:18,863 - MainThread - updateUi - DEBUG - Reset de l'affichage de la courbe
2024-12-15 17:36:18,894 - MainThread - updateUi - DEBUG - Reset de l'affichage de la courbe
2024-12-15 17:36:18,925 - MainThread - updateUi - DEBUG - Reset de l'affichage de la courbe
2024-12-15 17:36:18,956 - MainThread - updateUi - DEBUG - Reset de l'affichage de la courbe
2024-12-15 17:36:18,986 - MainThread - updateUi - DEBUG - Reset de l'affichage de la courbe
2024-12-15 17:36:19,014 - MainThread - updateUi - DEBUG - Reset de l'affichage de la courbe
2024-12-15 17:36:19,046 - MainThread - updateUi - DEBUG - Reset de l'affichage de la courbe
2024-12-15 17:36:19,078 - MainThread - updateUi - DEBUG - Reset de l'affichage de la courbe
2024-12-15 17:36:19,108 - MainThread - updateUi - DEBUG - Reset de l'affichage de la courbe
2024-12-15 17:36:19,139 - MainThread - updateUi - DEBUG - Reset de l'affichage de la courbe
2024-12-15 17:36:19,170 - MainThread - updateUi - DEBUG - Reset de l'affichage de la courbe
2024-12-15 17:36:19,201 - MainThread - updateUi - DEBUG - Reset de l'affichage de la courbe
2024-12-15 17:36:19,231 - MainThread - updateUi - DEBUG - Reset de l'affichage de la courbe
2024-12-15 17:36:19,262 - MainThread - updateUi - DEBUG - Reset de l'affichage de la courbe
2024-12-15 17:36:19,293 - MainThread - updateUi - DEBUG - Reset de l'affichage de la courbe
2024-12-15 17:36:19,324 - MainThread - updateUi - DEBUG - Reset de l'affichage de la courbe
2024-12-15 17:36:19,354 - MainThread - updateUi - DEBUG - Reset de l'affichage de la courbe
2024-12-15 17:36:19,386 - MainThread - updateUi - DEBUG - Reset de l'affichage de la courbe
2024-12-15 17:36:19,417 - MainThread - updateUi - DEBUG - Reset de l'affichage de la courbe
2024-12-15 17:36:19,447 - MainThread - updateUi - DEBUG - Reset de l'affichage de la courbe
2024-12-15 17:36:19,478 - MainThread - updateUi - DEBUG - Reset de l'affichage de la courbe
2024-12-15 17:36:19,506 - MainThread - updateUi - DEBUG - Reset de l'affichage de la courbe
2024-12-15 17:36:19,538 - MainThread - updateUi - DEBUG - Reset de l'affichage de la courbe
2024-12-15 17:36:19,570 - MainThread - updateUi - DEBUG - Reset de l'affichage de la courbe
2024-12-15 17:36:19,601 - MainThread - updateUi - DEBUG - Reset de l'affichage de la courbe
2024-12-15 17:36:19,631 - MainThread - updateUi - DEBUG - Reset de l'affichage de la courbe
2024-12-15 17:36:19,659 - MainThread - updateUi - DEBUG - Reset de l'affichage de la courbe
2024-12-15 17:36:19,690 - MainThread - updateUi - DEBUG - Reset de l'affichage de la courbe
2024-12-15 17:36:19,722 - MainThread - updateUi - DEBUG - Reset de l'affichage de la courbe
2024-12-15 17:36:19,754 - MainThread - updateUi - DEBUG - Reset de l'affichage de la courbe
2024-12-15 17:36:19,785 - MainThread - updateUi - DEBUG - Reset de l'affichage de la courbe
2024-12-15 17:36:19,816 - MainThread - updateUi - DEBUG - Reset de l'affichage de la courbe
2024-12-15 17:36:19,846 - MainThread - updateUi - DEBUG - Reset de l'affichage de la courbe
2024-12-15 17:36:19,877 - MainThread - updateUi - DEBUG - Reset de l'affichage de la courbe
2024-12-15 17:36:19,906 - MainThread - updateUi - DEBUG - Reset de l'affichage de la courbe
2024-12-15 17:36:19,939 - MainThread - updateUi - DEBUG - Reset de l'affichage de la courbe
2024-12-15 17:36:19,969 - MainThread - updateUi - DEBUG - Reset de l'affichage de la courbe
2024-12-15 17:36:20,000 - MainThread - updateUi - DEBUG - Reset de l'affichage de la courbe
2024-12-15 17:36:20,031 - MainThread - updateUi - DEBUG - Reset de l'affichage de la courbe
2024-12-15 17:36:20,062 - MainThread - updateUi - DEBUG - Reset de l'affichage de la courbe
2024-12-15 17:36:20,093 - MainThread - updateUi - DEBUG - Reset de l'affichage de la courbe
2024-12-15 17:36:20,124 - MainThread - updateUi - DEBUG - Reset de l'affichage de la courbe
2024-12-15 17:36:20,154 - MainThread - updateUi - DEBUG - Reset de l'affichage de la courbe
2024-12-15 17:36:20,185 - MainThread - updateUi - DEBUG - Reset de l'affichage de la courbe
2024-12-15 17:36:20,216 - MainThread - updateUi - DEBUG - Reset de l'affichage de la courbe
2024-12-15 17:36:20,247 - MainThread - updateUi - DEBUG - Reset de l'affichage de la courbe
2024-12-15 17:36:20,278 - MainThread - updateUi - DEBUG - Reset de l'affichage de la courbe
2024-12-15 17:36:20,308 - MainThread - updateUi - DEBUG - Reset de l'affichage de la courbe
2024-12-15 17:36:20,339 - MainThread - updateUi - DEBUG - Reset de l'affichage de la courbe
2024-12-15 17:36:20,370 - MainThread - updateUi - DEBUG - Reset de l'affichage de la courbe
2024-12-15 17:36:20,401 - MainThread - updateUi - DEBUG - Reset de l'affichage de la courbe
2024-12-15 17:36:20,431 - MainThread - updateUi - DEBUG - Reset de l'affichage de la courbe
2024-12-15 17:36:20,461 - MainThread - updateUi - DEBUG - Reset de l'affichage de la courbe
2024-12-15 17:36:20,492 - MainThread - updateUi - DEBUG - Reset de l'affichage de la courbe
2024-12-15 17:36:20,523 - MainThread - updateUi - DEBUG - Reset de l'affichage de la courbe
2024-12-15 17:36:20,554 - MainThread - updateUi - DEBUG - Reset de l'affichage de la courbe
2024-12-15 17:36:20,585 - MainThread - updateUi - DEBUG - Reset de l'affichage de la courbe
2024-12-15 17:36:20,615 - MainThread - updateUi - DEBUG - Reset de l'affichage de la courbe
2024-12-15 17:36:20,646 - MainThread - updateUi - DEBUG - Reset de l'affichage de la courbe
2024-12-15 17:36:20,676 - MainThread - updateUi - DEBUG - Reset de l'affichage de la courbe
2024-12-15 17:36:20,707 - MainThread - updateUi - DEBUG - Reset de l'affichage de la courbe
2024-12-15 17:36:20,738 - MainThread - updateUi - DEBUG - Reset de l'affichage de la courbe
2024-12-15 17:36:20,769 - MainThread - updateUi - DEBUG - Reset de l'affichage de la courbe
2024-12-15 17:36:20,800 - MainThread - updateUi - DEBUG - Reset de l'affichage de la courbe
2024-12-15 17:36:20,831 - MainThread - updateUi - DEBUG - Reset de l'affichage de la courbe
2024-12-15 17:36:20,859 - MainThread - updateUi - DEBUG - Reset de l'affichage de la courbe
2024-12-15 17:36:20,893 - MainThread - updateUi - DEBUG - Reset de l'affichage de la courbe
2024-12-15 17:36:20,923 - MainThread - updateUi - DEBUG - Reset de l'affichage de la courbe
2024-12-15 17:36:20,953 - MainThread - updateUi - DEBUG - Reset de l'affichage de la courbe
2024-12-15 17:36:20,984 - MainThread - updateUi - DEBUG - Reset de l'affichage de la courbe
2024-12-15 17:36:21,015 - MainThread - updateUi - DEBUG - Reset de l'affichage de la courbe
2024-12-15 17:36:21,046 - MainThread - updateUi - DEBUG - Reset de l'affichage de la courbe
2024-12-15 17:36:21,077 - MainThread - updateUi - DEBUG - Reset de l'affichage de la courbe
2024-12-15 17:36:21,107 - MainThread - updateUi - DEBUG - Reset de l'affichage de la courbe
2024-12-15 17:36:21,138 - MainThread - updateUi - DEBUG - Reset de l'affichage de la courbe
2024-12-15 17:36:21,169 - MainThread - updateUi - DEBUG - Reset de l'affichage de la courbe
2024-12-15 17:36:21,200 - MainThread - updateUi - DEBUG - Reset de l'affichage de la courbe
2024-12-15 17:36:21,231 - MainThread - updateUi - DEBUG - Reset de l'affichage de la courbe
2024-12-15 17:36:21,262 - MainThread - updateUi - DEBUG - Reset de l'affichage de la courbe
2024-12-15 17:36:21,293 - MainThread - updateUi - DEBUG - Reset de l'affichage de la courbe
2024-12-15 17:36:21,324 - MainThread - updateUi - DEBUG - Reset de l'affichage de la courbe
2024-12-15 17:36:21,354 - MainThread - updateUi - DEBUG - Reset de l'affichage de la courbe
2024-12-15 17:36:21,385 - MainThread - updateUi - DEBUG - Reset de l'affichage de la courbe
2024-12-15 17:36:21,416 - MainThread - updateUi - DEBUG - Reset de l'affichage de la courbe
2024-12-15 17:36:21,446 - MainThread - updateUi - DEBUG - Reset de l'affichage de la courbe
2024-12-15 17:36:21,477 - MainThread - updateUi - DEBUG - Reset de l'affichage de la courbe
2024-12-15 17:36:21,508 - MainThread - updateUi - DEBUG - Reset de l'affichage de la courbe
2024-12-15 17:36:21,538 - MainThread - updateUi - DEBUG - Reset de l'affichage de la courbe
2024-12-15 17:36:21,569 - MainThread - updateUi - DEBUG - Reset de l'affichage de la courbe
2024-12-15 17:36:21,600 - MainThread - updateUi - DEBUG - Reset de l'affichage de la courbe
2024-12-15 17:36:21,630 - MainThread - updateUi - DEBUG - Reset de l'affichage de la courbe
2024-12-15 17:36:21,658 - MainThread - updateUi - DEBUG - Reset de l'affichage de la courbe
2024-12-15 17:36:21,690 - MainThread - updateUi - DEBUG - Reset de l'affichage de la courbe
2024-12-15 17:36:21,722 - MainThread - updateUi - DEBUG - Reset de l'affichage de la courbe
2024-12-15 17:36:21,753 - MainThread - updateUi - DEBUG - Reset de l'affichage de la courbe
2024-12-15 17:36:21,784 - MainThread - updateUi - DEBUG - Reset de l'affichage de la courbe
2024-12-15 17:36:21,815 - MainThread - updateUi - DEBUG - Reset de l'affichage de la courbe
2024-12-15 17:36:21,843 - MainThread - updateUi - DEBUG - Reset de l'affichage de la courbe
2024-12-15 17:36:21,876 - MainThread - updateUi - DEBUG - Reset de l'affichage de la courbe
2024-12-15 17:36:21,907 - MainThread - updateUi - DEBUG - Reset de l'affichage de la courbe
2024-12-15 17:36:21,937 - MainThread - updateUi - DEBUG - Reset de l'affichage de la courbe
2024-12-15 17:36:21,968 - MainThread - updateUi - DEBUG - Reset de l'affichage de la courbe
2024-12-15 17:36:21,996 - MainThread - updateUi - DEBUG - Reset de l'affichage de la courbe
2024-12-15 17:36:22,026 - MainThread - updateUi - DEBUG - Reset de l'affichage de la courbe
2024-12-15 17:36:22,060 - MainThread - updateUi - DEBUG - Reset de l'affichage de la courbe
2024-12-15 17:36:22,091 - MainThread - updateUi - DEBUG - Reset de l'affichage de la courbe
2024-12-15 17:36:22,122 - MainThread - updateUi - DEBUG - Reset de l'affichage de la courbe
2024-12-15 17:36:22,153 - MainThread - updateUi - DEBUG - Reset de l'affichage de la courbe
2024-12-15 17:36:22,183 - MainThread - updateUi - DEBUG - Reset de l'affichage de la courbe
2024-12-15 17:36:22,210 - MainThread - updateUi - DEBUG - Reset de l'affichage de la courbe
2024-12-15 17:36:22,245 - MainThread - updateUi - DEBUG - Reset de l'affichage de la courbe
2024-12-15 17:36:22,273 - MainThread - updateUi - DEBUG - Reset de l'affichage de la courbe
2024-12-15 17:36:22,306 - MainThread - updateUi - DEBUG - Reset de l'affichage de la courbe
2024-12-15 17:36:22,336 - MainThread - updateUi - DEBUG - Reset de l'affichage de la courbe
2024-12-15 17:36:22,366 - MainThread - updateUi - DEBUG - Reset de l'affichage de la courbe
2024-12-15 17:36:22,398 - MainThread - updateUi - DEBUG - Reset de l'affichage de la courbe
2024-12-15 17:36:22,428 - MainThread - updateUi - DEBUG - Reset de l'affichage de la courbe
2024-12-15 17:36:22,459 - MainThread - updateUi - DEBUG - Reset de l'affichage de la courbe
2024-12-15 17:36:22,489 - MainThread - updateUi - DEBUG - Reset de l'affichage de la courbe
2024-12-15 17:36:22,520 - MainThread - updateUi - DEBUG - Reset de l'affichage de la courbe
2024-12-15 17:36:22,550 - MainThread - updateUi - DEBUG - Reset de l'affichage de la courbe
2024-12-15 17:36:22,578 - MainThread - updateUi - DEBUG - Reset de l'affichage de la courbe
2024-12-15 17:36:22,612 - MainThread - updateUi - DEBUG - Reset de l'affichage de la courbe
2024-12-15 17:36:22,642 - MainThread - updateUi - DEBUG - Reset de l'affichage de la courbe
2024-12-15 17:36:22,673 - MainThread - updateUi - DEBUG - Reset de l'affichage de la courbe
2024-12-15 17:36:22,704 - MainThread - updateUi - DEBUG - Reset de l'affichage de la courbe
2024-12-15 17:36:22,734 - MainThread - updateUi - DEBUG - Reset de l'affichage de la courbe
2024-12-15 17:36:22,765 - MainThread - updateUi - DEBUG - Reset de l'affichage de la courbe
2024-12-15 17:36:22,796 - MainThread - updateUi - DEBUG - Reset de l'affichage de la courbe
2024-12-15 17:36:22,827 - MainThread - updateUi - DEBUG - Reset de l'affichage de la courbe
2024-12-15 17:36:22,858 - MainThread - updateUi - DEBUG - Reset de l'affichage de la courbe
2024-12-15 17:36:22,889 - MainThread - updateUi - DEBUG - Reset de l'affichage de la courbe
2024-12-15 17:36:22,919 - MainThread - updateUi - DEBUG - Reset de l'affichage de la courbe
2024-12-15 17:36:22,950 - MainThread - updateUi - DEBUG - Reset de l'affichage de la courbe
2024-12-15 17:36:22,981 - MainThread - updateUi - DEBUG - Reset de l'affichage de la courbe
2024-12-15 17:36:23,011 - MainThread - updateUi - DEBUG - Reset de l'affichage de la courbe
2024-12-15 17:36:23,042 - MainThread - updateUi - DEBUG - Reset de l'affichage de la courbe
2024-12-15 17:36:23,073 - MainThread - updateUi - DEBUG - Reset de l'affichage de la courbe
2024-12-15 17:36:23,104 - MainThread - updateUi - DEBUG - Reset de l'affichage de la courbe
2024-12-15 17:36:23,134 - MainThread - updateUi - DEBUG - Reset de l'affichage de la courbe
2024-12-15 17:36:23,165 - MainThread - updateUi - DEBUG - Reset de l'affichage de la courbe
2024-12-15 17:36:23,195 - MainThread - updateUi - DEBUG - Reset de l'affichage de la courbe
2024-12-15 17:36:23,226 - MainThread - updateUi - DEBUG - Reset de l'affichage de la courbe
2024-12-15 17:36:23,257 - MainThread - updateUi - DEBUG - Reset de l'affichage de la courbe
2024-12-15 17:36:23,286 - MainThread - updateUi - DEBUG - Reset de l'affichage de la courbe
2024-12-15 17:36:23,318 - MainThread - updateUi - DEBUG - Reset de l'affichage de la courbe
2024-12-15 17:36:23,350 - MainThread - updateUi - DEBUG - Reset de l'affichage de la courbe
2024-12-15 17:36:23,381 - MainThread - updateUi - DEBUG - Reset de l'affichage de la courbe
2024-12-15 17:36:23,412 - MainThread - updateUi - DEBUG - Reset de l'affichage de la courbe
2024-12-15 17:36:23,442 - MainThread - updateUi - DEBUG - Reset de l'affichage de la courbe
2024-12-15 17:36:23,473 - MainThread - updateUi - DEBUG - Reset de l'affichage de la courbe
2024-12-15 17:36:23,504 - MainThread - updateUi - DEBUG - Reset de l'affichage de la courbe
2024-12-15 17:36:23,534 - MainThread - updateUi - DEBUG - Reset de l'affichage de la courbe
2024-12-15 17:36:23,565 - MainThread - updateUi - DEBUG - Reset de l'affichage de la courbe
2024-12-15 17:36:23,596 - MainThread - updateUi - DEBUG - Reset de l'affichage de la courbe
2024-12-15 17:36:23,626 - MainThread - updateUi - DEBUG - Reset de l'affichage de la courbe
2024-12-15 17:36:23,654 - MainThread - updateUi - DEBUG - Reset de l'affichage de la courbe
2024-12-15 17:36:23,688 - MainThread - updateUi - DEBUG - Reset de l'affichage de la courbe
2024-12-15 17:36:23,718 - MainThread - updateUi - DEBUG - Reset de l'affichage de la courbe
2024-12-15 17:36:23,749 - MainThread - updateUi - DEBUG - Reset de l'affichage de la courbe
2024-12-15 17:36:23,780 - MainThread - updateUi - DEBUG - Reset de l'affichage de la courbe
2024-12-15 17:36:23,811 - MainThread - updateUi - DEBUG - Reset de l'affichage de la courbe
2024-12-15 17:36:23,842 - MainThread - updateUi - DEBUG - Reset de l'affichage de la courbe
2024-12-15 17:36:23,873 - MainThread - updateUi - DEBUG - Reset de l'affichage de la courbe
2024-12-15 17:36:23,904 - MainThread - updateUi - DEBUG - Reset de l'affichage de la courbe
2024-12-15 17:36:23,935 - MainThread - updateUi - DEBUG - Reset de l'affichage de la courbe
2024-12-15 17:36:23,966 - MainThread - updateUi - DEBUG - Reset de l'affichage de la courbe
2024-12-15 17:36:23,997 - MainThread - updateUi - DEBUG - Reset de l'affichage de la courbe
2024-12-15 17:36:24,027 - MainThread - updateUi - DEBUG - Reset de l'affichage de la courbe
2024-12-15 17:36:24,058 - MainThread - updateUi - DEBUG - Reset de l'affichage de la courbe
2024-12-15 17:36:24,089 - MainThread - updateUi - DEBUG - Reset de l'affichage de la courbe
2024-12-15 17:36:24,120 - MainThread - updateUi - DEBUG - Reset de l'affichage de la courbe
2024-12-15 17:36:24,150 - MainThread - updateUi - DEBUG - Reset de l'affichage de la courbe
2024-12-15 17:36:24,181 - MainThread - updateUi - DEBUG - Reset de l'affichage de la courbe
2024-12-15 17:36:24,212 - MainThread - updateUi - DEBUG - Reset de l'affichage de la courbe
2024-12-15 17:36:24,244 - MainThread - updateUi - DEBUG - Reset de l'affichage de la courbe
2024-12-15 17:36:24,274 - MainThread - updateUi - DEBUG - Reset de l'affichage de la courbe
2024-12-15 17:36:24,305 - MainThread - updateUi - DEBUG - Reset de l'affichage de la courbe
2024-12-15 17:36:24,336 - MainThread - updateUi - DEBUG - Reset de l'affichage de la courbe
2024-12-15 17:36:24,379 - MainThread - updateUi - DEBUG - Reset de l'affichage de la courbe
2024-12-15 17:36:24,407 - MainThread - updateUi - DEBUG - Reset de l'affichage de la courbe
2024-12-15 17:36:24,447 - MainThread - updateUi - DEBUG - Reset de l'affichage de la courbe
2024-12-15 17:36:24,485 - MainThread - updateUi - DEBUG - Reset de l'affichage de la courbe
2024-12-15 17:36:24,519 - MainThread - updateUi - DEBUG - Reset de l'affichage de la courbe
2024-12-15 17:36:24,550 - MainThread - updateUi - DEBUG - Reset de l'affichage de la courbe
2024-12-15 17:36:24,596 - MainThread - updateUi - DEBUG - Reset de l'affichage de la courbe
2024-12-15 17:36:24,627 - MainThread - updateUi - DEBUG - Reset de l'affichage de la courbe
2024-12-15 17:36:24,673 - MainThread - updateUi - DEBUG - Reset de l'affichage de la courbe
2024-12-15 17:36:24,718 - MainThread - updateUi - DEBUG - Reset de l'affichage de la courbe
2024-12-15 17:36:24,749 - MainThread - updateUi - DEBUG - Reset de l'affichage de la courbe
2024-12-15 17:36:24,795 - MainThread - updateUi - DEBUG - Reset de l'affichage de la courbe
2024-12-15 17:36:24,826 - MainThread - updateUi - DEBUG - Reset de l'affichage de la courbe
2024-12-15 17:36:24,857 - MainThread - updateUi - DEBUG - Reset de l'affichage de la courbe
2024-12-15 17:36:24,888 - MainThread - updateUi - DEBUG - Reset de l'affichage de la courbe
2024-12-15 17:36:24,932 - MainThread - updateUi - DEBUG - Reset de l'affichage de la courbe
2024-12-15 17:36:24,960 - MainThread - updateUi - DEBUG - Reset de l'affichage de la courbe
2024-12-15 17:36:25,000 - MainThread - updateUi - DEBUG - Reset de l'affichage de la courbe
2024-12-15 17:36:25,030 - MainThread - updateUi - DEBUG - Reset de l'affichage de la courbe
2024-12-15 17:36:25,059 - MainThread - updateUi - DEBUG - Reset de l'affichage de la courbe
2024-12-15 17:36:25,091 - MainThread - updateUi - DEBUG - Reset de l'affichage de la courbe
2024-12-15 17:36:25,126 - MainThread - updateUi - DEBUG - Reset de l'affichage de la courbe
2024-12-15 17:36:25,170 - MainThread - updateUi - DEBUG - Reset de l'affichage de la courbe
2024-12-15 17:36:25,199 - MainThread - updateUi - DEBUG - Reset de l'affichage de la courbe
2024-12-15 17:36:25,243 - MainThread - updateUi - DEBUG - Reset de l'affichage de la courbe
2024-12-15 17:36:25,274 - MainThread - updateUi - DEBUG - Reset de l'affichage de la courbe
2024-12-15 17:36:25,322 - MainThread - updateUi - DEBUG - Reset de l'affichage de la courbe
2024-12-15 17:36:25,354 - MainThread - updateUi - DEBUG - Reset de l'affichage de la courbe
2024-12-15 17:36:25,385 - MainThread - updateUi - DEBUG - Reset de l'affichage de la courbe
2024-12-15 17:36:25,417 - MainThread - updateUi - DEBUG - Reset de l'affichage de la courbe
2024-12-15 17:36:25,458 - MainThread - updateUi - DEBUG - Reset de l'affichage de la courbe
2024-12-15 17:36:25,492 - MainThread - updateUi - DEBUG - Reset de l'affichage de la courbe
2024-12-15 17:36:25,524 - MainThread - updateUi - DEBUG - Reset de l'affichage de la courbe
2024-12-15 17:36:25,554 - MainThread - updateUi - DEBUG - Reset de l'affichage de la courbe
2024-12-15 17:36:25,600 - MainThread - updateUi - DEBUG - Reset de l'affichage de la courbe
2024-12-15 17:36:25,634 - MainThread - updateUi - DEBUG - Reset de l'affichage de la courbe
2024-12-15 17:36:25,679 - MainThread - updateUi - DEBUG - Reset de l'affichage de la courbe
2024-12-15 17:36:25,714 - MainThread - updateUi - DEBUG - Reset de l'affichage de la courbe
2024-12-15 17:36:25,760 - MainThread - updateUi - DEBUG - Reset de l'affichage de la courbe
2024-12-15 17:36:25,794 - MainThread - updateUi - DEBUG - Reset de l'affichage de la courbe
2024-12-15 17:36:25,838 - MainThread - updateUi - DEBUG - Reset de l'affichage de la courbe
2024-12-15 17:36:25,867 - MainThread - updateUi - DEBUG - Reset de l'affichage de la courbe
2024-12-15 17:36:25,910 - MainThread - updateUi - DEBUG - Reset de l'affichage de la courbe
2024-12-15 17:36:25,949 - MainThread - updateUi - DEBUG - Reset de l'affichage de la courbe
2024-12-15 17:36:25,983 - MainThread - updateUi - DEBUG - Reset de l'affichage de la courbe
2024-12-15 17:36:26,015 - MainThread - updateUi - DEBUG - Reset de l'affichage de la courbe
2024-12-15 17:36:26,046 - MainThread - updateUi - DEBUG - Reset de l'affichage de la courbe
2024-12-15 17:36:26,092 - MainThread - updateUi - DEBUG - Reset de l'affichage de la courbe
2024-12-15 17:36:26,123 - MainThread - updateUi - DEBUG - Reset de l'affichage de la courbe
2024-12-15 17:36:26,170 - MainThread - updateUi - DEBUG - Reset de l'affichage de la courbe
2024-12-15 17:36:26,201 - MainThread - updateUi - DEBUG - Reset de l'affichage de la courbe
2024-12-15 17:36:26,231 - MainThread - updateUi - DEBUG - Reset de l'affichage de la courbe
2024-12-15 17:36:26,262 - MainThread - updateUi - DEBUG - Reset de l'affichage de la courbe
2024-12-15 17:36:26,293 - MainThread - updateUi - DEBUG - Reset de l'affichage de la courbe
2024-12-15 17:36:26,324 - MainThread - updateUi - DEBUG - Reset de l'affichage de la courbe
2024-12-15 17:36:26,354 - MainThread - updateUi - DEBUG - Reset de l'affichage de la courbe
2024-12-15 17:36:26,385 - MainThread - updateUi - DEBUG - Reset de l'affichage de la courbe
2024-12-15 17:36:26,416 - MainThread - updateUi - DEBUG - Reset de l'affichage de la courbe
2024-12-15 17:36:26,447 - MainThread - updateUi - DEBUG - Reset de l'affichage de la courbe
2024-12-15 17:36:26,493 - MainThread - updateUi - DEBUG - Reset de l'affichage de la courbe
2024-12-15 17:36:26,524 - MainThread - updateUi - DEBUG - Reset de l'affichage de la courbe
2024-12-15 17:36:26,555 - MainThread - updateUi - DEBUG - Reset de l'affichage de la courbe
2024-12-15 17:36:26,586 - MainThread - updateUi - DEBUG - Reset de l'affichage de la courbe
2024-12-15 17:36:26,617 - MainThread - updateUi - DEBUG - Reset de l'affichage de la courbe
2024-12-15 17:36:26,648 - MainThread - updateUi - DEBUG - Reset de l'affichage de la courbe
2024-12-15 17:36:26,690 - MainThread - updateUi - DEBUG - Reset de l'affichage de la courbe
2024-12-15 17:36:26,721 - MainThread - updateUi - DEBUG - Reset de l'affichage de la courbe
2024-12-15 17:36:26,754 - MainThread - updateUi - DEBUG - Reset de l'affichage de la courbe
2024-12-15 17:36:26,786 - MainThread - updateUi - DEBUG - Reset de l'affichage de la courbe
2024-12-15 17:36:26,818 - MainThread - updateUi - DEBUG - Reset de l'affichage de la courbe
2024-12-15 17:36:26,849 - MainThread - updateUi - DEBUG - Reset de l'affichage de la courbe
2024-12-15 17:36:26,880 - MainThread - updateUi - DEBUG - Reset de l'affichage de la courbe
2024-12-15 17:36:26,910 - MainThread - updateUi - DEBUG - Reset de l'affichage de la courbe
2024-12-15 17:36:26,941 - MainThread - updateUi - DEBUG - Reset de l'affichage de la courbe
2024-12-15 17:36:26,973 - MainThread - updateUi - DEBUG - Reset de l'affichage de la courbe
2024-12-15 17:36:27,003 - MainThread - updateUi - DEBUG - Reset de l'affichage de la courbe
2024-12-15 17:36:27,033 - MainThread - updateUi - DEBUG - Reset de l'affichage de la courbe
2024-12-15 17:36:27,064 - MainThread - updateUi - DEBUG - Reset de l'affichage de la courbe
2024-12-15 17:36:27,095 - MainThread - updateUi - DEBUG - Reset de l'affichage de la courbe
2024-12-15 17:36:27,126 - MainThread - updateUi - DEBUG - Reset de l'affichage de la courbe
2024-12-15 17:36:27,157 - MainThread - updateUi - DEBUG - Reset de l'affichage de la courbe
2024-12-15 17:36:27,188 - MainThread - updateUi - DEBUG - Reset de l'affichage de la courbe
2024-12-15 17:36:27,219 - MainThread - updateUi - DEBUG - Reset de l'affichage de la courbe
2024-12-15 17:36:27,249 - MainThread - updateUi - DEBUG - Reset de l'affichage de la courbe
2024-12-15 17:36:27,280 - MainThread - updateUi - DEBUG - Reset de l'affichage de la courbe
2024-12-15 17:36:27,311 - MainThread - updateUi - DEBUG - Reset de l'affichage de la courbe
2024-12-15 17:36:27,342 - MainThread - updateUi - DEBUG - Reset de l'affichage de la courbe
2024-12-15 17:36:27,373 - MainThread - updateUi - DEBUG - Reset de l'affichage de la courbe
2024-12-15 17:36:27,403 - MainThread - updateUi - DEBUG - Reset de l'affichage de la courbe
2024-12-15 17:36:27,434 - MainThread - updateUi - DEBUG - Reset de l'affichage de la courbe
2024-12-15 17:36:27,465 - MainThread - updateUi - DEBUG - Reset de l'affichage de la courbe
2024-12-15 17:36:27,495 - MainThread - updateUi - DEBUG - Reset de l'affichage de la courbe
2024-12-15 17:36:27,526 - MainThread - updateUi - DEBUG - Reset de l'affichage de la courbe
2024-12-15 17:36:27,557 - MainThread - updateUi - DEBUG - Reset de l'affichage de la courbe
2024-12-15 17:36:27,588 - MainThread - updateUi - DEBUG - Reset de l'affichage de la courbe
2024-12-15 17:36:27,619 - MainThread - updateUi - DEBUG - Reset de l'affichage de la courbe
2024-12-15 17:36:27,648 - MainThread - updateUi - DEBUG - Reset de l'affichage de la courbe
2024-12-15 17:36:27,680 - MainThread - updateUi - DEBUG - Reset de l'affichage de la courbe
2024-12-15 17:36:27,711 - MainThread - updateUi - DEBUG - Reset de l'affichage de la courbe
2024-12-15 17:36:27,742 - MainThread - updateUi - DEBUG - Reset de l'affichage de la courbe
2024-12-15 17:36:27,773 - MainThread - updateUi - DEBUG - Reset de l'affichage de la courbe
2024-12-15 17:36:27,804 - MainThread - updateUi - DEBUG - Reset de l'affichage de la courbe
2024-12-15 17:36:27,835 - MainThread - updateUi - DEBUG - Reset de l'affichage de la courbe
2024-12-15 17:36:27,865 - MainThread - updateUi - DEBUG - Reset de l'affichage de la courbe
2024-12-15 17:36:27,897 - MainThread - updateUi - DEBUG - Reset de l'affichage de la courbe
2024-12-15 17:36:27,928 - MainThread - updateUi - DEBUG - Reset de l'affichage de la courbe
2024-12-15 17:36:27,958 - MainThread - updateUi - DEBUG - Reset de l'affichage de la courbe
2024-12-15 17:36:27,989 - MainThread - updateUi - DEBUG - Reset de l'affichage de la courbe
2024-12-15 17:36:28,019 - MainThread - updateUi - DEBUG - Reset de l'affichage de la courbe
2024-12-15 17:36:28,050 - MainThread - updateUi - DEBUG - Reset de l'affichage de la courbe
2024-12-15 17:36:28,081 - MainThread - updateUi - DEBUG - Reset de l'affichage de la courbe
2024-12-15 17:36:28,112 - MainThread - updateUi - DEBUG - Reset de l'affichage de la courbe
2024-12-15 17:36:28,142 - MainThread - updateUi - DEBUG - Reset de l'affichage de la courbe
2024-12-15 17:36:28,172 - MainThread - updateUi - DEBUG - Reset de l'affichage de la courbe
2024-12-15 17:36:28,204 - MainThread - updateUi - DEBUG - Reset de l'affichage de la courbe
2024-12-15 17:36:28,235 - MainThread - updateUi - DEBUG - Reset de l'affichage de la courbe
2024-12-15 17:36:28,266 - MainThread - updateUi - DEBUG - Reset de l'affichage de la courbe
2024-12-15 17:36:28,296 - MainThread - updateUi - DEBUG - Reset de l'affichage de la courbe
2024-12-15 17:36:28,327 - MainThread - updateUi - DEBUG - Reset de l'affichage de la courbe
2024-12-15 17:36:28,358 - MainThread - updateUi - DEBUG - Reset de l'affichage de la courbe
2024-12-15 17:36:28,389 - MainThread - updateUi - DEBUG - Reset de l'affichage de la courbe
2024-12-15 17:36:28,418 - MainThread - updateUi - DEBUG - Reset de l'affichage de la courbe
2024-12-15 17:36:28,451 - MainThread - updateUi - DEBUG - Reset de l'affichage de la courbe
2024-12-15 17:36:28,482 - MainThread - updateUi - DEBUG - Reset de l'affichage de la courbe
2024-12-15 17:36:28,513 - MainThread - updateUi - DEBUG - Reset de l'affichage de la courbe
2024-12-15 17:36:28,543 - MainThread - updateUi - DEBUG - Reset de l'affichage de la courbe
2024-12-15 17:36:28,574 - MainThread - updateUi - DEBUG - Reset de l'affichage de la courbe
2024-12-15 17:36:28,605 - MainThread - updateUi - DEBUG - Reset de l'affichage de la courbe
2024-12-15 17:36:28,636 - MainThread - updateUi - DEBUG - Reset de l'affichage de la courbe
2024-12-15 17:36:28,666 - MainThread - updateUi - DEBUG - Reset de l'affichage de la courbe
2024-12-15 17:36:28,697 - MainThread - updateUi - DEBUG - Reset de l'affichage de la courbe
2024-12-15 17:36:28,728 - MainThread - updateUi - DEBUG - Reset de l'affichage de la courbe
2024-12-15 17:36:28,759 - MainThread - updateUi - DEBUG - Reset de l'affichage de la courbe
2024-12-15 17:36:28,790 - MainThread - updateUi - DEBUG - Reset de l'affichage de la courbe
2024-12-15 17:36:28,821 - MainThread - updateUi - DEBUG - Reset de l'affichage de la courbe
2024-12-15 17:36:28,852 - MainThread - updateUi - DEBUG - Reset de l'affichage de la courbe
2024-12-15 17:36:28,883 - MainThread - updateUi - DEBUG - Reset de l'affichage de la courbe
2024-12-15 17:36:28,914 - MainThread - updateUi - DEBUG - Reset de l'affichage de la courbe
2024-12-15 17:36:28,945 - MainThread - updateUi - DEBUG - Reset de l'affichage de la courbe
2024-12-15 17:36:28,975 - MainThread - updateUi - DEBUG - Reset de l'affichage de la courbe
2024-12-15 17:36:29,006 - MainThread - updateUi - DEBUG - Reset de l'affichage de la courbe
2024-12-15 17:36:29,037 - MainThread - updateUi - DEBUG - Reset de l'affichage de la courbe
2024-12-15 17:36:29,068 - MainThread - updateUi - DEBUG - Reset de l'affichage de la courbe
2024-12-15 17:36:29,099 - MainThread - updateUi - DEBUG - Reset de l'affichage de la courbe
2024-12-15 17:36:29,130 - MainThread - updateUi - DEBUG - Reset de l'affichage de la courbe
2024-12-15 17:36:29,161 - MainThread - updateUi - DEBUG - Reset de l'affichage de la courbe
2024-12-15 17:36:29,191 - MainThread - updateUi - DEBUG - Reset de l'affichage de la courbe
2024-12-15 17:36:29,223 - MainThread - updateUi - DEBUG - Reset de l'affichage de la courbe
2024-12-15 17:36:29,254 - MainThread - updateUi - DEBUG - Reset de l'affichage de la courbe
2024-12-15 17:36:29,284 - MainThread - updateUi - DEBUG - Reset de l'affichage de la courbe
2024-12-15 17:36:29,315 - MainThread - updateUi - DEBUG - Reset de l'affichage de la courbe
2024-12-15 17:36:29,346 - MainThread - updateUi - DEBUG - Reset de l'affichage de la courbe
2024-12-15 17:36:29,377 - MainThread - updateUi - DEBUG - Reset de l'affichage de la courbe
2024-12-15 17:36:29,408 - MainThread - updateUi - DEBUG - Reset de l'affichage de la courbe
2024-12-15 17:36:29,439 - MainThread - updateUi - DEBUG - Reset de l'affichage de la courbe
2024-12-15 17:36:29,469 - MainThread - updateUi - DEBUG - Reset de l'affichage de la courbe
2024-12-15 17:36:29,500 - MainThread - updateUi - DEBUG - Reset de l'affichage de la courbe
2024-12-15 17:36:29,531 - MainThread - updateUi - DEBUG - Reset de l'affichage de la courbe
2024-12-15 17:36:29,562 - MainThread - updateUi - DEBUG - Reset de l'affichage de la courbe
2024-12-15 17:36:29,592 - MainThread - updateUi - DEBUG - Reset de l'affichage de la courbe
2024-12-15 17:36:29,623 - MainThread - updateUi - DEBUG - Reset de l'affichage de la courbe
2024-12-15 17:36:29,654 - MainThread - updateUi - DEBUG - Reset de l'affichage de la courbe
2024-12-15 17:36:29,685 - MainThread - updateUi - DEBUG - Reset de l'affichage de la courbe
2024-12-15 17:36:29,716 - MainThread - updateUi - DEBUG - Reset de l'affichage de la courbe
2024-12-15 17:36:29,747 - MainThread - updateUi - DEBUG - Reset de l'affichage de la courbe
2024-12-15 17:36:29,778 - MainThread - updateUi - DEBUG - Reset de l'affichage de la courbe
2024-12-15 17:36:29,809 - MainThread - updateUi - DEBUG - Reset de l'affichage de la courbe
2024-12-15 17:36:29,838 - MainThread - updateUi - DEBUG - Reset de l'affichage de la courbe
2024-12-15 17:36:29,869 - MainThread - updateUi - DEBUG - Reset de l'affichage de la courbe
2024-12-15 17:36:29,902 - MainThread - updateUi - DEBUG - Reset de l'affichage de la courbe
2024-12-15 17:36:29,933 - MainThread - updateUi - DEBUG - Reset de l'affichage de la courbe
2024-12-15 17:36:29,964 - MainThread - updateUi - DEBUG - Reset de l'affichage de la courbe
2024-12-15 17:36:29,995 - MainThread - updateUi - DEBUG - Reset de l'affichage de la courbe
2024-12-15 17:36:30,026 - MainThread - updateUi - DEBUG - Reset de l'affichage de la courbe
2024-12-15 17:36:30,057 - MainThread - updateUi - DEBUG - Reset de l'affichage de la courbe
2024-12-15 17:36:30,088 - MainThread - updateUi - DEBUG - Reset de l'affichage de la courbe
2024-12-15 17:36:30,117 - MainThread - updateUi - DEBUG - Reset de l'affichage de la courbe
2024-12-15 17:36:30,149 - MainThread - updateUi - DEBUG - Reset de l'affichage de la courbe
2024-12-15 17:36:30,180 - MainThread - updateUi - DEBUG - Reset de l'affichage de la courbe
2024-12-15 17:36:30,211 - MainThread - updateUi - DEBUG - Reset de l'affichage de la courbe
2024-12-15 17:36:30,242 - MainThread - updateUi - DEBUG - Reset de l'affichage de la courbe
2024-12-15 17:36:30,334 - MainThread - onClose - INFO - Fermeture de la fenetre
2024-12-15 17:36:30,346 - MainThread - <module> - INFO - Fin du programme
