2024-12-22 19:29:01,989 - MainThread - <module> - INFO - Initialisation du logger
2024-12-22 19:29:02,251 - MainThread - update - DEBUG - Update vaue de la courbe
2024-12-22 19:29:02,283 - MainThread - afficher - INFO - Affichage de la fenetre
2024-12-22 19:29:02,283 - MainThread - updateUi - DEBUG - Reset de l'affichage de la courbe
2024-12-22 19:29:02,367 - MainThread - updateUi - DEBUG - Reset de l'affichage de la courbe
2024-12-22 19:29:02,464 - MainThread - updateUi - DEBUG - Reset de l'affichage de la courbe
2024-12-22 19:29:02,528 - MainThread - updateUi - DEBUG - Reset de l'affichage de la courbe
2024-12-22 19:29:02,602 - MainThread - updateUi - DEBUG - Reset de l'affichage de la courbe
2024-12-22 19:29:02,673 - MainThread - updateUi - DEBUG - Reset de l'affichage de la courbe
2024-12-22 19:29:02,736 - MainThread - updateUi - DEBUG - Reset de l'affichage de la courbe
2024-12-22 19:29:02,798 - MainThread - updateUi - DEBUG - Reset de l'affichage de la courbe
2024-12-22 19:29:02,860 - MainThread - updateUi - DEBUG - Reset de l'affichage de la courbe
2024-12-22 19:29:02,924 - MainThread - updateUi - DEBUG - Reset de l'affichage de la courbe
2024-12-22 19:29:03,005 - MainThread - updateUi - DEBUG - Reset de l'affichage de la courbe
2024-12-22 19:29:03,077 - MainThread - updateUi - DEBUG - Reset de l'affichage de la courbe
2024-12-22 19:29:03,141 - MainThread - updateUi - DEBUG - Reset de l'affichage de la courbe
2024-12-22 19:29:03,204 - MainThread - updateUi - DEBUG - Reset de l'affichage de la courbe
2024-12-22 19:29:03,262 - MainThread - updateUi - DEBUG - Reset de l'affichage de la courbe
2024-12-22 19:29:03,341 - MainThread - updateUi - DEBUG - Reset de l'affichage de la courbe
2024-12-22 19:29:03,410 - MainThread - updateUi - DEBUG - Reset de l'affichage de la courbe
2024-12-22 19:29:03,476 - MainThread - updateUi - DEBUG - Reset de l'affichage de la courbe
2024-12-22 19:29:03,540 - MainThread - updateUi - DEBUG - Reset de l'affichage de la courbe
2024-12-22 19:29:03,603 - MainThread - updateUi - DEBUG - Reset de l'affichage de la courbe
2024-12-22 19:29:03,663 - MainThread - updateUi - DEBUG - Reset de l'affichage de la courbe
2024-12-22 19:29:03,747 - MainThread - updateUi - DEBUG - Reset de l'affichage de la courbe
2024-12-22 19:29:03,810 - MainThread - updateUi - DEBUG - Reset de l'affichage de la courbe
2024-12-22 19:29:03,879 - MainThread - updateUi - DEBUG - Reset de l'affichage de la courbe
2024-12-22 19:29:03,937 - MainThread - updateUi - DEBUG - Reset de l'affichage de la courbe
2024-12-22 19:29:04,010 - MainThread - updateUi - DEBUG - Reset de l'affichage de la courbe
2024-12-22 19:29:04,074 - MainThread - updateUi - DEBUG - Reset de l'affichage de la courbe
2024-12-22 19:29:04,131 - MainThread - updateUi - DEBUG - Reset de l'affichage de la courbe
2024-12-22 19:29:04,212 - MainThread - updateUi - DEBUG - Reset de l'affichage de la courbe
2024-12-22 19:29:04,268 - MainThread - updateUi - DEBUG - Reset de l'affichage de la courbe
2024-12-22 19:29:04,338 - MainThread - SimuTry - DEBUG - Debut Thread
2024-12-22 19:29:04,396 - MainThread - updateUi - DEBUG - Reset de l'affichage de la courbe
2024-12-22 19:29:04,447 - MainThread - updateUi - DEBUG - Reset de l'affichage de la courbe
2024-12-22 19:29:04,517 - MainThread - updateUi - DEBUG - Reset de l'affichage de la courbe
2024-12-22 19:29:04,591 - MainThread - updateUi - DEBUG - Reset de l'affichage de la courbe
2024-12-22 19:29:04,670 - MainThread - updateUi - DEBUG - Reset de l'affichage de la courbe
2024-12-22 19:29:04,733 - MainThread - updateUi - DEBUG - Reset de l'affichage de la courbe
2024-12-22 19:29:04,796 - MainThread - updateUi - DEBUG - Reset de l'affichage de la courbe
2024-12-22 19:29:04,859 - MainThread - updateUi - DEBUG - Reset de l'affichage de la courbe
2024-12-22 19:29:04,922 - MainThread - updateUi - DEBUG - Reset de l'affichage de la courbe
2024-12-22 19:29:04,993 - MainThread - updateUi - DEBUG - Reset de l'affichage de la courbe
2024-12-22 19:29:05,057 - MainThread - updateUi - DEBUG - Reset de l'affichage de la courbe
2024-12-22 19:29:05,121 - MainThread - updateUi - DEBUG - Reset de l'affichage de la courbe
2024-12-22 19:29:05,193 - MainThread - updateUi - DEBUG - Reset de l'affichage de la courbe
2024-12-22 19:29:05,257 - MainThread - updateUi - DEBUG - Reset de l'affichage de la courbe
2024-12-22 19:29:05,321 - MainThread - updateUi - DEBUG - Reset de l'affichage de la courbe
2024-12-22 19:29:05,378 - MainThread - updateUi - DEBUG - Reset de l'affichage de la courbe
2024-12-22 19:29:05,457 - MainThread - updateUi - DEBUG - Reset de l'affichage de la courbe
2024-12-22 19:29:05,521 - MainThread - updateUi - DEBUG - Reset de l'affichage de la courbe
2024-12-22 19:29:05,592 - MainThread - updateUi - DEBUG - Reset de l'affichage de la courbe
2024-12-22 19:29:05,657 - MainThread - updateUi - DEBUG - Reset de l'affichage de la courbe
2024-12-22 19:29:05,720 - MainThread - updateUi - DEBUG - Reset de l'affichage de la courbe
2024-12-22 19:29:05,792 - MainThread - updateUi - DEBUG - Reset de l'affichage de la courbe
2024-12-22 19:29:05,855 - MainThread - updateUi - DEBUG - Reset de l'affichage de la courbe
2024-12-22 19:29:05,918 - MainThread - updateUi - DEBUG - Reset de l'affichage de la courbe
2024-12-22 19:29:05,996 - MainThread - updateUi - DEBUG - Reset de l'affichage de la courbe
2024-12-22 19:29:06,074 - MainThread - updateUi - DEBUG - Reset de l'affichage de la courbe
2024-12-22 19:29:06,153 - MainThread - updateUi - DEBUG - Reset de l'affichage de la courbe
2024-12-22 19:29:06,215 - MainThread - updateUi - DEBUG - Reset de l'affichage de la courbe
2024-12-22 19:29:06,293 - MainThread - updateUi - DEBUG - Reset de l'affichage de la courbe
2024-12-22 19:29:06,356 - MainThread - updateUi - DEBUG - Reset de l'affichage de la courbe
2024-12-22 19:29:06,420 - MainThread - updateUi - DEBUG - Reset de l'affichage de la courbe
2024-12-22 19:29:06,498 - MainThread - updateUi - DEBUG - Reset de l'affichage de la courbe
2024-12-22 19:29:06,560 - MainThread - updateUi - DEBUG - Reset de l'affichage de la courbe
2024-12-22 19:29:06,623 - MainThread - updateUi - DEBUG - Reset de l'affichage de la courbe
2024-12-22 19:29:06,685 - MainThread - updateUi - DEBUG - Reset de l'affichage de la courbe
2024-12-22 19:29:06,748 - MainThread - updateUi - DEBUG - Reset de l'affichage de la courbe
2024-12-22 19:29:06,802 - MainThread - updateUi - DEBUG - Reset de l'affichage de la courbe
2024-12-22 19:29:06,859 - MainThread - updateUi - DEBUG - Reset de l'affichage de la courbe
2024-12-22 19:29:06,906 - MainThread - updateUi - DEBUG - Reset de l'affichage de la courbe
2024-12-22 19:29:06,969 - MainThread - updateUi - DEBUG - Reset de l'affichage de la courbe
2024-12-22 19:29:07,032 - MainThread - updateUi - DEBUG - Reset de l'affichage de la courbe
2024-12-22 19:29:07,094 - MainThread - updateUi - DEBUG - Reset de l'affichage de la courbe
2024-12-22 19:29:07,173 - MainThread - updateUi - DEBUG - Reset de l'affichage de la courbe
2024-12-22 19:29:07,236 - MainThread - updateUi - DEBUG - Reset de l'affichage de la courbe
2024-12-22 19:29:07,299 - MainThread - updateUi - DEBUG - Reset de l'affichage de la courbe
2024-12-22 19:29:07,362 - MainThread - updateUi - DEBUG - Reset de l'affichage de la courbe
2024-12-22 19:29:07,425 - MainThread - updateUi - DEBUG - Reset de l'affichage de la courbe
2024-12-22 19:29:07,487 - MainThread - updateUi - DEBUG - Reset de l'affichage de la courbe
2024-12-22 19:29:07,550 - MainThread - updateUi - DEBUG - Reset de l'affichage de la courbe
2024-12-22 19:29:07,628 - MainThread - updateUi - DEBUG - Reset de l'affichage de la courbe
2024-12-22 19:29:07,706 - MainThread - updateUi - DEBUG - Reset de l'affichage de la courbe
2024-12-22 19:29:07,769 - MainThread - updateUi - DEBUG - Reset de l'affichage de la courbe
2024-12-22 19:29:07,832 - MainThread - updateUi - DEBUG - Reset de l'affichage de la courbe
2024-12-22 19:29:07,895 - MainThread - updateUi - DEBUG - Reset de l'affichage de la courbe
2024-12-22 19:29:07,958 - MainThread - updateUi - DEBUG - Reset de l'affichage de la courbe
2024-12-22 19:29:08,036 - MainThread - updateUi - DEBUG - Reset de l'affichage de la courbe
2024-12-22 19:29:08,099 - MainThread - updateUi - DEBUG - Reset de l'affichage de la courbe
2024-12-22 19:29:08,162 - MainThread - updateUi - DEBUG - Reset de l'affichage de la courbe
2024-12-22 19:29:08,226 - MainThread - updateUi - DEBUG - Reset de l'affichage de la courbe
2024-12-22 19:29:08,289 - MainThread - updateUi - DEBUG - Reset de l'affichage de la courbe
2024-12-22 19:29:08,352 - MainThread - updateUi - DEBUG - Reset de l'affichage de la courbe
2024-12-22 19:29:08,415 - MainThread - updateUi - DEBUG - Reset de l'affichage de la courbe
2024-12-22 19:29:08,478 - MainThread - updateUi - DEBUG - Reset de l'affichage de la courbe
2024-12-22 19:29:08,537 - MainThread - updateUi - DEBUG - Reset de l'affichage de la courbe
2024-12-22 19:29:08,595 - MainThread - updateUi - DEBUG - Reset de l'affichage de la courbe
2024-12-22 19:29:08,667 - MainThread - updateUi - DEBUG - Reset de l'affichage de la courbe
2024-12-22 19:29:08,714 - MainThread - updateUi - DEBUG - Reset de l'affichage de la courbe
2024-12-22 19:29:08,793 - MainThread - updateUi - DEBUG - Reset de l'affichage de la courbe
2024-12-22 19:29:08,840 - MainThread - updateUi - DEBUG - Reset de l'affichage de la courbe
2024-12-22 19:29:08,909 - MainThread - updateUi - DEBUG - Reset de l'affichage de la courbe
2024-12-22 19:29:08,982 - MainThread - updateUi - DEBUG - Reset de l'affichage de la courbe
2024-12-22 19:29:09,034 - MainThread - updateUi - DEBUG - Reset de l'affichage de la courbe
2024-12-22 19:29:09,108 - MainThread - updateUi - DEBUG - Reset de l'affichage de la courbe
2024-12-22 19:29:09,170 - MainThread - updateUi - DEBUG - Reset de l'affichage de la courbe
2024-12-22 19:29:09,297 - MainThread - onClose - INFO - Fermeture de la fenetre
2024-12-22 19:29:09,362 - MainThread - <module> - INFO - Fin du programme
