2024-12-22 19:42:56,560 - MainThread - <module> - INFO - Initialisation du logger
2024-12-22 19:42:56,850 - MainThread - afficher - INFO - Affichage de la fenetre
2024-12-22 19:42:56,856 - MainThread - updateUi - DEBUG - Reset de l'affichage de la courbe
2024-12-22 19:42:56,936 - MainThread - updateUi - DEBUG - Reset de l'affichage de la courbe
2024-12-22 19:42:57,018 - MainThread - updateUi - DEBUG - Reset de l'affichage de la courbe
2024-12-22 19:42:57,120 - MainThread - updateUi - DEBUG - Reset de l'affichage de la courbe
2024-12-22 19:42:57,212 - MainThread - updateUi - DEBUG - Reset de l'affichage de la courbe
2024-12-22 19:42:57,292 - MainThread - updateUi - DEBUG - Reset de l'affichage de la courbe
2024-12-22 19:42:57,379 - MainThread - updateUi - DEBUG - Reset de l'affichage de la courbe
2024-12-22 19:42:57,443 - MainThread - updateUi - DEBUG - Reset de l'affichage de la courbe
2024-12-22 19:42:57,530 - MainThread - updateUi - DEBUG - Reset de l'affichage de la courbe
2024-12-22 19:42:57,609 - MainThread - updateUi - DEBUG - Reset de l'affichage de la courbe
2024-12-22 19:42:57,690 - MainThread - updateUi - DEBUG - Reset de l'affichage de la courbe
2024-12-22 19:42:57,761 - MainThread - updateUi - DEBUG - Reset de l'affichage de la courbe
2024-12-22 19:42:57,825 - MainThread - updateUi - DEBUG - Reset de l'affichage de la courbe
2024-12-22 19:42:57,905 - MainThread - updateUi - DEBUG - Reset de l'affichage de la courbe
2024-12-22 19:42:57,966 - MainThread - updateUi - DEBUG - Reset de l'affichage de la courbe
2024-12-22 19:42:58,044 - MainThread - updateUi - DEBUG - Reset de l'affichage de la courbe
2024-12-22 19:42:58,107 - MainThread - updateUi - DEBUG - Reset de l'affichage de la courbe
2024-12-22 19:42:58,185 - MainThread - updateUi - DEBUG - Reset de l'affichage de la courbe
2024-12-22 19:42:58,264 - MainThread - updateUi - DEBUG - Reset de l'affichage de la courbe
2024-12-22 19:42:58,326 - MainThread - updateUi - DEBUG - Reset de l'affichage de la courbe
2024-12-22 19:42:58,388 - MainThread - updateUi - DEBUG - Reset de l'affichage de la courbe
2024-12-22 19:42:58,452 - MainThread - updateUi - DEBUG - Reset de l'affichage de la courbe
2024-12-22 19:42:58,530 - MainThread - updateUi - DEBUG - Reset de l'affichage de la courbe
2024-12-22 19:42:58,608 - MainThread - updateUi - DEBUG - Reset de l'affichage de la courbe
2024-12-22 19:42:58,687 - MainThread - updateUi - DEBUG - Reset de l'affichage de la courbe
2024-12-22 19:42:58,750 - MainThread - updateUi - DEBUG - Reset de l'affichage de la courbe
2024-12-22 19:42:58,877 - MainThread - updateUi - DEBUG - Reset de l'affichage de la courbe
2024-12-22 19:42:58,995 - MainThread - updateUi - DEBUG - Reset de l'affichage de la courbe
2024-12-22 19:42:59,072 - MainThread - updateUi - DEBUG - Reset de l'affichage de la courbe
2024-12-22 19:42:59,152 - MainThread - updateUi - DEBUG - Reset de l'affichage de la courbe
2024-12-22 19:42:59,244 - MainThread - updateUi - DEBUG - Reset de l'affichage de la courbe
2024-12-22 19:42:59,322 - MainThread - updateUi - DEBUG - Reset de l'affichage de la courbe
2024-12-22 19:42:59,400 - MainThread - updateUi - DEBUG - Reset de l'affichage de la courbe
2024-12-22 19:42:59,480 - MainThread - updateUi - DEBUG - Reset de l'affichage de la courbe
2024-12-22 19:42:59,624 - MainThread - updateUi - DEBUG - Reset de l'affichage de la courbe
2024-12-22 19:42:59,706 - MainThread - updateUi - DEBUG - Reset de l'affichage de la courbe
2024-12-22 19:42:59,785 - MainThread - updateUi - DEBUG - Reset de l'affichage de la courbe
2024-12-22 19:42:59,854 - MainThread - updateUi - DEBUG - Reset de l'affichage de la courbe
2024-12-22 19:42:59,962 - MainThread - updateUi - DEBUG - Reset de l'affichage de la courbe
2024-12-22 19:43:00,050 - MainThread - updateUi - DEBUG - Reset de l'affichage de la courbe
2024-12-22 19:43:00,118 - MainThread - updateUi - DEBUG - Reset de l'affichage de la courbe
2024-12-22 19:43:00,215 - MainThread - updateUi - DEBUG - Reset de l'affichage de la courbe
2024-12-22 19:43:00,292 - MainThread - updateUi - DEBUG - Reset de l'affichage de la courbe
2024-12-22 19:43:00,371 - MainThread - updateUi - DEBUG - Reset de l'affichage de la courbe
2024-12-22 19:43:00,451 - MainThread - updateUi - DEBUG - Reset de l'affichage de la courbe
2024-12-22 19:43:00,529 - MainThread - updateUi - DEBUG - Reset de l'affichage de la courbe
2024-12-22 19:43:00,603 - MainThread - updateUi - DEBUG - Reset de l'affichage de la courbe
2024-12-22 19:43:00,670 - MainThread - updateUi - DEBUG - Reset de l'affichage de la courbe
2024-12-22 19:43:00,749 - MainThread - updateUi - DEBUG - Reset de l'affichage de la courbe
2024-12-22 19:43:00,812 - MainThread - startSimulation - DEBUG - Start simu clicked
2024-12-22 19:43:00,812 - MainThread - SimuTry - DEBUG - Debut Thread
2024-12-22 19:43:00,856 - MainThread - updateUi - DEBUG - Reset de l'affichage de la courbe
2024-12-22 19:43:00,929 - MainThread - updateUi - DEBUG - Reset de l'affichage de la courbe
2024-12-22 19:43:01,002 - MainThread - updateUi - DEBUG - Reset de l'affichage de la courbe
2024-12-22 19:43:01,064 - MainThread - updateUi - DEBUG - Reset de l'affichage de la courbe
2024-12-22 19:43:01,158 - MainThread - updateUi - DEBUG - Reset de l'affichage de la courbe
2024-12-22 19:43:01,236 - MainThread - updateUi - DEBUG - Reset de l'affichage de la courbe
2024-12-22 19:43:01,357 - MainThread - updateUi - DEBUG - Reset de l'affichage de la courbe
2024-12-22 19:43:01,462 - MainThread - updateUi - DEBUG - Reset de l'affichage de la courbe
2024-12-22 19:43:01,554 - MainThread - updateUi - DEBUG - Reset de l'affichage de la courbe
2024-12-22 19:43:01,642 - MainThread - updateUi - DEBUG - Reset de l'affichage de la courbe
2024-12-22 19:43:01,729 - MainThread - updateUi - DEBUG - Reset de l'affichage de la courbe
2024-12-22 19:43:01,813 - MainThread - updateUi - DEBUG - Reset de l'affichage de la courbe
2024-12-22 19:43:01,908 - MainThread - updateUi - DEBUG - Reset de l'affichage de la courbe
2024-12-22 19:43:02,005 - MainThread - updateUi - DEBUG - Reset de l'affichage de la courbe
2024-12-22 19:43:02,083 - MainThread - updateUi - DEBUG - Reset de l'affichage de la courbe
2024-12-22 19:43:02,161 - MainThread - updateUi - DEBUG - Reset de l'affichage de la courbe
2024-12-22 19:43:02,239 - MainThread - updateUi - DEBUG - Reset de l'affichage de la courbe
2024-12-22 19:43:02,317 - MainThread - updateUi - DEBUG - Reset de l'affichage de la courbe
2024-12-22 19:43:02,395 - MainThread - updateUi - DEBUG - Reset de l'affichage de la courbe
2024-12-22 19:43:02,459 - MainThread - updateUi - DEBUG - Reset de l'affichage de la courbe
2024-12-22 19:43:02,537 - MainThread - updateUi - DEBUG - Reset de l'affichage de la courbe
2024-12-22 19:43:02,615 - MainThread - updateUi - DEBUG - Reset de l'affichage de la courbe
2024-12-22 19:43:02,693 - MainThread - updateUi - DEBUG - Reset de l'affichage de la courbe
2024-12-22 19:43:02,787 - MainThread - updateUi - DEBUG - Reset de l'affichage de la courbe
2024-12-22 19:43:02,850 - MainThread - updateUi - DEBUG - Reset de l'affichage de la courbe
2024-12-22 19:43:02,912 - MainThread - updateUi - DEBUG - Reset de l'affichage de la courbe
2024-12-22 19:43:02,992 - MainThread - updateUi - DEBUG - Reset de l'affichage de la courbe
2024-12-22 19:43:03,070 - MainThread - updateUi - DEBUG - Reset de l'affichage de la courbe
2024-12-22 19:43:03,148 - MainThread - updateUi - DEBUG - Reset de l'affichage de la courbe
2024-12-22 19:43:03,211 - MainThread - updateUi - DEBUG - Reset de l'affichage de la courbe
2024-12-22 19:43:03,273 - MainThread - updateUi - DEBUG - Reset de l'affichage de la courbe
2024-12-22 19:43:03,336 - MainThread - updateUi - DEBUG - Reset de l'affichage de la courbe
2024-12-22 19:43:03,399 - MainThread - updateUi - DEBUG - Reset de l'affichage de la courbe
2024-12-22 19:43:03,462 - MainThread - updateUi - DEBUG - Reset de l'affichage de la courbe
2024-12-22 19:43:03,542 - MainThread - updateUi - DEBUG - Reset de l'affichage de la courbe
2024-12-22 19:43:03,604 - MainThread - updateUi - DEBUG - Reset de l'affichage de la courbe
2024-12-22 19:43:03,667 - MainThread - updateUi - DEBUG - Reset de l'affichage de la courbe
2024-12-22 19:43:03,745 - MainThread - updateUi - DEBUG - Reset de l'affichage de la courbe
2024-12-22 19:43:03,809 - MainThread - updateUi - DEBUG - Reset de l'affichage de la courbe
2024-12-22 19:43:03,888 - MainThread - updateUi - DEBUG - Reset de l'affichage de la courbe
2024-12-22 19:43:03,981 - MainThread - updateUi - DEBUG - Reset de l'affichage de la courbe
2024-12-22 19:43:04,060 - MainThread - updateUi - DEBUG - Reset de l'affichage de la courbe
2024-12-22 19:43:04,123 - MainThread - updateUi - DEBUG - Reset de l'affichage de la courbe
2024-12-22 19:43:04,186 - MainThread - updateUi - DEBUG - Reset de l'affichage de la courbe
2024-12-22 19:43:04,264 - MainThread - updateUi - DEBUG - Reset de l'affichage de la courbe
2024-12-22 19:43:04,343 - MainThread - updateUi - DEBUG - Reset de l'affichage de la courbe
2024-12-22 19:43:04,421 - MainThread - updateUi - DEBUG - Reset de l'affichage de la courbe
2024-12-22 19:43:04,484 - MainThread - updateUi - DEBUG - Reset de l'affichage de la courbe
2024-12-22 19:43:04,560 - MainThread - updateUi - DEBUG - Reset de l'affichage de la courbe
2024-12-22 19:43:04,629 - MainThread - updateUi - DEBUG - Reset de l'affichage de la courbe
2024-12-22 19:43:04,707 - MainThread - updateUi - DEBUG - Reset de l'affichage de la courbe
2024-12-22 19:43:04,786 - MainThread - updateUi - DEBUG - Reset de l'affichage de la courbe
2024-12-22 19:43:04,848 - MainThread - updateUi - DEBUG - Reset de l'affichage de la courbe
2024-12-22 19:43:04,926 - MainThread - updateUi - DEBUG - Reset de l'affichage de la courbe
2024-12-22 19:43:05,004 - MainThread - updateUi - DEBUG - Reset de l'affichage de la courbe
2024-12-22 19:43:05,098 - MainThread - updateUi - DEBUG - Reset de l'affichage de la courbe
2024-12-22 19:43:05,161 - MainThread - updateUi - DEBUG - Reset de l'affichage de la courbe
2024-12-22 19:43:05,241 - MainThread - updateUi - DEBUG - Reset de l'affichage de la courbe
2024-12-22 19:43:05,303 - MainThread - updateUi - DEBUG - Reset de l'affichage de la courbe
2024-12-22 19:43:05,365 - MainThread - updateUi - DEBUG - Reset de l'affichage de la courbe
2024-12-22 19:43:05,443 - MainThread - updateUi - DEBUG - Reset de l'affichage de la courbe
2024-12-22 19:43:05,523 - MainThread - updateUi - DEBUG - Reset de l'affichage de la courbe
2024-12-22 19:43:05,601 - MainThread - updateUi - DEBUG - Reset de l'affichage de la courbe
2024-12-22 19:43:05,678 - MainThread - updateUi - DEBUG - Reset de l'affichage de la courbe
2024-12-22 19:43:05,756 - MainThread - updateUi - DEBUG - Reset de l'affichage de la courbe
2024-12-22 19:43:05,819 - MainThread - updateUi - DEBUG - Reset de l'affichage de la courbe
2024-12-22 19:43:05,898 - MainThread - updateUi - DEBUG - Reset de l'affichage de la courbe
2024-12-22 19:43:05,977 - MainThread - updateUi - DEBUG - Reset de l'affichage de la courbe
2024-12-22 19:43:06,040 - MainThread - updateUi - DEBUG - Reset de l'affichage de la courbe
2024-12-22 19:43:06,103 - MainThread - updateUi - DEBUG - Reset de l'affichage de la courbe
2024-12-22 19:43:06,160 - MainThread - updateUi - DEBUG - Reset de l'affichage de la courbe
2024-12-22 19:43:06,223 - MainThread - updateUi - DEBUG - Reset de l'affichage de la courbe
2024-12-22 19:43:06,301 - MainThread - updateUi - DEBUG - Reset de l'affichage de la courbe
2024-12-22 19:43:06,365 - MainThread - updateUi - DEBUG - Reset de l'affichage de la courbe
2024-12-22 19:43:06,444 - MainThread - updateUi - DEBUG - Reset de l'affichage de la courbe
2024-12-22 19:43:06,507 - MainThread - updateUi - DEBUG - Reset de l'affichage de la courbe
2024-12-22 19:43:06,585 - MainThread - updateUi - DEBUG - Reset de l'affichage de la courbe
2024-12-22 19:43:06,648 - MainThread - updateUi - DEBUG - Reset de l'affichage de la courbe
2024-12-22 19:43:06,728 - MainThread - updateUi - DEBUG - Reset de l'affichage de la courbe
2024-12-22 19:43:06,807 - MainThread - updateUi - DEBUG - Reset de l'affichage de la courbe
2024-12-22 19:43:06,869 - MainThread - updateUi - DEBUG - Reset de l'affichage de la courbe
2024-12-22 19:43:06,932 - MainThread - updateUi - DEBUG - Reset de l'affichage de la courbe
2024-12-22 19:43:07,010 - MainThread - updateUi - DEBUG - Reset de l'affichage de la courbe
2024-12-22 19:43:07,089 - MainThread - updateUi - DEBUG - Reset de l'affichage de la courbe
2024-12-22 19:43:07,168 - MainThread - updateUi - DEBUG - Reset de l'affichage de la courbe
2024-12-22 19:43:07,247 - MainThread - updateUi - DEBUG - Reset de l'affichage de la courbe
2024-12-22 19:43:07,325 - MainThread - updateUi - DEBUG - Reset de l'affichage de la courbe
2024-12-22 19:43:07,404 - MainThread - updateUi - DEBUG - Reset de l'affichage de la courbe
2024-12-22 19:43:07,466 - MainThread - updateUi - DEBUG - Reset de l'affichage de la courbe
2024-12-22 19:43:07,529 - MainThread - updateUi - DEBUG - Reset de l'affichage de la courbe
2024-12-22 19:43:07,607 - MainThread - updateUi - DEBUG - Reset de l'affichage de la courbe
2024-12-22 19:43:07,686 - MainThread - updateUi - DEBUG - Reset de l'affichage de la courbe
2024-12-22 19:43:07,795 - MainThread - updateUi - DEBUG - Reset de l'affichage de la courbe
2024-12-22 19:43:07,905 - MainThread - updateUi - DEBUG - Reset de l'affichage de la courbe
2024-12-22 19:43:07,999 - MainThread - updateUi - DEBUG - Reset de l'affichage de la courbe
2024-12-22 19:43:08,093 - MainThread - updateUi - DEBUG - Reset de l'affichage de la courbe
2024-12-22 19:43:08,187 - MainThread - updateUi - DEBUG - Reset de l'affichage de la courbe
2024-12-22 19:43:08,280 - MainThread - updateUi - DEBUG - Reset de l'affichage de la courbe
2024-12-22 19:43:08,375 - MainThread - updateUi - DEBUG - Reset de l'affichage de la courbe
2024-12-22 19:43:08,469 - MainThread - updateUi - DEBUG - Reset de l'affichage de la courbe
2024-12-22 19:43:08,563 - MainThread - updateUi - DEBUG - Reset de l'affichage de la courbe
2024-12-22 19:43:08,657 - MainThread - updateUi - DEBUG - Reset de l'affichage de la courbe
2024-12-22 19:43:08,750 - MainThread - updateUi - DEBUG - Reset de l'affichage de la courbe
2024-12-22 19:43:08,845 - MainThread - updateUi - DEBUG - Reset de l'affichage de la courbe
2024-12-22 19:43:08,939 - MainThread - updateUi - DEBUG - Reset de l'affichage de la courbe
2024-12-22 19:43:09,033 - MainThread - updateUi - DEBUG - Reset de l'affichage de la courbe
2024-12-22 19:43:09,127 - MainThread - updateUi - DEBUG - Reset de l'affichage de la courbe
2024-12-22 19:43:09,221 - MainThread - updateUi - DEBUG - Reset de l'affichage de la courbe
2024-12-22 19:43:09,315 - MainThread - updateUi - DEBUG - Reset de l'affichage de la courbe
2024-12-22 19:43:09,410 - MainThread - updateUi - DEBUG - Reset de l'affichage de la courbe
2024-12-22 19:43:09,504 - MainThread - updateUi - DEBUG - Reset de l'affichage de la courbe
2024-12-22 19:43:09,598 - MainThread - updateUi - DEBUG - Reset de l'affichage de la courbe
2024-12-22 19:43:09,693 - MainThread - updateUi - DEBUG - Reset de l'affichage de la courbe
2024-12-22 19:43:09,787 - MainThread - updateUi - DEBUG - Reset de l'affichage de la courbe
2024-12-22 19:43:09,890 - MainThread - updateUi - DEBUG - Reset de l'affichage de la courbe
2024-12-22 19:43:09,985 - MainThread - updateUi - DEBUG - Reset de l'affichage de la courbe
2024-12-22 19:43:10,079 - MainThread - updateUi - DEBUG - Reset de l'affichage de la courbe
2024-12-22 19:43:10,189 - MainThread - updateUi - DEBUG - Reset de l'affichage de la courbe
2024-12-22 19:43:10,283 - MainThread - updateUi - DEBUG - Reset de l'affichage de la courbe
2024-12-22 19:43:10,376 - MainThread - updateUi - DEBUG - Reset de l'affichage de la courbe
2024-12-22 19:43:10,487 - MainThread - updateUi - DEBUG - Reset de l'affichage de la courbe
2024-12-22 19:43:10,581 - MainThread - updateUi - DEBUG - Reset de l'affichage de la courbe
2024-12-22 19:43:10,675 - MainThread - updateUi - DEBUG - Reset de l'affichage de la courbe
2024-12-22 19:43:10,769 - MainThread - updateUi - DEBUG - Reset de l'affichage de la courbe
2024-12-22 19:43:10,863 - MainThread - updateUi - DEBUG - Reset de l'affichage de la courbe
2024-12-22 19:43:10,959 - MainThread - updateUi - DEBUG - Reset de l'affichage de la courbe
2024-12-22 19:43:11,053 - MainThread - updateUi - DEBUG - Reset de l'affichage de la courbe
2024-12-22 19:43:11,146 - MainThread - updateUi - DEBUG - Reset de l'affichage de la courbe
2024-12-22 19:43:11,240 - MainThread - updateUi - DEBUG - Reset de l'affichage de la courbe
2024-12-22 19:43:11,334 - MainThread - updateUi - DEBUG - Reset de l'affichage de la courbe
2024-12-22 19:43:11,428 - MainThread - updateUi - DEBUG - Reset de l'affichage de la courbe
2024-12-22 19:43:11,539 - MainThread - updateUi - DEBUG - Reset de l'affichage de la courbe
2024-12-22 19:43:11,633 - MainThread - updateUi - DEBUG - Reset de l'affichage de la courbe
2024-12-22 19:43:11,742 - MainThread - updateUi - DEBUG - Reset de l'affichage de la courbe
2024-12-22 19:43:11,836 - MainThread - updateUi - DEBUG - Reset de l'affichage de la courbe
2024-12-22 19:43:11,930 - MainThread - updateUi - DEBUG - Reset de l'affichage de la courbe
2024-12-22 19:43:12,026 - MainThread - updateUi - DEBUG - Reset de l'affichage de la courbe
2024-12-22 19:43:12,119 - MainThread - updateUi - DEBUG - Reset de l'affichage de la courbe
2024-12-22 19:43:12,213 - MainThread - updateUi - DEBUG - Reset de l'affichage de la courbe
2024-12-22 19:43:12,323 - MainThread - updateUi - DEBUG - Reset de l'affichage de la courbe
2024-12-22 19:43:12,417 - MainThread - updateUi - DEBUG - Reset de l'affichage de la courbe
2024-12-22 19:43:12,514 - MainThread - updateUi - DEBUG - Reset de l'affichage de la courbe
2024-12-22 19:43:12,608 - MainThread - updateUi - DEBUG - Reset de l'affichage de la courbe
2024-12-22 19:43:12,681 - MainThread - updateUi - DEBUG - Reset de l'affichage de la courbe
2024-12-22 19:43:12,776 - MainThread - updateUi - DEBUG - Reset de l'affichage de la courbe
2024-12-22 19:43:12,879 - MainThread - updateUi - DEBUG - Reset de l'affichage de la courbe
2024-12-22 19:43:12,979 - MainThread - updateUi - DEBUG - Reset de l'affichage de la courbe
2024-12-22 19:43:13,097 - MainThread - updateUi - DEBUG - Reset de l'affichage de la courbe
2024-12-22 19:43:13,212 - MainThread - updateUi - DEBUG - Reset de l'affichage de la courbe
2024-12-22 19:43:13,346 - MainThread - updateUi - DEBUG - Reset de l'affichage de la courbe
2024-12-22 19:43:13,442 - MainThread - updateUi - DEBUG - Reset de l'affichage de la courbe
2024-12-22 19:43:13,540 - MainThread - updateUi - DEBUG - Reset de l'affichage de la courbe
2024-12-22 19:43:13,645 - MainThread - updateUi - DEBUG - Reset de l'affichage de la courbe
2024-12-22 19:43:13,764 - MainThread - updateUi - DEBUG - Reset de l'affichage de la courbe
2024-12-22 19:43:13,864 - MainThread - updateUi - DEBUG - Reset de l'affichage de la courbe
2024-12-22 19:43:13,957 - MainThread - updateUi - DEBUG - Reset de l'affichage de la courbe
2024-12-22 19:43:14,048 - MainThread - updateUi - DEBUG - Reset de l'affichage de la courbe
2024-12-22 19:43:14,146 - MainThread - updateUi - DEBUG - Reset de l'affichage de la courbe
2024-12-22 19:43:14,247 - MainThread - updateUi - DEBUG - Reset de l'affichage de la courbe
2024-12-22 19:43:14,343 - MainThread - updateUi - DEBUG - Reset de l'affichage de la courbe
2024-12-22 19:43:14,445 - MainThread - updateUi - DEBUG - Reset de l'affichage de la courbe
2024-12-22 19:43:14,533 - MainThread - updateUi - DEBUG - Reset de l'affichage de la courbe
2024-12-22 19:43:14,628 - MainThread - updateUi - DEBUG - Reset de l'affichage de la courbe
2024-12-22 19:43:14,730 - MainThread - updateUi - DEBUG - Reset de l'affichage de la courbe
2024-12-22 19:43:14,825 - MainThread - updateUi - DEBUG - Reset de l'affichage de la courbe
2024-12-22 19:43:14,929 - MainThread - updateUi - DEBUG - Reset de l'affichage de la courbe
2024-12-22 19:43:15,023 - MainThread - updateUi - DEBUG - Reset de l'affichage de la courbe
2024-12-22 19:43:15,114 - MainThread - updateUi - DEBUG - Reset de l'affichage de la courbe
2024-12-22 19:43:15,214 - MainThread - updateUi - DEBUG - Reset de l'affichage de la courbe
2024-12-22 19:43:15,312 - MainThread - updateUi - DEBUG - Reset de l'affichage de la courbe
2024-12-22 19:43:15,405 - MainThread - updateUi - DEBUG - Reset de l'affichage de la courbe
2024-12-22 19:43:15,498 - MainThread - updateUi - DEBUG - Reset de l'affichage de la courbe
2024-12-22 19:43:15,588 - MainThread - updateUi - DEBUG - Reset de l'affichage de la courbe
2024-12-22 19:43:15,686 - MainThread - updateUi - DEBUG - Reset de l'affichage de la courbe
2024-12-22 19:43:15,780 - MainThread - updateUi - DEBUG - Reset de l'affichage de la courbe
2024-12-22 19:43:15,874 - MainThread - updateUi - DEBUG - Reset de l'affichage de la courbe
2024-12-22 19:43:15,978 - MainThread - updateUi - DEBUG - Reset de l'affichage de la courbe
2024-12-22 19:43:16,080 - MainThread - updateUi - DEBUG - Reset de l'affichage de la courbe
2024-12-22 19:43:16,178 - MainThread - updateUi - DEBUG - Reset de l'affichage de la courbe
2024-12-22 19:43:16,281 - MainThread - updateUi - DEBUG - Reset de l'affichage de la courbe
2024-12-22 19:43:16,381 - MainThread - updateUi - DEBUG - Reset de l'affichage de la courbe
2024-12-22 19:43:16,477 - MainThread - updateUi - DEBUG - Reset de l'affichage de la courbe
2024-12-22 19:43:16,577 - MainThread - updateUi - DEBUG - Reset de l'affichage de la courbe
2024-12-22 19:43:16,677 - MainThread - updateUi - DEBUG - Reset de l'affichage de la courbe
2024-12-22 19:43:16,771 - MainThread - updateUi - DEBUG - Reset de l'affichage de la courbe
2024-12-22 19:43:16,873 - MainThread - updateUi - DEBUG - Reset de l'affichage de la courbe
2024-12-22 19:43:16,970 - MainThread - updateUi - DEBUG - Reset de l'affichage de la courbe
2024-12-22 19:43:17,066 - MainThread - updateUi - DEBUG - Reset de l'affichage de la courbe
2024-12-22 19:43:17,169 - MainThread - updateUi - DEBUG - Reset de l'affichage de la courbe
2024-12-22 19:43:17,263 - MainThread - updateUi - DEBUG - Reset de l'affichage de la courbe
2024-12-22 19:43:17,357 - MainThread - updateUi - DEBUG - Reset de l'affichage de la courbe
2024-12-22 19:43:17,459 - MainThread - updateUi - DEBUG - Reset de l'affichage de la courbe
2024-12-22 19:43:17,553 - MainThread - updateUi - DEBUG - Reset de l'affichage de la courbe
2024-12-22 19:43:17,663 - MainThread - updateUi - DEBUG - Reset de l'affichage de la courbe
2024-12-22 19:43:17,757 - MainThread - updateUi - DEBUG - Reset de l'affichage de la courbe
2024-12-22 19:43:17,852 - MainThread - updateUi - DEBUG - Reset de l'affichage de la courbe
2024-12-22 19:43:17,946 - MainThread - updateUi - DEBUG - Reset de l'affichage de la courbe
2024-12-22 19:43:18,041 - MainThread - updateUi - DEBUG - Reset de l'affichage de la courbe
2024-12-22 19:43:18,135 - MainThread - updateUi - DEBUG - Reset de l'affichage de la courbe
2024-12-22 19:43:18,230 - MainThread - updateUi - DEBUG - Reset de l'affichage de la courbe
2024-12-22 19:43:18,325 - MainThread - updateUi - DEBUG - Reset de l'affichage de la courbe
2024-12-22 19:43:18,419 - MainThread - updateUi - DEBUG - Reset de l'affichage de la courbe
2024-12-22 19:43:18,511 - MainThread - updateUi - DEBUG - Reset de l'affichage de la courbe
2024-12-22 19:43:18,596 - MainThread - updateUi - DEBUG - Reset de l'affichage de la courbe
2024-12-22 19:43:18,699 - MainThread - updateUi - DEBUG - Reset de l'affichage de la courbe
2024-12-22 19:43:18,812 - MainThread - updateUi - DEBUG - Reset de l'affichage de la courbe
2024-12-22 19:43:18,915 - MainThread - updateUi - DEBUG - Reset de l'affichage de la courbe
2024-12-22 19:43:19,008 - MainThread - updateUi - DEBUG - Reset de l'affichage de la courbe
2024-12-22 19:43:19,112 - MainThread - updateUi - DEBUG - Reset de l'affichage de la courbe
2024-12-22 19:43:19,206 - MainThread - updateUi - DEBUG - Reset de l'affichage de la courbe
2024-12-22 19:43:19,300 - MainThread - updateUi - DEBUG - Reset de l'affichage de la courbe
2024-12-22 19:43:19,394 - MainThread - updateUi - DEBUG - Reset de l'affichage de la courbe
2024-12-22 19:43:19,482 - MainThread - updateUi - DEBUG - Reset de l'affichage de la courbe
2024-12-22 19:43:19,576 - MainThread - updateUi - DEBUG - Reset de l'affichage de la courbe
2024-12-22 19:43:19,670 - MainThread - updateUi - DEBUG - Reset de l'affichage de la courbe
2024-12-22 19:43:19,772 - MainThread - updateUi - DEBUG - Reset de l'affichage de la courbe
2024-12-22 19:43:19,866 - MainThread - updateUi - DEBUG - Reset de l'affichage de la courbe
2024-12-22 19:43:19,958 - MainThread - updateUi - DEBUG - Reset de l'affichage de la courbe
2024-12-22 19:43:20,061 - MainThread - updateUi - DEBUG - Reset de l'affichage de la courbe
2024-12-22 19:43:20,154 - MainThread - updateUi - DEBUG - Reset de l'affichage de la courbe
2024-12-22 19:43:20,253 - MainThread - updateUi - DEBUG - Reset de l'affichage de la courbe
2024-12-22 19:43:20,363 - MainThread - updateUi - DEBUG - Reset de l'affichage de la courbe
2024-12-22 19:43:20,457 - MainThread - updateUi - DEBUG - Reset de l'affichage de la courbe
2024-12-22 19:43:20,554 - MainThread - updateUi - DEBUG - Reset de l'affichage de la courbe
2024-12-22 19:43:20,648 - MainThread - updateUi - DEBUG - Reset de l'affichage de la courbe
2024-12-22 19:43:20,752 - MainThread - updateUi - DEBUG - Reset de l'affichage de la courbe
2024-12-22 19:43:20,846 - MainThread - updateUi - DEBUG - Reset de l'affichage de la courbe
2024-12-22 19:43:20,940 - MainThread - updateUi - DEBUG - Reset de l'affichage de la courbe
2024-12-22 19:43:21,038 - MainThread - updateUi - DEBUG - Reset de l'affichage de la courbe
2024-12-22 19:43:21,137 - MainThread - updateUi - DEBUG - Reset de l'affichage de la courbe
2024-12-22 19:43:21,228 - MainThread - updateUi - DEBUG - Reset de l'affichage de la courbe
2024-12-22 19:43:21,340 - MainThread - updateUi - DEBUG - Reset de l'affichage de la courbe
2024-12-22 19:43:21,445 - MainThread - updateUi - DEBUG - Reset de l'affichage de la courbe
2024-12-22 19:43:21,518 - MainThread - updateUi - DEBUG - Reset de l'affichage de la courbe
2024-12-22 19:43:21,581 - MainThread - updateUi - DEBUG - Reset de l'affichage de la courbe
2024-12-22 19:43:21,676 - MainThread - updateUi - DEBUG - Reset de l'affichage de la courbe
2024-12-22 19:43:21,773 - MainThread - updateUi - DEBUG - Reset de l'affichage de la courbe
2024-12-22 19:43:21,862 - MainThread - updateUi - DEBUG - Reset de l'affichage de la courbe
2024-12-22 19:43:21,932 - MainThread - updateUi - DEBUG - Reset de l'affichage de la courbe
2024-12-22 19:43:22,027 - MainThread - updateUi - DEBUG - Reset de l'affichage de la courbe
2024-12-22 19:43:22,112 - MainThread - updateUi - DEBUG - Reset de l'affichage de la courbe
2024-12-22 19:43:22,207 - MainThread - updateUi - DEBUG - Reset de l'affichage de la courbe
2024-12-22 19:43:22,308 - MainThread - updateUi - DEBUG - Reset de l'affichage de la courbe
2024-12-22 19:43:22,402 - MainThread - updateUi - DEBUG - Reset de l'affichage de la courbe
2024-12-22 19:43:22,496 - MainThread - updateUi - DEBUG - Reset de l'affichage de la courbe
2024-12-22 19:43:22,605 - MainThread - updateUi - DEBUG - Reset de l'affichage de la courbe
2024-12-22 19:43:22,699 - MainThread - updateUi - DEBUG - Reset de l'affichage de la courbe
2024-12-22 19:43:22,789 - MainThread - updateUi - DEBUG - Reset de l'affichage de la courbe
2024-12-22 19:43:22,877 - MainThread - updateUi - DEBUG - Reset de l'affichage de la courbe
2024-12-22 19:43:22,971 - MainThread - updateUi - DEBUG - Reset de l'affichage de la courbe
2024-12-22 19:43:23,080 - MainThread - updateUi - DEBUG - Reset de l'affichage de la courbe
2024-12-22 19:43:23,196 - MainThread - updateUi - DEBUG - Reset de l'affichage de la courbe
2024-12-22 19:43:23,295 - MainThread - updateUi - DEBUG - Reset de l'affichage de la courbe
2024-12-22 19:43:23,359 - MainThread - updateUi - DEBUG - Reset de l'affichage de la courbe
2024-12-22 19:43:23,430 - MainThread - updateUi - DEBUG - Reset de l'affichage de la courbe
2024-12-22 19:43:23,519 - MainThread - updateUi - DEBUG - Reset de l'affichage de la courbe
2024-12-22 19:43:23,619 - MainThread - updateUi - DEBUG - Reset de l'affichage de la courbe
2024-12-22 19:43:23,722 - MainThread - updateUi - DEBUG - Reset de l'affichage de la courbe
2024-12-22 19:43:23,794 - MainThread - updateUi - DEBUG - Reset de l'affichage de la courbe
2024-12-22 19:43:23,879 - MainThread - updateUi - DEBUG - Reset de l'affichage de la courbe
2024-12-22 19:43:23,976 - MainThread - updateUi - DEBUG - Reset de l'affichage de la courbe
2024-12-22 19:43:24,063 - MainThread - updateUi - DEBUG - Reset de l'affichage de la courbe
2024-12-22 19:43:24,178 - MainThread - updateUi - DEBUG - Reset de l'affichage de la courbe
2024-12-22 19:43:24,289 - MainThread - updateUi - DEBUG - Reset de l'affichage de la courbe
2024-12-22 19:43:24,383 - MainThread - updateUi - DEBUG - Reset de l'affichage de la courbe
2024-12-22 19:43:24,479 - MainThread - updateUi - DEBUG - Reset de l'affichage de la courbe
2024-12-22 19:43:24,579 - MainThread - updateUi - DEBUG - Reset de l'affichage de la courbe
2024-12-22 19:43:24,673 - MainThread - updateUi - DEBUG - Reset de l'affichage de la courbe
2024-12-22 19:43:24,763 - MainThread - updateUi - DEBUG - Reset de l'affichage de la courbe
2024-12-22 19:43:24,857 - MainThread - updateUi - DEBUG - Reset de l'affichage de la courbe
2024-12-22 19:43:24,951 - MainThread - updateUi - DEBUG - Reset de l'affichage de la courbe
2024-12-22 19:43:25,042 - MainThread - updateUi - DEBUG - Reset de l'affichage de la courbe
2024-12-22 19:43:25,145 - MainThread - updateUi - DEBUG - Reset de l'affichage de la courbe
2024-12-22 19:43:25,244 - MainThread - updateUi - DEBUG - Reset de l'affichage de la courbe
2024-12-22 19:43:25,345 - MainThread - updateUi - DEBUG - Reset de l'affichage de la courbe
2024-12-22 19:43:25,441 - MainThread - updateUi - DEBUG - Reset de l'affichage de la courbe
2024-12-22 19:43:25,544 - MainThread - updateUi - DEBUG - Reset de l'affichage de la courbe
2024-12-22 19:43:25,664 - MainThread - updateUi - DEBUG - Reset de l'affichage de la courbe
2024-12-22 19:43:25,767 - MainThread - updateUi - DEBUG - Reset de l'affichage de la courbe
2024-12-22 19:43:25,877 - MainThread - updateUi - DEBUG - Reset de l'affichage de la courbe
2024-12-22 19:43:25,995 - MainThread - updateUi - DEBUG - Reset de l'affichage de la courbe
2024-12-22 19:43:26,114 - MainThread - updateUi - DEBUG - Reset de l'affichage de la courbe
2024-12-22 19:43:26,209 - MainThread - updateUi - DEBUG - Reset de l'affichage de la courbe
2024-12-22 19:43:26,313 - MainThread - updateUi - DEBUG - Reset de l'affichage de la courbe
2024-12-22 19:43:26,424 - MainThread - updateUi - DEBUG - Reset de l'affichage de la courbe
2024-12-22 19:43:26,527 - MainThread - updateUi - DEBUG - Reset de l'affichage de la courbe
2024-12-22 19:43:26,646 - MainThread - updateUi - DEBUG - Reset de l'affichage de la courbe
2024-12-22 19:43:26,762 - MainThread - updateUi - DEBUG - Reset de l'affichage de la courbe
2024-12-22 19:43:26,858 - MainThread - updateUi - DEBUG - Reset de l'affichage de la courbe
2024-12-22 19:43:26,952 - MainThread - updateUi - DEBUG - Reset de l'affichage de la courbe
2024-12-22 19:43:27,061 - MainThread - updateUi - DEBUG - Reset de l'affichage de la courbe
2024-12-22 19:43:27,165 - MainThread - updateUi - DEBUG - Reset de l'affichage de la courbe
2024-12-22 19:43:27,322 - MainThread - onClose - INFO - Fermeture de la fenetre
2024-12-22 19:43:27,354 - MainThread - <module> - INFO - Fin du programme
