2024-12-08 17:38:49,782 - MainThread - <module> - INFO - Initialisation du logger
2024-12-08 17:38:49,841 - MainThread - afficher - INFO - Affichage de la fenetre
2024-12-08 17:38:49,841 - MainThread - updateUi - DEBUG - On charge l'image du robot
2024-12-08 17:38:49,846 - MainThread - updateUi - DEBUG - On redimensionne l'image du robot
2024-12-08 17:38:49,849 - MainThread - updateUi - DEBUG - On change l'orientation l'image du robot
2024-12-08 17:38:49,849 - MainThread - updateUi - DEBUG - On creer l'imageTK du robot
2024-12-08 17:38:49,853 - MainThread - updateUi - DEBUG - On creer l'image du robot sur le canva
2024-12-08 17:38:50,863 - MainThread - updateUi - DEBUG - On bouge l'image robot sur le canva. dx = 0, dy = 0, imf = 1
2024-12-08 17:38:51,866 - MainThread - updateUi - DEBUG - On bouge l'image robot sur le canva. dx = 0, dy = 0, imf = 1
2024-12-08 17:38:52,867 - MainThread - updateUi - DEBUG - On bouge l'image robot sur le canva. dx = 0, dy = 0, imf = 1
2024-12-08 17:38:53,751 - MainThread - onClose - INFO - Fermeture de la fenetre
2024-12-08 17:38:53,759 - Thread-1 (doSomething) - outfcn - DEBUG - Boucle de sortie
2024-12-08 17:38:53,759 - Thread-1 (doSomething) - notify - DEBUG - Envoie d'un message à l'observeur : state
2024-12-08 17:38:53,762 - Thread-1 (doSomething) - updateValues - DEBUG - Le RobotUi prend connaissance des nouvelles valeurs
2024-12-08 17:38:53,763 - Thread-1 (doSomething) - updfcn - DEBUG - Boucle d'entrée
2024-12-08 17:38:53,764 - Thread-1 (doSomething) - notify - DEBUG - Envoie d'un message à l'observeur : speed
2024-12-08 17:38:53,765 - Thread-1 (doSomething) - updfcn - DEBUG - Boucle d'entrée
2024-12-08 17:38:53,766 - Thread-1 (doSomething) - updfcn - DEBUG - Boucle d'entrée
2024-12-08 17:38:53,767 - Thread-1 (doSomething) - updfcn - DEBUG - Boucle d'entrée
2024-12-08 17:38:53,767 - Thread-1 (doSomething) - updfcn - DEBUG - Boucle d'entrée
2024-12-08 17:38:53,768 - Thread-1 (doSomething) - updfcn - DEBUG - Boucle d'entrée
2024-12-08 17:38:53,768 - Thread-1 (doSomething) - updfcn - DEBUG - Boucle d'entrée
2024-12-08 17:38:53,769 - Thread-1 (doSomething) - updfcn - DEBUG - Boucle d'entrée
2024-12-08 17:38:53,769 - Thread-1 (doSomething) - updfcn - DEBUG - Boucle d'entrée
2024-12-08 17:38:53,770 - Thread-1 (doSomething) - updfcn - DEBUG - Boucle d'entrée
2024-12-08 17:38:53,770 - Thread-1 (doSomething) - updfcn - DEBUG - Boucle d'entrée
2024-12-08 17:38:53,770 - Thread-1 (doSomething) - updfcn - DEBUG - Boucle d'entrée
2024-12-08 17:38:53,771 - Thread-1 (doSomething) - updfcn - DEBUG - Boucle d'entrée
2024-12-08 17:38:53,772 - Thread-1 (doSomething) - updfcn - DEBUG - Boucle d'entrée
2024-12-08 17:38:53,773 - Thread-1 (doSomething) - outfcn - DEBUG - Boucle de sortie
2024-12-08 17:38:53,773 - Thread-1 (doSomething) - notify - DEBUG - Envoie d'un message à l'observeur : state
2024-12-08 17:38:53,774 - Thread-1 (doSomething) - updateValues - DEBUG - Le RobotUi prend connaissance des nouvelles valeurs
2024-12-08 17:38:53,774 - Thread-1 (doSomething) - outfcn - DEBUG - Boucle de sortie
2024-12-08 17:38:53,778 - Thread-1 (doSomething) - notify - DEBUG - Envoie d'un message à l'observeur : state
2024-12-08 17:38:53,780 - Thread-1 (doSomething) - updateValues - DEBUG - Le RobotUi prend connaissance des nouvelles valeurs
2024-12-08 17:38:53,881 - MainThread - <module> - INFO - Fin du programme
