2024-12-22 19:27:15,151 - MainThread - <module> - INFO - Initialisation du logger
2024-12-22 19:27:15,408 - MainThread - update - DEBUG - Update vaue de la courbe
2024-12-22 19:27:15,433 - MainThread - afficher - INFO - Affichage de la fenetre
2024-12-22 19:27:15,433 - MainThread - updateUi - DEBUG - Reset de l'affichage de la courbe
2024-12-22 19:27:15,530 - MainThread - updateUi - DEBUG - Reset de l'affichage de la courbe
2024-12-22 19:27:15,598 - MainThread - updateUi - DEBUG - Reset de l'affichage de la courbe
2024-12-22 19:27:15,678 - MainThread - updateUi - DEBUG - Reset de l'affichage de la courbe
2024-12-22 19:27:15,742 - MainThread - updateUi - DEBUG - Reset de l'affichage de la courbe
2024-12-22 19:27:15,806 - MainThread - updateUi - DEBUG - Reset de l'affichage de la courbe
2024-12-22 19:27:15,884 - MainThread - updateUi - DEBUG - Reset de l'affichage de la courbe
2024-12-22 19:27:15,947 - MainThread - updateUi - DEBUG - Reset de l'affichage de la courbe
2024-12-22 19:27:16,025 - MainThread - updateUi - DEBUG - Reset de l'affichage de la courbe
2024-12-22 19:27:16,103 - MainThread - updateUi - DEBUG - Reset de l'affichage de la courbe
2024-12-22 19:27:16,164 - MainThread - updateUi - DEBUG - Reset de l'affichage de la courbe
2024-12-22 19:27:16,212 - MainThread - updateUi - DEBUG - Reset de l'affichage de la courbe
2024-12-22 19:27:16,262 - MainThread - updateUi - DEBUG - Reset de l'affichage de la courbe
2024-12-22 19:27:16,331 - MainThread - updateUi - DEBUG - Reset de l'affichage de la courbe
2024-12-22 19:27:16,409 - MainThread - updateUi - DEBUG - Reset de l'affichage de la courbe
2024-12-22 19:27:16,488 - MainThread - updateUi - DEBUG - Reset de l'affichage de la courbe
2024-12-22 19:27:16,545 - MainThread - updateUi - DEBUG - Reset de l'affichage de la courbe
2024-12-22 19:27:16,612 - MainThread - updateUi - DEBUG - Reset de l'affichage de la courbe
2024-12-22 19:27:16,671 - MainThread - updateUi - DEBUG - Reset de l'affichage de la courbe
2024-12-22 19:27:16,744 - MainThread - updateUi - DEBUG - Reset de l'affichage de la courbe
2024-12-22 19:27:16,794 - MainThread - updateUi - DEBUG - Reset de l'affichage de la courbe
2024-12-22 19:27:16,862 - MainThread - updateUi - DEBUG - Reset de l'affichage de la courbe
2024-12-22 19:27:16,931 - MainThread - updateUi - DEBUG - Reset de l'affichage de la courbe
2024-12-22 19:27:17,011 - MainThread - updateUi - DEBUG - Reset de l'affichage de la courbe
2024-12-22 19:27:17,085 - MainThread - updateUi - DEBUG - Reset de l'affichage de la courbe
2024-12-22 19:27:17,130 - MainThread - SimuTry - DEBUG - Debut Thread
2024-12-22 19:27:17,176 - MainThread - updateUi - DEBUG - Reset de l'affichage de la courbe
2024-12-22 19:27:17,226 - MainThread - updateUi - DEBUG - Reset de l'affichage de la courbe
2024-12-22 19:27:17,293 - MainThread - updateUi - DEBUG - Reset de l'affichage de la courbe
2024-12-22 19:27:17,357 - MainThread - updateUi - DEBUG - Reset de l'affichage de la courbe
2024-12-22 19:27:17,420 - MainThread - updateUi - DEBUG - Reset de l'affichage de la courbe
2024-12-22 19:27:17,482 - MainThread - updateUi - DEBUG - Reset de l'affichage de la courbe
2024-12-22 19:27:17,545 - MainThread - updateUi - DEBUG - Reset de l'affichage de la courbe
2024-12-22 19:27:17,607 - MainThread - updateUi - DEBUG - Reset de l'affichage de la courbe
2024-12-22 19:27:17,685 - MainThread - updateUi - DEBUG - Reset de l'affichage de la courbe
2024-12-22 19:27:17,757 - MainThread - updateUi - DEBUG - Reset de l'affichage de la courbe
2024-12-22 19:27:17,836 - MainThread - updateUi - DEBUG - Reset de l'affichage de la courbe
2024-12-22 19:27:17,910 - MainThread - updateUi - DEBUG - Reset de l'affichage de la courbe
2024-12-22 19:27:17,957 - MainThread - updateUi - DEBUG - Reset de l'affichage de la courbe
2024-12-22 19:27:18,036 - MainThread - updateUi - DEBUG - Reset de l'affichage de la courbe
2024-12-22 19:27:18,114 - MainThread - updateUi - DEBUG - Reset de l'affichage de la courbe
2024-12-22 19:27:18,176 - MainThread - updateUi - DEBUG - Reset de l'affichage de la courbe
2024-12-22 19:27:18,239 - MainThread - updateUi - DEBUG - Reset de l'affichage de la courbe
2024-12-22 19:27:18,317 - MainThread - updateUi - DEBUG - Reset de l'affichage de la courbe
2024-12-22 19:27:18,380 - MainThread - updateUi - DEBUG - Reset de l'affichage de la courbe
2024-12-22 19:27:18,443 - MainThread - updateUi - DEBUG - Reset de l'affichage de la courbe
2024-12-22 19:27:18,506 - MainThread - updateUi - DEBUG - Reset de l'affichage de la courbe
2024-12-22 19:27:18,576 - MainThread - updateUi - DEBUG - Reset de l'affichage de la courbe
2024-12-22 19:27:18,654 - MainThread - updateUi - DEBUG - Reset de l'affichage de la courbe
2024-12-22 19:27:18,733 - MainThread - updateUi - DEBUG - Reset de l'affichage de la courbe
2024-12-22 19:27:18,811 - MainThread - updateUi - DEBUG - Reset de l'affichage de la courbe
2024-12-22 19:27:18,889 - MainThread - updateUi - DEBUG - Reset de l'affichage de la courbe
2024-12-22 19:27:18,951 - MainThread - updateUi - DEBUG - Reset de l'affichage de la courbe
2024-12-22 19:27:18,998 - MainThread - updateUi - DEBUG - Reset de l'affichage de la courbe
2024-12-22 19:27:19,076 - MainThread - updateUi - DEBUG - Reset de l'affichage de la courbe
2024-12-22 19:27:19,139 - MainThread - updateUi - DEBUG - Reset de l'affichage de la courbe
2024-12-22 19:27:19,202 - MainThread - updateUi - DEBUG - Reset de l'affichage de la courbe
2024-12-22 19:27:19,281 - MainThread - updateUi - DEBUG - Reset de l'affichage de la courbe
2024-12-22 19:27:19,327 - MainThread - updateUi - DEBUG - Reset de l'affichage de la courbe
2024-12-22 19:27:19,390 - MainThread - updateUi - DEBUG - Reset de l'affichage de la courbe
2024-12-22 19:27:19,468 - MainThread - updateUi - DEBUG - Reset de l'affichage de la courbe
2024-12-22 19:27:19,515 - MainThread - updateUi - DEBUG - Reset de l'affichage de la courbe
2024-12-22 19:27:19,579 - MainThread - updateUi - DEBUG - Reset de l'affichage de la courbe
2024-12-22 19:27:19,656 - MainThread - updateUi - DEBUG - Reset de l'affichage de la courbe
2024-12-22 19:27:19,703 - MainThread - updateUi - DEBUG - Reset de l'affichage de la courbe
2024-12-22 19:27:19,750 - MainThread - updateUi - DEBUG - Reset de l'affichage de la courbe
2024-12-22 19:27:19,813 - MainThread - updateUi - DEBUG - Reset de l'affichage de la courbe
2024-12-22 19:27:19,891 - MainThread - updateUi - DEBUG - Reset de l'affichage de la courbe
2024-12-22 19:27:19,970 - MainThread - updateUi - DEBUG - Reset de l'affichage de la courbe
2024-12-22 19:27:20,033 - MainThread - updateUi - DEBUG - Reset de l'affichage de la courbe
2024-12-22 19:27:20,096 - MainThread - updateUi - DEBUG - Reset de l'affichage de la courbe
2024-12-22 19:27:20,175 - MainThread - updateUi - DEBUG - Reset de l'affichage de la courbe
2024-12-22 19:27:20,253 - MainThread - updateUi - DEBUG - Reset de l'affichage de la courbe
2024-12-22 19:27:20,316 - MainThread - updateUi - DEBUG - Reset de l'affichage de la courbe
2024-12-22 19:27:20,378 - MainThread - updateUi - DEBUG - Reset de l'affichage de la courbe
2024-12-22 19:27:20,440 - MainThread - updateUi - DEBUG - Reset de l'affichage de la courbe
2024-12-22 19:27:20,487 - MainThread - updateUi - DEBUG - Reset de l'affichage de la courbe
2024-12-22 19:27:20,554 - MainThread - updateUi - DEBUG - Reset de l'affichage de la courbe
2024-12-22 19:27:20,613 - MainThread - updateUi - DEBUG - Reset de l'affichage de la courbe
2024-12-22 19:27:20,691 - MainThread - updateUi - DEBUG - Reset de l'affichage de la courbe
2024-12-22 19:27:20,754 - MainThread - updateUi - DEBUG - Reset de l'affichage de la courbe
2024-12-22 19:27:20,832 - MainThread - updateUi - DEBUG - Reset de l'affichage de la courbe
2024-12-22 19:27:20,895 - MainThread - updateUi - DEBUG - Reset de l'affichage de la courbe
2024-12-22 19:27:20,957 - MainThread - updateUi - DEBUG - Reset de l'affichage de la courbe
2024-12-22 19:27:21,020 - MainThread - updateUi - DEBUG - Reset de l'affichage de la courbe
2024-12-22 19:27:21,083 - MainThread - updateUi - DEBUG - Reset de l'affichage de la courbe
2024-12-22 19:27:21,145 - MainThread - updateUi - DEBUG - Reset de l'affichage de la courbe
2024-12-22 19:27:21,208 - MainThread - updateUi - DEBUG - Reset de l'affichage de la courbe
2024-12-22 19:27:21,255 - MainThread - updateUi - DEBUG - Reset de l'affichage de la courbe
2024-12-22 19:27:21,317 - MainThread - updateUi - DEBUG - Reset de l'affichage de la courbe
2024-12-22 19:27:21,380 - MainThread - updateUi - DEBUG - Reset de l'affichage de la courbe
2024-12-22 19:27:21,442 - MainThread - updateUi - DEBUG - Reset de l'affichage de la courbe
2024-12-22 19:27:21,489 - MainThread - updateUi - DEBUG - Reset de l'affichage de la courbe
2024-12-22 19:27:21,567 - MainThread - updateUi - DEBUG - Reset de l'affichage de la courbe
2024-12-22 19:27:21,614 - MainThread - updateUi - DEBUG - Reset de l'affichage de la courbe
2024-12-22 19:27:21,677 - MainThread - updateUi - DEBUG - Reset de l'affichage de la courbe
2024-12-22 19:27:21,740 - MainThread - updateUi - DEBUG - Reset de l'affichage de la courbe
2024-12-22 19:27:21,802 - MainThread - updateUi - DEBUG - Reset de l'affichage de la courbe
2024-12-22 19:27:21,865 - MainThread - updateUi - DEBUG - Reset de l'affichage de la courbe
2024-12-22 19:27:21,927 - MainThread - updateUi - DEBUG - Reset de l'affichage de la courbe
2024-12-22 19:27:21,990 - MainThread - updateUi - DEBUG - Reset de l'affichage de la courbe
2024-12-22 19:27:22,068 - MainThread - updateUi - DEBUG - Reset de l'affichage de la courbe
2024-12-22 19:27:22,115 - MainThread - updateUi - DEBUG - Reset de l'affichage de la courbe
2024-12-22 19:27:22,193 - MainThread - updateUi - DEBUG - Reset de l'affichage de la courbe
2024-12-22 19:27:22,256 - MainThread - updateUi - DEBUG - Reset de l'affichage de la courbe
2024-12-22 19:27:22,319 - MainThread - updateUi - DEBUG - Reset de l'affichage de la courbe
2024-12-22 19:27:22,382 - MainThread - updateUi - DEBUG - Reset de l'affichage de la courbe
2024-12-22 19:27:22,445 - MainThread - updateUi - DEBUG - Reset de l'affichage de la courbe
2024-12-22 19:27:22,508 - MainThread - updateUi - DEBUG - Reset de l'affichage de la courbe
2024-12-22 19:27:22,577 - MainThread - updateUi - DEBUG - Reset de l'affichage de la courbe
2024-12-22 19:27:22,650 - MainThread - updateUi - DEBUG - Reset de l'affichage de la courbe
2024-12-22 19:27:22,712 - MainThread - updateUi - DEBUG - Reset de l'affichage de la courbe
2024-12-22 19:27:22,775 - MainThread - updateUi - DEBUG - Reset de l'affichage de la courbe
2024-12-22 19:27:22,838 - MainThread - updateUi - DEBUG - Reset de l'affichage de la courbe
2024-12-22 19:27:22,901 - MainThread - updateUi - DEBUG - Reset de l'affichage de la courbe
2024-12-22 19:27:22,964 - MainThread - updateUi - DEBUG - Reset de l'affichage de la courbe
2024-12-22 19:27:23,011 - MainThread - updateUi - DEBUG - Reset de l'affichage de la courbe
2024-12-22 19:27:23,087 - MainThread - updateUi - DEBUG - Reset de l'affichage de la courbe
2024-12-22 19:27:23,152 - MainThread - updateUi - DEBUG - Reset de l'affichage de la courbe
2024-12-22 19:27:23,249 - MainThread - updateUi - DEBUG - Reset de l'affichage de la courbe
2024-12-22 19:27:23,326 - MainThread - updateUi - DEBUG - Reset de l'affichage de la courbe
2024-12-22 19:27:23,404 - MainThread - updateUi - DEBUG - Reset de l'affichage de la courbe
2024-12-22 19:27:23,469 - MainThread - updateUi - DEBUG - Reset de l'affichage de la courbe
2024-12-22 19:27:23,539 - MainThread - updateUi - DEBUG - Reset de l'affichage de la courbe
2024-12-22 19:27:23,615 - MainThread - updateUi - DEBUG - Reset de l'affichage de la courbe
2024-12-22 19:27:23,686 - MainThread - updateUi - DEBUG - Reset de l'affichage de la courbe
2024-12-22 19:27:23,761 - MainThread - updateUi - DEBUG - Reset de l'affichage de la courbe
2024-12-22 19:27:23,830 - MainThread - updateUi - DEBUG - Reset de l'affichage de la courbe
2024-12-22 19:27:23,893 - MainThread - updateUi - DEBUG - Reset de l'affichage de la courbe
2024-12-22 19:27:24,006 - MainThread - onClose - INFO - Fermeture de la fenetre
2024-12-22 19:27:24,043 - MainThread - <module> - INFO - Fin du programme
