2024-12-08 17:03:47,587 - MainThread - <module> - INFO - Initialisation du logger
2024-12-08 17:03:47,647 - MainThread - afficher - INFO - Affichage de la fenetre
2024-12-08 17:03:47,648 - Thread-1 (doSomething) - outfcn - DEBUG - Boucle de sortie
2024-12-08 17:03:47,648 - Thread-1 (doSomething) - notify - DEBUG - Envoie d'un message à l'observeur : state
2024-12-08 17:03:47,648 - Thread-1 (doSomething) - draw - DEBUG - On dessine le robot
2024-12-08 17:03:47,648 - Thread-1 (doSomething) - draw - DEBUG - On charge l'image du robot
2024-12-08 17:03:47,674 - Thread-1 (doSomething) - draw - DEBUG - On redimensionne l'image du robot
2024-12-08 17:03:47,676 - Thread-1 (doSomething) - draw - DEBUG - On change l'orientation l'image du robot
2024-12-08 17:03:47,677 - Thread-1 (doSomething) - draw - DEBUG - On creer l'imageTK du robot
2024-12-08 17:03:47,718 - Thread-1 (doSomething) - draw - DEBUG - On creer l'image du robot sur le canva
2024-12-08 17:03:47,736 - Thread-1 (doSomething) - updfcn - DEBUG - Boucle d'entrée
2024-12-08 17:03:47,736 - Thread-1 (doSomething) - notify - DEBUG - Envoie d'un message à l'observeur : speed
2024-12-08 17:03:47,736 - Thread-1 (doSomething) - updfcn - DEBUG - Boucle d'entrée
2024-12-08 17:03:47,736 - Thread-1 (doSomething) - updfcn - DEBUG - Boucle d'entrée
2024-12-08 17:03:47,737 - Thread-1 (doSomething) - updfcn - DEBUG - Boucle d'entrée
2024-12-08 17:03:47,737 - Thread-1 (doSomething) - updfcn - DEBUG - Boucle d'entrée
2024-12-08 17:03:47,737 - Thread-1 (doSomething) - updfcn - DEBUG - Boucle d'entrée
2024-12-08 17:03:47,737 - Thread-1 (doSomething) - updfcn - DEBUG - Boucle d'entrée
2024-12-08 17:03:47,737 - Thread-1 (doSomething) - updfcn - DEBUG - Boucle d'entrée
2024-12-08 17:03:47,737 - Thread-1 (doSomething) - updfcn - DEBUG - Boucle d'entrée
2024-12-08 17:03:47,737 - Thread-1 (doSomething) - updfcn - DEBUG - Boucle d'entrée
2024-12-08 17:03:47,738 - Thread-1 (doSomething) - updfcn - DEBUG - Boucle d'entrée
2024-12-08 17:03:47,738 - Thread-1 (doSomething) - updfcn - DEBUG - Boucle d'entrée
2024-12-08 17:03:47,738 - Thread-1 (doSomething) - updfcn - DEBUG - Boucle d'entrée
2024-12-08 17:03:47,738 - Thread-1 (doSomething) - updfcn - DEBUG - Boucle d'entrée
2024-12-08 17:03:47,738 - Thread-1 (doSomething) - outfcn - DEBUG - Boucle de sortie
2024-12-08 17:03:47,738 - Thread-1 (doSomething) - notify - DEBUG - Envoie d'un message à l'observeur : state
2024-12-08 17:03:47,738 - Thread-1 (doSomething) - draw - DEBUG - On dessine le robot
2024-12-08 17:03:47,738 - Thread-1 (doSomething) - outfcn - DEBUG - Boucle de sortie
2024-12-08 17:03:47,738 - Thread-1 (doSomething) - notify - DEBUG - Envoie d'un message à l'observeur : state
2024-12-08 17:03:47,739 - Thread-1 (doSomething) - draw - DEBUG - On dessine le robot
2024-12-08 17:03:47,739 - Thread-1 (doSomething) - outfcn - DEBUG - Boucle de sortie
2024-12-08 17:03:47,739 - Thread-1 (doSomething) - notify - DEBUG - Envoie d'un message à l'observeur : state
2024-12-08 17:03:47,739 - Thread-1 (doSomething) - draw - DEBUG - On dessine le robot
2024-12-08 17:03:47,739 - Thread-1 (doSomething) - updfcn - DEBUG - Boucle d'entrée
2024-12-08 17:03:47,739 - Thread-1 (doSomething) - updfcn - DEBUG - Boucle d'entrée
2024-12-08 17:03:47,739 - Thread-1 (doSomething) - updfcn - DEBUG - Boucle d'entrée
2024-12-08 17:03:47,740 - Thread-1 (doSomething) - updfcn - DEBUG - Boucle d'entrée
2024-12-08 17:03:47,740 - Thread-1 (doSomething) - updfcn - DEBUG - Boucle d'entrée
2024-12-08 17:03:47,740 - Thread-1 (doSomething) - updfcn - DEBUG - Boucle d'entrée
2024-12-08 17:03:47,740 - Thread-1 (doSomething) - updfcn - DEBUG - Boucle d'entrée
2024-12-08 17:03:47,740 - Thread-1 (doSomething) - updfcn - DEBUG - Boucle d'entrée
2024-12-08 17:03:47,740 - Thread-1 (doSomething) - updfcn - DEBUG - Boucle d'entrée
2024-12-08 17:03:47,740 - Thread-1 (doSomething) - updfcn - DEBUG - Boucle d'entrée
2024-12-08 17:03:47,740 - Thread-1 (doSomething) - updfcn - DEBUG - Boucle d'entrée
2024-12-08 17:03:47,740 - Thread-1 (doSomething) - updfcn - DEBUG - Boucle d'entrée
2024-12-08 17:03:47,741 - Thread-1 (doSomething) - updfcn - DEBUG - Boucle d'entrée
2024-12-08 17:03:47,741 - Thread-1 (doSomething) - updfcn - DEBUG - Boucle d'entrée
2024-12-08 17:03:47,741 - Thread-1 (doSomething) - outfcn - DEBUG - Boucle de sortie
2024-12-08 17:03:47,741 - Thread-1 (doSomething) - notify - DEBUG - Envoie d'un message à l'observeur : state
2024-12-08 17:03:47,741 - Thread-1 (doSomething) - draw - DEBUG - On dessine le robot
2024-12-08 17:03:47,741 - Thread-1 (doSomething) - outfcn - DEBUG - Boucle de sortie
2024-12-08 17:03:47,741 - Thread-1 (doSomething) - notify - DEBUG - Envoie d'un message à l'observeur : state
2024-12-08 17:03:47,741 - Thread-1 (doSomething) - draw - DEBUG - On dessine le robot
2024-12-08 17:03:47,741 - Thread-1 (doSomething) - outfcn - DEBUG - Boucle de sortie
2024-12-08 17:03:47,741 - Thread-1 (doSomething) - notify - DEBUG - Envoie d'un message à l'observeur : state
2024-12-08 17:03:47,742 - Thread-1 (doSomething) - draw - DEBUG - On dessine le robot
2024-12-08 17:03:47,742 - Thread-1 (doSomething) - updfcn - DEBUG - Boucle d'entrée
2024-12-08 17:03:47,742 - Thread-1 (doSomething) - updfcn - DEBUG - Boucle d'entrée
2024-12-08 17:03:47,742 - Thread-1 (doSomething) - updfcn - DEBUG - Boucle d'entrée
2024-12-08 17:03:47,742 - Thread-1 (doSomething) - updfcn - DEBUG - Boucle d'entrée
2024-12-08 17:03:47,742 - Thread-1 (doSomething) - updfcn - DEBUG - Boucle d'entrée
2024-12-08 17:03:47,742 - Thread-1 (doSomething) - updfcn - DEBUG - Boucle d'entrée
2024-12-08 17:03:47,743 - Thread-1 (doSomething) - updfcn - DEBUG - Boucle d'entrée
2024-12-08 17:03:47,743 - Thread-1 (doSomething) - updfcn - DEBUG - Boucle d'entrée
2024-12-08 17:03:47,743 - Thread-1 (doSomething) - updfcn - DEBUG - Boucle d'entrée
2024-12-08 17:03:47,743 - Thread-1 (doSomething) - updfcn - DEBUG - Boucle d'entrée
2024-12-08 17:03:47,743 - Thread-1 (doSomething) - updfcn - DEBUG - Boucle d'entrée
2024-12-08 17:03:47,743 - Thread-1 (doSomething) - updfcn - DEBUG - Boucle d'entrée
2024-12-08 17:03:47,744 - Thread-1 (doSomething) - updfcn - DEBUG - Boucle d'entrée
2024-12-08 17:03:47,744 - Thread-1 (doSomething) - updfcn - DEBUG - Boucle d'entrée
2024-12-08 17:03:47,744 - Thread-1 (doSomething) - outfcn - DEBUG - Boucle de sortie
2024-12-08 17:03:47,744 - Thread-1 (doSomething) - notify - DEBUG - Envoie d'un message à l'observeur : state
2024-12-08 17:03:47,744 - Thread-1 (doSomething) - draw - DEBUG - On dessine le robot
2024-12-08 17:03:47,744 - Thread-1 (doSomething) - outfcn - DEBUG - Boucle de sortie
2024-12-08 17:03:47,744 - Thread-1 (doSomething) - notify - DEBUG - Envoie d'un message à l'observeur : state
2024-12-08 17:03:47,744 - Thread-1 (doSomething) - draw - DEBUG - On dessine le robot
2024-12-08 17:03:47,744 - Thread-1 (doSomething) - outfcn - DEBUG - Boucle de sortie
2024-12-08 17:03:47,744 - Thread-1 (doSomething) - notify - DEBUG - Envoie d'un message à l'observeur : state
2024-12-08 17:03:47,745 - Thread-1 (doSomething) - draw - DEBUG - On dessine le robot
2024-12-08 17:03:47,745 - Thread-1 (doSomething) - updfcn - DEBUG - Boucle d'entrée
2024-12-08 17:03:47,745 - Thread-1 (doSomething) - updfcn - DEBUG - Boucle d'entrée
2024-12-08 17:03:47,745 - Thread-1 (doSomething) - updfcn - DEBUG - Boucle d'entrée
2024-12-08 17:03:47,745 - Thread-1 (doSomething) - updfcn - DEBUG - Boucle d'entrée
2024-12-08 17:03:47,745 - Thread-1 (doSomething) - updfcn - DEBUG - Boucle d'entrée
2024-12-08 17:03:47,745 - Thread-1 (doSomething) - updfcn - DEBUG - Boucle d'entrée
2024-12-08 17:03:47,745 - Thread-1 (doSomething) - updfcn - DEBUG - Boucle d'entrée
2024-12-08 17:03:47,745 - Thread-1 (doSomething) - updfcn - DEBUG - Boucle d'entrée
2024-12-08 17:03:47,746 - Thread-1 (doSomething) - updfcn - DEBUG - Boucle d'entrée
2024-12-08 17:03:47,746 - Thread-1 (doSomething) - updfcn - DEBUG - Boucle d'entrée
2024-12-08 17:03:47,746 - Thread-1 (doSomething) - updfcn - DEBUG - Boucle d'entrée
2024-12-08 17:03:47,746 - Thread-1 (doSomething) - updfcn - DEBUG - Boucle d'entrée
2024-12-08 17:03:47,746 - Thread-1 (doSomething) - updfcn - DEBUG - Boucle d'entrée
2024-12-08 17:03:47,746 - Thread-1 (doSomething) - updfcn - DEBUG - Boucle d'entrée
2024-12-08 17:03:47,746 - Thread-1 (doSomething) - outfcn - DEBUG - Boucle de sortie
2024-12-08 17:03:47,746 - Thread-1 (doSomething) - notify - DEBUG - Envoie d'un message à l'observeur : state
2024-12-08 17:03:47,747 - Thread-1 (doSomething) - draw - DEBUG - On dessine le robot
2024-12-08 17:03:47,747 - Thread-1 (doSomething) - outfcn - DEBUG - Boucle de sortie
2024-12-08 17:03:47,747 - Thread-1 (doSomething) - notify - DEBUG - Envoie d'un message à l'observeur : state
2024-12-08 17:03:47,747 - Thread-1 (doSomething) - draw - DEBUG - On dessine le robot
2024-12-08 17:03:47,747 - Thread-1 (doSomething) - outfcn - DEBUG - Boucle de sortie
2024-12-08 17:03:47,747 - Thread-1 (doSomething) - notify - DEBUG - Envoie d'un message à l'observeur : state
2024-12-08 17:03:47,747 - Thread-1 (doSomething) - draw - DEBUG - On dessine le robot
2024-12-08 17:03:47,747 - Thread-1 (doSomething) - updfcn - DEBUG - Boucle d'entrée
2024-12-08 17:03:47,747 - Thread-1 (doSomething) - updfcn - DEBUG - Boucle d'entrée
2024-12-08 17:03:47,747 - Thread-1 (doSomething) - updfcn - DEBUG - Boucle d'entrée
2024-12-08 17:03:47,748 - Thread-1 (doSomething) - updfcn - DEBUG - Boucle d'entrée
2024-12-08 17:03:47,748 - Thread-1 (doSomething) - updfcn - DEBUG - Boucle d'entrée
2024-12-08 17:03:47,748 - Thread-1 (doSomething) - updfcn - DEBUG - Boucle d'entrée
2024-12-08 17:03:47,748 - Thread-1 (doSomething) - updfcn - DEBUG - Boucle d'entrée
2024-12-08 17:03:47,748 - Thread-1 (doSomething) - updfcn - DEBUG - Boucle d'entrée
2024-12-08 17:03:47,750 - Thread-1 (doSomething) - updfcn - DEBUG - Boucle d'entrée
2024-12-08 17:03:47,751 - Thread-1 (doSomething) - updfcn - DEBUG - Boucle d'entrée
2024-12-08 17:03:47,751 - Thread-1 (doSomething) - updfcn - DEBUG - Boucle d'entrée
2024-12-08 17:03:47,751 - Thread-1 (doSomething) - updfcn - DEBUG - Boucle d'entrée
2024-12-08 17:03:47,751 - Thread-1 (doSomething) - updfcn - DEBUG - Boucle d'entrée
2024-12-08 17:03:47,751 - Thread-1 (doSomething) - updfcn - DEBUG - Boucle d'entrée
2024-12-08 17:03:47,751 - Thread-1 (doSomething) - outfcn - DEBUG - Boucle de sortie
2024-12-08 17:03:47,751 - Thread-1 (doSomething) - notify - DEBUG - Envoie d'un message à l'observeur : state
2024-12-08 17:03:47,751 - Thread-1 (doSomething) - draw - DEBUG - On dessine le robot
2024-12-08 17:03:47,751 - Thread-1 (doSomething) - outfcn - DEBUG - Boucle de sortie
2024-12-08 17:03:47,751 - Thread-1 (doSomething) - notify - DEBUG - Envoie d'un message à l'observeur : state
2024-12-08 17:03:47,752 - Thread-1 (doSomething) - draw - DEBUG - On dessine le robot
2024-12-08 17:03:47,752 - Thread-1 (doSomething) - outfcn - DEBUG - Boucle de sortie
2024-12-08 17:03:47,752 - Thread-1 (doSomething) - notify - DEBUG - Envoie d'un message à l'observeur : state
2024-12-08 17:03:47,752 - Thread-1 (doSomething) - draw - DEBUG - On dessine le robot
2024-12-08 17:03:47,752 - Thread-1 (doSomething) - updfcn - DEBUG - Boucle d'entrée
2024-12-08 17:03:47,752 - Thread-1 (doSomething) - updfcn - DEBUG - Boucle d'entrée
2024-12-08 17:03:47,752 - Thread-1 (doSomething) - updfcn - DEBUG - Boucle d'entrée
2024-12-08 17:03:47,752 - Thread-1 (doSomething) - updfcn - DEBUG - Boucle d'entrée
2024-12-08 17:03:47,752 - Thread-1 (doSomething) - updfcn - DEBUG - Boucle d'entrée
2024-12-08 17:03:47,752 - Thread-1 (doSomething) - updfcn - DEBUG - Boucle d'entrée
2024-12-08 17:03:47,753 - Thread-1 (doSomething) - updfcn - DEBUG - Boucle d'entrée
2024-12-08 17:03:47,753 - Thread-1 (doSomething) - updfcn - DEBUG - Boucle d'entrée
2024-12-08 17:03:47,753 - Thread-1 (doSomething) - updfcn - DEBUG - Boucle d'entrée
2024-12-08 17:03:47,753 - Thread-1 (doSomething) - updfcn - DEBUG - Boucle d'entrée
2024-12-08 17:03:47,753 - Thread-1 (doSomething) - updfcn - DEBUG - Boucle d'entrée
2024-12-08 17:03:47,753 - Thread-1 (doSomething) - updfcn - DEBUG - Boucle d'entrée
2024-12-08 17:03:47,753 - Thread-1 (doSomething) - updfcn - DEBUG - Boucle d'entrée
2024-12-08 17:03:47,753 - Thread-1 (doSomething) - updfcn - DEBUG - Boucle d'entrée
2024-12-08 17:03:47,754 - Thread-1 (doSomething) - outfcn - DEBUG - Boucle de sortie
2024-12-08 17:03:47,754 - Thread-1 (doSomething) - notify - DEBUG - Envoie d'un message à l'observeur : state
2024-12-08 17:03:47,754 - Thread-1 (doSomething) - draw - DEBUG - On dessine le robot
2024-12-08 17:03:47,754 - Thread-1 (doSomething) - outfcn - DEBUG - Boucle de sortie
2024-12-08 17:03:47,754 - Thread-1 (doSomething) - notify - DEBUG - Envoie d'un message à l'observeur : state
2024-12-08 17:03:47,754 - Thread-1 (doSomething) - draw - DEBUG - On dessine le robot
2024-12-08 17:03:47,754 - Thread-1 (doSomething) - outfcn - DEBUG - Boucle de sortie
2024-12-08 17:03:47,754 - Thread-1 (doSomething) - notify - DEBUG - Envoie d'un message à l'observeur : state
2024-12-08 17:03:47,754 - Thread-1 (doSomething) - draw - DEBUG - On dessine le robot
2024-12-08 17:03:47,754 - Thread-1 (doSomething) - updfcn - DEBUG - Boucle d'entrée
2024-12-08 17:03:47,754 - Thread-1 (doSomething) - updfcn - DEBUG - Boucle d'entrée
2024-12-08 17:03:47,755 - Thread-1 (doSomething) - updfcn - DEBUG - Boucle d'entrée
2024-12-08 17:03:47,755 - Thread-1 (doSomething) - updfcn - DEBUG - Boucle d'entrée
2024-12-08 17:03:47,755 - Thread-1 (doSomething) - updfcn - DEBUG - Boucle d'entrée
2024-12-08 17:03:47,755 - Thread-1 (doSomething) - updfcn - DEBUG - Boucle d'entrée
2024-12-08 17:03:47,755 - Thread-1 (doSomething) - updfcn - DEBUG - Boucle d'entrée
2024-12-08 17:03:47,755 - Thread-1 (doSomething) - updfcn - DEBUG - Boucle d'entrée
2024-12-08 17:03:47,755 - Thread-1 (doSomething) - outfcn - DEBUG - Boucle de sortie
2024-12-08 17:03:47,755 - Thread-1 (doSomething) - notify - DEBUG - Envoie d'un message à l'observeur : state
2024-12-08 17:03:47,755 - Thread-1 (doSomething) - draw - DEBUG - On dessine le robot
2024-12-08 17:03:47,756 - Thread-1 (doSomething) - outfcn - DEBUG - Boucle de sortie
2024-12-08 17:03:47,756 - Thread-1 (doSomething) - notify - DEBUG - Envoie d'un message à l'observeur : state
2024-12-08 17:03:47,756 - Thread-1 (doSomething) - draw - DEBUG - On dessine le robot
2024-12-08 17:03:47,756 - Thread-1 (doSomething) - outfcn - DEBUG - Boucle de sortie
2024-12-08 17:03:47,756 - Thread-1 (doSomething) - notify - DEBUG - Envoie d'un message à l'observeur : state
2024-12-08 17:03:47,756 - Thread-1 (doSomething) - draw - DEBUG - On dessine le robot
2024-12-08 17:03:47,756 - Thread-1 (doSomething) - updfcn - DEBUG - Boucle d'entrée
2024-12-08 17:03:47,756 - Thread-1 (doSomething) - updfcn - DEBUG - Boucle d'entrée
2024-12-08 17:03:47,757 - Thread-1 (doSomething) - updfcn - DEBUG - Boucle d'entrée
2024-12-08 17:03:47,757 - Thread-1 (doSomething) - updfcn - DEBUG - Boucle d'entrée
2024-12-08 17:03:47,757 - Thread-1 (doSomething) - updfcn - DEBUG - Boucle d'entrée
2024-12-08 17:03:47,757 - Thread-1 (doSomething) - updfcn - DEBUG - Boucle d'entrée
2024-12-08 17:03:47,757 - Thread-1 (doSomething) - updfcn - DEBUG - Boucle d'entrée
2024-12-08 17:03:47,757 - Thread-1 (doSomething) - updfcn - DEBUG - Boucle d'entrée
2024-12-08 17:03:47,757 - Thread-1 (doSomething) - outfcn - DEBUG - Boucle de sortie
2024-12-08 17:03:47,758 - Thread-1 (doSomething) - notify - DEBUG - Envoie d'un message à l'observeur : state
2024-12-08 17:03:47,758 - Thread-1 (doSomething) - draw - DEBUG - On dessine le robot
2024-12-08 17:03:47,758 - Thread-1 (doSomething) - outfcn - DEBUG - Boucle de sortie
2024-12-08 17:03:47,758 - Thread-1 (doSomething) - notify - DEBUG - Envoie d'un message à l'observeur : state
2024-12-08 17:03:47,758 - Thread-1 (doSomething) - draw - DEBUG - On dessine le robot
2024-12-08 17:03:47,758 - Thread-1 (doSomething) - outfcn - DEBUG - Boucle de sortie
2024-12-08 17:03:47,758 - Thread-1 (doSomething) - notify - DEBUG - Envoie d'un message à l'observeur : state
2024-12-08 17:03:47,758 - Thread-1 (doSomething) - draw - DEBUG - On dessine le robot
2024-12-08 17:03:47,758 - Thread-1 (doSomething) - updfcn - DEBUG - Boucle d'entrée
2024-12-08 17:03:47,758 - Thread-1 (doSomething) - updfcn - DEBUG - Boucle d'entrée
2024-12-08 17:03:47,758 - Thread-1 (doSomething) - updfcn - DEBUG - Boucle d'entrée
2024-12-08 17:03:47,759 - Thread-1 (doSomething) - updfcn - DEBUG - Boucle d'entrée
2024-12-08 17:03:47,759 - Thread-1 (doSomething) - updfcn - DEBUG - Boucle d'entrée
2024-12-08 17:03:47,759 - Thread-1 (doSomething) - updfcn - DEBUG - Boucle d'entrée
2024-12-08 17:03:47,759 - Thread-1 (doSomething) - updfcn - DEBUG - Boucle d'entrée
2024-12-08 17:03:47,759 - Thread-1 (doSomething) - updfcn - DEBUG - Boucle d'entrée
2024-12-08 17:03:47,759 - Thread-1 (doSomething) - outfcn - DEBUG - Boucle de sortie
2024-12-08 17:03:47,759 - Thread-1 (doSomething) - notify - DEBUG - Envoie d'un message à l'observeur : state
2024-12-08 17:03:47,759 - Thread-1 (doSomething) - draw - DEBUG - On dessine le robot
2024-12-08 17:03:47,759 - Thread-1 (doSomething) - outfcn - DEBUG - Boucle de sortie
2024-12-08 17:03:47,760 - Thread-1 (doSomething) - notify - DEBUG - Envoie d'un message à l'observeur : state
2024-12-08 17:03:47,760 - Thread-1 (doSomething) - draw - DEBUG - On dessine le robot
2024-12-08 17:03:47,760 - Thread-1 (doSomething) - outfcn - DEBUG - Boucle de sortie
2024-12-08 17:03:47,760 - Thread-1 (doSomething) - notify - DEBUG - Envoie d'un message à l'observeur : state
2024-12-08 17:03:47,760 - Thread-1 (doSomething) - draw - DEBUG - On dessine le robot
2024-12-08 17:03:47,760 - Thread-1 (doSomething) - updfcn - DEBUG - Boucle d'entrée
2024-12-08 17:03:47,760 - Thread-1 (doSomething) - updfcn - DEBUG - Boucle d'entrée
2024-12-08 17:03:47,760 - Thread-1 (doSomething) - updfcn - DEBUG - Boucle d'entrée
2024-12-08 17:03:47,761 - Thread-1 (doSomething) - updfcn - DEBUG - Boucle d'entrée
2024-12-08 17:03:47,761 - Thread-1 (doSomething) - updfcn - DEBUG - Boucle d'entrée
2024-12-08 17:03:47,761 - Thread-1 (doSomething) - updfcn - DEBUG - Boucle d'entrée
2024-12-08 17:03:47,761 - Thread-1 (doSomething) - updfcn - DEBUG - Boucle d'entrée
2024-12-08 17:03:47,761 - Thread-1 (doSomething) - updfcn - DEBUG - Boucle d'entrée
2024-12-08 17:03:47,761 - Thread-1 (doSomething) - outfcn - DEBUG - Boucle de sortie
2024-12-08 17:03:47,761 - Thread-1 (doSomething) - notify - DEBUG - Envoie d'un message à l'observeur : state
2024-12-08 17:03:47,761 - Thread-1 (doSomething) - draw - DEBUG - On dessine le robot
2024-12-08 17:03:47,762 - Thread-1 (doSomething) - outfcn - DEBUG - Boucle de sortie
2024-12-08 17:03:47,762 - Thread-1 (doSomething) - notify - DEBUG - Envoie d'un message à l'observeur : state
2024-12-08 17:03:47,762 - Thread-1 (doSomething) - draw - DEBUG - On dessine le robot
2024-12-08 17:03:47,762 - Thread-1 (doSomething) - outfcn - DEBUG - Boucle de sortie
2024-12-08 17:03:47,762 - Thread-1 (doSomething) - notify - DEBUG - Envoie d'un message à l'observeur : state
2024-12-08 17:03:47,762 - Thread-1 (doSomething) - draw - DEBUG - On dessine le robot
2024-12-08 17:03:47,762 - Thread-1 (doSomething) - updfcn - DEBUG - Boucle d'entrée
2024-12-08 17:03:47,762 - Thread-1 (doSomething) - updfcn - DEBUG - Boucle d'entrée
2024-12-08 17:03:47,762 - Thread-1 (doSomething) - updfcn - DEBUG - Boucle d'entrée
2024-12-08 17:03:47,762 - Thread-1 (doSomething) - updfcn - DEBUG - Boucle d'entrée
2024-12-08 17:03:47,763 - Thread-1 (doSomething) - updfcn - DEBUG - Boucle d'entrée
2024-12-08 17:03:47,763 - Thread-1 (doSomething) - updfcn - DEBUG - Boucle d'entrée
2024-12-08 17:03:47,763 - Thread-1 (doSomething) - updfcn - DEBUG - Boucle d'entrée
2024-12-08 17:03:47,763 - Thread-1 (doSomething) - updfcn - DEBUG - Boucle d'entrée
2024-12-08 17:03:47,763 - Thread-1 (doSomething) - outfcn - DEBUG - Boucle de sortie
2024-12-08 17:03:47,763 - Thread-1 (doSomething) - notify - DEBUG - Envoie d'un message à l'observeur : state
2024-12-08 17:03:47,763 - Thread-1 (doSomething) - draw - DEBUG - On dessine le robot
2024-12-08 17:03:47,763 - Thread-1 (doSomething) - outfcn - DEBUG - Boucle de sortie
2024-12-08 17:03:47,763 - Thread-1 (doSomething) - notify - DEBUG - Envoie d'un message à l'observeur : state
2024-12-08 17:03:47,763 - Thread-1 (doSomething) - draw - DEBUG - On dessine le robot
2024-12-08 17:03:47,763 - Thread-1 (doSomething) - outfcn - DEBUG - Boucle de sortie
2024-12-08 17:03:47,766 - Thread-1 (doSomething) - notify - DEBUG - Envoie d'un message à l'observeur : state
2024-12-08 17:03:47,766 - Thread-1 (doSomething) - draw - DEBUG - On dessine le robot
2024-12-08 17:03:47,766 - Thread-1 (doSomething) - updfcn - DEBUG - Boucle d'entrée
2024-12-08 17:03:47,766 - Thread-1 (doSomething) - updfcn - DEBUG - Boucle d'entrée
2024-12-08 17:03:47,766 - Thread-1 (doSomething) - updfcn - DEBUG - Boucle d'entrée
2024-12-08 17:03:47,766 - Thread-1 (doSomething) - updfcn - DEBUG - Boucle d'entrée
2024-12-08 17:03:47,766 - Thread-1 (doSomething) - updfcn - DEBUG - Boucle d'entrée
2024-12-08 17:03:47,766 - Thread-1 (doSomething) - updfcn - DEBUG - Boucle d'entrée
2024-12-08 17:03:47,767 - Thread-1 (doSomething) - updfcn - DEBUG - Boucle d'entrée
2024-12-08 17:03:47,767 - Thread-1 (doSomething) - updfcn - DEBUG - Boucle d'entrée
2024-12-08 17:03:47,767 - Thread-1 (doSomething) - outfcn - DEBUG - Boucle de sortie
2024-12-08 17:03:47,767 - Thread-1 (doSomething) - notify - DEBUG - Envoie d'un message à l'observeur : state
2024-12-08 17:03:47,767 - Thread-1 (doSomething) - draw - DEBUG - On dessine le robot
2024-12-08 17:03:47,767 - Thread-1 (doSomething) - outfcn - DEBUG - Boucle de sortie
2024-12-08 17:03:47,767 - Thread-1 (doSomething) - notify - DEBUG - Envoie d'un message à l'observeur : state
2024-12-08 17:03:47,767 - Thread-1 (doSomething) - draw - DEBUG - On dessine le robot
2024-12-08 17:03:47,767 - Thread-1 (doSomething) - outfcn - DEBUG - Boucle de sortie
2024-12-08 17:03:47,767 - Thread-1 (doSomething) - notify - DEBUG - Envoie d'un message à l'observeur : state
2024-12-08 17:03:47,767 - Thread-1 (doSomething) - draw - DEBUG - On dessine le robot
2024-12-08 17:03:47,768 - Thread-1 (doSomething) - updfcn - DEBUG - Boucle d'entrée
2024-12-08 17:03:47,768 - Thread-1 (doSomething) - updfcn - DEBUG - Boucle d'entrée
2024-12-08 17:03:47,768 - Thread-1 (doSomething) - updfcn - DEBUG - Boucle d'entrée
2024-12-08 17:03:47,768 - Thread-1 (doSomething) - updfcn - DEBUG - Boucle d'entrée
2024-12-08 17:03:47,768 - Thread-1 (doSomething) - updfcn - DEBUG - Boucle d'entrée
2024-12-08 17:03:47,768 - Thread-1 (doSomething) - updfcn - DEBUG - Boucle d'entrée
2024-12-08 17:03:47,769 - Thread-1 (doSomething) - updfcn - DEBUG - Boucle d'entrée
2024-12-08 17:03:47,769 - Thread-1 (doSomething) - updfcn - DEBUG - Boucle d'entrée
2024-12-08 17:03:47,769 - Thread-1 (doSomething) - outfcn - DEBUG - Boucle de sortie
2024-12-08 17:03:47,769 - Thread-1 (doSomething) - notify - DEBUG - Envoie d'un message à l'observeur : state
2024-12-08 17:03:47,769 - Thread-1 (doSomething) - draw - DEBUG - On dessine le robot
2024-12-08 17:03:47,769 - Thread-1 (doSomething) - outfcn - DEBUG - Boucle de sortie
2024-12-08 17:03:47,769 - Thread-1 (doSomething) - notify - DEBUG - Envoie d'un message à l'observeur : state
2024-12-08 17:03:47,769 - Thread-1 (doSomething) - draw - DEBUG - On dessine le robot
2024-12-08 17:03:47,769 - Thread-1 (doSomething) - outfcn - DEBUG - Boucle de sortie
2024-12-08 17:03:47,770 - Thread-1 (doSomething) - notify - DEBUG - Envoie d'un message à l'observeur : state
2024-12-08 17:03:47,770 - Thread-1 (doSomething) - draw - DEBUG - On dessine le robot
2024-12-08 17:03:47,770 - Thread-1 (doSomething) - updfcn - DEBUG - Boucle d'entrée
2024-12-08 17:03:47,770 - Thread-1 (doSomething) - updfcn - DEBUG - Boucle d'entrée
2024-12-08 17:03:47,770 - Thread-1 (doSomething) - updfcn - DEBUG - Boucle d'entrée
2024-12-08 17:03:47,770 - Thread-1 (doSomething) - updfcn - DEBUG - Boucle d'entrée
2024-12-08 17:03:47,770 - Thread-1 (doSomething) - updfcn - DEBUG - Boucle d'entrée
2024-12-08 17:03:47,771 - Thread-1 (doSomething) - updfcn - DEBUG - Boucle d'entrée
2024-12-08 17:03:47,771 - Thread-1 (doSomething) - updfcn - DEBUG - Boucle d'entrée
2024-12-08 17:03:47,771 - Thread-1 (doSomething) - updfcn - DEBUG - Boucle d'entrée
2024-12-08 17:03:47,771 - Thread-1 (doSomething) - outfcn - DEBUG - Boucle de sortie
2024-12-08 17:03:47,771 - Thread-1 (doSomething) - notify - DEBUG - Envoie d'un message à l'observeur : state
2024-12-08 17:03:47,771 - Thread-1 (doSomething) - draw - DEBUG - On dessine le robot
2024-12-08 17:03:47,771 - Thread-1 (doSomething) - outfcn - DEBUG - Boucle de sortie
2024-12-08 17:03:47,771 - Thread-1 (doSomething) - notify - DEBUG - Envoie d'un message à l'observeur : state
2024-12-08 17:03:47,771 - Thread-1 (doSomething) - draw - DEBUG - On dessine le robot
2024-12-08 17:03:47,771 - Thread-1 (doSomething) - outfcn - DEBUG - Boucle de sortie
2024-12-08 17:03:47,772 - Thread-1 (doSomething) - notify - DEBUG - Envoie d'un message à l'observeur : state
2024-12-08 17:03:47,772 - Thread-1 (doSomething) - draw - DEBUG - On dessine le robot
2024-12-08 17:03:47,772 - Thread-1 (doSomething) - draw - DEBUG - On bouge l'image robot sur le canva. dx = 8.572527594031475e-18, dy = 0.1400000000000001, imf = 1
2024-12-08 17:03:51,352 - MainThread - onClose - INFO - Fermeture de la fenetre
2024-12-08 17:03:51,358 - MainThread - <module> - INFO - Fin du programme
