2024-12-11 20:35:37,609 - MainThread - <module> - INFO - Initialisation du logger
2024-12-11 20:35:37,767 - MainThread - update - DEBUG - Update vaue de la courbe
2024-12-11 20:35:37,769 - Thread-1 (MotorTry) - MotorTry - DEBUG - Debut Thread
2024-12-11 20:35:37,769 - Thread-1 (MotorTry) - MotorTry - DEBUG - Nouvelle boucle
2024-12-11 20:35:37,769 - MainThread - afficher - INFO - Affichage de la fenetre
2024-12-11 20:35:37,771 - Thread-1 (MotorTry) - update - DEBUG - Update vaue de la courbe
2024-12-11 20:35:37,872 - Thread-1 (MotorTry) - MotorTry - DEBUG - Nouvelle boucle
2024-12-11 20:35:37,873 - Thread-1 (MotorTry) - update - DEBUG - Update vaue de la courbe
2024-12-11 20:35:37,974 - Thread-1 (MotorTry) - MotorTry - DEBUG - Nouvelle boucle
2024-12-11 20:35:37,976 - Thread-1 (MotorTry) - update - DEBUG - Update vaue de la courbe
2024-12-11 20:35:38,077 - Thread-1 (MotorTry) - MotorTry - DEBUG - Nouvelle boucle
2024-12-11 20:35:38,078 - Thread-1 (MotorTry) - update - DEBUG - Update vaue de la courbe
2024-12-11 20:35:38,178 - Thread-1 (MotorTry) - MotorTry - DEBUG - Nouvelle boucle
2024-12-11 20:35:38,179 - Thread-1 (MotorTry) - update - DEBUG - Update vaue de la courbe
2024-12-11 20:35:38,280 - Thread-1 (MotorTry) - MotorTry - DEBUG - Nouvelle boucle
2024-12-11 20:35:38,281 - Thread-1 (MotorTry) - update - DEBUG - Update vaue de la courbe
2024-12-11 20:35:38,382 - Thread-1 (MotorTry) - MotorTry - DEBUG - Nouvelle boucle
2024-12-11 20:35:38,383 - Thread-1 (MotorTry) - update - DEBUG - Update vaue de la courbe
2024-12-11 20:35:38,483 - Thread-1 (MotorTry) - MotorTry - DEBUG - Nouvelle boucle
2024-12-11 20:35:38,484 - Thread-1 (MotorTry) - update - DEBUG - Update vaue de la courbe
2024-12-11 20:35:38,585 - Thread-1 (MotorTry) - MotorTry - DEBUG - Nouvelle boucle
2024-12-11 20:35:38,586 - Thread-1 (MotorTry) - update - DEBUG - Update vaue de la courbe
2024-12-11 20:35:38,687 - Thread-1 (MotorTry) - MotorTry - DEBUG - Nouvelle boucle
2024-12-11 20:35:38,688 - Thread-1 (MotorTry) - update - DEBUG - Update vaue de la courbe
2024-12-11 20:35:38,789 - Thread-1 (MotorTry) - MotorTry - DEBUG - Nouvelle boucle
2024-12-11 20:35:38,790 - Thread-1 (MotorTry) - update - DEBUG - Update vaue de la courbe
2024-12-11 20:35:38,891 - Thread-1 (MotorTry) - MotorTry - DEBUG - Nouvelle boucle
2024-12-11 20:35:38,892 - Thread-1 (MotorTry) - update - DEBUG - Update vaue de la courbe
2024-12-11 20:35:38,993 - Thread-1 (MotorTry) - MotorTry - DEBUG - Nouvelle boucle
2024-12-11 20:35:38,994 - Thread-1 (MotorTry) - update - DEBUG - Update vaue de la courbe
2024-12-11 20:35:39,095 - Thread-1 (MotorTry) - MotorTry - DEBUG - Nouvelle boucle
2024-12-11 20:35:39,096 - Thread-1 (MotorTry) - update - DEBUG - Update vaue de la courbe
2024-12-11 20:35:39,196 - Thread-1 (MotorTry) - MotorTry - DEBUG - Nouvelle boucle
2024-12-11 20:35:39,197 - Thread-1 (MotorTry) - update - DEBUG - Update vaue de la courbe
2024-12-11 20:35:39,298 - Thread-1 (MotorTry) - MotorTry - DEBUG - Nouvelle boucle
2024-12-11 20:35:39,299 - Thread-1 (MotorTry) - update - DEBUG - Update vaue de la courbe
2024-12-11 20:35:39,400 - Thread-1 (MotorTry) - MotorTry - DEBUG - Nouvelle boucle
2024-12-11 20:35:39,401 - Thread-1 (MotorTry) - update - DEBUG - Update vaue de la courbe
2024-12-11 20:35:39,501 - Thread-1 (MotorTry) - MotorTry - DEBUG - Nouvelle boucle
2024-12-11 20:35:39,503 - Thread-1 (MotorTry) - update - DEBUG - Update vaue de la courbe
2024-12-11 20:35:39,604 - Thread-1 (MotorTry) - MotorTry - DEBUG - Nouvelle boucle
2024-12-11 20:35:39,605 - Thread-1 (MotorTry) - update - DEBUG - Update vaue de la courbe
2024-12-11 20:35:39,706 - Thread-1 (MotorTry) - MotorTry - DEBUG - Nouvelle boucle
2024-12-11 20:35:39,707 - Thread-1 (MotorTry) - update - DEBUG - Update vaue de la courbe
2024-12-11 20:35:39,808 - Thread-1 (MotorTry) - MotorTry - DEBUG - Nouvelle boucle
2024-12-11 20:35:39,809 - Thread-1 (MotorTry) - update - DEBUG - Update vaue de la courbe
2024-12-11 20:35:39,910 - Thread-1 (MotorTry) - MotorTry - DEBUG - Nouvelle boucle
2024-12-11 20:35:39,911 - Thread-1 (MotorTry) - update - DEBUG - Update vaue de la courbe
2024-12-11 20:35:40,011 - Thread-1 (MotorTry) - MotorTry - DEBUG - Nouvelle boucle
2024-12-11 20:35:40,012 - Thread-1 (MotorTry) - update - DEBUG - Update vaue de la courbe
2024-12-11 20:35:40,113 - Thread-1 (MotorTry) - MotorTry - DEBUG - Nouvelle boucle
2024-12-11 20:35:40,114 - Thread-1 (MotorTry) - update - DEBUG - Update vaue de la courbe
2024-12-11 20:35:40,214 - Thread-1 (MotorTry) - MotorTry - DEBUG - Nouvelle boucle
2024-12-11 20:35:40,216 - Thread-1 (MotorTry) - update - DEBUG - Update vaue de la courbe
2024-12-11 20:35:40,317 - Thread-1 (MotorTry) - MotorTry - DEBUG - Nouvelle boucle
2024-12-11 20:35:40,318 - Thread-1 (MotorTry) - update - DEBUG - Update vaue de la courbe
2024-12-11 20:35:40,418 - Thread-1 (MotorTry) - MotorTry - DEBUG - Nouvelle boucle
2024-12-11 20:35:40,419 - Thread-1 (MotorTry) - update - DEBUG - Update vaue de la courbe
2024-12-11 20:35:40,520 - Thread-1 (MotorTry) - MotorTry - DEBUG - Nouvelle boucle
2024-12-11 20:35:40,521 - Thread-1 (MotorTry) - update - DEBUG - Update vaue de la courbe
2024-12-11 20:35:40,622 - Thread-1 (MotorTry) - MotorTry - DEBUG - Nouvelle boucle
2024-12-11 20:35:40,623 - Thread-1 (MotorTry) - update - DEBUG - Update vaue de la courbe
2024-12-11 20:35:40,724 - Thread-1 (MotorTry) - MotorTry - DEBUG - Nouvelle boucle
2024-12-11 20:35:40,725 - Thread-1 (MotorTry) - update - DEBUG - Update vaue de la courbe
2024-12-11 20:35:40,826 - Thread-1 (MotorTry) - MotorTry - DEBUG - Nouvelle boucle
2024-12-11 20:35:40,827 - Thread-1 (MotorTry) - update - DEBUG - Update vaue de la courbe
2024-12-11 20:35:40,912 - MainThread - onClose - INFO - Fermeture de la fenetre
2024-12-11 20:35:40,928 - MainThread - <module> - INFO - Fin du programme
