2024-12-11 20:44:02,188 - MainThread - <module> - INFO - Initialisation du logger
2024-12-11 20:44:02,343 - MainThread - update - DEBUG - Update vaue de la courbe
2024-12-11 20:44:02,344 - Thread-1 (MotorTry) - MotorTry - DEBUG - Debut Thread
2024-12-11 20:44:02,344 - Thread-1 (MotorTry) - MotorTry - DEBUG - Nouvelle boucle
2024-12-11 20:44:02,344 - MainThread - afficher - INFO - Affichage de la fenetre
2024-12-11 20:44:02,346 - Thread-1 (MotorTry) - update - DEBUG - Update vaue de la courbe
2024-12-11 20:44:02,447 - Thread-1 (MotorTry) - MotorTry - DEBUG - Nouvelle boucle
2024-12-11 20:44:02,448 - Thread-1 (MotorTry) - update - DEBUG - Update vaue de la courbe
2024-12-11 20:44:02,549 - Thread-1 (MotorTry) - MotorTry - DEBUG - Nouvelle boucle
2024-12-11 20:44:02,551 - Thread-1 (MotorTry) - update - DEBUG - Update vaue de la courbe
2024-12-11 20:44:02,651 - Thread-1 (MotorTry) - MotorTry - DEBUG - Nouvelle boucle
2024-12-11 20:44:02,652 - Thread-1 (MotorTry) - update - DEBUG - Update vaue de la courbe
2024-12-11 20:44:02,753 - Thread-1 (MotorTry) - MotorTry - DEBUG - Nouvelle boucle
2024-12-11 20:44:02,754 - Thread-1 (MotorTry) - update - DEBUG - Update vaue de la courbe
2024-12-11 20:44:02,854 - Thread-1 (MotorTry) - MotorTry - DEBUG - Nouvelle boucle
2024-12-11 20:44:02,855 - Thread-1 (MotorTry) - update - DEBUG - Update vaue de la courbe
2024-12-11 20:44:02,956 - Thread-1 (MotorTry) - MotorTry - DEBUG - Nouvelle boucle
2024-12-11 20:44:02,957 - Thread-1 (MotorTry) - update - DEBUG - Update vaue de la courbe
2024-12-11 20:44:03,057 - Thread-1 (MotorTry) - MotorTry - DEBUG - Nouvelle boucle
2024-12-11 20:44:03,058 - Thread-1 (MotorTry) - update - DEBUG - Update vaue de la courbe
2024-12-11 20:44:03,158 - Thread-1 (MotorTry) - MotorTry - DEBUG - Nouvelle boucle
2024-12-11 20:44:03,159 - Thread-1 (MotorTry) - update - DEBUG - Update vaue de la courbe
2024-12-11 20:44:03,260 - Thread-1 (MotorTry) - MotorTry - DEBUG - Nouvelle boucle
2024-12-11 20:44:03,261 - Thread-1 (MotorTry) - update - DEBUG - Update vaue de la courbe
2024-12-11 20:44:03,361 - Thread-1 (MotorTry) - MotorTry - DEBUG - Nouvelle boucle
2024-12-11 20:44:03,362 - Thread-1 (MotorTry) - update - DEBUG - Update vaue de la courbe
2024-12-11 20:44:03,462 - Thread-1 (MotorTry) - MotorTry - DEBUG - Nouvelle boucle
2024-12-11 20:44:03,463 - Thread-1 (MotorTry) - update - DEBUG - Update vaue de la courbe
2024-12-11 20:44:03,564 - Thread-1 (MotorTry) - MotorTry - DEBUG - Nouvelle boucle
2024-12-11 20:44:03,565 - Thread-1 (MotorTry) - update - DEBUG - Update vaue de la courbe
2024-12-11 20:44:03,665 - Thread-1 (MotorTry) - MotorTry - DEBUG - Nouvelle boucle
2024-12-11 20:44:03,666 - Thread-1 (MotorTry) - update - DEBUG - Update vaue de la courbe
2024-12-11 20:44:03,766 - Thread-1 (MotorTry) - MotorTry - DEBUG - Nouvelle boucle
2024-12-11 20:44:03,767 - Thread-1 (MotorTry) - update - DEBUG - Update vaue de la courbe
2024-12-11 20:44:03,868 - Thread-1 (MotorTry) - MotorTry - DEBUG - Nouvelle boucle
2024-12-11 20:44:03,868 - Thread-1 (MotorTry) - update - DEBUG - Update vaue de la courbe
2024-12-11 20:44:03,969 - Thread-1 (MotorTry) - MotorTry - DEBUG - Nouvelle boucle
2024-12-11 20:44:03,969 - Thread-1 (MotorTry) - update - DEBUG - Update vaue de la courbe
2024-12-11 20:44:04,070 - Thread-1 (MotorTry) - MotorTry - DEBUG - Nouvelle boucle
2024-12-11 20:44:04,071 - Thread-1 (MotorTry) - update - DEBUG - Update vaue de la courbe
2024-12-11 20:44:04,171 - Thread-1 (MotorTry) - MotorTry - DEBUG - Nouvelle boucle
2024-12-11 20:44:04,172 - Thread-1 (MotorTry) - update - DEBUG - Update vaue de la courbe
2024-12-11 20:44:04,273 - Thread-1 (MotorTry) - MotorTry - DEBUG - Nouvelle boucle
2024-12-11 20:44:04,273 - Thread-1 (MotorTry) - update - DEBUG - Update vaue de la courbe
2024-12-11 20:44:04,374 - Thread-1 (MotorTry) - MotorTry - DEBUG - Nouvelle boucle
2024-12-11 20:44:04,374 - Thread-1 (MotorTry) - update - DEBUG - Update vaue de la courbe
2024-12-11 20:44:04,475 - Thread-1 (MotorTry) - MotorTry - DEBUG - Nouvelle boucle
2024-12-11 20:44:04,476 - Thread-1 (MotorTry) - update - DEBUG - Update vaue de la courbe
2024-12-11 20:44:04,576 - Thread-1 (MotorTry) - MotorTry - DEBUG - Nouvelle boucle
2024-12-11 20:44:04,577 - Thread-1 (MotorTry) - update - DEBUG - Update vaue de la courbe
2024-12-11 20:44:04,678 - Thread-1 (MotorTry) - MotorTry - DEBUG - Nouvelle boucle
2024-12-11 20:44:04,678 - Thread-1 (MotorTry) - update - DEBUG - Update vaue de la courbe
2024-12-11 20:44:04,779 - Thread-1 (MotorTry) - MotorTry - DEBUG - Nouvelle boucle
2024-12-11 20:44:04,779 - Thread-1 (MotorTry) - update - DEBUG - Update vaue de la courbe
2024-12-11 20:44:04,811 - MainThread - onClose - INFO - Fermeture de la fenetre
2024-12-11 20:44:04,880 - MainThread - <module> - INFO - Fin du programme
