2024-12-22 19:23:36,191 - MainThread - <module> - INFO - Initialisation du logger
2024-12-22 19:23:36,553 - MainThread - update - DEBUG - Update vaue de la courbe
2024-12-22 19:23:36,585 - MainThread - afficher - INFO - Affichage de la fenetre
2024-12-22 19:23:36,585 - MainThread - updateUi - DEBUG - Reset de l'affichage de la courbe
2024-12-22 19:23:36,666 - MainThread - updateUi - DEBUG - Reset de l'affichage de la courbe
2024-12-22 19:23:36,746 - MainThread - updateUi - DEBUG - Reset de l'affichage de la courbe
2024-12-22 19:23:36,795 - MainThread - updateUi - DEBUG - Reset de l'affichage de la courbe
2024-12-22 19:23:36,855 - MainThread - updateUi - DEBUG - Reset de l'affichage de la courbe
2024-12-22 19:23:36,919 - MainThread - updateUi - DEBUG - Reset de l'affichage de la courbe
2024-12-22 19:23:36,981 - MainThread - updateUi - DEBUG - Reset de l'affichage de la courbe
2024-12-22 19:23:37,060 - MainThread - updateUi - DEBUG - Reset de l'affichage de la courbe
2024-12-22 19:23:37,138 - MainThread - updateUi - DEBUG - Reset de l'affichage de la courbe
2024-12-22 19:23:37,201 - MainThread - updateUi - DEBUG - Reset de l'affichage de la courbe
2024-12-22 19:23:37,264 - MainThread - updateUi - DEBUG - Reset de l'affichage de la courbe
2024-12-22 19:23:37,327 - MainThread - updateUi - DEBUG - Reset de l'affichage de la courbe
2024-12-22 19:23:37,374 - MainThread - updateUi - DEBUG - Reset de l'affichage de la courbe
2024-12-22 19:23:37,453 - MainThread - updateUi - DEBUG - Reset de l'affichage de la courbe
2024-12-22 19:23:37,531 - MainThread - updateUi - DEBUG - Reset de l'affichage de la courbe
2024-12-22 19:23:37,593 - MainThread - updateUi - DEBUG - Reset de l'affichage de la courbe
2024-12-22 19:23:37,673 - MainThread - updateUi - DEBUG - Reset de l'affichage de la courbe
2024-12-22 19:23:37,726 - MainThread - updateUi - DEBUG - Reset de l'affichage de la courbe
2024-12-22 19:23:37,783 - MainThread - updateUi - DEBUG - Reset de l'affichage de la courbe
2024-12-22 19:23:37,861 - MainThread - updateUi - DEBUG - Reset de l'affichage de la courbe
2024-12-22 19:23:37,924 - MainThread - updateUi - DEBUG - Reset de l'affichage de la courbe
2024-12-22 19:23:37,987 - MainThread - updateUi - DEBUG - Reset de l'affichage de la courbe
2024-12-22 19:23:38,049 - MainThread - updateUi - DEBUG - Reset de l'affichage de la courbe
2024-12-22 19:23:38,112 - MainThread - updateUi - DEBUG - Reset de l'affichage de la courbe
2024-12-22 19:23:38,174 - MainThread - updateUi - DEBUG - Reset de l'affichage de la courbe
2024-12-22 19:23:38,237 - MainThread - updateUi - DEBUG - Reset de l'affichage de la courbe
2024-12-22 19:23:38,284 - MainThread - updateUi - DEBUG - Reset de l'affichage de la courbe
2024-12-22 19:23:38,350 - MainThread - updateUi - DEBUG - Reset de l'affichage de la courbe
2024-12-22 19:23:38,409 - MainThread - updateUi - DEBUG - Reset de l'affichage de la courbe
2024-12-22 19:23:38,481 - MainThread - updateUi - DEBUG - Reset de l'affichage de la courbe
2024-12-22 19:23:38,552 - MainThread - updateUi - DEBUG - Reset de l'affichage de la courbe
2024-12-22 19:23:38,614 - MainThread - updateUi - DEBUG - Reset de l'affichage de la courbe
2024-12-22 19:23:38,693 - MainThread - updateUi - DEBUG - Reset de l'affichage de la courbe
2024-12-22 19:23:38,756 - MainThread - updateUi - DEBUG - Reset de l'affichage de la courbe
2024-12-22 19:23:38,834 - MainThread - updateUi - DEBUG - Reset de l'affichage de la courbe
2024-12-22 19:23:38,897 - MainThread - updateUi - DEBUG - Reset de l'affichage de la courbe
2024-12-22 19:23:38,960 - MainThread - updateUi - DEBUG - Reset de l'affichage de la courbe
2024-12-22 19:23:39,022 - MainThread - updateUi - DEBUG - Reset de l'affichage de la courbe
2024-12-22 19:23:39,085 - MainThread - updateUi - DEBUG - Reset de l'affichage de la courbe
2024-12-22 19:23:39,132 - MainThread - updateUi - DEBUG - Reset de l'affichage de la courbe
2024-12-22 19:23:39,194 - MainThread - updateUi - DEBUG - Reset de l'affichage de la courbe
2024-12-22 19:23:39,273 - MainThread - updateUi - DEBUG - Reset de l'affichage de la courbe
2024-12-22 19:23:39,335 - MainThread - updateUi - DEBUG - Reset de l'affichage de la courbe
2024-12-22 19:23:39,414 - MainThread - updateUi - DEBUG - Reset de l'affichage de la courbe
2024-12-22 19:23:39,476 - MainThread - updateUi - DEBUG - Reset de l'affichage de la courbe
2024-12-22 19:23:39,524 - MainThread - updateUi - DEBUG - Reset de l'affichage de la courbe
2024-12-22 19:23:39,602 - MainThread - updateUi - DEBUG - Reset de l'affichage de la courbe
2024-12-22 19:23:39,665 - MainThread - updateUi - DEBUG - Reset de l'affichage de la courbe
2024-12-22 19:23:39,727 - MainThread - updateUi - DEBUG - Reset de l'affichage de la courbe
2024-12-22 19:23:39,790 - MainThread - updateUi - DEBUG - Reset de l'affichage de la courbe
2024-12-22 19:23:39,853 - MainThread - updateUi - DEBUG - Reset de l'affichage de la courbe
2024-12-22 19:23:39,915 - MainThread - updateUi - DEBUG - Reset de l'affichage de la courbe
2024-12-22 19:23:39,978 - MainThread - updateUi - DEBUG - Reset de l'affichage de la courbe
2024-12-22 19:23:40,040 - MainThread - updateUi - DEBUG - Reset de l'affichage de la courbe
2024-12-22 19:23:40,103 - MainThread - updateUi - DEBUG - Reset de l'affichage de la courbe
2024-12-22 19:23:40,166 - MainThread - updateUi - DEBUG - Reset de l'affichage de la courbe
2024-12-22 19:23:40,228 - MainThread - updateUi - DEBUG - Reset de l'affichage de la courbe
2024-12-22 19:23:40,291 - MainThread - updateUi - DEBUG - Reset de l'affichage de la courbe
2024-12-22 19:23:40,354 - MainThread - updateUi - DEBUG - Reset de l'affichage de la courbe
2024-12-22 19:23:40,417 - MainThread - updateUi - DEBUG - Reset de l'affichage de la courbe
2024-12-22 19:23:40,479 - MainThread - updateUi - DEBUG - Reset de l'affichage de la courbe
2024-12-22 19:23:40,542 - MainThread - updateUi - DEBUG - Reset de l'affichage de la courbe
2024-12-22 19:23:40,604 - MainThread - updateUi - DEBUG - Reset de l'affichage de la courbe
2024-12-22 19:23:40,667 - MainThread - updateUi - DEBUG - Reset de l'affichage de la courbe
2024-12-22 19:23:40,729 - MainThread - updateUi - DEBUG - Reset de l'affichage de la courbe
2024-12-22 19:23:40,792 - MainThread - updateUi - DEBUG - Reset de l'affichage de la courbe
2024-12-22 19:23:40,839 - MainThread - updateUi - DEBUG - Reset de l'affichage de la courbe
2024-12-22 19:23:40,901 - MainThread - updateUi - DEBUG - Reset de l'affichage de la courbe
2024-12-22 19:23:40,964 - MainThread - updateUi - DEBUG - Reset de l'affichage de la courbe
2024-12-22 19:23:41,026 - MainThread - updateUi - DEBUG - Reset de l'affichage de la courbe
2024-12-22 19:23:41,104 - MainThread - updateUi - DEBUG - Reset de l'affichage de la courbe
2024-12-22 19:23:41,167 - MainThread - updateUi - DEBUG - Reset de l'affichage de la courbe
2024-12-22 19:23:41,230 - MainThread - updateUi - DEBUG - Reset de l'affichage de la courbe
2024-12-22 19:23:41,292 - MainThread - updateUi - DEBUG - Reset de l'affichage de la courbe
2024-12-22 19:23:41,354 - MainThread - updateUi - DEBUG - Reset de l'affichage de la courbe
2024-12-22 19:23:41,417 - MainThread - updateUi - DEBUG - Reset de l'affichage de la courbe
2024-12-22 19:23:41,479 - MainThread - updateUi - DEBUG - Reset de l'affichage de la courbe
2024-12-22 19:23:41,542 - MainThread - updateUi - DEBUG - Reset de l'affichage de la courbe
2024-12-22 19:23:41,604 - MainThread - updateUi - DEBUG - Reset de l'affichage de la courbe
2024-12-22 19:23:41,682 - MainThread - updateUi - DEBUG - Reset de l'affichage de la courbe
2024-12-22 19:23:41,761 - MainThread - updateUi - DEBUG - Reset de l'affichage de la courbe
2024-12-22 19:23:41,823 - MainThread - updateUi - DEBUG - Reset de l'affichage de la courbe
2024-12-22 19:23:41,886 - MainThread - updateUi - DEBUG - Reset de l'affichage de la courbe
2024-12-22 19:23:41,948 - MainThread - updateUi - DEBUG - Reset de l'affichage de la courbe
2024-12-22 19:23:42,026 - MainThread - updateUi - DEBUG - Reset de l'affichage de la courbe
2024-12-22 19:23:42,073 - MainThread - updateUi - DEBUG - Reset de l'affichage de la courbe
2024-12-22 19:23:42,151 - MainThread - updateUi - DEBUG - Reset de l'affichage de la courbe
2024-12-22 19:23:42,214 - MainThread - updateUi - DEBUG - Reset de l'affichage de la courbe
2024-12-22 19:23:42,292 - MainThread - updateUi - DEBUG - Reset de l'affichage de la courbe
2024-12-22 19:23:42,354 - MainThread - updateUi - DEBUG - Reset de l'affichage de la courbe
2024-12-22 19:23:42,433 - MainThread - updateUi - DEBUG - Reset de l'affichage de la courbe
2024-12-22 19:23:42,495 - MainThread - updateUi - DEBUG - Reset de l'affichage de la courbe
2024-12-22 19:23:42,558 - MainThread - updateUi - DEBUG - Reset de l'affichage de la courbe
2024-12-22 19:23:42,621 - MainThread - updateUi - DEBUG - Reset de l'affichage de la courbe
2024-12-22 19:23:42,684 - MainThread - updateUi - DEBUG - Reset de l'affichage de la courbe
2024-12-22 19:23:42,731 - MainThread - updateUi - DEBUG - Reset de l'affichage de la courbe
2024-12-22 19:23:42,793 - MainThread - updateUi - DEBUG - Reset de l'affichage de la courbe
2024-12-22 19:23:42,856 - MainThread - updateUi - DEBUG - Reset de l'affichage de la courbe
2024-12-22 19:23:42,918 - MainThread - updateUi - DEBUG - Reset de l'affichage de la courbe
2024-12-22 19:23:42,965 - MainThread - updateUi - DEBUG - Reset de l'affichage de la courbe
2024-12-22 19:23:43,012 - MainThread - updateUi - DEBUG - Reset de l'affichage de la courbe
2024-12-22 19:23:43,090 - MainThread - updateUi - DEBUG - Reset de l'affichage de la courbe
2024-12-22 19:23:43,168 - MainThread - updateUi - DEBUG - Reset de l'affichage de la courbe
2024-12-22 19:23:43,215 - MainThread - updateUi - DEBUG - Reset de l'affichage de la courbe
2024-12-22 19:23:43,262 - MainThread - updateUi - DEBUG - Reset de l'affichage de la courbe
2024-12-22 19:23:43,325 - MainThread - updateUi - DEBUG - Reset de l'affichage de la courbe
2024-12-22 19:23:43,403 - MainThread - updateUi - DEBUG - Reset de l'affichage de la courbe
2024-12-22 19:23:43,465 - MainThread - updateUi - DEBUG - Reset de l'affichage de la courbe
2024-12-22 19:23:43,528 - MainThread - updateUi - DEBUG - Reset de l'affichage de la courbe
2024-12-22 19:23:43,591 - MainThread - updateUi - DEBUG - Reset de l'affichage de la courbe
2024-12-22 19:23:43,653 - MainThread - updateUi - DEBUG - Reset de l'affichage de la courbe
2024-12-22 19:23:43,716 - MainThread - updateUi - DEBUG - Reset de l'affichage de la courbe
2024-12-22 19:23:43,778 - MainThread - updateUi - DEBUG - Reset de l'affichage de la courbe
2024-12-22 19:23:43,841 - MainThread - updateUi - DEBUG - Reset de l'affichage de la courbe
2024-12-22 19:23:43,893 - MainThread - updateUi - DEBUG - Reset de l'affichage de la courbe
2024-12-22 19:23:43,966 - MainThread - updateUi - DEBUG - Reset de l'affichage de la courbe
2024-12-22 19:23:44,029 - MainThread - updateUi - DEBUG - Reset de l'affichage de la courbe
2024-12-22 19:23:44,108 - MainThread - updateUi - DEBUG - Reset de l'affichage de la courbe
2024-12-22 19:23:44,172 - MainThread - updateUi - DEBUG - Reset de l'affichage de la courbe
2024-12-22 19:23:44,219 - MainThread - updateUi - DEBUG - Reset de l'affichage de la courbe
2024-12-22 19:23:44,314 - MainThread - updateUi - DEBUG - Reset de l'affichage de la courbe
2024-12-22 19:23:44,470 - MainThread - onClose - INFO - Fermeture de la fenetre
2024-12-22 19:23:44,552 - MainThread - <module> - INFO - Fin du programme
