2024-12-22 19:37:38,432 - MainThread - <module> - INFO - Initialisation du logger
2024-12-22 19:37:38,681 - MainThread - update - DEBUG - Update vaue de la courbe
2024-12-22 19:37:38,718 - MainThread - afficher - INFO - Affichage de la fenetre
2024-12-22 19:37:38,718 - MainThread - updateUi - DEBUG - Reset de l'affichage de la courbe
2024-12-22 19:37:38,781 - MainThread - updateUi - DEBUG - Reset de l'affichage de la courbe
2024-12-22 19:37:38,869 - MainThread - updateUi - DEBUG - Reset de l'affichage de la courbe
2024-12-22 19:37:38,997 - MainThread - updateUi - DEBUG - Reset de l'affichage de la courbe
2024-12-22 19:37:39,083 - MainThread - updateUi - DEBUG - Reset de l'affichage de la courbe
2024-12-22 19:37:39,165 - MainThread - updateUi - DEBUG - Reset de l'affichage de la courbe
2024-12-22 19:37:39,230 - MainThread - updateUi - DEBUG - Reset de l'affichage de la courbe
2024-12-22 19:37:39,324 - MainThread - updateUi - DEBUG - Reset de l'affichage de la courbe
2024-12-22 19:37:39,393 - MainThread - updateUi - DEBUG - Reset de l'affichage de la courbe
2024-12-22 19:37:39,473 - MainThread - updateUi - DEBUG - Reset de l'affichage de la courbe
2024-12-22 19:37:39,545 - MainThread - updateUi - DEBUG - Reset de l'affichage de la courbe
2024-12-22 19:37:39,625 - MainThread - updateUi - DEBUG - Reset de l'affichage de la courbe
2024-12-22 19:37:39,690 - MainThread - updateUi - DEBUG - Reset de l'affichage de la courbe
2024-12-22 19:37:39,747 - MainThread - updateUi - DEBUG - Reset de l'affichage de la courbe
2024-12-22 19:37:39,824 - MainThread - updateUi - DEBUG - Reset de l'affichage de la courbe
2024-12-22 19:37:39,903 - MainThread - updateUi - DEBUG - Reset de l'affichage de la courbe
2024-12-22 19:37:39,966 - MainThread - updateUi - DEBUG - Reset de l'affichage de la courbe
2024-12-22 19:37:40,029 - MainThread - updateUi - DEBUG - Reset de l'affichage de la courbe
2024-12-22 19:37:40,109 - MainThread - updateUi - DEBUG - Reset de l'affichage de la courbe
2024-12-22 19:37:40,172 - MainThread - updateUi - DEBUG - Reset de l'affichage de la courbe
2024-12-22 19:37:40,268 - MainThread - updateUi - DEBUG - Reset de l'affichage de la courbe
2024-12-22 19:37:40,331 - MainThread - updateUi - DEBUG - Reset de l'affichage de la courbe
2024-12-22 19:37:40,410 - MainThread - updateUi - DEBUG - Reset de l'affichage de la courbe
2024-12-22 19:37:40,488 - MainThread - updateUi - DEBUG - Reset de l'affichage de la courbe
2024-12-22 19:37:40,567 - MainThread - updateUi - DEBUG - Reset de l'affichage de la courbe
2024-12-22 19:37:40,630 - MainThread - updateUi - DEBUG - Reset de l'affichage de la courbe
2024-12-22 19:37:40,693 - MainThread - updateUi - DEBUG - Reset de l'affichage de la courbe
2024-12-22 19:37:40,756 - MainThread - updateUi - DEBUG - Reset de l'affichage de la courbe
2024-12-22 19:37:40,851 - MainThread - updateUi - DEBUG - Reset de l'affichage de la courbe
2024-12-22 19:37:40,914 - MainThread - updateUi - DEBUG - Reset de l'affichage de la courbe
2024-12-22 19:37:40,992 - MainThread - updateUi - DEBUG - Reset de l'affichage de la courbe
2024-12-22 19:37:41,055 - MainThread - updateUi - DEBUG - Reset de l'affichage de la courbe
2024-12-22 19:37:41,116 - MainThread - updateUi - DEBUG - Reset de l'affichage de la courbe
2024-12-22 19:37:41,210 - MainThread - updateUi - DEBUG - Reset de l'affichage de la courbe
2024-12-22 19:37:41,290 - MainThread - updateUi - DEBUG - Reset de l'affichage de la courbe
2024-12-22 19:37:41,361 - MainThread - updateUi - DEBUG - Reset de l'affichage de la courbe
2024-12-22 19:37:41,440 - MainThread - updateUi - DEBUG - Reset de l'affichage de la courbe
2024-12-22 19:37:41,528 - MainThread - updateUi - DEBUG - Reset de l'affichage de la courbe
2024-12-22 19:37:41,613 - MainThread - updateUi - DEBUG - Reset de l'affichage de la courbe
2024-12-22 19:37:41,693 - MainThread - updateUi - DEBUG - Reset de l'affichage de la courbe
2024-12-22 19:37:41,771 - MainThread - updateUi - DEBUG - Reset de l'affichage de la courbe
2024-12-22 19:37:41,834 - MainThread - updateUi - DEBUG - Reset de l'affichage de la courbe
2024-12-22 19:37:41,912 - MainThread - updateUi - DEBUG - Reset de l'affichage de la courbe
2024-12-22 19:37:41,990 - MainThread - updateUi - DEBUG - Reset de l'affichage de la courbe
2024-12-22 19:37:42,069 - MainThread - updateUi - DEBUG - Reset de l'affichage de la courbe
2024-12-22 19:37:42,140 - MainThread - updateUi - DEBUG - Reset de l'affichage de la courbe
2024-12-22 19:37:42,203 - MainThread - updateUi - DEBUG - Reset de l'affichage de la courbe
2024-12-22 19:37:42,281 - MainThread - updateUi - DEBUG - Reset de l'affichage de la courbe
2024-12-22 19:37:42,344 - MainThread - updateUi - DEBUG - Reset de l'affichage de la courbe
2024-12-22 19:37:42,422 - MainThread - updateUi - DEBUG - Reset de l'affichage de la courbe
2024-12-22 19:37:42,500 - MainThread - updateUi - DEBUG - Reset de l'affichage de la courbe
2024-12-22 19:37:42,579 - MainThread - updateUi - DEBUG - Reset de l'affichage de la courbe
2024-12-22 19:37:42,641 - MainThread - updateUi - DEBUG - Reset de l'affichage de la courbe
2024-12-22 19:37:42,719 - MainThread - updateUi - DEBUG - Reset de l'affichage de la courbe
2024-12-22 19:37:42,798 - MainThread - updateUi - DEBUG - Reset de l'affichage de la courbe
2024-12-22 19:37:42,876 - MainThread - updateUi - DEBUG - Reset de l'affichage de la courbe
2024-12-22 19:37:42,954 - MainThread - updateUi - DEBUG - Reset de l'affichage de la courbe
2024-12-22 19:37:43,017 - MainThread - updateUi - DEBUG - Reset de l'affichage de la courbe
2024-12-22 19:37:43,094 - MainThread - updateUi - DEBUG - Reset de l'affichage de la courbe
2024-12-22 19:37:43,157 - MainThread - updateUi - DEBUG - Reset de l'affichage de la courbe
2024-12-22 19:37:43,236 - MainThread - updateUi - DEBUG - Reset de l'affichage de la courbe
2024-12-22 19:37:43,317 - MainThread - updateUi - DEBUG - Reset de l'affichage de la courbe
2024-12-22 19:37:43,379 - MainThread - updateUi - DEBUG - Reset de l'affichage de la courbe
2024-12-22 19:37:43,442 - MainThread - updateUi - DEBUG - Reset de l'affichage de la courbe
2024-12-22 19:37:43,504 - MainThread - updateUi - DEBUG - Reset de l'affichage de la courbe
2024-12-22 19:37:43,576 - MainThread - updateUi - DEBUG - Reset de l'affichage de la courbe
2024-12-22 19:37:43,644 - MainThread - updateUi - DEBUG - Reset de l'affichage de la courbe
2024-12-22 19:37:43,724 - MainThread - updateUi - DEBUG - Reset de l'affichage de la courbe
2024-12-22 19:37:43,795 - MainThread - updateUi - DEBUG - Reset de l'affichage de la courbe
2024-12-22 19:37:43,875 - MainThread - updateUi - DEBUG - Reset de l'affichage de la courbe
2024-12-22 19:37:43,939 - MainThread - updateUi - DEBUG - Reset de l'affichage de la courbe
2024-12-22 19:37:44,011 - MainThread - updateUi - DEBUG - Reset de l'affichage de la courbe
2024-12-22 19:37:44,085 - MainThread - updateUi - DEBUG - Reset de l'affichage de la courbe
2024-12-22 19:37:44,151 - MainThread - updateUi - DEBUG - Reset de l'affichage de la courbe
2024-12-22 19:37:44,227 - MainThread - updateUi - DEBUG - Reset de l'affichage de la courbe
2024-12-22 19:37:44,308 - MainThread - updateUi - DEBUG - Reset de l'affichage de la courbe
2024-12-22 19:37:44,373 - MainThread - updateUi - DEBUG - Reset de l'affichage de la courbe
2024-12-22 19:37:44,429 - MainThread - updateUi - DEBUG - Reset de l'affichage de la courbe
2024-12-22 19:37:44,510 - MainThread - updateUi - DEBUG - Reset de l'affichage de la courbe
2024-12-22 19:37:44,590 - MainThread - updateUi - DEBUG - Reset de l'affichage de la courbe
2024-12-22 19:37:44,661 - MainThread - updateUi - DEBUG - Reset de l'affichage de la courbe
2024-12-22 19:37:44,725 - MainThread - updateUi - DEBUG - Reset de l'affichage de la courbe
2024-12-22 19:37:44,789 - MainThread - updateUi - DEBUG - Reset de l'affichage de la courbe
2024-12-22 19:37:44,876 - MainThread - updateUi - DEBUG - Reset de l'affichage de la courbe
2024-12-22 19:37:44,955 - MainThread - updateUi - DEBUG - Reset de l'affichage de la courbe
2024-12-22 19:37:45,027 - MainThread - updateUi - DEBUG - Reset de l'affichage de la courbe
2024-12-22 19:37:45,106 - MainThread - updateUi - DEBUG - Reset de l'affichage de la courbe
2024-12-22 19:37:45,178 - MainThread - updateUi - DEBUG - Reset de l'affichage de la courbe
2024-12-22 19:37:45,246 - MainThread - updateUi - DEBUG - Reset de l'affichage de la courbe
2024-12-22 19:37:45,326 - MainThread - updateUi - DEBUG - Reset de l'affichage de la courbe
2024-12-22 19:37:45,396 - MainThread - updateUi - DEBUG - Reset de l'affichage de la courbe
2024-12-22 19:37:45,458 - MainThread - updateUi - DEBUG - Reset de l'affichage de la courbe
2024-12-22 19:37:45,536 - MainThread - updateUi - DEBUG - Reset de l'affichage de la courbe
2024-12-22 19:37:45,599 - MainThread - updateUi - DEBUG - Reset de l'affichage de la courbe
2024-12-22 19:37:45,646 - MainThread - updateUi - DEBUG - Reset de l'affichage de la courbe
2024-12-22 19:37:45,724 - MainThread - updateUi - DEBUG - Reset de l'affichage de la courbe
2024-12-22 19:37:45,802 - MainThread - updateUi - DEBUG - Reset de l'affichage de la courbe
2024-12-22 19:37:45,864 - MainThread - updateUi - DEBUG - Reset de l'affichage de la courbe
2024-12-22 19:37:45,927 - MainThread - updateUi - DEBUG - Reset de l'affichage de la courbe
2024-12-22 19:37:46,021 - MainThread - updateUi - DEBUG - Reset de l'affichage de la courbe
2024-12-22 19:37:46,099 - MainThread - updateUi - DEBUG - Reset de l'affichage de la courbe
2024-12-22 19:37:46,162 - MainThread - updateUi - DEBUG - Reset de l'affichage de la courbe
2024-12-22 19:37:46,240 - MainThread - updateUi - DEBUG - Reset de l'affichage de la courbe
2024-12-22 19:37:46,319 - MainThread - updateUi - DEBUG - Reset de l'affichage de la courbe
2024-12-22 19:37:46,382 - MainThread - updateUi - DEBUG - Reset de l'affichage de la courbe
2024-12-22 19:37:46,433 - MainThread - onClose - INFO - Fermeture de la fenetre
2024-12-22 19:37:46,450 - MainThread - <module> - INFO - Fin du programme
