2024-12-22 19:20:25,521 - MainThread - <module> - INFO - Initialisation du logger
2024-12-22 19:20:25,779 - MainThread - update - DEBUG - Update vaue de la courbe
2024-12-22 19:20:25,822 - MainThread - afficher - INFO - Affichage de la fenetre
2024-12-22 19:20:25,822 - MainThread - updateUi - DEBUG - Reset de l'affichage de la courbe
2024-12-22 19:20:25,898 - MainThread - updateUi - DEBUG - Reset de l'affichage de la courbe
2024-12-22 19:20:25,979 - MainThread - updateUi - DEBUG - Reset de l'affichage de la courbe
2024-12-22 19:20:26,010 - MainThread - updateUi - DEBUG - Reset de l'affichage de la courbe
2024-12-22 19:20:26,072 - MainThread - updateUi - DEBUG - Reset de l'affichage de la courbe
2024-12-22 19:20:26,140 - MainThread - updateUi - DEBUG - Reset de l'affichage de la courbe
2024-12-22 19:20:26,205 - MainThread - updateUi - DEBUG - Reset de l'affichage de la courbe
2024-12-22 19:20:26,267 - MainThread - updateUi - DEBUG - Reset de l'affichage de la courbe
2024-12-22 19:20:26,341 - MainThread - updateUi - DEBUG - Reset de l'affichage de la courbe
2024-12-22 19:20:26,407 - MainThread - updateUi - DEBUG - Reset de l'affichage de la courbe
2024-12-22 19:20:26,472 - MainThread - updateUi - DEBUG - Reset de l'affichage de la courbe
2024-12-22 19:20:26,535 - MainThread - updateUi - DEBUG - Reset de l'affichage de la courbe
2024-12-22 19:20:26,599 - MainThread - updateUi - DEBUG - Reset de l'affichage de la courbe
2024-12-22 19:20:26,679 - MainThread - updateUi - DEBUG - Reset de l'affichage de la courbe
2024-12-22 19:20:26,739 - MainThread - updateUi - DEBUG - Reset de l'affichage de la courbe
2024-12-22 19:20:26,793 - MainThread - updateUi - DEBUG - Reset de l'affichage de la courbe
2024-12-22 19:20:26,844 - MainThread - updateUi - DEBUG - Reset de l'affichage de la courbe
2024-12-22 19:20:26,910 - MainThread - updateUi - DEBUG - Reset de l'affichage de la courbe
2024-12-22 19:20:26,975 - MainThread - updateUi - DEBUG - Reset de l'affichage de la courbe
2024-12-22 19:20:27,035 - MainThread - updateUi - DEBUG - Reset de l'affichage de la courbe
2024-12-22 19:20:27,114 - MainThread - updateUi - DEBUG - Reset de l'affichage de la courbe
2024-12-22 19:20:27,174 - MainThread - updateUi - DEBUG - Reset de l'affichage de la courbe
2024-12-22 19:20:27,237 - MainThread - updateUi - DEBUG - Reset de l'affichage de la courbe
2024-12-22 19:20:27,291 - MainThread - updateUi - DEBUG - Reset de l'affichage de la courbe
2024-12-22 19:20:27,358 - MainThread - updateUi - DEBUG - Reset de l'affichage de la courbe
2024-12-22 19:20:27,421 - MainThread - updateUi - DEBUG - Reset de l'affichage de la courbe
2024-12-22 19:20:27,484 - MainThread - updateUi - DEBUG - Reset de l'affichage de la courbe
2024-12-22 19:20:27,551 - MainThread - updateUi - DEBUG - Reset de l'affichage de la courbe
2024-12-22 19:20:27,623 - MainThread - updateUi - DEBUG - Reset de l'affichage de la courbe
2024-12-22 19:20:27,685 - MainThread - updateUi - DEBUG - Reset de l'affichage de la courbe
2024-12-22 19:20:27,764 - MainThread - updateUi - DEBUG - Reset de l'affichage de la courbe
2024-12-22 19:20:27,823 - MainThread - updateUi - DEBUG - Reset de l'affichage de la courbe
2024-12-22 19:20:27,902 - MainThread - updateUi - DEBUG - Reset de l'affichage de la courbe
2024-12-22 19:20:27,961 - MainThread - updateUi - DEBUG - Reset de l'affichage de la courbe
2024-12-22 19:20:28,010 - MainThread - updateUi - DEBUG - Reset de l'affichage de la courbe
2024-12-22 19:20:28,077 - MainThread - updateUi - DEBUG - Reset de l'affichage de la courbe
2024-12-22 19:20:28,130 - MainThread - updateUi - DEBUG - Reset de l'affichage de la courbe
2024-12-22 19:20:28,204 - MainThread - updateUi - DEBUG - Reset de l'affichage de la courbe
2024-12-22 19:20:28,261 - MainThread - updateUi - DEBUG - Reset de l'affichage de la courbe
2024-12-22 19:20:28,310 - MainThread - updateUi - DEBUG - Reset de l'affichage de la courbe
2024-12-22 19:20:28,388 - MainThread - updateUi - DEBUG - Reset de l'affichage de la courbe
2024-12-22 19:20:28,445 - MainThread - updateUi - DEBUG - Reset de l'affichage de la courbe
2024-12-22 19:20:28,495 - MainThread - updateUi - DEBUG - Reset de l'affichage de la courbe
2024-12-22 19:20:28,555 - MainThread - updateUi - DEBUG - Reset de l'affichage de la courbe
2024-12-22 19:20:28,622 - MainThread - updateUi - DEBUG - Reset de l'affichage de la courbe
2024-12-22 19:20:28,782 - MainThread - onClose - INFO - Fermeture de la fenetre
2024-12-22 19:20:28,862 - MainThread - <module> - INFO - Fin du programme
