2024-12-11 20:43:06,970 - MainThread - <module> - INFO - Initialisation du logger
2024-12-11 20:43:07,127 - MainThread - update - DEBUG - Update vaue de la courbe
2024-12-11 20:43:07,129 - Thread-1 (MotorTry) - MotorTry - DEBUG - Debut Thread
2024-12-11 20:43:07,129 - Thread-1 (MotorTry) - MotorTry - DEBUG - Nouvelle boucle
2024-12-11 20:43:07,129 - MainThread - afficher - INFO - Affichage de la fenetre
2024-12-11 20:43:07,131 - Thread-1 (MotorTry) - update - DEBUG - Update vaue de la courbe
2024-12-11 20:43:07,233 - Thread-1 (MotorTry) - MotorTry - DEBUG - Nouvelle boucle
2024-12-11 20:43:07,235 - Thread-1 (MotorTry) - update - DEBUG - Update vaue de la courbe
2024-12-11 20:43:07,336 - Thread-1 (MotorTry) - MotorTry - DEBUG - Nouvelle boucle
2024-12-11 20:43:07,337 - Thread-1 (MotorTry) - update - DEBUG - Update vaue de la courbe
2024-12-11 20:43:07,438 - Thread-1 (MotorTry) - MotorTry - DEBUG - Nouvelle boucle
2024-12-11 20:43:07,439 - Thread-1 (MotorTry) - update - DEBUG - Update vaue de la courbe
2024-12-11 20:43:07,541 - Thread-1 (MotorTry) - MotorTry - DEBUG - Nouvelle boucle
2024-12-11 20:43:07,542 - Thread-1 (MotorTry) - update - DEBUG - Update vaue de la courbe
2024-12-11 20:43:07,644 - Thread-1 (MotorTry) - MotorTry - DEBUG - Nouvelle boucle
2024-12-11 20:43:07,645 - Thread-1 (MotorTry) - update - DEBUG - Update vaue de la courbe
2024-12-11 20:43:07,746 - Thread-1 (MotorTry) - MotorTry - DEBUG - Nouvelle boucle
2024-12-11 20:43:07,747 - Thread-1 (MotorTry) - update - DEBUG - Update vaue de la courbe
2024-12-11 20:43:07,848 - Thread-1 (MotorTry) - MotorTry - DEBUG - Nouvelle boucle
2024-12-11 20:43:07,849 - Thread-1 (MotorTry) - update - DEBUG - Update vaue de la courbe
2024-12-11 20:43:07,951 - Thread-1 (MotorTry) - MotorTry - DEBUG - Nouvelle boucle
2024-12-11 20:43:07,952 - Thread-1 (MotorTry) - update - DEBUG - Update vaue de la courbe
2024-12-11 20:43:08,053 - Thread-1 (MotorTry) - MotorTry - DEBUG - Nouvelle boucle
2024-12-11 20:43:08,054 - Thread-1 (MotorTry) - update - DEBUG - Update vaue de la courbe
2024-12-11 20:43:08,156 - Thread-1 (MotorTry) - MotorTry - DEBUG - Nouvelle boucle
2024-12-11 20:43:08,157 - Thread-1 (MotorTry) - update - DEBUG - Update vaue de la courbe
2024-12-11 20:43:08,258 - Thread-1 (MotorTry) - MotorTry - DEBUG - Nouvelle boucle
2024-12-11 20:43:08,259 - Thread-1 (MotorTry) - update - DEBUG - Update vaue de la courbe
2024-12-11 20:43:08,299 - MainThread - onClose - INFO - Fermeture de la fenetre
2024-12-11 20:43:08,361 - MainThread - <module> - INFO - Fin du programme
