2024-12-22 19:41:40,578 - MainThread - <module> - INFO - Initialisation du logger
2024-12-22 19:41:40,847 - MainThread - update - DEBUG - Update vaue de la courbe
2024-12-22 19:41:40,889 - MainThread - afficher - INFO - Affichage de la fenetre
2024-12-22 19:41:40,889 - MainThread - updateUi - DEBUG - Reset de l'affichage de la courbe
2024-12-22 19:41:40,969 - MainThread - updateUi - DEBUG - Reset de l'affichage de la courbe
2024-12-22 19:41:41,067 - MainThread - updateUi - DEBUG - Reset de l'affichage de la courbe
2024-12-22 19:41:41,200 - MainThread - updateUi - DEBUG - Reset de l'affichage de la courbe
2024-12-22 19:41:41,283 - MainThread - updateUi - DEBUG - Reset de l'affichage de la courbe
2024-12-22 19:41:41,367 - MainThread - updateUi - DEBUG - Reset de l'affichage de la courbe
2024-12-22 19:41:41,458 - MainThread - updateUi - DEBUG - Reset de l'affichage de la courbe
2024-12-22 19:41:41,546 - MainThread - updateUi - DEBUG - Reset de l'affichage de la courbe
2024-12-22 19:41:41,641 - MainThread - updateUi - DEBUG - Reset de l'affichage de la courbe
2024-12-22 19:41:41,745 - MainThread - updateUi - DEBUG - Reset de l'affichage de la courbe
2024-12-22 19:41:41,831 - MainThread - updateUi - DEBUG - Reset de l'affichage de la courbe
2024-12-22 19:41:41,913 - MainThread - updateUi - DEBUG - Reset de l'affichage de la courbe
2024-12-22 19:41:41,991 - MainThread - updateUi - DEBUG - Reset de l'affichage de la courbe
2024-12-22 19:41:42,082 - MainThread - updateUi - DEBUG - Reset de l'affichage de la courbe
2024-12-22 19:41:42,171 - MainThread - updateUi - DEBUG - Reset de l'affichage de la courbe
2024-12-22 19:41:42,247 - MainThread - updateUi - DEBUG - Reset de l'affichage de la courbe
2024-12-22 19:41:42,343 - MainThread - updateUi - DEBUG - Reset de l'affichage de la courbe
2024-12-22 19:41:42,445 - MainThread - updateUi - DEBUG - Reset de l'affichage de la courbe
2024-12-22 19:41:42,531 - MainThread - updateUi - DEBUG - Reset de l'affichage de la courbe
2024-12-22 19:41:42,616 - MainThread - updateUi - DEBUG - Reset de l'affichage de la courbe
2024-12-22 19:41:42,712 - MainThread - updateUi - DEBUG - Reset de l'affichage de la courbe
2024-12-22 19:41:42,798 - MainThread - updateUi - DEBUG - Reset de l'affichage de la courbe
2024-12-22 19:41:42,892 - MainThread - updateUi - DEBUG - Reset de l'affichage de la courbe
2024-12-22 19:41:42,983 - MainThread - updateUi - DEBUG - Reset de l'affichage de la courbe
2024-12-22 19:41:43,072 - MainThread - updateUi - DEBUG - Reset de l'affichage de la courbe
2024-12-22 19:41:43,151 - MainThread - updateUi - DEBUG - Reset de l'affichage de la courbe
2024-12-22 19:41:43,238 - MainThread - updateUi - DEBUG - Reset de l'affichage de la courbe
2024-12-22 19:41:43,320 - MainThread - updateUi - DEBUG - Reset de l'affichage de la courbe
2024-12-22 19:41:43,387 - MainThread - updateUi - DEBUG - Reset de l'affichage de la courbe
2024-12-22 19:41:43,477 - MainThread - updateUi - DEBUG - Reset de l'affichage de la courbe
2024-12-22 19:41:43,564 - MainThread - updateUi - DEBUG - Reset de l'affichage de la courbe
2024-12-22 19:41:43,654 - MainThread - updateUi - DEBUG - Reset de l'affichage de la courbe
2024-12-22 19:41:43,729 - MainThread - updateUi - DEBUG - Reset de l'affichage de la courbe
2024-12-22 19:41:43,829 - MainThread - updateUi - DEBUG - Reset de l'affichage de la courbe
2024-12-22 19:41:43,901 - MainThread - updateUi - DEBUG - Reset de l'affichage de la courbe
2024-12-22 19:41:43,998 - MainThread - updateUi - DEBUG - Reset de l'affichage de la courbe
2024-12-22 19:41:44,069 - MainThread - startSimulation - DEBUG - Start simu clicked
2024-12-22 19:41:44,069 - MainThread - SimuTry - DEBUG - Debut Thread
2024-12-22 19:41:44,126 - MainThread - updateUi - DEBUG - Reset de l'affichage de la courbe
2024-12-22 19:41:44,221 - MainThread - updateUi - DEBUG - Reset de l'affichage de la courbe
2024-12-22 19:41:44,305 - MainThread - updateUi - DEBUG - Reset de l'affichage de la courbe
2024-12-22 19:41:44,397 - MainThread - updateUi - DEBUG - Reset de l'affichage de la courbe
2024-12-22 19:41:44,495 - MainThread - updateUi - DEBUG - Reset de l'affichage de la courbe
2024-12-22 19:41:44,581 - MainThread - updateUi - DEBUG - Reset de l'affichage de la courbe
2024-12-22 19:41:44,677 - MainThread - updateUi - DEBUG - Reset de l'affichage de la courbe
2024-12-22 19:41:44,759 - MainThread - updateUi - DEBUG - Reset de l'affichage de la courbe
2024-12-22 19:41:44,831 - MainThread - updateUi - DEBUG - Reset de l'affichage de la courbe
2024-12-22 19:41:44,968 - MainThread - updateUi - DEBUG - Reset de l'affichage de la courbe
2024-12-22 19:41:45,097 - MainThread - updateUi - DEBUG - Reset de l'affichage de la courbe
2024-12-22 19:41:45,190 - MainThread - updateUi - DEBUG - Reset de l'affichage de la courbe
2024-12-22 19:41:45,273 - MainThread - updateUi - DEBUG - Reset de l'affichage de la courbe
2024-12-22 19:41:45,373 - MainThread - updateUi - DEBUG - Reset de l'affichage de la courbe
2024-12-22 19:41:45,458 - MainThread - updateUi - DEBUG - Reset de l'affichage de la courbe
2024-12-22 19:41:45,547 - MainThread - updateUi - DEBUG - Reset de l'affichage de la courbe
2024-12-22 19:41:45,658 - MainThread - updateUi - DEBUG - Reset de l'affichage de la courbe
2024-12-22 19:41:45,760 - MainThread - updateUi - DEBUG - Reset de l'affichage de la courbe
2024-12-22 19:41:45,852 - MainThread - updateUi - DEBUG - Reset de l'affichage de la courbe
2024-12-22 19:41:45,947 - MainThread - updateUi - DEBUG - Reset de l'affichage de la courbe
2024-12-22 19:41:46,057 - MainThread - updateUi - DEBUG - Reset de l'affichage de la courbe
2024-12-22 19:41:46,141 - MainThread - updateUi - DEBUG - Reset de l'affichage de la courbe
2024-12-22 19:41:46,231 - MainThread - updateUi - DEBUG - Reset de l'affichage de la courbe
2024-12-22 19:41:46,325 - MainThread - updateUi - DEBUG - Reset de l'affichage de la courbe
2024-12-22 19:41:46,413 - MainThread - updateUi - DEBUG - Reset de l'affichage de la courbe
2024-12-22 19:41:46,510 - MainThread - updateUi - DEBUG - Reset de l'affichage de la courbe
2024-12-22 19:41:46,592 - MainThread - updateUi - DEBUG - Reset de l'affichage de la courbe
2024-12-22 19:41:46,679 - MainThread - updateUi - DEBUG - Reset de l'affichage de la courbe
2024-12-22 19:41:46,776 - MainThread - updateUi - DEBUG - Reset de l'affichage de la courbe
2024-12-22 19:41:46,863 - MainThread - updateUi - DEBUG - Reset de l'affichage de la courbe
2024-12-22 19:41:46,962 - MainThread - updateUi - DEBUG - Reset de l'affichage de la courbe
2024-12-22 19:41:47,042 - MainThread - updateUi - DEBUG - Reset de l'affichage de la courbe
2024-12-22 19:41:47,113 - MainThread - updateUi - DEBUG - Reset de l'affichage de la courbe
2024-12-22 19:41:47,195 - MainThread - updateUi - DEBUG - Reset de l'affichage de la courbe
2024-12-22 19:41:47,279 - MainThread - updateUi - DEBUG - Reset de l'affichage de la courbe
2024-12-22 19:41:47,388 - MainThread - updateUi - DEBUG - Reset de l'affichage de la courbe
2024-12-22 19:41:47,484 - MainThread - updateUi - DEBUG - Reset de l'affichage de la courbe
2024-12-22 19:41:47,566 - MainThread - updateUi - DEBUG - Reset de l'affichage de la courbe
2024-12-22 19:41:47,641 - MainThread - updateUi - DEBUG - Reset de l'affichage de la courbe
2024-12-22 19:41:47,713 - MainThread - updateUi - DEBUG - Reset de l'affichage de la courbe
2024-12-22 19:41:47,796 - MainThread - updateUi - DEBUG - Reset de l'affichage de la courbe
2024-12-22 19:41:47,881 - MainThread - updateUi - DEBUG - Reset de l'affichage de la courbe
2024-12-22 19:41:47,982 - MainThread - updateUi - DEBUG - Reset de l'affichage de la courbe
2024-12-22 19:41:48,095 - MainThread - updateUi - DEBUG - Reset de l'affichage de la courbe
2024-12-22 19:41:48,173 - MainThread - updateUi - DEBUG - Reset de l'affichage de la courbe
2024-12-22 19:41:48,255 - MainThread - updateUi - DEBUG - Reset de l'affichage de la courbe
2024-12-22 19:41:48,344 - MainThread - updateUi - DEBUG - Reset de l'affichage de la courbe
2024-12-22 19:41:48,417 - MainThread - updateUi - DEBUG - Reset de l'affichage de la courbe
2024-12-22 19:41:48,506 - MainThread - updateUi - DEBUG - Reset de l'affichage de la courbe
2024-12-22 19:41:48,596 - MainThread - updateUi - DEBUG - Reset de l'affichage de la courbe
2024-12-22 19:41:48,691 - MainThread - updateUi - DEBUG - Reset de l'affichage de la courbe
2024-12-22 19:41:48,773 - MainThread - updateUi - DEBUG - Reset de l'affichage de la courbe
2024-12-22 19:41:48,858 - MainThread - updateUi - DEBUG - Reset de l'affichage de la courbe
2024-12-22 19:41:48,943 - MainThread - updateUi - DEBUG - Reset de l'affichage de la courbe
2024-12-22 19:41:49,027 - MainThread - updateUi - DEBUG - Reset de l'affichage de la courbe
2024-12-22 19:41:49,107 - MainThread - updateUi - DEBUG - Reset de l'affichage de la courbe
2024-12-22 19:41:49,206 - MainThread - updateUi - DEBUG - Reset de l'affichage de la courbe
2024-12-22 19:41:49,292 - MainThread - updateUi - DEBUG - Reset de l'affichage de la courbe
2024-12-22 19:41:49,381 - MainThread - updateUi - DEBUG - Reset de l'affichage de la courbe
2024-12-22 19:41:49,462 - MainThread - updateUi - DEBUG - Reset de l'affichage de la courbe
2024-12-22 19:41:49,546 - MainThread - updateUi - DEBUG - Reset de l'affichage de la courbe
2024-12-22 19:41:49,627 - MainThread - updateUi - DEBUG - Reset de l'affichage de la courbe
2024-12-22 19:41:49,727 - MainThread - updateUi - DEBUG - Reset de l'affichage de la courbe
2024-12-22 19:41:49,812 - MainThread - updateUi - DEBUG - Reset de l'affichage de la courbe
2024-12-22 19:41:49,893 - MainThread - updateUi - DEBUG - Reset de l'affichage de la courbe
2024-12-22 19:41:50,012 - MainThread - updateUi - DEBUG - Reset de l'affichage de la courbe
2024-12-22 19:41:50,108 - MainThread - updateUi - DEBUG - Reset de l'affichage de la courbe
2024-12-22 19:41:50,208 - MainThread - updateUi - DEBUG - Reset de l'affichage de la courbe
2024-12-22 19:41:50,307 - MainThread - updateUi - DEBUG - Reset de l'affichage de la courbe
2024-12-22 19:41:50,405 - MainThread - updateUi - DEBUG - Reset de l'affichage de la courbe
2024-12-22 19:41:50,504 - MainThread - updateUi - DEBUG - Reset de l'affichage de la courbe
2024-12-22 19:41:50,609 - MainThread - updateUi - DEBUG - Reset de l'affichage de la courbe
2024-12-22 19:41:50,712 - MainThread - updateUi - DEBUG - Reset de l'affichage de la courbe
2024-12-22 19:41:50,812 - MainThread - updateUi - DEBUG - Reset de l'affichage de la courbe
2024-12-22 19:41:50,904 - MainThread - updateUi - DEBUG - Reset de l'affichage de la courbe
2024-12-22 19:41:50,997 - MainThread - updateUi - DEBUG - Reset de l'affichage de la courbe
2024-12-22 19:41:51,116 - MainThread - updateUi - DEBUG - Reset de l'affichage de la courbe
2024-12-22 19:41:51,214 - MainThread - updateUi - DEBUG - Reset de l'affichage de la courbe
2024-12-22 19:41:51,312 - MainThread - updateUi - DEBUG - Reset de l'affichage de la courbe
2024-12-22 19:41:51,412 - MainThread - updateUi - DEBUG - Reset de l'affichage de la courbe
2024-12-22 19:41:51,524 - MainThread - updateUi - DEBUG - Reset de l'affichage de la courbe
2024-12-22 19:41:51,630 - MainThread - updateUi - DEBUG - Reset de l'affichage de la courbe
2024-12-22 19:41:51,746 - MainThread - updateUi - DEBUG - Reset de l'affichage de la courbe
2024-12-22 19:41:51,854 - MainThread - updateUi - DEBUG - Reset de l'affichage de la courbe
2024-12-22 19:41:51,991 - MainThread - updateUi - DEBUG - Reset de l'affichage de la courbe
2024-12-22 19:41:52,150 - MainThread - updateUi - DEBUG - Reset de l'affichage de la courbe
2024-12-22 19:41:52,302 - MainThread - updateUi - DEBUG - Reset de l'affichage de la courbe
2024-12-22 19:41:52,444 - MainThread - updateUi - DEBUG - Reset de l'affichage de la courbe
2024-12-22 19:41:52,570 - MainThread - updateUi - DEBUG - Reset de l'affichage de la courbe
2024-12-22 19:41:52,698 - MainThread - updateUi - DEBUG - Reset de l'affichage de la courbe
2024-12-22 19:41:52,812 - MainThread - updateUi - DEBUG - Reset de l'affichage de la courbe
2024-12-22 19:41:52,929 - MainThread - updateUi - DEBUG - Reset de l'affichage de la courbe
2024-12-22 19:41:53,045 - MainThread - updateUi - DEBUG - Reset de l'affichage de la courbe
2024-12-22 19:41:53,157 - MainThread - updateUi - DEBUG - Reset de l'affichage de la courbe
2024-12-22 19:41:53,278 - MainThread - updateUi - DEBUG - Reset de l'affichage de la courbe
2024-12-22 19:41:53,431 - MainThread - updateUi - DEBUG - Reset de l'affichage de la courbe
2024-12-22 19:41:53,583 - MainThread - updateUi - DEBUG - Reset de l'affichage de la courbe
2024-12-22 19:41:53,694 - MainThread - updateUi - DEBUG - Reset de l'affichage de la courbe
2024-12-22 19:41:53,820 - MainThread - updateUi - DEBUG - Reset de l'affichage de la courbe
2024-12-22 19:41:53,948 - MainThread - updateUi - DEBUG - Reset de l'affichage de la courbe
2024-12-22 19:41:54,044 - MainThread - updateUi - DEBUG - Reset de l'affichage de la courbe
2024-12-22 19:41:54,181 - MainThread - updateUi - DEBUG - Reset de l'affichage de la courbe
2024-12-22 19:41:54,325 - MainThread - updateUi - DEBUG - Reset de l'affichage de la courbe
2024-12-22 19:41:54,453 - MainThread - updateUi - DEBUG - Reset de l'affichage de la courbe
2024-12-22 19:41:54,549 - MainThread - updateUi - DEBUG - Reset de l'affichage de la courbe
2024-12-22 19:41:54,677 - MainThread - updateUi - DEBUG - Reset de l'affichage de la courbe
2024-12-22 19:41:54,794 - MainThread - updateUi - DEBUG - Reset de l'affichage de la courbe
2024-12-22 19:41:54,912 - MainThread - updateUi - DEBUG - Reset de l'affichage de la courbe
2024-12-22 19:41:55,033 - MainThread - updateUi - DEBUG - Reset de l'affichage de la courbe
2024-12-22 19:41:55,175 - MainThread - updateUi - DEBUG - Reset de l'affichage de la courbe
2024-12-22 19:41:55,311 - MainThread - updateUi - DEBUG - Reset de l'affichage de la courbe
2024-12-22 19:41:55,423 - MainThread - updateUi - DEBUG - Reset de l'affichage de la courbe
2024-12-22 19:41:55,562 - MainThread - updateUi - DEBUG - Reset de l'affichage de la courbe
2024-12-22 19:41:55,664 - MainThread - updateUi - DEBUG - Reset de l'affichage de la courbe
2024-12-22 19:41:55,761 - MainThread - updateUi - DEBUG - Reset de l'affichage de la courbe
2024-12-22 19:41:55,881 - MainThread - updateUi - DEBUG - Reset de l'affichage de la courbe
2024-12-22 19:41:56,011 - MainThread - updateUi - DEBUG - Reset de l'affichage de la courbe
2024-12-22 19:41:56,148 - MainThread - updateUi - DEBUG - Reset de l'affichage de la courbe
2024-12-22 19:41:56,246 - MainThread - updateUi - DEBUG - Reset de l'affichage de la courbe
2024-12-22 19:41:56,335 - MainThread - updateUi - DEBUG - Reset de l'affichage de la courbe
2024-12-22 19:41:56,476 - MainThread - updateUi - DEBUG - Reset de l'affichage de la courbe
2024-12-22 19:41:56,574 - MainThread - updateUi - DEBUG - Reset de l'affichage de la courbe
2024-12-22 19:41:56,691 - MainThread - updateUi - DEBUG - Reset de l'affichage de la courbe
2024-12-22 19:41:56,792 - MainThread - updateUi - DEBUG - Reset de l'affichage de la courbe
2024-12-22 19:41:56,897 - MainThread - updateUi - DEBUG - Reset de l'affichage de la courbe
2024-12-22 19:41:57,008 - MainThread - updateUi - DEBUG - Reset de l'affichage de la courbe
2024-12-22 19:41:57,113 - MainThread - updateUi - DEBUG - Reset de l'affichage de la courbe
2024-12-22 19:41:57,258 - MainThread - updateUi - DEBUG - Reset de l'affichage de la courbe
2024-12-22 19:41:57,417 - MainThread - updateUi - DEBUG - Reset de l'affichage de la courbe
2024-12-22 19:41:57,573 - MainThread - updateUi - DEBUG - Reset de l'affichage de la courbe
2024-12-22 19:41:57,713 - MainThread - updateUi - DEBUG - Reset de l'affichage de la courbe
2024-12-22 19:41:57,859 - MainThread - updateUi - DEBUG - Reset de l'affichage de la courbe
2024-12-22 19:41:58,002 - MainThread - updateUi - DEBUG - Reset de l'affichage de la courbe
2024-12-22 19:41:58,120 - MainThread - updateUi - DEBUG - Reset de l'affichage de la courbe
2024-12-22 19:41:58,258 - MainThread - updateUi - DEBUG - Reset de l'affichage de la courbe
2024-12-22 19:41:58,362 - MainThread - updateUi - DEBUG - Reset de l'affichage de la courbe
2024-12-22 19:41:58,518 - MainThread - updateUi - DEBUG - Reset de l'affichage de la courbe
2024-12-22 19:41:58,664 - MainThread - updateUi - DEBUG - Reset de l'affichage de la courbe
2024-12-22 19:41:58,778 - MainThread - updateUi - DEBUG - Reset de l'affichage de la courbe
2024-12-22 19:41:58,883 - MainThread - updateUi - DEBUG - Reset de l'affichage de la courbe
2024-12-22 19:41:59,020 - MainThread - updateUi - DEBUG - Reset de l'affichage de la courbe
2024-12-22 19:41:59,132 - MainThread - updateUi - DEBUG - Reset de l'affichage de la courbe
2024-12-22 19:41:59,228 - MainThread - updateUi - DEBUG - Reset de l'affichage de la courbe
2024-12-22 19:41:59,329 - MainThread - updateUi - DEBUG - Reset de l'affichage de la courbe
2024-12-22 19:41:59,420 - MainThread - updateUi - DEBUG - Reset de l'affichage de la courbe
2024-12-22 19:41:59,515 - MainThread - updateUi - DEBUG - Reset de l'affichage de la courbe
2024-12-22 19:41:59,612 - MainThread - updateUi - DEBUG - Reset de l'affichage de la courbe
2024-12-22 19:41:59,707 - MainThread - updateUi - DEBUG - Reset de l'affichage de la courbe
2024-12-22 19:41:59,814 - MainThread - updateUi - DEBUG - Reset de l'affichage de la courbe
2024-12-22 19:41:59,913 - MainThread - updateUi - DEBUG - Reset de l'affichage de la courbe
2024-12-22 19:42:00,013 - MainThread - updateUi - DEBUG - Reset de l'affichage de la courbe
2024-12-22 19:42:00,112 - MainThread - updateUi - DEBUG - Reset de l'affichage de la courbe
2024-12-22 19:42:00,209 - MainThread - updateUi - DEBUG - Reset de l'affichage de la courbe
2024-12-22 19:42:00,281 - MainThread - updateUi - DEBUG - Reset de l'affichage de la courbe
2024-12-22 19:42:00,394 - MainThread - updateUi - DEBUG - Reset de l'affichage de la courbe
2024-12-22 19:42:00,490 - MainThread - updateUi - DEBUG - Reset de l'affichage de la courbe
2024-12-22 19:42:00,595 - MainThread - updateUi - DEBUG - Reset de l'affichage de la courbe
2024-12-22 19:42:00,702 - MainThread - updateUi - DEBUG - Reset de l'affichage de la courbe
2024-12-22 19:42:00,813 - MainThread - updateUi - DEBUG - Reset de l'affichage de la courbe
2024-12-22 19:42:00,936 - MainThread - updateUi - DEBUG - Reset de l'affichage de la courbe
2024-12-22 19:42:01,042 - MainThread - updateUi - DEBUG - Reset de l'affichage de la courbe
2024-12-22 19:42:01,180 - MainThread - updateUi - DEBUG - Reset de l'affichage de la courbe
2024-12-22 19:42:01,297 - MainThread - updateUi - DEBUG - Reset de l'affichage de la courbe
2024-12-22 19:42:01,403 - MainThread - updateUi - DEBUG - Reset de l'affichage de la courbe
2024-12-22 19:42:01,508 - MainThread - updateUi - DEBUG - Reset de l'affichage de la courbe
2024-12-22 19:42:01,630 - MainThread - updateUi - DEBUG - Reset de l'affichage de la courbe
2024-12-22 19:42:01,750 - MainThread - updateUi - DEBUG - Reset de l'affichage de la courbe
2024-12-22 19:42:01,862 - MainThread - updateUi - DEBUG - Reset de l'affichage de la courbe
2024-12-22 19:42:01,955 - MainThread - updateUi - DEBUG - Reset de l'affichage de la courbe
2024-12-22 19:42:02,062 - MainThread - updateUi - DEBUG - Reset de l'affichage de la courbe
2024-12-22 19:42:02,168 - MainThread - updateUi - DEBUG - Reset de l'affichage de la courbe
2024-12-22 19:42:02,278 - MainThread - updateUi - DEBUG - Reset de l'affichage de la courbe
2024-12-22 19:42:02,397 - MainThread - updateUi - DEBUG - Reset de l'affichage de la courbe
2024-12-22 19:42:02,513 - MainThread - updateUi - DEBUG - Reset de l'affichage de la courbe
2024-12-22 19:42:02,611 - MainThread - updateUi - DEBUG - Reset de l'affichage de la courbe
2024-12-22 19:42:02,707 - MainThread - updateUi - DEBUG - Reset de l'affichage de la courbe
2024-12-22 19:42:02,804 - MainThread - updateUi - DEBUG - Reset de l'affichage de la courbe
2024-12-22 19:42:02,906 - MainThread - updateUi - DEBUG - Reset de l'affichage de la courbe
2024-12-22 19:42:03,006 - MainThread - updateUi - DEBUG - Reset de l'affichage de la courbe
2024-12-22 19:42:03,115 - MainThread - updateUi - DEBUG - Reset de l'affichage de la courbe
2024-12-22 19:42:03,210 - MainThread - updateUi - DEBUG - Reset de l'affichage de la courbe
2024-12-22 19:42:03,312 - MainThread - updateUi - DEBUG - Reset de l'affichage de la courbe
2024-12-22 19:42:03,396 - MainThread - updateUi - DEBUG - Reset de l'affichage de la courbe
2024-12-22 19:42:03,491 - MainThread - updateUi - DEBUG - Reset de l'affichage de la courbe
2024-12-22 19:42:03,585 - MainThread - updateUi - DEBUG - Reset de l'affichage de la courbe
2024-12-22 19:42:03,689 - MainThread - updateUi - DEBUG - Reset de l'affichage de la courbe
2024-12-22 19:42:03,779 - MainThread - updateUi - DEBUG - Reset de l'affichage de la courbe
2024-12-22 19:42:03,879 - MainThread - updateUi - DEBUG - Reset de l'affichage de la courbe
2024-12-22 19:42:04,030 - MainThread - updateUi - DEBUG - Reset de l'affichage de la courbe
2024-12-22 19:42:04,129 - MainThread - updateUi - DEBUG - Reset de l'affichage de la courbe
2024-12-22 19:42:04,222 - MainThread - updateUi - DEBUG - Reset de l'affichage de la courbe
2024-12-22 19:42:04,321 - MainThread - updateUi - DEBUG - Reset de l'affichage de la courbe
2024-12-22 19:42:04,419 - MainThread - updateUi - DEBUG - Reset de l'affichage de la courbe
2024-12-22 19:42:04,514 - MainThread - updateUi - DEBUG - Reset de l'affichage de la courbe
2024-12-22 19:42:04,610 - MainThread - updateUi - DEBUG - Reset de l'affichage de la courbe
2024-12-22 19:42:04,712 - MainThread - updateUi - DEBUG - Reset de l'affichage de la courbe
2024-12-22 19:42:04,791 - MainThread - updateUi - DEBUG - Reset de l'affichage de la courbe
2024-12-22 19:42:04,898 - MainThread - updateUi - DEBUG - Reset de l'affichage de la courbe
2024-12-22 19:42:04,995 - MainThread - updateUi - DEBUG - Reset de l'affichage de la courbe
2024-12-22 19:42:05,114 - MainThread - updateUi - DEBUG - Reset de l'affichage de la courbe
2024-12-22 19:42:05,237 - MainThread - updateUi - DEBUG - Reset de l'affichage de la courbe
2024-12-22 19:42:05,334 - MainThread - updateUi - DEBUG - Reset de l'affichage de la courbe
2024-12-22 19:42:05,438 - MainThread - updateUi - DEBUG - Reset de l'affichage de la courbe
2024-12-22 19:42:05,551 - MainThread - updateUi - DEBUG - Reset de l'affichage de la courbe
2024-12-22 19:42:05,656 - MainThread - updateUi - DEBUG - Reset de l'affichage de la courbe
2024-12-22 19:42:05,769 - MainThread - updateUi - DEBUG - Reset de l'affichage de la courbe
2024-12-22 19:42:05,940 - MainThread - updateUi - DEBUG - Reset de l'affichage de la courbe
2024-12-22 19:42:06,073 - MainThread - updateUi - DEBUG - Reset de l'affichage de la courbe
2024-12-22 19:42:06,215 - MainThread - updateUi - DEBUG - Reset de l'affichage de la courbe
2024-12-22 19:42:06,347 - MainThread - updateUi - DEBUG - Reset de l'affichage de la courbe
2024-12-22 19:42:06,460 - MainThread - updateUi - DEBUG - Reset de l'affichage de la courbe
2024-12-22 19:42:06,566 - MainThread - updateUi - DEBUG - Reset de l'affichage de la courbe
2024-12-22 19:42:06,675 - MainThread - updateUi - DEBUG - Reset de l'affichage de la courbe
2024-12-22 19:42:06,783 - MainThread - updateUi - DEBUG - Reset de l'affichage de la courbe
2024-12-22 19:42:06,877 - MainThread - updateUi - DEBUG - Reset de l'affichage de la courbe
2024-12-22 19:42:06,990 - MainThread - updateUi - DEBUG - Reset de l'affichage de la courbe
2024-12-22 19:42:07,082 - MainThread - updateUi - DEBUG - Reset de l'affichage de la courbe
2024-12-22 19:42:07,176 - MainThread - updateUi - DEBUG - Reset de l'affichage de la courbe
2024-12-22 19:42:07,275 - MainThread - updateUi - DEBUG - Reset de l'affichage de la courbe
2024-12-22 19:42:07,383 - MainThread - updateUi - DEBUG - Reset de l'affichage de la courbe
2024-12-22 19:42:07,481 - MainThread - updateUi - DEBUG - Reset de l'affichage de la courbe
2024-12-22 19:42:07,589 - MainThread - updateUi - DEBUG - Reset de l'affichage de la courbe
2024-12-22 19:42:07,683 - MainThread - updateUi - DEBUG - Reset de l'affichage de la courbe
2024-12-22 19:42:07,775 - MainThread - updateUi - DEBUG - Reset de l'affichage de la courbe
2024-12-22 19:42:07,867 - MainThread - updateUi - DEBUG - Reset de l'affichage de la courbe
2024-12-22 19:42:07,963 - MainThread - updateUi - DEBUG - Reset de l'affichage de la courbe
2024-12-22 19:42:08,087 - MainThread - updateUi - DEBUG - Reset de l'affichage de la courbe
2024-12-22 19:42:08,184 - MainThread - updateUi - DEBUG - Reset de l'affichage de la courbe
2024-12-22 19:42:08,281 - MainThread - updateUi - DEBUG - Reset de l'affichage de la courbe
2024-12-22 19:42:08,379 - MainThread - updateUi - DEBUG - Reset de l'affichage de la courbe
2024-12-22 19:42:08,472 - MainThread - updateUi - DEBUG - Reset de l'affichage de la courbe
2024-12-22 19:42:08,573 - MainThread - updateUi - DEBUG - Reset de l'affichage de la courbe
2024-12-22 19:42:08,662 - MainThread - updateUi - DEBUG - Reset de l'affichage de la courbe
2024-12-22 19:42:08,762 - MainThread - updateUi - DEBUG - Reset de l'affichage de la courbe
2024-12-22 19:42:08,861 - MainThread - updateUi - DEBUG - Reset de l'affichage de la courbe
2024-12-22 19:42:08,964 - MainThread - updateUi - DEBUG - Reset de l'affichage de la courbe
2024-12-22 19:42:09,062 - MainThread - updateUi - DEBUG - Reset de l'affichage de la courbe
2024-12-22 19:42:09,162 - MainThread - updateUi - DEBUG - Reset de l'affichage de la courbe
2024-12-22 19:42:09,257 - MainThread - updateUi - DEBUG - Reset de l'affichage de la courbe
2024-12-22 19:42:09,362 - MainThread - updateUi - DEBUG - Reset de l'affichage de la courbe
2024-12-22 19:42:09,476 - MainThread - updateUi - DEBUG - Reset de l'affichage de la courbe
2024-12-22 19:42:09,577 - MainThread - updateUi - DEBUG - Reset de l'affichage de la courbe
2024-12-22 19:42:09,677 - MainThread - updateUi - DEBUG - Reset de l'affichage de la courbe
2024-12-22 19:42:09,775 - MainThread - updateUi - DEBUG - Reset de l'affichage de la courbe
2024-12-22 19:42:09,879 - MainThread - updateUi - DEBUG - Reset de l'affichage de la courbe
2024-12-22 19:42:09,989 - MainThread - updateUi - DEBUG - Reset de l'affichage de la courbe
2024-12-22 19:42:10,096 - MainThread - updateUi - DEBUG - Reset de l'affichage de la courbe
2024-12-22 19:42:10,189 - MainThread - updateUi - DEBUG - Reset de l'affichage de la courbe
2024-12-22 19:42:10,280 - MainThread - updateUi - DEBUG - Reset de l'affichage de la courbe
2024-12-22 19:42:10,378 - MainThread - updateUi - DEBUG - Reset de l'affichage de la courbe
2024-12-22 19:42:10,474 - MainThread - updateUi - DEBUG - Reset de l'affichage de la courbe
2024-12-22 19:42:10,572 - MainThread - updateUi - DEBUG - Reset de l'affichage de la courbe
2024-12-22 19:42:10,682 - MainThread - updateUi - DEBUG - Reset de l'affichage de la courbe
2024-12-22 19:42:10,795 - MainThread - updateUi - DEBUG - Reset de l'affichage de la courbe
2024-12-22 19:42:10,891 - MainThread - updateUi - DEBUG - Reset de l'affichage de la courbe
2024-12-22 19:42:10,989 - MainThread - updateUi - DEBUG - Reset de l'affichage de la courbe
2024-12-22 19:42:11,079 - MainThread - updateUi - DEBUG - Reset de l'affichage de la courbe
2024-12-22 19:42:11,179 - MainThread - updateUi - DEBUG - Reset de l'affichage de la courbe
2024-12-22 19:42:11,279 - MainThread - updateUi - DEBUG - Reset de l'affichage de la courbe
2024-12-22 19:42:11,380 - MainThread - updateUi - DEBUG - Reset de l'affichage de la courbe
2024-12-22 19:42:11,479 - MainThread - updateUi - DEBUG - Reset de l'affichage de la courbe
2024-12-22 19:42:11,571 - MainThread - updateUi - DEBUG - Reset de l'affichage de la courbe
2024-12-22 19:42:11,664 - MainThread - updateUi - DEBUG - Reset de l'affichage de la courbe
2024-12-22 19:42:11,761 - MainThread - updateUi - DEBUG - Reset de l'affichage de la courbe
2024-12-22 19:42:11,857 - MainThread - updateUi - DEBUG - Reset de l'affichage de la courbe
2024-12-22 19:42:11,962 - MainThread - updateUi - DEBUG - Reset de l'affichage de la courbe
2024-12-22 19:42:12,066 - MainThread - updateUi - DEBUG - Reset de l'affichage de la courbe
2024-12-22 19:42:12,161 - MainThread - updateUi - DEBUG - Reset de l'affichage de la courbe
2024-12-22 19:42:12,258 - MainThread - updateUi - DEBUG - Reset de l'affichage de la courbe
2024-12-22 19:42:12,348 - MainThread - updateUi - DEBUG - Reset de l'affichage de la courbe
2024-12-22 19:42:12,446 - MainThread - updateUi - DEBUG - Reset de l'affichage de la courbe
2024-12-22 19:42:12,544 - MainThread - updateUi - DEBUG - Reset de l'affichage de la courbe
2024-12-22 19:42:12,642 - MainThread - updateUi - DEBUG - Reset de l'affichage de la courbe
2024-12-22 19:42:12,736 - MainThread - updateUi - DEBUG - Reset de l'affichage de la courbe
2024-12-22 19:42:12,848 - MainThread - updateUi - DEBUG - Reset de l'affichage de la courbe
2024-12-22 19:42:12,959 - MainThread - updateUi - DEBUG - Reset de l'affichage de la courbe
2024-12-22 19:42:13,054 - MainThread - updateUi - DEBUG - Reset de l'affichage de la courbe
2024-12-22 19:42:13,159 - MainThread - updateUi - DEBUG - Reset de l'affichage de la courbe
2024-12-22 19:42:13,263 - MainThread - updateUi - DEBUG - Reset de l'affichage de la courbe
2024-12-22 19:42:13,370 - MainThread - updateUi - DEBUG - Reset de l'affichage de la courbe
2024-12-22 19:42:13,463 - MainThread - updateUi - DEBUG - Reset de l'affichage de la courbe
2024-12-22 19:42:13,563 - MainThread - updateUi - DEBUG - Reset de l'affichage de la courbe
2024-12-22 19:42:13,661 - MainThread - updateUi - DEBUG - Reset de l'affichage de la courbe
2024-12-22 19:42:13,754 - MainThread - updateUi - DEBUG - Reset de l'affichage de la courbe
2024-12-22 19:42:13,867 - MainThread - updateUi - DEBUG - Reset de l'affichage de la courbe
2024-12-22 19:42:13,986 - MainThread - updateUi - DEBUG - Reset de l'affichage de la courbe
2024-12-22 19:42:14,092 - MainThread - updateUi - DEBUG - Reset de l'affichage de la courbe
2024-12-22 19:42:14,206 - MainThread - updateUi - DEBUG - Reset de l'affichage de la courbe
2024-12-22 19:42:14,304 - MainThread - updateUi - DEBUG - Reset de l'affichage de la courbe
2024-12-22 19:42:14,395 - MainThread - updateUi - DEBUG - Reset de l'affichage de la courbe
2024-12-22 19:42:14,500 - MainThread - updateUi - DEBUG - Reset de l'affichage de la courbe
2024-12-22 19:42:14,596 - MainThread - updateUi - DEBUG - Reset de l'affichage de la courbe
2024-12-22 19:42:14,693 - MainThread - updateUi - DEBUG - Reset de l'affichage de la courbe
2024-12-22 19:42:14,789 - MainThread - updateUi - DEBUG - Reset de l'affichage de la courbe
2024-12-22 19:42:14,879 - MainThread - updateUi - DEBUG - Reset de l'affichage de la courbe
2024-12-22 19:42:14,980 - MainThread - updateUi - DEBUG - Reset de l'affichage de la courbe
2024-12-22 19:42:15,081 - MainThread - updateUi - DEBUG - Reset de l'affichage de la courbe
2024-12-22 19:42:15,176 - MainThread - updateUi - DEBUG - Reset de l'affichage de la courbe
2024-12-22 19:42:15,274 - MainThread - updateUi - DEBUG - Reset de l'affichage de la courbe
2024-12-22 19:42:15,372 - MainThread - updateUi - DEBUG - Reset de l'affichage de la courbe
2024-12-22 19:42:15,472 - MainThread - updateUi - DEBUG - Reset de l'affichage de la courbe
2024-12-22 19:42:15,601 - MainThread - updateUi - DEBUG - Reset de l'affichage de la courbe
2024-12-22 19:42:15,693 - MainThread - updateUi - DEBUG - Reset de l'affichage de la courbe
2024-12-22 19:42:15,800 - MainThread - updateUi - DEBUG - Reset de l'affichage de la courbe
2024-12-22 19:42:15,898 - MainThread - updateUi - DEBUG - Reset de l'affichage de la courbe
2024-12-22 19:42:15,994 - MainThread - updateUi - DEBUG - Reset de l'affichage de la courbe
2024-12-22 19:42:16,094 - MainThread - updateUi - DEBUG - Reset de l'affichage de la courbe
2024-12-22 19:42:16,198 - MainThread - updateUi - DEBUG - Reset de l'affichage de la courbe
2024-12-22 19:42:16,304 - MainThread - updateUi - DEBUG - Reset de l'affichage de la courbe
2024-12-22 19:42:16,397 - MainThread - updateUi - DEBUG - Reset de l'affichage de la courbe
2024-12-22 19:42:16,494 - MainThread - updateUi - DEBUG - Reset de l'affichage de la courbe
2024-12-22 19:42:16,597 - MainThread - updateUi - DEBUG - Reset de l'affichage de la courbe
2024-12-22 19:42:16,695 - MainThread - updateUi - DEBUG - Reset de l'affichage de la courbe
2024-12-22 19:42:16,806 - MainThread - updateUi - DEBUG - Reset de l'affichage de la courbe
2024-12-22 19:42:16,911 - MainThread - updateUi - DEBUG - Reset de l'affichage de la courbe
2024-12-22 19:42:17,011 - MainThread - updateUi - DEBUG - Reset de l'affichage de la courbe
2024-12-22 19:42:17,122 - MainThread - updateUi - DEBUG - Reset de l'affichage de la courbe
2024-12-22 19:42:17,222 - MainThread - updateUi - DEBUG - Reset de l'affichage de la courbe
2024-12-22 19:42:17,328 - MainThread - updateUi - DEBUG - Reset de l'affichage de la courbe
2024-12-22 19:42:17,429 - MainThread - updateUi - DEBUG - Reset de l'affichage de la courbe
2024-12-22 19:42:17,531 - MainThread - updateUi - DEBUG - Reset de l'affichage de la courbe
2024-12-22 19:42:17,644 - MainThread - updateUi - DEBUG - Reset de l'affichage de la courbe
2024-12-22 19:42:17,762 - MainThread - updateUi - DEBUG - Reset de l'affichage de la courbe
2024-12-22 19:42:17,861 - MainThread - updateUi - DEBUG - Reset de l'affichage de la courbe
2024-12-22 19:42:17,996 - MainThread - updateUi - DEBUG - Reset de l'affichage de la courbe
2024-12-22 19:42:18,109 - MainThread - updateUi - DEBUG - Reset de l'affichage de la courbe
2024-12-22 19:42:18,215 - MainThread - updateUi - DEBUG - Reset de l'affichage de la courbe
2024-12-22 19:42:18,329 - MainThread - updateUi - DEBUG - Reset de l'affichage de la courbe
2024-12-22 19:42:18,447 - MainThread - updateUi - DEBUG - Reset de l'affichage de la courbe
2024-12-22 19:42:18,561 - MainThread - updateUi - DEBUG - Reset de l'affichage de la courbe
2024-12-22 19:42:18,676 - MainThread - updateUi - DEBUG - Reset de l'affichage de la courbe
2024-12-22 19:42:18,778 - MainThread - updateUi - DEBUG - Reset de l'affichage de la courbe
2024-12-22 19:42:18,890 - MainThread - updateUi - DEBUG - Reset de l'affichage de la courbe
2024-12-22 19:42:18,996 - MainThread - updateUi - DEBUG - Reset de l'affichage de la courbe
2024-12-22 19:42:19,088 - MainThread - updateUi - DEBUG - Reset de l'affichage de la courbe
2024-12-22 19:42:19,178 - MainThread - updateUi - DEBUG - Reset de l'affichage de la courbe
2024-12-22 19:42:19,274 - MainThread - updateUi - DEBUG - Reset de l'affichage de la courbe
2024-12-22 19:42:19,380 - MainThread - updateUi - DEBUG - Reset de l'affichage de la courbe
2024-12-22 19:42:19,494 - MainThread - updateUi - DEBUG - Reset de l'affichage de la courbe
2024-12-22 19:42:19,595 - MainThread - updateUi - DEBUG - Reset de l'affichage de la courbe
2024-12-22 19:42:19,695 - MainThread - updateUi - DEBUG - Reset de l'affichage de la courbe
2024-12-22 19:42:19,810 - MainThread - updateUi - DEBUG - Reset de l'affichage de la courbe
2024-12-22 19:42:19,933 - MainThread - updateUi - DEBUG - Reset de l'affichage de la courbe
2024-12-22 19:42:20,030 - MainThread - updateUi - DEBUG - Reset de l'affichage de la courbe
2024-12-22 19:42:20,125 - MainThread - updateUi - DEBUG - Reset de l'affichage de la courbe
2024-12-22 19:42:20,214 - MainThread - updateUi - DEBUG - Reset de l'affichage de la courbe
2024-12-22 19:42:20,330 - MainThread - updateUi - DEBUG - Reset de l'affichage de la courbe
2024-12-22 19:42:20,429 - MainThread - updateUi - DEBUG - Reset de l'affichage de la courbe
2024-12-22 19:42:20,526 - MainThread - updateUi - DEBUG - Reset de l'affichage de la courbe
2024-12-22 19:42:20,629 - MainThread - updateUi - DEBUG - Reset de l'affichage de la courbe
2024-12-22 19:42:20,726 - MainThread - updateUi - DEBUG - Reset de l'affichage de la courbe
2024-12-22 19:42:20,845 - MainThread - updateUi - DEBUG - Reset de l'affichage de la courbe
2024-12-22 19:42:20,941 - MainThread - updateUi - DEBUG - Reset de l'affichage de la courbe
2024-12-22 19:42:21,062 - MainThread - updateUi - DEBUG - Reset de l'affichage de la courbe
2024-12-22 19:42:21,159 - MainThread - updateUi - DEBUG - Reset de l'affichage de la courbe
2024-12-22 19:42:21,246 - MainThread - updateUi - DEBUG - Reset de l'affichage de la courbe
2024-12-22 19:42:21,346 - MainThread - updateUi - DEBUG - Reset de l'affichage de la courbe
2024-12-22 19:42:21,463 - MainThread - updateUi - DEBUG - Reset de l'affichage de la courbe
2024-12-22 19:42:21,578 - MainThread - updateUi - DEBUG - Reset de l'affichage de la courbe
2024-12-22 19:42:21,681 - MainThread - updateUi - DEBUG - Reset de l'affichage de la courbe
2024-12-22 19:42:21,781 - MainThread - updateUi - DEBUG - Reset de l'affichage de la courbe
2024-12-22 19:42:21,895 - MainThread - updateUi - DEBUG - Reset de l'affichage de la courbe
2024-12-22 19:42:21,991 - MainThread - updateUi - DEBUG - Reset de l'affichage de la courbe
2024-12-22 19:42:22,089 - MainThread - updateUi - DEBUG - Reset de l'affichage de la courbe
2024-12-22 19:42:22,248 - MainThread - updateUi - DEBUG - Reset de l'affichage de la courbe
2024-12-22 19:42:22,357 - MainThread - updateUi - DEBUG - Reset de l'affichage de la courbe
2024-12-22 19:42:22,479 - MainThread - updateUi - DEBUG - Reset de l'affichage de la courbe
2024-12-22 19:42:22,584 - MainThread - updateUi - DEBUG - Reset de l'affichage de la courbe
2024-12-22 19:42:22,680 - MainThread - updateUi - DEBUG - Reset de l'affichage de la courbe
2024-12-22 19:42:22,778 - MainThread - updateUi - DEBUG - Reset de l'affichage de la courbe
2024-12-22 19:42:22,881 - MainThread - updateUi - DEBUG - Reset de l'affichage de la courbe
2024-12-22 19:42:22,979 - MainThread - updateUi - DEBUG - Reset de l'affichage de la courbe
2024-12-22 19:42:23,078 - MainThread - updateUi - DEBUG - Reset de l'affichage de la courbe
2024-12-22 19:42:23,179 - MainThread - updateUi - DEBUG - Reset de l'affichage de la courbe
2024-12-22 19:42:23,281 - MainThread - updateUi - DEBUG - Reset de l'affichage de la courbe
2024-12-22 19:42:23,379 - MainThread - updateUi - DEBUG - Reset de l'affichage de la courbe
2024-12-22 19:42:23,469 - MainThread - updateUi - DEBUG - Reset de l'affichage de la courbe
2024-12-22 19:42:23,564 - MainThread - updateUi - DEBUG - Reset de l'affichage de la courbe
2024-12-22 19:42:23,663 - MainThread - updateUi - DEBUG - Reset de l'affichage de la courbe
2024-12-22 19:42:23,759 - MainThread - updateUi - DEBUG - Reset de l'affichage de la courbe
2024-12-22 19:42:23,862 - MainThread - updateUi - DEBUG - Reset de l'affichage de la courbe
2024-12-22 19:42:23,975 - MainThread - updateUi - DEBUG - Reset de l'affichage de la courbe
2024-12-22 19:42:24,079 - MainThread - updateUi - DEBUG - Reset de l'affichage de la courbe
2024-12-22 19:42:24,173 - MainThread - updateUi - DEBUG - Reset de l'affichage de la courbe
2024-12-22 19:42:24,277 - MainThread - updateUi - DEBUG - Reset de l'affichage de la courbe
2024-12-22 19:42:24,373 - MainThread - updateUi - DEBUG - Reset de l'affichage de la courbe
2024-12-22 19:42:24,478 - MainThread - updateUi - DEBUG - Reset de l'affichage de la courbe
2024-12-22 19:42:24,575 - MainThread - updateUi - DEBUG - Reset de l'affichage de la courbe
2024-12-22 19:42:24,673 - MainThread - updateUi - DEBUG - Reset de l'affichage de la courbe
2024-12-22 19:42:24,778 - MainThread - updateUi - DEBUG - Reset de l'affichage de la courbe
2024-12-22 19:42:24,872 - MainThread - updateUi - DEBUG - Reset de l'affichage de la courbe
2024-12-22 19:42:24,967 - MainThread - updateUi - DEBUG - Reset de l'affichage de la courbe
2024-12-22 19:42:25,059 - MainThread - updateUi - DEBUG - Reset de l'affichage de la courbe
2024-12-22 19:42:25,164 - MainThread - updateUi - DEBUG - Reset de l'affichage de la courbe
2024-12-22 19:42:25,262 - MainThread - updateUi - DEBUG - Reset de l'affichage de la courbe
2024-12-22 19:42:25,378 - MainThread - updateUi - DEBUG - Reset de l'affichage de la courbe
2024-12-22 19:42:25,494 - MainThread - updateUi - DEBUG - Reset de l'affichage de la courbe
2024-12-22 19:42:25,603 - MainThread - updateUi - DEBUG - Reset de l'affichage de la courbe
2024-12-22 19:42:25,714 - MainThread - updateUi - DEBUG - Reset de l'affichage de la courbe
2024-12-22 19:42:25,847 - MainThread - updateUi - DEBUG - Reset de l'affichage de la courbe
2024-12-22 19:42:25,969 - MainThread - updateUi - DEBUG - Reset de l'affichage de la courbe
2024-12-22 19:42:26,089 - MainThread - updateUi - DEBUG - Reset de l'affichage de la courbe
2024-12-22 19:42:26,196 - MainThread - updateUi - DEBUG - Reset de l'affichage de la courbe
2024-12-22 19:42:26,297 - MainThread - updateUi - DEBUG - Reset de l'affichage de la courbe
2024-12-22 19:42:26,404 - MainThread - updateUi - DEBUG - Reset de l'affichage de la courbe
2024-12-22 19:42:26,521 - MainThread - updateUi - DEBUG - Reset de l'affichage de la courbe
2024-12-22 19:42:26,619 - MainThread - updateUi - DEBUG - Reset de l'affichage de la courbe
2024-12-22 19:42:26,715 - MainThread - updateUi - DEBUG - Reset de l'affichage de la courbe
2024-12-22 19:42:26,812 - MainThread - updateUi - DEBUG - Reset de l'affichage de la courbe
2024-12-22 19:42:26,923 - MainThread - updateUi - DEBUG - Reset de l'affichage de la courbe
2024-12-22 19:42:27,027 - MainThread - updateUi - DEBUG - Reset de l'affichage de la courbe
2024-12-22 19:42:27,123 - MainThread - updateUi - DEBUG - Reset de l'affichage de la courbe
2024-12-22 19:42:27,225 - MainThread - updateUi - DEBUG - Reset de l'affichage de la courbe
2024-12-22 19:42:27,321 - MainThread - updateUi - DEBUG - Reset de l'affichage de la courbe
2024-12-22 19:42:27,441 - MainThread - updateUi - DEBUG - Reset de l'affichage de la courbe
2024-12-22 19:42:27,536 - MainThread - updateUi - DEBUG - Reset de l'affichage de la courbe
2024-12-22 19:42:27,640 - MainThread - updateUi - DEBUG - Reset de l'affichage de la courbe
2024-12-22 19:42:27,745 - MainThread - updateUi - DEBUG - Reset de l'affichage de la courbe
2024-12-22 19:42:27,839 - MainThread - updateUi - DEBUG - Reset de l'affichage de la courbe
2024-12-22 19:42:27,945 - MainThread - updateUi - DEBUG - Reset de l'affichage de la courbe
2024-12-22 19:42:28,039 - MainThread - updateUi - DEBUG - Reset de l'affichage de la courbe
2024-12-22 19:42:28,146 - MainThread - updateUi - DEBUG - Reset de l'affichage de la courbe
2024-12-22 19:42:28,245 - MainThread - updateUi - DEBUG - Reset de l'affichage de la courbe
2024-12-22 19:42:28,350 - MainThread - updateUi - DEBUG - Reset de l'affichage de la courbe
2024-12-22 19:42:28,454 - MainThread - updateUi - DEBUG - Reset de l'affichage de la courbe
2024-12-22 19:42:28,564 - MainThread - updateUi - DEBUG - Reset de l'affichage de la courbe
2024-12-22 19:42:28,677 - MainThread - updateUi - DEBUG - Reset de l'affichage de la courbe
2024-12-22 19:42:28,789 - MainThread - updateUi - DEBUG - Reset de l'affichage de la courbe
2024-12-22 19:42:28,894 - MainThread - updateUi - DEBUG - Reset de l'affichage de la courbe
2024-12-22 19:42:28,997 - MainThread - updateUi - DEBUG - Reset de l'affichage de la courbe
2024-12-22 19:42:29,105 - MainThread - updateUi - DEBUG - Reset de l'affichage de la courbe
2024-12-22 19:42:29,212 - MainThread - updateUi - DEBUG - Reset de l'affichage de la courbe
2024-12-22 19:42:29,317 - MainThread - updateUi - DEBUG - Reset de l'affichage de la courbe
2024-12-22 19:42:29,428 - MainThread - updateUi - DEBUG - Reset de l'affichage de la courbe
2024-12-22 19:42:29,545 - MainThread - updateUi - DEBUG - Reset de l'affichage de la courbe
2024-12-22 19:42:29,666 - MainThread - updateUi - DEBUG - Reset de l'affichage de la courbe
2024-12-22 19:42:29,772 - MainThread - updateUi - DEBUG - Reset de l'affichage de la courbe
2024-12-22 19:42:29,881 - MainThread - updateUi - DEBUG - Reset de l'affichage de la courbe
2024-12-22 19:42:29,995 - MainThread - updateUi - DEBUG - Reset de l'affichage de la courbe
2024-12-22 19:42:30,094 - MainThread - updateUi - DEBUG - Reset de l'affichage de la courbe
2024-12-22 19:42:30,194 - MainThread - updateUi - DEBUG - Reset de l'affichage de la courbe
2024-12-22 19:42:30,312 - MainThread - updateUi - DEBUG - Reset de l'affichage de la courbe
2024-12-22 19:42:30,388 - MainThread - updateUi - DEBUG - Reset de l'affichage de la courbe
2024-12-22 19:42:30,496 - MainThread - updateUi - DEBUG - Reset de l'affichage de la courbe
2024-12-22 19:42:30,592 - MainThread - updateUi - DEBUG - Reset de l'affichage de la courbe
2024-12-22 19:42:30,689 - MainThread - updateUi - DEBUG - Reset de l'affichage de la courbe
2024-12-22 19:42:30,796 - MainThread - updateUi - DEBUG - Reset de l'affichage de la courbe
2024-12-22 19:42:30,890 - MainThread - updateUi - DEBUG - Reset de l'affichage de la courbe
2024-12-22 19:42:30,980 - MainThread - updateUi - DEBUG - Reset de l'affichage de la courbe
2024-12-22 19:42:31,073 - MainThread - updateUi - DEBUG - Reset de l'affichage de la courbe
2024-12-22 19:42:31,180 - MainThread - updateUi - DEBUG - Reset de l'affichage de la courbe
2024-12-22 19:42:31,275 - MainThread - updateUi - DEBUG - Reset de l'affichage de la courbe
2024-12-22 19:42:31,368 - MainThread - updateUi - DEBUG - Reset de l'affichage de la courbe
2024-12-22 19:42:31,465 - MainThread - updateUi - DEBUG - Reset de l'affichage de la courbe
2024-12-22 19:42:31,563 - MainThread - updateUi - DEBUG - Reset de l'affichage de la courbe
2024-12-22 19:42:31,654 - MainThread - updateUi - DEBUG - Reset de l'affichage de la courbe
2024-12-22 19:42:31,770 - MainThread - updateUi - DEBUG - Reset de l'affichage de la courbe
2024-12-22 19:42:31,878 - MainThread - updateUi - DEBUG - Reset de l'affichage de la courbe
2024-12-22 19:42:31,994 - MainThread - updateUi - DEBUG - Reset de l'affichage de la courbe
2024-12-22 19:42:32,092 - MainThread - updateUi - DEBUG - Reset de l'affichage de la courbe
2024-12-22 19:42:32,187 - MainThread - updateUi - DEBUG - Reset de l'affichage de la courbe
2024-12-22 19:42:32,293 - MainThread - updateUi - DEBUG - Reset de l'affichage de la courbe
2024-12-22 19:42:32,396 - MainThread - updateUi - DEBUG - Reset de l'affichage de la courbe
2024-12-22 19:42:32,517 - MainThread - updateUi - DEBUG - Reset de l'affichage de la courbe
2024-12-22 19:42:32,628 - MainThread - updateUi - DEBUG - Reset de l'affichage de la courbe
2024-12-22 19:42:32,721 - MainThread - updateUi - DEBUG - Reset de l'affichage de la courbe
2024-12-22 19:42:32,824 - MainThread - updateUi - DEBUG - Reset de l'affichage de la courbe
2024-12-22 19:42:32,931 - MainThread - updateUi - DEBUG - Reset de l'affichage de la courbe
2024-12-22 19:42:33,024 - MainThread - updateUi - DEBUG - Reset de l'affichage de la courbe
2024-12-22 19:42:33,121 - MainThread - updateUi - DEBUG - Reset de l'affichage de la courbe
2024-12-22 19:42:33,224 - MainThread - updateUi - DEBUG - Reset de l'affichage de la courbe
2024-12-22 19:42:33,326 - MainThread - updateUi - DEBUG - Reset de l'affichage de la courbe
2024-12-22 19:42:33,429 - MainThread - updateUi - DEBUG - Reset de l'affichage de la courbe
2024-12-22 19:42:33,525 - MainThread - updateUi - DEBUG - Reset de l'affichage de la courbe
2024-12-22 19:42:33,630 - MainThread - updateUi - DEBUG - Reset de l'affichage de la courbe
2024-12-22 19:42:33,736 - MainThread - updateUi - DEBUG - Reset de l'affichage de la courbe
2024-12-22 19:42:33,849 - MainThread - updateUi - DEBUG - Reset de l'affichage de la courbe
2024-12-22 19:42:33,945 - MainThread - updateUi - DEBUG - Reset de l'affichage de la courbe
2024-12-22 19:42:34,040 - MainThread - updateUi - DEBUG - Reset de l'affichage de la courbe
2024-12-22 19:42:34,129 - MainThread - updateUi - DEBUG - Reset de l'affichage de la courbe
2024-12-22 19:42:34,227 - MainThread - updateUi - DEBUG - Reset de l'affichage de la courbe
2024-12-22 19:42:34,324 - MainThread - updateUi - DEBUG - Reset de l'affichage de la courbe
2024-12-22 19:42:34,428 - MainThread - updateUi - DEBUG - Reset de l'affichage de la courbe
2024-12-22 19:42:34,532 - MainThread - updateUi - DEBUG - Reset de l'affichage de la courbe
2024-12-22 19:42:34,629 - MainThread - updateUi - DEBUG - Reset de l'affichage de la courbe
2024-12-22 19:42:34,722 - MainThread - updateUi - DEBUG - Reset de l'affichage de la courbe
2024-12-22 19:42:34,812 - MainThread - updateUi - DEBUG - Reset de l'affichage de la courbe
2024-12-22 19:42:34,914 - MainThread - updateUi - DEBUG - Reset de l'affichage de la courbe
2024-12-22 19:42:35,020 - MainThread - updateUi - DEBUG - Reset de l'affichage de la courbe
2024-12-22 19:42:35,120 - MainThread - updateUi - DEBUG - Reset de l'affichage de la courbe
2024-12-22 19:42:35,221 - MainThread - updateUi - DEBUG - Reset de l'affichage de la courbe
2024-12-22 19:42:35,312 - MainThread - updateUi - DEBUG - Reset de l'affichage de la courbe
2024-12-22 19:42:35,410 - MainThread - updateUi - DEBUG - Reset de l'affichage de la courbe
2024-12-22 19:42:35,493 - MainThread - updateUi - DEBUG - Reset de l'affichage de la courbe
2024-12-22 19:42:35,570 - MainThread - updateUi - DEBUG - Reset de l'affichage de la courbe
2024-12-22 19:42:35,672 - MainThread - updateUi - DEBUG - Reset de l'affichage de la courbe
2024-12-22 19:42:35,778 - MainThread - updateUi - DEBUG - Reset de l'affichage de la courbe
2024-12-22 19:42:35,858 - MainThread - updateUi - DEBUG - Reset de l'affichage de la courbe
2024-12-22 19:42:35,930 - MainThread - updateUi - DEBUG - Reset de l'affichage de la courbe
2024-12-22 19:42:36,012 - MainThread - updateUi - DEBUG - Reset de l'affichage de la courbe
2024-12-22 19:42:36,143 - MainThread - updateUi - DEBUG - Reset de l'affichage de la courbe
2024-12-22 19:42:36,249 - MainThread - updateUi - DEBUG - Reset de l'affichage de la courbe
2024-12-22 19:42:36,340 - MainThread - updateUi - DEBUG - Reset de l'affichage de la courbe
2024-12-22 19:42:36,459 - MainThread - updateUi - DEBUG - Reset de l'affichage de la courbe
2024-12-22 19:42:36,567 - MainThread - updateUi - DEBUG - Reset de l'affichage de la courbe
2024-12-22 19:42:36,677 - MainThread - updateUi - DEBUG - Reset de l'affichage de la courbe
2024-12-22 19:42:36,789 - MainThread - updateUi - DEBUG - Reset de l'affichage de la courbe
2024-12-22 19:42:36,895 - MainThread - updateUi - DEBUG - Reset de l'affichage de la courbe
2024-12-22 19:42:36,999 - MainThread - updateUi - DEBUG - Reset de l'affichage de la courbe
2024-12-22 19:42:37,107 - MainThread - updateUi - DEBUG - Reset de l'affichage de la courbe
2024-12-22 19:42:37,209 - MainThread - updateUi - DEBUG - Reset de l'affichage de la courbe
2024-12-22 19:42:37,303 - MainThread - updateUi - DEBUG - Reset de l'affichage de la courbe
2024-12-22 19:42:37,405 - MainThread - updateUi - DEBUG - Reset de l'affichage de la courbe
2024-12-22 19:42:37,527 - MainThread - updateUi - DEBUG - Reset de l'affichage de la courbe
2024-12-22 19:42:37,643 - MainThread - updateUi - DEBUG - Reset de l'affichage de la courbe
2024-12-22 19:42:37,747 - MainThread - updateUi - DEBUG - Reset de l'affichage de la courbe
2024-12-22 19:42:37,860 - MainThread - updateUi - DEBUG - Reset de l'affichage de la courbe
2024-12-22 19:42:37,964 - MainThread - updateUi - DEBUG - Reset de l'affichage de la courbe
2024-12-22 19:42:38,060 - MainThread - updateUi - DEBUG - Reset de l'affichage de la courbe
2024-12-22 19:42:38,158 - MainThread - updateUi - DEBUG - Reset de l'affichage de la courbe
2024-12-22 19:42:38,258 - MainThread - updateUi - DEBUG - Reset de l'affichage de la courbe
2024-12-22 19:42:38,362 - MainThread - updateUi - DEBUG - Reset de l'affichage de la courbe
2024-12-22 19:42:38,484 - MainThread - updateUi - DEBUG - Reset de l'affichage de la courbe
2024-12-22 19:42:38,595 - MainThread - updateUi - DEBUG - Reset de l'affichage de la courbe
2024-12-22 19:42:38,693 - MainThread - updateUi - DEBUG - Reset de l'affichage de la courbe
2024-12-22 19:42:38,772 - MainThread - updateUi - DEBUG - Reset de l'affichage de la courbe
2024-12-22 19:42:38,860 - MainThread - updateUi - DEBUG - Reset de l'affichage de la courbe
2024-12-22 19:42:38,951 - MainThread - updateUi - DEBUG - Reset de l'affichage de la courbe
2024-12-22 19:42:39,041 - MainThread - updateUi - DEBUG - Reset de l'affichage de la courbe
2024-12-22 19:42:39,147 - MainThread - updateUi - DEBUG - Reset de l'affichage de la courbe
2024-12-22 19:42:39,246 - MainThread - updateUi - DEBUG - Reset de l'affichage de la courbe
2024-12-22 19:42:39,343 - MainThread - updateUi - DEBUG - Reset de l'affichage de la courbe
2024-12-22 19:42:39,447 - MainThread - updateUi - DEBUG - Reset de l'affichage de la courbe
2024-12-22 19:42:39,544 - MainThread - updateUi - DEBUG - Reset de l'affichage de la courbe
2024-12-22 19:42:39,646 - MainThread - updateUi - DEBUG - Reset de l'affichage de la courbe
2024-12-22 19:42:39,743 - MainThread - updateUi - DEBUG - Reset de l'affichage de la courbe
2024-12-22 19:42:39,846 - MainThread - updateUi - DEBUG - Reset de l'affichage de la courbe
2024-12-22 19:42:39,942 - MainThread - updateUi - DEBUG - Reset de l'affichage de la courbe
2024-12-22 19:42:40,048 - MainThread - updateUi - DEBUG - Reset de l'affichage de la courbe
2024-12-22 19:42:40,161 - MainThread - updateUi - DEBUG - Reset de l'affichage de la courbe
2024-12-22 19:42:40,263 - MainThread - updateUi - DEBUG - Reset de l'affichage de la courbe
2024-12-22 19:42:40,362 - MainThread - updateUi - DEBUG - Reset de l'affichage de la courbe
2024-12-22 19:42:40,459 - MainThread - updateUi - DEBUG - Reset de l'affichage de la courbe
2024-12-22 19:42:40,561 - MainThread - updateUi - DEBUG - Reset de l'affichage de la courbe
2024-12-22 19:42:40,661 - MainThread - updateUi - DEBUG - Reset de l'affichage de la courbe
2024-12-22 19:42:40,762 - MainThread - updateUi - DEBUG - Reset de l'affichage de la courbe
2024-12-22 19:42:40,883 - MainThread - updateUi - DEBUG - Reset de l'affichage de la courbe
2024-12-22 19:42:40,980 - MainThread - updateUi - DEBUG - Reset de l'affichage de la courbe
2024-12-22 19:42:41,076 - MainThread - updateUi - DEBUG - Reset de l'affichage de la courbe
2024-12-22 19:42:41,177 - MainThread - updateUi - DEBUG - Reset de l'affichage de la courbe
2024-12-22 19:42:41,272 - MainThread - updateUi - DEBUG - Reset de l'affichage de la courbe
2024-12-22 19:42:41,372 - MainThread - updateUi - DEBUG - Reset de l'affichage de la courbe
2024-12-22 19:42:41,477 - MainThread - updateUi - DEBUG - Reset de l'affichage de la courbe
2024-12-22 19:42:41,571 - MainThread - updateUi - DEBUG - Reset de l'affichage de la courbe
2024-12-22 19:42:41,673 - MainThread - updateUi - DEBUG - Reset de l'affichage de la courbe
2024-12-22 19:42:41,774 - MainThread - updateUi - DEBUG - Reset de l'affichage de la courbe
2024-12-22 19:42:41,873 - MainThread - updateUi - DEBUG - Reset de l'affichage de la courbe
2024-12-22 19:42:41,978 - MainThread - updateUi - DEBUG - Reset de l'affichage de la courbe
2024-12-22 19:42:42,078 - MainThread - updateUi - DEBUG - Reset de l'affichage de la courbe
2024-12-22 19:42:42,177 - MainThread - updateUi - DEBUG - Reset de l'affichage de la courbe
2024-12-22 19:42:42,298 - MainThread - updateUi - DEBUG - Reset de l'affichage de la courbe
2024-12-22 19:42:42,395 - MainThread - updateUi - DEBUG - Reset de l'affichage de la courbe
2024-12-22 19:42:42,500 - MainThread - updateUi - DEBUG - Reset de l'affichage de la courbe
2024-12-22 19:42:42,610 - MainThread - updateUi - DEBUG - Reset de l'affichage de la courbe
2024-12-22 19:42:42,696 - MainThread - updateUi - DEBUG - Reset de l'affichage de la courbe
2024-12-22 19:42:42,797 - MainThread - updateUi - DEBUG - Reset de l'affichage de la courbe
2024-12-22 19:42:42,917 - MainThread - updateUi - DEBUG - Reset de l'affichage de la courbe
2024-12-22 19:42:43,011 - MainThread - updateUi - DEBUG - Reset de l'affichage de la courbe
2024-12-22 19:42:43,107 - MainThread - updateUi - DEBUG - Reset de l'affichage de la courbe
2024-12-22 19:42:43,213 - MainThread - updateUi - DEBUG - Reset de l'affichage de la courbe
2024-12-22 19:42:43,312 - MainThread - updateUi - DEBUG - Reset de l'affichage de la courbe
2024-12-22 19:42:43,417 - MainThread - updateUi - DEBUG - Reset de l'affichage de la courbe
2024-12-22 19:42:43,537 - MainThread - updateUi - DEBUG - Reset de l'affichage de la courbe
2024-12-22 19:42:43,645 - MainThread - updateUi - DEBUG - Reset de l'affichage de la courbe
2024-12-22 19:42:43,731 - MainThread - updateUi - DEBUG - Reset de l'affichage de la courbe
2024-12-22 19:42:43,800 - MainThread - updateUi - DEBUG - Reset de l'affichage de la courbe
2024-12-22 19:42:43,872 - MainThread - updateUi - DEBUG - Reset de l'affichage de la courbe
2024-12-22 19:42:43,964 - MainThread - updateUi - DEBUG - Reset de l'affichage de la courbe
2024-12-22 19:42:44,102 - MainThread - updateUi - DEBUG - Reset de l'affichage de la courbe
2024-12-22 19:42:44,206 - MainThread - updateUi - DEBUG - Reset de l'affichage de la courbe
2024-12-22 19:42:44,311 - MainThread - updateUi - DEBUG - Reset de l'affichage de la courbe
2024-12-22 19:42:44,407 - MainThread - updateUi - DEBUG - Reset de l'affichage de la courbe
2024-12-22 19:42:44,513 - MainThread - updateUi - DEBUG - Reset de l'affichage de la courbe
2024-12-22 19:42:44,610 - MainThread - updateUi - DEBUG - Reset de l'affichage de la courbe
2024-12-22 19:42:44,701 - MainThread - updateUi - DEBUG - Reset de l'affichage de la courbe
2024-12-22 19:42:44,794 - MainThread - updateUi - DEBUG - Reset de l'affichage de la courbe
2024-12-22 19:42:44,891 - MainThread - updateUi - DEBUG - Reset de l'affichage de la courbe
2024-12-22 19:42:44,996 - MainThread - updateUi - DEBUG - Reset de l'affichage de la courbe
2024-12-22 19:42:45,091 - MainThread - updateUi - DEBUG - Reset de l'affichage de la courbe
2024-12-22 19:42:45,196 - MainThread - updateUi - DEBUG - Reset de l'affichage de la courbe
2024-12-22 19:42:45,297 - MainThread - updateUi - DEBUG - Reset de l'affichage de la courbe
2024-12-22 19:42:45,396 - MainThread - updateUi - DEBUG - Reset de l'affichage de la courbe
2024-12-22 19:42:45,501 - MainThread - updateUi - DEBUG - Reset de l'affichage de la courbe
2024-12-22 19:42:45,611 - MainThread - updateUi - DEBUG - Reset de l'affichage de la courbe
2024-12-22 19:42:45,711 - MainThread - updateUi - DEBUG - Reset de l'affichage de la courbe
2024-12-22 19:42:45,813 - MainThread - updateUi - DEBUG - Reset de l'affichage de la courbe
2024-12-22 19:42:45,908 - MainThread - updateUi - DEBUG - Reset de l'affichage de la courbe
2024-12-22 19:42:46,027 - MainThread - updateUi - DEBUG - Reset de l'affichage de la courbe
2024-12-22 19:42:46,128 - MainThread - updateUi - DEBUG - Reset de l'affichage de la courbe
2024-12-22 19:42:46,225 - MainThread - updateUi - DEBUG - Reset de l'affichage de la courbe
2024-12-22 19:42:46,329 - MainThread - updateUi - DEBUG - Reset de l'affichage de la courbe
2024-12-22 19:42:46,425 - MainThread - updateUi - DEBUG - Reset de l'affichage de la courbe
2024-12-22 19:42:46,530 - MainThread - updateUi - DEBUG - Reset de l'affichage de la courbe
2024-12-22 19:42:46,626 - MainThread - updateUi - DEBUG - Reset de l'affichage de la courbe
2024-12-22 19:42:46,723 - MainThread - updateUi - DEBUG - Reset de l'affichage de la courbe
2024-12-22 19:42:46,813 - MainThread - updateUi - DEBUG - Reset de l'affichage de la courbe
2024-12-22 19:42:46,906 - MainThread - updateUi - DEBUG - Reset de l'affichage de la courbe
2024-12-22 19:42:46,997 - MainThread - updateUi - DEBUG - Reset de l'affichage de la courbe
2024-12-22 19:42:47,091 - MainThread - updateUi - DEBUG - Reset de l'affichage de la courbe
2024-12-22 19:42:50,771 - MainThread - onClose - INFO - Fermeture de la fenetre
2024-12-22 19:42:50,799 - MainThread - <module> - INFO - Fin du programme
