2024-12-11 20:43:44,321 - MainThread - <module> - INFO - Initialisation du logger
2024-12-11 20:43:44,478 - MainThread - update - DEBUG - Update vaue de la courbe
2024-12-11 20:43:44,480 - Thread-1 (MotorTry) - MotorTry - DEBUG - Debut Thread
2024-12-11 20:43:44,481 - Thread-1 (MotorTry) - MotorTry - DEBUG - Nouvelle boucle
2024-12-11 20:43:44,481 - MainThread - afficher - INFO - Affichage de la fenetre
2024-12-11 20:43:44,482 - Thread-1 (MotorTry) - update - DEBUG - Update vaue de la courbe
2024-12-11 20:43:44,585 - Thread-1 (MotorTry) - MotorTry - DEBUG - Nouvelle boucle
2024-12-11 20:43:44,586 - Thread-1 (MotorTry) - update - DEBUG - Update vaue de la courbe
2024-12-11 20:43:44,688 - Thread-1 (MotorTry) - MotorTry - DEBUG - Nouvelle boucle
2024-12-11 20:43:44,690 - Thread-1 (MotorTry) - update - DEBUG - Update vaue de la courbe
2024-12-11 20:43:44,794 - Thread-1 (MotorTry) - MotorTry - DEBUG - Nouvelle boucle
2024-12-11 20:43:44,795 - Thread-1 (MotorTry) - update - DEBUG - Update vaue de la courbe
2024-12-11 20:43:44,897 - Thread-1 (MotorTry) - MotorTry - DEBUG - Nouvelle boucle
2024-12-11 20:43:44,898 - Thread-1 (MotorTry) - update - DEBUG - Update vaue de la courbe
2024-12-11 20:43:45,001 - Thread-1 (MotorTry) - MotorTry - DEBUG - Nouvelle boucle
2024-12-11 20:43:45,002 - Thread-1 (MotorTry) - update - DEBUG - Update vaue de la courbe
2024-12-11 20:43:45,105 - Thread-1 (MotorTry) - MotorTry - DEBUG - Nouvelle boucle
2024-12-11 20:43:45,106 - Thread-1 (MotorTry) - update - DEBUG - Update vaue de la courbe
2024-12-11 20:43:45,212 - Thread-1 (MotorTry) - MotorTry - DEBUG - Nouvelle boucle
2024-12-11 20:43:45,213 - Thread-1 (MotorTry) - update - DEBUG - Update vaue de la courbe
2024-12-11 20:43:45,317 - Thread-1 (MotorTry) - MotorTry - DEBUG - Nouvelle boucle
2024-12-11 20:43:45,318 - Thread-1 (MotorTry) - update - DEBUG - Update vaue de la courbe
2024-12-11 20:43:45,421 - Thread-1 (MotorTry) - MotorTry - DEBUG - Nouvelle boucle
2024-12-11 20:43:45,422 - Thread-1 (MotorTry) - update - DEBUG - Update vaue de la courbe
2024-12-11 20:43:45,526 - Thread-1 (MotorTry) - MotorTry - DEBUG - Nouvelle boucle
2024-12-11 20:43:45,527 - Thread-1 (MotorTry) - update - DEBUG - Update vaue de la courbe
2024-12-11 20:43:45,630 - Thread-1 (MotorTry) - MotorTry - DEBUG - Nouvelle boucle
2024-12-11 20:43:45,631 - Thread-1 (MotorTry) - update - DEBUG - Update vaue de la courbe
2024-12-11 20:43:45,734 - Thread-1 (MotorTry) - MotorTry - DEBUG - Nouvelle boucle
2024-12-11 20:43:45,734 - Thread-1 (MotorTry) - update - DEBUG - Update vaue de la courbe
2024-12-11 20:43:45,838 - Thread-1 (MotorTry) - MotorTry - DEBUG - Nouvelle boucle
2024-12-11 20:43:45,838 - Thread-1 (MotorTry) - update - DEBUG - Update vaue de la courbe
2024-12-11 20:43:45,942 - Thread-1 (MotorTry) - MotorTry - DEBUG - Nouvelle boucle
2024-12-11 20:43:45,943 - Thread-1 (MotorTry) - update - DEBUG - Update vaue de la courbe
2024-12-11 20:43:46,045 - Thread-1 (MotorTry) - MotorTry - DEBUG - Nouvelle boucle
2024-12-11 20:43:46,046 - Thread-1 (MotorTry) - update - DEBUG - Update vaue de la courbe
2024-12-11 20:43:46,069 - MainThread - onClose - INFO - Fermeture de la fenetre
2024-12-11 20:43:46,149 - MainThread - <module> - INFO - Fin du programme
